Dec 03, 2019 11:05:09 AM petriNet.PetriNet dispararExtendida
INFO: {"disparo" : 7, "marcado" : [1, 0, 0, 0, 0, 0, 0, 0, 20, 14, 5, 1, 5, 0, 1, 0, 1, 0] }
Dec 03, 2019 11:05:09 AM petriNet.PetriNet dispararExtendida
INFO: {"disparo" : 9, "marcado" : [1, 0, 0, 0, 0, 0, 0, 0, 20, 15, 5, 0, 5, 0, 1, 0, 1, 0] }
Dec 03, 2019 11:05:09 AM petriNet.PetriNet dispararExtendida
INFO: {"disparo" : 10, "marcado" : [1, 0, 0, 0, 0, 0, 0, 0, 19, 14, 6, 0, 5, 0, 1, 0, 1, 0] }
Dec 03, 2019 11:05:09 AM petriNet.PetriNet dispararExtendida
INFO: {"disparo" : 12, "marcado" : [1, 0, 0, 0, 0, 0, 0, 0, 19, 14, 6, 0, 4, 1, 0, 0, 1, 0] }
Dec 03, 2019 11:05:09 AM petriNet.PetriNet dispararExtendida
INFO: {"disparo" : 14, "marcado" : [1, 0, 0, 0, 0, 0, 0, 0, 19, 14, 6, 0, 4, 0, 1, 0, 1, 0] }
Dec 03, 2019 11:05:09 AM petriNet.PetriNet dispararExtendida
INFO: {"disparo" : 10, "marcado" : [1, 0, 0, 0, 0, 0, 0, 0, 18, 13, 7, 0, 4, 0, 1, 0, 1, 0] }
Dec 03, 2019 11:05:09 AM petriNet.PetriNet dispararExtendida
INFO: {"disparo" : 12, "marcado" : [1, 0, 0, 0, 0, 0, 0, 0, 18, 13, 7, 0, 3, 1, 0, 0, 1, 0] }
Dec 03, 2019 11:05:09 AM petriNet.PetriNet dispararExtendida
INFO: {"disparo" : 14, "marcado" : [1, 0, 0, 0, 0, 0, 0, 0, 18, 13, 7, 0, 3, 0, 1, 0, 1, 0] }
Dec 03, 2019 11:05:09 AM petriNet.PetriNet dispararExtendida
INFO: {"disparo" : 10, "marcado" : [1, 0, 0, 0, 0, 0, 0, 0, 17, 12, 8, 0, 3, 0, 1, 0, 1, 0] }
Dec 03, 2019 11:05:09 AM petriNet.PetriNet dispararExtendida
INFO: {"disparo" : 12, "marcado" : [1, 0, 0, 0, 0, 0, 0, 0, 17, 12, 8, 0, 2, 1, 0, 0, 1, 0] }
Dec 03, 2019 11:05:09 AM petriNet.PetriNet dispararExtendida
INFO: {"disparo" : 14, "marcado" : [1, 0, 0, 0, 0, 0, 0, 0, 17, 12, 8, 0, 2, 0, 1, 0, 1, 0] }
Dec 03, 2019 11:05:09 AM petriNet.PetriNet dispararExtendida
INFO: {"disparo" : 10, "marcado" : [1, 0, 0, 0, 0, 0, 0, 0, 16, 11, 9, 0, 2, 0, 1, 0, 1, 0] }
Dec 03, 2019 11:05:09 AM petriNet.PetriNet dispararExtendida
INFO: {"disparo" : 12, "marcado" : [1, 0, 0, 0, 0, 0, 0, 0, 16, 11, 9, 0, 1, 1, 0, 0, 1, 0] }
Dec 03, 2019 11:05:09 AM petriNet.PetriNet dispararExtendida
INFO: {"disparo" : 14, "marcado" : [1, 0, 0, 0, 0, 0, 0, 0, 16, 11, 9, 0, 1, 0, 1, 0, 1, 0] }
Dec 03, 2019 11:05:09 AM petriNet.PetriNet dispararExtendida
INFO: {"disparo" : 10, "marcado" : [1, 0, 0, 0, 0, 0, 0, 0, 15, 10, 10, 0, 1, 0, 1, 0, 1, 0] }
Dec 03, 2019 11:05:09 AM petriNet.PetriNet dispararExtendida
INFO: {"disparo" : 12, "marcado" : [1, 0, 0, 0, 0, 0, 0, 0, 15, 10, 10, 0, 0, 1, 0, 0, 1, 0] }
Dec 03, 2019 11:05:09 AM petriNet.PetriNet dispararExtendida
INFO: {"disparo" : 14, "marcado" : [1, 0, 0, 0, 0, 0, 0, 0, 15, 10, 10, 0, 0, 0, 1, 0, 1, 0] }
Dec 03, 2019 11:05:09 AM petriNet.PetriNet dispararExtendida
INFO: {"disparo" : 10, "marcado" : [1, 0, 0, 0, 0, 0, 0, 0, 14, 9, 11, 0, 0, 0, 1, 0, 1, 0] }
Dec 03, 2019 11:05:09 AM petriNet.PetriNet dispararExtendida
INFO: {"disparo" : 10, "marcado" : [1, 0, 0, 0, 0, 0, 0, 0, 13, 8, 12, 0, 0, 0, 1, 0, 1, 0] }
Dec 03, 2019 11:05:09 AM petriNet.PetriNet dispararExtendida
INFO: {"disparo" : 10, "marcado" : [1, 0, 0, 0, 0, 0, 0, 0, 12, 7, 13, 0, 0, 0, 1, 0, 1, 0] }
Dec 03, 2019 11:05:09 AM petriNet.PetriNet dispararExtendida
INFO: {"disparo" : 10, "marcado" : [1, 0, 0, 0, 0, 0, 0, 0, 11, 6, 14, 0, 0, 0, 1, 0, 1, 0] }
Dec 03, 2019 11:05:09 AM petriNet.PetriNet dispararExtendida
INFO: {"disparo" : 10, "marcado" : [1, 0, 0, 0, 0, 0, 0, 0, 10, 5, 15, 0, 0, 0, 1, 0, 1, 0] }
Dec 03, 2019 11:05:10 AM petriNet.PetriNet dispararExtendida
INFO: {"disparo" : 10, "marcado" : [1, 0, 0, 0, 0, 0, 0, 0, 9, 4, 16, 0, 0, 0, 1, 0, 1, 0] }
Dec 03, 2019 11:05:10 AM petriNet.PetriNet dispararExtendida
INFO: {"disparo" : 10, "marcado" : [1, 0, 0, 0, 0, 0, 0, 0, 8, 3, 17, 0, 0, 0, 1, 0, 1, 0] }
Dec 03, 2019 11:05:10 AM petriNet.PetriNet dispararExtendida
INFO: {"disparo" : 10, "marcado" : [1, 0, 0, 0, 0, 0, 0, 0, 7, 2, 18, 0, 0, 0, 1, 0, 1, 0] }
Dec 03, 2019 11:05:10 AM petriNet.PetriNet dispararExtendida
INFO: {"disparo" : 10, "marcado" : [1, 0, 0, 0, 0, 0, 0, 0, 6, 1, 19, 0, 0, 0, 1, 0, 1, 0] }
Dec 03, 2019 11:05:10 AM petriNet.PetriNet dispararExtendida
INFO: {"disparo" : 10, "marcado" : [1, 0, 0, 0, 0, 0, 0, 0, 5, 0, 20, 0, 0, 0, 1, 0, 1, 0] }
Dec 03, 2019 11:05:10 AM petriNet.PetriNet dispararExtendida
INFO: {"disparo" : 1, "marcado" : [0, 1, 0, 0, 0, 0, 0, 0, 5, 0, 20, 0, 0, 0, 1, 0, 1, 0] }
Dec 03, 2019 11:05:10 AM petriNet.PetriNet dispararExtendida
INFO: {"disparo" : 2, "marcado" : [0, 0, 1, 0, 0, 0, 0, 1, 5, 0, 20, 0, 0, 0, 1, 0, 0, 0] }
Dec 03, 2019 11:05:10 AM petriNet.PetriNet dispararExtendida
INFO: {"disparo" : 11, "marcado" : [0, 0, 1, 0, 0, 0, 0, 1, 5, 0, 19, 1, 0, 0, 1, 0, 0, 0] }
Dec 03, 2019 11:05:10 AM petriNet.PetriNet dispararExtendida
INFO: {"disparo" : 11, "marcado" : [0, 0, 1, 0, 0, 0, 0, 1, 5, 0, 18, 2, 0, 0, 1, 0, 0, 0] }
Dec 03, 2019 11:05:10 AM petriNet.PetriNet dispararExtendida
INFO: {"disparo" : 11, "marcado" : [0, 0, 1, 0, 0, 0, 0, 1, 5, 0, 17, 3, 0, 0, 1, 0, 0, 0] }
Dec 03, 2019 11:05:10 AM petriNet.PetriNet dispararExtendida
INFO: {"disparo" : 11, "marcado" : [0, 0, 1, 0, 0, 0, 0, 1, 5, 0, 16, 4, 0, 0, 1, 0, 0, 0] }
Dec 03, 2019 11:05:10 AM petriNet.PetriNet dispararExtendida
INFO: {"disparo" : 11, "marcado" : [0, 0, 1, 0, 0, 0, 0, 1, 5, 0, 15, 5, 0, 0, 1, 0, 0, 0] }
Dec 03, 2019 11:05:10 AM petriNet.PetriNet dispararExtendida
INFO: {"disparo" : 11, "marcado" : [0, 0, 1, 0, 0, 0, 0, 1, 5, 0, 14, 6, 0, 0, 1, 0, 0, 0] }
Dec 03, 2019 11:05:10 AM petriNet.PetriNet dispararExtendida
INFO: {"disparo" : 11, "marcado" : [0, 0, 1, 0, 0, 0, 0, 1, 5, 0, 13, 7, 0, 0, 1, 0, 0, 0] }
Dec 03, 2019 11:05:10 AM petriNet.PetriNet dispararExtendida
INFO: {"disparo" : 11, "marcado" : [0, 0, 1, 0, 0, 0, 0, 1, 5, 0, 12, 8, 0, 0, 1, 0, 0, 0] }
Dec 03, 2019 11:05:10 AM petriNet.PetriNet dispararExtendida
INFO: {"disparo" : 11, "marcado" : [0, 0, 1, 0, 0, 0, 0, 1, 5, 0, 11, 9, 0, 0, 1, 0, 0, 0] }
Dec 03, 2019 11:05:10 AM petriNet.PetriNet dispararExtendida
INFO: {"disparo" : 11, "marcado" : [0, 0, 1, 0, 0, 0, 0, 1, 5, 0, 10, 10, 0, 0, 1, 0, 0, 0] }
Dec 03, 2019 11:05:10 AM petriNet.PetriNet dispararExtendida
INFO: {"disparo" : 11, "marcado" : [0, 0, 1, 0, 0, 0, 0, 1, 5, 0, 9, 11, 0, 0, 1, 0, 0, 0] }
Dec 03, 2019 11:05:10 AM petriNet.PetriNet dispararExtendida
INFO: {"disparo" : 11, "marcado" : [0, 0, 1, 0, 0, 0, 0, 1, 5, 0, 8, 12, 0, 0, 1, 0, 0, 0] }
Dec 03, 2019 11:05:10 AM petriNet.PetriNet dispararExtendida
INFO: {"disparo" : 11, "marcado" : [0, 0, 1, 0, 0, 0, 0, 1, 5, 0, 7, 13, 0, 0, 1, 0, 0, 0] }
Dec 03, 2019 11:05:10 AM petriNet.PetriNet dispararExtendida
INFO: {"disparo" : 11, "marcado" : [0, 0, 1, 0, 0, 0, 0, 1, 5, 0, 6, 14, 0, 0, 1, 0, 0, 0] }
Dec 03, 2019 11:05:10 AM petriNet.PetriNet dispararExtendida
INFO: {"disparo" : 11, "marcado" : [0, 0, 1, 0, 0, 0, 0, 1, 5, 0, 5, 15, 0, 0, 1, 0, 0, 0] }
Dec 03, 2019 11:05:10 AM petriNet.PetriNet dispararExtendida
INFO: {"disparo" : 11, "marcado" : [0, 0, 1, 0, 0, 0, 0, 1, 5, 0, 4, 16, 0, 0, 1, 0, 0, 0] }
Dec 03, 2019 11:05:10 AM petriNet.PetriNet dispararExtendida
INFO: {"disparo" : 11, "marcado" : [0, 0, 1, 0, 0, 0, 0, 1, 5, 0, 3, 17, 0, 0, 1, 0, 0, 0] }
Dec 03, 2019 11:05:10 AM petriNet.PetriNet dispararExtendida
INFO: {"disparo" : 11, "marcado" : [0, 0, 1, 0, 0, 0, 0, 1, 5, 0, 2, 18, 0, 0, 1, 0, 0, 0] }
Dec 03, 2019 11:05:10 AM petriNet.PetriNet dispararExtendida
INFO: {"disparo" : 11, "marcado" : [0, 0, 1, 0, 0, 0, 0, 1, 5, 0, 1, 19, 0, 0, 1, 0, 0, 0] }
Dec 03, 2019 11:05:10 AM petriNet.PetriNet dispararExtendida
INFO: {"disparo" : 11, "marcado" : [0, 0, 1, 0, 0, 0, 0, 1, 5, 0, 0, 20, 0, 0, 1, 0, 0, 0] }
Dec 03, 2019 11:05:10 AM petriNet.PetriNet dispararExtendida
INFO: {"disparo" : 3, "marcado" : [0, 0, 0, 1, 0, 0, 0, 1, 5, 0, 0, 20, 0, 0, 1, 1, 0, 0] }
Dec 03, 2019 11:05:12 AM petriNet.PetriNet dispararExtendida
INFO: {"disparo" : 8, "marcado" : [0, 0, 0, 1, 0, 0, 0, 1, 6, 0, 0, 20, 0, 0, 1, 1, 0, 0] }
Dec 03, 2019 11:05:15 AM petriNet.PetriNet dispararExtendida
INFO: {"disparo" : 8, "marcado" : [0, 0, 0, 1, 0, 0, 0, 1, 7, 0, 0, 20, 0, 0, 1, 1, 0, 0] }
Dec 03, 2019 11:05:16 AM petriNet.PetriNet dispararExtendida
INFO: {"disparo" : 4, "marcado" : [0, 0, 0, 0, 1, 0, 0, 1, 7, 0, 0, 20, 0, 0, 0, 1, 0, 0] }
Dec 03, 2019 11:05:18 AM petriNet.PetriNet dispararExtendida
INFO: {"disparo" : 8, "marcado" : [0, 0, 0, 0, 1, 0, 0, 1, 8, 0, 0, 20, 0, 0, 0, 1, 0, 0] }
Dec 03, 2019 11:05:20 AM petriNet.PetriNet dispararExtendida
INFO: {"disparo" : 15, "marcado" : [0, 0, 0, 0, 0, 0, 0, 1, 8, 0, 0, 20, 0, 0, 1, 1, 0, 1] }
Dec 03, 2019 11:05:20 AM petriNet.PetriNet dispararExtendida
INFO: {"disparo" : 5, "marcado" : [0, 0, 0, 0, 0, 1, 0, 1, 8, 0, 0, 20, 0, 0, 1, 0, 0, 0] }
Dec 03, 2019 11:05:20 AM petriNet.PetriNet dispararExtendida
INFO: {"disparo" : 6, "marcado" : [0, 0, 0, 0, 0, 0, 1, 0, 8, 0, 0, 20, 0, 0, 1, 0, 1, 0] }
Dec 03, 2019 11:05:20 AM petriNet.PetriNet dispararExtendida
INFO: {"disparo" : 9, "marcado" : [0, 0, 0, 0, 0, 0, 1, 0, 8, 1, 0, 19, 0, 0, 1, 0, 1, 0] }
Dec 03, 2019 11:05:20 AM petriNet.PetriNet dispararExtendida
INFO: {"disparo" : 9, "marcado" : [0, 0, 0, 0, 0, 0, 1, 0, 8, 2, 0, 18, 0, 0, 1, 0, 1, 0] }
Dec 03, 2019 11:05:20 AM petriNet.PetriNet dispararExtendida
INFO: {"disparo" : 10, "marcado" : [0, 0, 0, 0, 0, 0, 1, 0, 7, 1, 1, 18, 0, 0, 1, 0, 1, 0] }
Dec 03, 2019 11:05:20 AM petriNet.PetriNet dispararExtendida
INFO: {"disparo" : 9, "marcado" : [0, 0, 0, 0, 0, 0, 1, 0, 7, 2, 1, 17, 0, 0, 1, 0, 1, 0] }
Dec 03, 2019 11:05:20 AM petriNet.PetriNet dispararExtendida
INFO: {"disparo" : 10, "marcado" : [0, 0, 0, 0, 0, 0, 1, 0, 6, 1, 2, 17, 0, 0, 1, 0, 1, 0] }
Dec 03, 2019 11:05:20 AM petriNet.PetriNet dispararExtendida
INFO: {"disparo" : 9, "marcado" : [0, 0, 0, 0, 0, 0, 1, 0, 6, 2, 2, 16, 0, 0, 1, 0, 1, 0] }
Dec 03, 2019 11:05:20 AM petriNet.PetriNet dispararExtendida
INFO: {"disparo" : 10, "marcado" : [0, 0, 0, 0, 0, 0, 1, 0, 5, 1, 3, 16, 0, 0, 1, 0, 1, 0] }
Dec 03, 2019 11:05:20 AM petriNet.PetriNet dispararExtendida
INFO: {"disparo" : 9, "marcado" : [0, 0, 0, 0, 0, 0, 1, 0, 5, 2, 3, 15, 0, 0, 1, 0, 1, 0] }
Dec 03, 2019 11:05:20 AM petriNet.PetriNet dispararExtendida
INFO: {"disparo" : 10, "marcado" : [0, 0, 0, 0, 0, 0, 1, 0, 4, 1, 4, 15, 0, 0, 1, 0, 1, 0] }
Dec 03, 2019 11:05:20 AM petriNet.PetriNet dispararExtendida
INFO: {"disparo" : 9, "marcado" : [0, 0, 0, 0, 0, 0, 1, 0, 4, 2, 4, 14, 0, 0, 1, 0, 1, 0] }
Dec 03, 2019 11:05:20 AM petriNet.PetriNet dispararExtendida
INFO: {"disparo" : 10, "marcado" : [0, 0, 0, 0, 0, 0, 1, 0, 3, 1, 5, 14, 0, 0, 1, 0, 1, 0] }
Dec 03, 2019 11:05:20 AM petriNet.PetriNet dispararExtendida
INFO: {"disparo" : 9, "marcado" : [0, 0, 0, 0, 0, 0, 1, 0, 3, 2, 5, 13, 0, 0, 1, 0, 1, 0] }
Dec 03, 2019 11:05:20 AM petriNet.PetriNet dispararExtendida
INFO: {"disparo" : 10, "marcado" : [0, 0, 0, 0, 0, 0, 1, 0, 2, 1, 6, 13, 0, 0, 1, 0, 1, 0] }
Dec 03, 2019 11:05:20 AM petriNet.PetriNet dispararExtendida
INFO: {"disparo" : 9, "marcado" : [0, 0, 0, 0, 0, 0, 1, 0, 2, 2, 6, 12, 0, 0, 1, 0, 1, 0] }
Dec 03, 2019 11:05:20 AM petriNet.PetriNet dispararExtendida
INFO: {"disparo" : 10, "marcado" : [0, 0, 0, 0, 0, 0, 1, 0, 1, 1, 7, 12, 0, 0, 1, 0, 1, 0] }
Dec 03, 2019 11:05:20 AM petriNet.PetriNet dispararExtendida
INFO: {"disparo" : 9, "marcado" : [0, 0, 0, 0, 0, 0, 1, 0, 1, 2, 7, 11, 0, 0, 1, 0, 1, 0] }
Dec 03, 2019 11:05:20 AM petriNet.PetriNet dispararExtendida
INFO: {"disparo" : 10, "marcado" : [0, 0, 0, 0, 0, 0, 1, 0, 0, 1, 8, 11, 0, 0, 1, 0, 1, 0] }
Dec 03, 2019 11:05:20 AM petriNet.PetriNet dispararExtendida
INFO: {"disparo" : 9, "marcado" : [0, 0, 0, 0, 0, 0, 1, 0, 0, 2, 8, 10, 0, 0, 1, 0, 1, 0] }
Dec 03, 2019 11:05:20 AM petriNet.PetriNet dispararExtendida
INFO: {"disparo" : 9, "marcado" : [0, 0, 0, 0, 0, 0, 1, 0, 0, 3, 8, 9, 0, 0, 1, 0, 1, 0] }
Dec 03, 2019 11:05:20 AM petriNet.PetriNet dispararExtendida
INFO: {"disparo" : 9, "marcado" : [0, 0, 0, 0, 0, 0, 1, 0, 0, 4, 8, 8, 0, 0, 1, 0, 1, 0] }
Dec 03, 2019 11:05:20 AM petriNet.PetriNet dispararExtendida
INFO: {"disparo" : 9, "marcado" : [0, 0, 0, 0, 0, 0, 1, 0, 0, 5, 8, 7, 0, 0, 1, 0, 1, 0] }
Dec 03, 2019 11:05:20 AM petriNet.PetriNet dispararExtendida
INFO: {"disparo" : 9, "marcado" : [0, 0, 0, 0, 0, 0, 1, 0, 0, 6, 8, 6, 0, 0, 1, 0, 1, 0] }
Dec 03, 2019 11:05:20 AM petriNet.PetriNet dispararExtendida
INFO: {"disparo" : 9, "marcado" : [0, 0, 0, 0, 0, 0, 1, 0, 0, 7, 8, 5, 0, 0, 1, 0, 1, 0] }
Dec 03, 2019 11:05:20 AM petriNet.PetriNet dispararExtendida
INFO: {"disparo" : 9, "marcado" : [0, 0, 0, 0, 0, 0, 1, 0, 0, 8, 8, 4, 0, 0, 1, 0, 1, 0] }
Dec 03, 2019 11:05:20 AM petriNet.PetriNet dispararExtendida
INFO: {"disparo" : 9, "marcado" : [0, 0, 0, 0, 0, 0, 1, 0, 0, 9, 8, 3, 0, 0, 1, 0, 1, 0] }
Dec 03, 2019 11:05:20 AM petriNet.PetriNet dispararExtendida
INFO: {"disparo" : 9, "marcado" : [0, 0, 0, 0, 0, 0, 1, 0, 0, 10, 8, 2, 0, 0, 1, 0, 1, 0] }
Dec 03, 2019 11:05:20 AM petriNet.PetriNet dispararExtendida
INFO: {"disparo" : 9, "marcado" : [0, 0, 0, 0, 0, 0, 1, 0, 0, 11, 8, 1, 0, 0, 1, 0, 1, 0] }
Dec 03, 2019 11:05:20 AM petriNet.PetriNet dispararExtendida
INFO: {"disparo" : 9, "marcado" : [0, 0, 0, 0, 0, 0, 1, 0, 0, 12, 8, 0, 0, 0, 1, 0, 1, 0] }
Dec 03, 2019 11:05:21 AM petriNet.PetriNet dispararExtendida
INFO: {"disparo" : 8, "marcado" : [0, 0, 0, 0, 0, 0, 1, 0, 1, 12, 8, 0, 0, 0, 1, 0, 1, 0] }
Dec 03, 2019 11:05:21 AM petriNet.PetriNet dispararExtendida
INFO: {"disparo" : 10, "marcado" : [0, 0, 0, 0, 0, 0, 1, 0, 0, 11, 9, 0, 0, 0, 1, 0, 1, 0] }
Dec 03, 2019 11:05:24 AM petriNet.PetriNet dispararExtendida
INFO: {"disparo" : 13, "marcado" : [0, 0, 0, 0, 0, 0, 1, 0, 0, 11, 9, 0, 1, 0, 1, 0, 1, 0] }
Dec 03, 2019 11:05:24 AM petriNet.PetriNet dispararExtendida
INFO: {"disparo" : 8, "marcado" : [0, 0, 0, 0, 0, 0, 1, 0, 1, 11, 9, 0, 1, 0, 1, 0, 1, 0] }
Dec 03, 2019 11:05:27 AM petriNet.PetriNet dispararExtendida
INFO: {"disparo" : 8, "marcado" : [0, 0, 0, 0, 0, 0, 1, 0, 2, 11, 9, 0, 1, 0, 1, 0, 1, 0] }
Dec 03, 2019 11:05:27 AM petriNet.PetriNet dispararExtendida
INFO: {"disparo" : 10, "marcado" : [0, 0, 0, 0, 0, 0, 1, 0, 1, 10, 10, 0, 1, 0, 1, 0, 1, 0] }
Dec 03, 2019 11:05:27 AM petriNet.PetriNet dispararExtendida
INFO: {"disparo" : 10, "marcado" : [0, 0, 0, 0, 0, 0, 1, 0, 0, 9, 11, 0, 1, 0, 1, 0, 1, 0] }
Dec 03, 2019 11:05:27 AM petriNet.PetriNet dispararExtendida
INFO: {"disparo" : 12, "marcado" : [0, 0, 0, 0, 0, 0, 1, 0, 0, 9, 11, 0, 0, 1, 0, 0, 1, 0] }
Dec 03, 2019 11:05:27 AM petriNet.PetriNet dispararExtendida
INFO: {"disparo" : 14, "marcado" : [0, 0, 0, 0, 0, 0, 1, 0, 0, 9, 11, 0, 0, 0, 1, 0, 1, 0] }
Dec 03, 2019 11:05:30 AM petriNet.PetriNet dispararExtendida
INFO: {"disparo" : 7, "marcado" : [1, 0, 0, 0, 0, 0, 0, 0, 0, 9, 11, 0, 0, 0, 1, 0, 1, 0] }
Dec 03, 2019 11:05:30 AM petriNet.PetriNet dispararExtendida
INFO: {"disparo" : 0, "marcado" : [0, 1, 0, 0, 0, 0, 0, 0, 0, 9, 11, 0, 0, 0, 1, 0, 1, 0] }
Dec 03, 2019 11:05:30 AM petriNet.PetriNet dispararExtendida
INFO: {"disparo" : 2, "marcado" : [0, 0, 1, 0, 0, 0, 0, 1, 0, 9, 11, 0, 0, 0, 1, 0, 0, 0] }
Dec 03, 2019 11:05:30 AM petriNet.PetriNet dispararExtendida
INFO: {"disparo" : 11, "marcado" : [0, 0, 1, 0, 0, 0, 0, 1, 0, 9, 10, 1, 0, 0, 1, 0, 0, 0] }
Dec 03, 2019 11:05:30 AM petriNet.PetriNet dispararExtendida
INFO: {"disparo" : 11, "marcado" : [0, 0, 1, 0, 0, 0, 0, 1, 0, 9, 9, 2, 0, 0, 1, 0, 0, 0] }
Dec 03, 2019 11:05:30 AM petriNet.PetriNet dispararExtendida
INFO: {"disparo" : 11, "marcado" : [0, 0, 1, 0, 0, 0, 0, 1, 0, 9, 8, 3, 0, 0, 1, 0, 0, 0] }
Dec 03, 2019 11:05:30 AM petriNet.PetriNet dispararExtendida
INFO: {"disparo" : 11, "marcado" : [0, 0, 1, 0, 0, 0, 0, 1, 0, 9, 7, 4, 0, 0, 1, 0, 0, 0] }
Dec 03, 2019 11:05:30 AM petriNet.PetriNet dispararExtendida
INFO: {"disparo" : 11, "marcado" : [0, 0, 1, 0, 0, 0, 0, 1, 0, 9, 6, 5, 0, 0, 1, 0, 0, 0] }
Dec 03, 2019 11:05:30 AM petriNet.PetriNet dispararExtendida
INFO: {"disparo" : 11, "marcado" : [0, 0, 1, 0, 0, 0, 0, 1, 0, 9, 5, 6, 0, 0, 1, 0, 0, 0] }
Dec 03, 2019 11:05:30 AM petriNet.PetriNet dispararExtendida
INFO: {"disparo" : 11, "marcado" : [0, 0, 1, 0, 0, 0, 0, 1, 0, 9, 4, 7, 0, 0, 1, 0, 0, 0] }
Dec 03, 2019 11:05:30 AM petriNet.PetriNet dispararExtendida
INFO: {"disparo" : 11, "marcado" : [0, 0, 1, 0, 0, 0, 0, 1, 0, 9, 3, 8, 0, 0, 1, 0, 0, 0] }
Dec 03, 2019 11:05:30 AM petriNet.PetriNet dispararExtendida
INFO: {"disparo" : 11, "marcado" : [0, 0, 1, 0, 0, 0, 0, 1, 0, 9, 2, 9, 0, 0, 1, 0, 0, 0] }
Dec 03, 2019 11:05:30 AM petriNet.PetriNet dispararExtendida
INFO: {"disparo" : 11, "marcado" : [0, 0, 1, 0, 0, 0, 0, 1, 0, 9, 1, 10, 0, 0, 1, 0, 0, 0] }
Dec 03, 2019 11:05:30 AM petriNet.PetriNet dispararExtendida
INFO: {"disparo" : 11, "marcado" : [0, 0, 1, 0, 0, 0, 0, 1, 0, 9, 0, 11, 0, 0, 1, 0, 0, 0] }
Dec 03, 2019 11:05:30 AM petriNet.PetriNet dispararExtendida
INFO: {"disparo" : 3, "marcado" : [0, 0, 0, 1, 0, 0, 0, 1, 0, 9, 0, 11, 0, 0, 1, 1, 0, 0] }
Dec 03, 2019 11:05:30 AM petriNet.PetriNet dispararExtendida
INFO: {"disparo" : 8, "marcado" : [0, 0, 0, 1, 0, 0, 0, 1, 1, 9, 0, 11, 0, 0, 1, 1, 0, 0] }
Dec 03, 2019 11:05:33 AM petriNet.PetriNet dispararExtendida
INFO: {"disparo" : 8, "marcado" : [0, 0, 0, 1, 0, 0, 0, 1, 2, 9, 0, 11, 0, 0, 1, 1, 0, 0] }
Dec 03, 2019 11:05:36 AM petriNet.PetriNet dispararExtendida
INFO: {"disparo" : 4, "marcado" : [0, 0, 0, 0, 1, 0, 0, 1, 2, 9, 0, 11, 0, 0, 0, 1, 0, 0] }
Dec 03, 2019 11:05:36 AM petriNet.PetriNet dispararExtendida
INFO: {"disparo" : 8, "marcado" : [0, 0, 0, 0, 1, 0, 0, 1, 3, 9, 0, 11, 0, 0, 0, 1, 0, 0] }
Dec 03, 2019 11:05:39 AM petriNet.PetriNet dispararExtendida
INFO: {"disparo" : 13, "marcado" : [0, 0, 0, 0, 1, 0, 0, 1, 3, 9, 0, 11, 1, 0, 0, 1, 0, 0] }
Dec 03, 2019 11:05:39 AM petriNet.PetriNet dispararExtendida
INFO: {"disparo" : 8, "marcado" : [0, 0, 0, 0, 1, 0, 0, 1, 4, 9, 0, 11, 1, 0, 0, 1, 0, 0] }
Dec 03, 2019 11:05:41 AM petriNet.PetriNet dispararExtendida
INFO: {"disparo" : 15, "marcado" : [0, 0, 0, 0, 0, 0, 0, 1, 4, 9, 0, 11, 1, 0, 1, 1, 0, 1] }
Dec 03, 2019 11:05:41 AM petriNet.PetriNet dispararExtendida
INFO: {"disparo" : 5, "marcado" : [0, 0, 0, 0, 0, 1, 0, 1, 4, 9, 0, 11, 1, 0, 1, 0, 0, 0] }
Dec 03, 2019 11:05:41 AM petriNet.PetriNet dispararExtendida
INFO: {"disparo" : 6, "marcado" : [0, 0, 0, 0, 0, 0, 1, 0, 4, 9, 0, 11, 1, 0, 1, 0, 1, 0] }
Dec 03, 2019 11:05:41 AM petriNet.PetriNet dispararExtendida
INFO: {"disparo" : 10, "marcado" : [0, 0, 0, 0, 0, 0, 1, 0, 3, 8, 1, 11, 1, 0, 1, 0, 1, 0] }
Dec 03, 2019 11:05:41 AM petriNet.PetriNet dispararExtendida
INFO: {"disparo" : 10, "marcado" : [0, 0, 0, 0, 0, 0, 1, 0, 2, 7, 2, 11, 1, 0, 1, 0, 1, 0] }
Dec 03, 2019 11:05:41 AM petriNet.PetriNet dispararExtendida
INFO: {"disparo" : 9, "marcado" : [0, 0, 0, 0, 0, 0, 1, 0, 2, 8, 2, 10, 1, 0, 1, 0, 1, 0] }
Dec 03, 2019 11:05:41 AM petriNet.PetriNet dispararExtendida
INFO: {"disparo" : 10, "marcado" : [0, 0, 0, 0, 0, 0, 1, 0, 1, 7, 3, 10, 1, 0, 1, 0, 1, 0] }
Dec 03, 2019 11:05:41 AM petriNet.PetriNet dispararExtendida
INFO: {"disparo" : 9, "marcado" : [0, 0, 0, 0, 0, 0, 1, 0, 1, 8, 3, 9, 1, 0, 1, 0, 1, 0] }
Dec 03, 2019 11:05:41 AM petriNet.PetriNet dispararExtendida
INFO: {"disparo" : 10, "marcado" : [0, 0, 0, 0, 0, 0, 1, 0, 0, 7, 4, 9, 1, 0, 1, 0, 1, 0] }
Dec 03, 2019 11:05:41 AM petriNet.PetriNet dispararExtendida
INFO: {"disparo" : 12, "marcado" : [0, 0, 0, 0, 0, 0, 1, 0, 0, 7, 4, 9, 0, 1, 0, 0, 1, 0] }
Dec 03, 2019 11:05:41 AM petriNet.PetriNet dispararExtendida
INFO: {"disparo" : 14, "marcado" : [0, 0, 0, 0, 0, 0, 1, 0, 0, 7, 4, 9, 0, 0, 1, 0, 1, 0] }
Dec 03, 2019 11:05:41 AM petriNet.PetriNet dispararExtendida
INFO: {"disparo" : 9, "marcado" : [0, 0, 0, 0, 0, 0, 1, 0, 0, 8, 4, 8, 0, 0, 1, 0, 1, 0] }
Dec 03, 2019 11:05:41 AM petriNet.PetriNet dispararExtendida
INFO: {"disparo" : 9, "marcado" : [0, 0, 0, 0, 0, 0, 1, 0, 0, 9, 4, 7, 0, 0, 1, 0, 1, 0] }
Dec 03, 2019 11:05:41 AM petriNet.PetriNet dispararExtendida
INFO: {"disparo" : 9, "marcado" : [0, 0, 0, 0, 0, 0, 1, 0, 0, 10, 4, 6, 0, 0, 1, 0, 1, 0] }
Dec 03, 2019 11:05:41 AM petriNet.PetriNet dispararExtendida
INFO: {"disparo" : 9, "marcado" : [0, 0, 0, 0, 0, 0, 1, 0, 0, 11, 4, 5, 0, 0, 1, 0, 1, 0] }
Dec 03, 2019 11:05:41 AM petriNet.PetriNet dispararExtendida
INFO: {"disparo" : 9, "marcado" : [0, 0, 0, 0, 0, 0, 1, 0, 0, 12, 4, 4, 0, 0, 1, 0, 1, 0] }
Dec 03, 2019 11:05:41 AM petriNet.PetriNet dispararExtendida
INFO: {"disparo" : 9, "marcado" : [0, 0, 0, 0, 0, 0, 1, 0, 0, 13, 4, 3, 0, 0, 1, 0, 1, 0] }
Dec 03, 2019 11:05:41 AM petriNet.PetriNet dispararExtendida
INFO: {"disparo" : 9, "marcado" : [0, 0, 0, 0, 0, 0, 1, 0, 0, 14, 4, 2, 0, 0, 1, 0, 1, 0] }
Dec 03, 2019 11:05:41 AM petriNet.PetriNet dispararExtendida
INFO: {"disparo" : 9, "marcado" : [0, 0, 0, 0, 0, 0, 1, 0, 0, 15, 4, 1, 0, 0, 1, 0, 1, 0] }
Dec 03, 2019 11:05:41 AM petriNet.PetriNet dispararExtendida
INFO: {"disparo" : 9, "marcado" : [0, 0, 0, 0, 0, 0, 1, 0, 0, 16, 4, 0, 0, 0, 1, 0, 1, 0] }
Dec 03, 2019 11:05:42 AM petriNet.PetriNet dispararExtendida
INFO: {"disparo" : 8, "marcado" : [0, 0, 0, 0, 0, 0, 1, 0, 1, 16, 4, 0, 0, 0, 1, 0, 1, 0] }
Dec 03, 2019 11:05:42 AM petriNet.PetriNet dispararExtendida
INFO: {"disparo" : 10, "marcado" : [0, 0, 0, 0, 0, 0, 1, 0, 0, 15, 5, 0, 0, 0, 1, 0, 1, 0] }
Dec 03, 2019 11:05:45 AM petriNet.PetriNet dispararExtendida
INFO: {"disparo" : 8, "marcado" : [0, 0, 0, 0, 0, 0, 1, 0, 1, 15, 5, 0, 0, 0, 1, 0, 1, 0] }
Dec 03, 2019 11:05:45 AM petriNet.PetriNet dispararExtendida
INFO: {"disparo" : 10, "marcado" : [0, 0, 0, 0, 0, 0, 1, 0, 0, 14, 6, 0, 0, 0, 1, 0, 1, 0] }
Dec 03, 2019 11:05:48 AM petriNet.PetriNet dispararExtendida
INFO: {"disparo" : 8, "marcado" : [0, 0, 0, 0, 0, 0, 1, 0, 1, 14, 6, 0, 0, 0, 1, 0, 1, 0] }
Dec 03, 2019 11:05:48 AM petriNet.PetriNet dispararExtendida
INFO: {"disparo" : 10, "marcado" : [0, 0, 0, 0, 0, 0, 1, 0, 0, 13, 7, 0, 0, 0, 1, 0, 1, 0] }
Dec 03, 2019 11:05:51 AM petriNet.PetriNet dispararExtendida
INFO: {"disparo" : 7, "marcado" : [1, 0, 0, 0, 0, 0, 0, 0, 0, 13, 7, 0, 0, 0, 1, 0, 1, 0] }
Dec 03, 2019 11:05:51 AM petriNet.PetriNet dispararExtendida
INFO: {"disparo" : 0, "marcado" : [0, 1, 0, 0, 0, 0, 0, 0, 0, 13, 7, 0, 0, 0, 1, 0, 1, 0] }
Dec 03, 2019 11:05:51 AM petriNet.PetriNet dispararExtendida
INFO: {"disparo" : 2, "marcado" : [0, 0, 1, 0, 0, 0, 0, 1, 0, 13, 7, 0, 0, 0, 1, 0, 0, 0] }
Dec 03, 2019 11:05:51 AM petriNet.PetriNet dispararExtendida
INFO: {"disparo" : 11, "marcado" : [0, 0, 1, 0, 0, 0, 0, 1, 0, 13, 6, 1, 0, 0, 1, 0, 0, 0] }
Dec 03, 2019 11:05:51 AM petriNet.PetriNet dispararExtendida
INFO: {"disparo" : 11, "marcado" : [0, 0, 1, 0, 0, 0, 0, 1, 0, 13, 5, 2, 0, 0, 1, 0, 0, 0] }
Dec 03, 2019 11:05:51 AM petriNet.PetriNet dispararExtendida
INFO: {"disparo" : 11, "marcado" : [0, 0, 1, 0, 0, 0, 0, 1, 0, 13, 4, 3, 0, 0, 1, 0, 0, 0] }
Dec 03, 2019 11:05:51 AM petriNet.PetriNet dispararExtendida
INFO: {"disparo" : 11, "marcado" : [0, 0, 1, 0, 0, 0, 0, 1, 0, 13, 3, 4, 0, 0, 1, 0, 0, 0] }
Dec 03, 2019 11:05:51 AM petriNet.PetriNet dispararExtendida
INFO: {"disparo" : 11, "marcado" : [0, 0, 1, 0, 0, 0, 0, 1, 0, 13, 2, 5, 0, 0, 1, 0, 0, 0] }
Dec 03, 2019 11:05:51 AM petriNet.PetriNet dispararExtendida
INFO: {"disparo" : 11, "marcado" : [0, 0, 1, 0, 0, 0, 0, 1, 0, 13, 1, 6, 0, 0, 1, 0, 0, 0] }
Dec 03, 2019 11:05:51 AM petriNet.PetriNet dispararExtendida
INFO: {"disparo" : 11, "marcado" : [0, 0, 1, 0, 0, 0, 0, 1, 0, 13, 0, 7, 0, 0, 1, 0, 0, 0] }
Dec 03, 2019 11:05:51 AM petriNet.PetriNet dispararExtendida
INFO: {"disparo" : 3, "marcado" : [0, 0, 0, 1, 0, 0, 0, 1, 0, 13, 0, 7, 0, 0, 1, 1, 0, 0] }
Dec 03, 2019 11:05:51 AM petriNet.PetriNet dispararExtendida
INFO: {"disparo" : 8, "marcado" : [0, 0, 0, 1, 0, 0, 0, 1, 1, 13, 0, 7, 0, 0, 1, 1, 0, 0] }
Dec 03, 2019 11:05:54 AM petriNet.PetriNet dispararExtendida
INFO: {"disparo" : 13, "marcado" : [0, 0, 0, 1, 0, 0, 0, 1, 1, 13, 0, 7, 1, 0, 1, 1, 0, 0] }
Dec 03, 2019 11:05:54 AM petriNet.PetriNet dispararExtendida
INFO: {"disparo" : 8, "marcado" : [0, 0, 0, 1, 0, 0, 0, 1, 2, 13, 0, 7, 1, 0, 1, 1, 0, 0] }
Dec 03, 2019 11:05:57 AM petriNet.PetriNet dispararExtendida
INFO: {"disparo" : 4, "marcado" : [0, 0, 0, 0, 1, 0, 0, 1, 2, 13, 0, 7, 1, 0, 0, 1, 0, 0] }
Dec 03, 2019 11:05:57 AM petriNet.PetriNet dispararExtendida
INFO: {"disparo" : 8, "marcado" : [0, 0, 0, 0, 1, 0, 0, 1, 3, 13, 0, 7, 1, 0, 0, 1, 0, 0] }
Dec 03, 2019 11:06:00 AM petriNet.PetriNet dispararExtendida
INFO: {"disparo" : 8, "marcado" : [0, 0, 0, 0, 1, 0, 0, 1, 4, 13, 0, 7, 1, 0, 0, 1, 0, 0] }
Dec 03, 2019 11:06:01 AM petriNet.PetriNet dispararExtendida
INFO: {"disparo" : 15, "marcado" : [0, 0, 0, 0, 0, 0, 0, 1, 4, 13, 0, 7, 1, 0, 1, 1, 0, 1] }
Dec 03, 2019 11:06:01 AM petriNet.PetriNet dispararExtendida
INFO: {"disparo" : 5, "marcado" : [0, 0, 0, 0, 0, 1, 0, 1, 4, 13, 0, 7, 1, 0, 1, 0, 0, 0] }
Dec 03, 2019 11:06:01 AM petriNet.PetriNet dispararExtendida
INFO: {"disparo" : 6, "marcado" : [0, 0, 0, 0, 0, 0, 1, 0, 4, 13, 0, 7, 1, 0, 1, 0, 1, 0] }
Dec 03, 2019 11:06:01 AM petriNet.PetriNet dispararExtendida
INFO: {"disparo" : 10, "marcado" : [0, 0, 0, 0, 0, 0, 1, 0, 3, 12, 1, 7, 1, 0, 1, 0, 1, 0] }
Dec 03, 2019 11:06:01 AM petriNet.PetriNet dispararExtendida
INFO: {"disparo" : 10, "marcado" : [0, 0, 0, 0, 0, 0, 1, 0, 2, 11, 2, 7, 1, 0, 1, 0, 1, 0] }
Dec 03, 2019 11:06:01 AM petriNet.PetriNet dispararExtendida
INFO: {"disparo" : 9, "marcado" : [0, 0, 0, 0, 0, 0, 1, 0, 2, 12, 2, 6, 1, 0, 1, 0, 1, 0] }
Dec 03, 2019 11:06:01 AM petriNet.PetriNet dispararExtendida
INFO: {"disparo" : 10, "marcado" : [0, 0, 0, 0, 0, 0, 1, 0, 1, 11, 3, 6, 1, 0, 1, 0, 1, 0] }
Dec 03, 2019 11:06:01 AM petriNet.PetriNet dispararExtendida
INFO: {"disparo" : 9, "marcado" : [0, 0, 0, 0, 0, 0, 1, 0, 1, 12, 3, 5, 1, 0, 1, 0, 1, 0] }
Dec 03, 2019 11:06:01 AM petriNet.PetriNet dispararExtendida
INFO: {"disparo" : 10, "marcado" : [0, 0, 0, 0, 0, 0, 1, 0, 0, 11, 4, 5, 1, 0, 1, 0, 1, 0] }
Dec 03, 2019 11:06:01 AM petriNet.PetriNet dispararExtendida
INFO: {"disparo" : 9, "marcado" : [0, 0, 0, 0, 0, 0, 1, 0, 0, 12, 4, 4, 1, 0, 1, 0, 1, 0] }
Dec 03, 2019 11:06:01 AM petriNet.PetriNet dispararExtendida
INFO: {"disparo" : 9, "marcado" : [0, 0, 0, 0, 0, 0, 1, 0, 0, 13, 4, 3, 1, 0, 1, 0, 1, 0] }
Dec 03, 2019 11:06:01 AM petriNet.PetriNet dispararExtendida
INFO: {"disparo" : 9, "marcado" : [0, 0, 0, 0, 0, 0, 1, 0, 0, 14, 4, 2, 1, 0, 1, 0, 1, 0] }
Dec 03, 2019 11:06:01 AM petriNet.PetriNet dispararExtendida
INFO: {"disparo" : 12, "marcado" : [0, 0, 0, 0, 0, 0, 1, 0, 0, 14, 4, 2, 0, 1, 0, 0, 1, 0] }
Dec 03, 2019 11:06:01 AM petriNet.PetriNet dispararExtendida
INFO: {"disparo" : 9, "marcado" : [0, 0, 0, 0, 0, 0, 1, 0, 0, 15, 4, 1, 0, 1, 0, 0, 1, 0] }
Dec 03, 2019 11:06:01 AM petriNet.PetriNet dispararExtendida
INFO: {"disparo" : 9, "marcado" : [0, 0, 0, 0, 0, 0, 1, 0, 0, 16, 4, 0, 0, 1, 0, 0, 1, 0] }
Dec 03, 2019 11:06:01 AM petriNet.PetriNet dispararExtendida
INFO: {"disparo" : 14, "marcado" : [0, 0, 0, 0, 0, 0, 1, 0, 0, 16, 4, 0, 0, 0, 1, 0, 1, 0] }
Dec 03, 2019 11:06:03 AM petriNet.PetriNet dispararExtendida
INFO: {"disparo" : 8, "marcado" : [0, 0, 0, 0, 0, 0, 1, 0, 1, 16, 4, 0, 0, 0, 1, 0, 1, 0] }
Dec 03, 2019 11:06:03 AM petriNet.PetriNet dispararExtendida
INFO: {"disparo" : 10, "marcado" : [0, 0, 0, 0, 0, 0, 1, 0, 0, 15, 5, 0, 0, 0, 1, 0, 1, 0] }
Dec 03, 2019 11:06:06 AM petriNet.PetriNet dispararExtendida
INFO: {"disparo" : 8, "marcado" : [0, 0, 0, 0, 0, 0, 1, 0, 1, 15, 5, 0, 0, 0, 1, 0, 1, 0] }
Dec 03, 2019 11:06:06 AM petriNet.PetriNet dispararExtendida
INFO: {"disparo" : 10, "marcado" : [0, 0, 0, 0, 0, 0, 1, 0, 0, 14, 6, 0, 0, 0, 1, 0, 1, 0] }
Dec 03, 2019 11:06:09 AM petriNet.PetriNet dispararExtendida
INFO: {"disparo" : 13, "marcado" : [0, 0, 0, 0, 0, 0, 1, 0, 0, 14, 6, 0, 1, 0, 1, 0, 1, 0] }
Dec 03, 2019 11:06:09 AM petriNet.PetriNet dispararExtendida
INFO: {"disparo" : 12, "marcado" : [0, 0, 0, 0, 0, 0, 1, 0, 0, 14, 6, 0, 0, 1, 0, 0, 1, 0] }
Dec 03, 2019 11:06:09 AM petriNet.PetriNet dispararExtendida
INFO: {"disparo" : 14, "marcado" : [0, 0, 0, 0, 0, 0, 1, 0, 0, 14, 6, 0, 0, 0, 1, 0, 1, 0] }
Dec 03, 2019 11:06:09 AM petriNet.PetriNet dispararExtendida
INFO: {"disparo" : 8, "marcado" : [0, 0, 0, 0, 0, 0, 1, 0, 1, 14, 6, 0, 0, 0, 1, 0, 1, 0] }
Dec 03, 2019 11:06:09 AM petriNet.PetriNet dispararExtendida
INFO: {"disparo" : 10, "marcado" : [0, 0, 0, 0, 0, 0, 1, 0, 0, 13, 7, 0, 0, 0, 1, 0, 1, 0] }
Dec 03, 2019 11:06:11 AM petriNet.PetriNet dispararExtendida
INFO: {"disparo" : 7, "marcado" : [1, 0, 0, 0, 0, 0, 0, 0, 0, 13, 7, 0, 0, 0, 1, 0, 1, 0] }
Dec 03, 2019 11:06:11 AM petriNet.PetriNet dispararExtendida
INFO: {"disparo" : 0, "marcado" : [0, 1, 0, 0, 0, 0, 0, 0, 0, 13, 7, 0, 0, 0, 1, 0, 1, 0] }
Dec 03, 2019 11:06:11 AM petriNet.PetriNet dispararExtendida
INFO: {"disparo" : 2, "marcado" : [0, 0, 1, 0, 0, 0, 0, 1, 0, 13, 7, 0, 0, 0, 1, 0, 0, 0] }
Dec 03, 2019 11:06:11 AM petriNet.PetriNet dispararExtendida
INFO: {"disparo" : 11, "marcado" : [0, 0, 1, 0, 0, 0, 0, 1, 0, 13, 6, 1, 0, 0, 1, 0, 0, 0] }
Dec 03, 2019 11:06:11 AM petriNet.PetriNet dispararExtendida
INFO: {"disparo" : 11, "marcado" : [0, 0, 1, 0, 0, 0, 0, 1, 0, 13, 5, 2, 0, 0, 1, 0, 0, 0] }
Dec 03, 2019 11:06:11 AM petriNet.PetriNet dispararExtendida
INFO: {"disparo" : 11, "marcado" : [0, 0, 1, 0, 0, 0, 0, 1, 0, 13, 4, 3, 0, 0, 1, 0, 0, 0] }
Dec 03, 2019 11:06:11 AM petriNet.PetriNet dispararExtendida
INFO: {"disparo" : 11, "marcado" : [0, 0, 1, 0, 0, 0, 0, 1, 0, 13, 3, 4, 0, 0, 1, 0, 0, 0] }
Dec 03, 2019 11:06:11 AM petriNet.PetriNet dispararExtendida
INFO: {"disparo" : 11, "marcado" : [0, 0, 1, 0, 0, 0, 0, 1, 0, 13, 2, 5, 0, 0, 1, 0, 0, 0] }
Dec 03, 2019 11:06:11 AM petriNet.PetriNet dispararExtendida
INFO: {"disparo" : 11, "marcado" : [0, 0, 1, 0, 0, 0, 0, 1, 0, 13, 1, 6, 0, 0, 1, 0, 0, 0] }
Dec 03, 2019 11:06:11 AM petriNet.PetriNet dispararExtendida
INFO: {"disparo" : 11, "marcado" : [0, 0, 1, 0, 0, 0, 0, 1, 0, 13, 0, 7, 0, 0, 1, 0, 0, 0] }
Dec 03, 2019 11:06:11 AM petriNet.PetriNet dispararExtendida
INFO: {"disparo" : 3, "marcado" : [0, 0, 0, 1, 0, 0, 0, 1, 0, 13, 0, 7, 0, 0, 1, 1, 0, 0] }
Dec 03, 2019 11:06:12 AM petriNet.PetriNet dispararExtendida
INFO: {"disparo" : 8, "marcado" : [0, 0, 0, 1, 0, 0, 0, 1, 1, 13, 0, 7, 0, 0, 1, 1, 0, 0] }
Dec 03, 2019 11:06:15 AM petriNet.PetriNet dispararExtendida
INFO: {"disparo" : 8, "marcado" : [0, 0, 0, 1, 0, 0, 0, 1, 2, 13, 0, 7, 0, 0, 1, 1, 0, 0] }
Dec 03, 2019 11:06:17 AM petriNet.PetriNet dispararExtendida
INFO: {"disparo" : 4, "marcado" : [0, 0, 0, 0, 1, 0, 0, 1, 2, 13, 0, 7, 0, 0, 0, 1, 0, 0] }
Dec 03, 2019 11:06:18 AM petriNet.PetriNet dispararExtendida
INFO: {"disparo" : 8, "marcado" : [0, 0, 0, 0, 1, 0, 0, 1, 3, 13, 0, 7, 0, 0, 0, 1, 0, 0] }
Dec 03, 2019 11:06:21 AM petriNet.PetriNet dispararExtendida
INFO: {"disparo" : 8, "marcado" : [0, 0, 0, 0, 1, 0, 0, 1, 4, 13, 0, 7, 0, 0, 0, 1, 0, 0] }
Dec 03, 2019 11:06:22 AM petriNet.PetriNet dispararExtendida
INFO: {"disparo" : 15, "marcado" : [0, 0, 0, 0, 0, 0, 0, 1, 4, 13, 0, 7, 0, 0, 1, 1, 0, 1] }
Dec 03, 2019 11:06:22 AM petriNet.PetriNet dispararExtendida
INFO: {"disparo" : 5, "marcado" : [0, 0, 0, 0, 0, 1, 0, 1, 4, 13, 0, 7, 0, 0, 1, 0, 0, 0] }
Dec 03, 2019 11:06:22 AM petriNet.PetriNet dispararExtendida
INFO: {"disparo" : 6, "marcado" : [0, 0, 0, 0, 0, 0, 1, 0, 4, 13, 0, 7, 0, 0, 1, 0, 1, 0] }
Dec 03, 2019 11:06:22 AM petriNet.PetriNet dispararExtendida
INFO: {"disparo" : 10, "marcado" : [0, 0, 0, 0, 0, 0, 1, 0, 3, 12, 1, 7, 0, 0, 1, 0, 1, 0] }
Dec 03, 2019 11:06:22 AM petriNet.PetriNet dispararExtendida
INFO: {"disparo" : 10, "marcado" : [0, 0, 0, 0, 0, 0, 1, 0, 2, 11, 2, 7, 0, 0, 1, 0, 1, 0] }
Dec 03, 2019 11:06:22 AM petriNet.PetriNet dispararExtendida
INFO: {"disparo" : 9, "marcado" : [0, 0, 0, 0, 0, 0, 1, 0, 2, 12, 2, 6, 0, 0, 1, 0, 1, 0] }
Dec 03, 2019 11:06:22 AM petriNet.PetriNet dispararExtendida
INFO: {"disparo" : 10, "marcado" : [0, 0, 0, 0, 0, 0, 1, 0, 1, 11, 3, 6, 0, 0, 1, 0, 1, 0] }
Dec 03, 2019 11:06:22 AM petriNet.PetriNet dispararExtendida
INFO: {"disparo" : 9, "marcado" : [0, 0, 0, 0, 0, 0, 1, 0, 1, 12, 3, 5, 0, 0, 1, 0, 1, 0] }
Dec 03, 2019 11:06:22 AM petriNet.PetriNet dispararExtendida
INFO: {"disparo" : 10, "marcado" : [0, 0, 0, 0, 0, 0, 1, 0, 0, 11, 4, 5, 0, 0, 1, 0, 1, 0] }
Dec 03, 2019 11:06:22 AM petriNet.PetriNet dispararExtendida
INFO: {"disparo" : 9, "marcado" : [0, 0, 0, 0, 0, 0, 1, 0, 0, 12, 4, 4, 0, 0, 1, 0, 1, 0] }
Dec 03, 2019 11:06:22 AM petriNet.PetriNet dispararExtendida
INFO: {"disparo" : 9, "marcado" : [0, 0, 0, 0, 0, 0, 1, 0, 0, 13, 4, 3, 0, 0, 1, 0, 1, 0] }
Dec 03, 2019 11:06:22 AM petriNet.PetriNet dispararExtendida
INFO: {"disparo" : 9, "marcado" : [0, 0, 0, 0, 0, 0, 1, 0, 0, 14, 4, 2, 0, 0, 1, 0, 1, 0] }
Dec 03, 2019 11:06:22 AM petriNet.PetriNet dispararExtendida
INFO: {"disparo" : 9, "marcado" : [0, 0, 0, 0, 0, 0, 1, 0, 0, 15, 4, 1, 0, 0, 1, 0, 1, 0] }
Dec 03, 2019 11:06:22 AM petriNet.PetriNet dispararExtendida
INFO: {"disparo" : 9, "marcado" : [0, 0, 0, 0, 0, 0, 1, 0, 0, 16, 4, 0, 0, 0, 1, 0, 1, 0] }
Dec 03, 2019 11:06:24 AM petriNet.PetriNet dispararExtendida
INFO: {"disparo" : 13, "marcado" : [0, 0, 0, 0, 0, 0, 1, 0, 0, 16, 4, 0, 1, 0, 1, 0, 1, 0] }
Dec 03, 2019 11:06:24 AM petriNet.PetriNet dispararExtendida
INFO: {"disparo" : 12, "marcado" : [0, 0, 0, 0, 0, 0, 1, 0, 0, 16, 4, 0, 0, 1, 0, 0, 1, 0] }
Dec 03, 2019 11:06:24 AM petriNet.PetriNet dispararExtendida
INFO: {"disparo" : 14, "marcado" : [0, 0, 0, 0, 0, 0, 1, 0, 0, 16, 4, 0, 0, 0, 1, 0, 1, 0] }
Dec 03, 2019 11:06:24 AM petriNet.PetriNet dispararExtendida
INFO: {"disparo" : 8, "marcado" : [0, 0, 0, 0, 0, 0, 1, 0, 1, 16, 4, 0, 0, 0, 1, 0, 1, 0] }
Dec 03, 2019 11:06:24 AM petriNet.PetriNet dispararExtendida
INFO: {"disparo" : 10, "marcado" : [0, 0, 0, 0, 0, 0, 1, 0, 0, 15, 5, 0, 0, 0, 1, 0, 1, 0] }
Dec 03, 2019 11:06:27 AM petriNet.PetriNet dispararExtendida
INFO: {"disparo" : 8, "marcado" : [0, 0, 0, 0, 0, 0, 1, 0, 1, 15, 5, 0, 0, 0, 1, 0, 1, 0] }
Dec 03, 2019 11:06:27 AM petriNet.PetriNet dispararExtendida
INFO: {"disparo" : 10, "marcado" : [0, 0, 0, 0, 0, 0, 1, 0, 0, 14, 6, 0, 0, 0, 1, 0, 1, 0] }
Dec 03, 2019 11:06:30 AM petriNet.PetriNet dispararExtendida
INFO: {"disparo" : 8, "marcado" : [0, 0, 0, 0, 0, 0, 1, 0, 1, 14, 6, 0, 0, 0, 1, 0, 1, 0] }
Dec 03, 2019 11:06:30 AM petriNet.PetriNet dispararExtendida
INFO: {"disparo" : 10, "marcado" : [0, 0, 0, 0, 0, 0, 1, 0, 0, 13, 7, 0, 0, 0, 1, 0, 1, 0] }
Dec 03, 2019 11:06:32 AM petriNet.PetriNet dispararExtendida
INFO: {"disparo" : 7, "marcado" : [1, 0, 0, 0, 0, 0, 0, 0, 0, 13, 7, 0, 0, 0, 1, 0, 1, 0] }
Dec 03, 2019 11:06:32 AM petriNet.PetriNet dispararExtendida
INFO: {"disparo" : 0, "marcado" : [0, 1, 0, 0, 0, 0, 0, 0, 0, 13, 7, 0, 0, 0, 1, 0, 1, 0] }
Dec 03, 2019 11:06:32 AM petriNet.PetriNet dispararExtendida
INFO: {"disparo" : 2, "marcado" : [0, 0, 1, 0, 0, 0, 0, 1, 0, 13, 7, 0, 0, 0, 1, 0, 0, 0] }
Dec 03, 2019 11:06:32 AM petriNet.PetriNet dispararExtendida
INFO: {"disparo" : 11, "marcado" : [0, 0, 1, 0, 0, 0, 0, 1, 0, 13, 6, 1, 0, 0, 1, 0, 0, 0] }
Dec 03, 2019 11:06:32 AM petriNet.PetriNet dispararExtendida
INFO: {"disparo" : 11, "marcado" : [0, 0, 1, 0, 0, 0, 0, 1, 0, 13, 5, 2, 0, 0, 1, 0, 0, 0] }
Dec 03, 2019 11:06:32 AM petriNet.PetriNet dispararExtendida
INFO: {"disparo" : 11, "marcado" : [0, 0, 1, 0, 0, 0, 0, 1, 0, 13, 4, 3, 0, 0, 1, 0, 0, 0] }
Dec 03, 2019 11:06:32 AM petriNet.PetriNet dispararExtendida
INFO: {"disparo" : 11, "marcado" : [0, 0, 1, 0, 0, 0, 0, 1, 0, 13, 3, 4, 0, 0, 1, 0, 0, 0] }
Dec 03, 2019 11:06:32 AM petriNet.PetriNet dispararExtendida
INFO: {"disparo" : 11, "marcado" : [0, 0, 1, 0, 0, 0, 0, 1, 0, 13, 2, 5, 0, 0, 1, 0, 0, 0] }
Dec 03, 2019 11:06:32 AM petriNet.PetriNet dispararExtendida
INFO: {"disparo" : 11, "marcado" : [0, 0, 1, 0, 0, 0, 0, 1, 0, 13, 1, 6, 0, 0, 1, 0, 0, 0] }
Dec 03, 2019 11:06:32 AM petriNet.PetriNet dispararExtendida
INFO: {"disparo" : 11, "marcado" : [0, 0, 1, 0, 0, 0, 0, 1, 0, 13, 0, 7, 0, 0, 1, 0, 0, 0] }
Dec 03, 2019 11:06:32 AM petriNet.PetriNet dispararExtendida
INFO: {"disparo" : 3, "marcado" : [0, 0, 0, 1, 0, 0, 0, 1, 0, 13, 0, 7, 0, 0, 1, 1, 0, 0] }
Dec 03, 2019 11:06:33 AM petriNet.PetriNet dispararExtendida
INFO: {"disparo" : 8, "marcado" : [0, 0, 0, 1, 0, 0, 0, 1, 1, 13, 0, 7, 0, 0, 1, 1, 0, 0] }
Dec 03, 2019 11:06:36 AM petriNet.PetriNet dispararExtendida
INFO: {"disparo" : 8, "marcado" : [0, 0, 0, 1, 0, 0, 0, 1, 2, 13, 0, 7, 0, 0, 1, 1, 0, 0] }
Dec 03, 2019 11:06:38 AM petriNet.PetriNet dispararExtendida
INFO: {"disparo" : 4, "marcado" : [0, 0, 0, 0, 1, 0, 0, 1, 2, 13, 0, 7, 0, 0, 0, 1, 0, 0] }
Dec 03, 2019 11:06:39 AM petriNet.PetriNet dispararExtendida
INFO: {"disparo" : 13, "marcado" : [0, 0, 0, 0, 1, 0, 0, 1, 2, 13, 0, 7, 1, 0, 0, 1, 0, 0] }
Dec 03, 2019 11:06:39 AM petriNet.PetriNet dispararExtendida
INFO: {"disparo" : 8, "marcado" : [0, 0, 0, 0, 1, 0, 0, 1, 3, 13, 0, 7, 1, 0, 0, 1, 0, 0] }
Dec 03, 2019 11:06:42 AM petriNet.PetriNet dispararExtendida
INFO: {"disparo" : 15, "marcado" : [0, 0, 0, 0, 0, 0, 0, 1, 3, 13, 0, 7, 1, 0, 1, 1, 0, 1] }
Dec 03, 2019 11:06:42 AM petriNet.PetriNet dispararExtendida
INFO: {"disparo" : 5, "marcado" : [0, 0, 0, 0, 0, 1, 0, 1, 3, 13, 0, 7, 1, 0, 1, 0, 0, 0] }
Dec 03, 2019 11:06:42 AM petriNet.PetriNet dispararExtendida
INFO: {"disparo" : 6, "marcado" : [0, 0, 0, 0, 0, 0, 1, 0, 3, 13, 0, 7, 1, 0, 1, 0, 1, 0] }
Dec 03, 2019 11:06:42 AM petriNet.PetriNet dispararExtendida
INFO: {"disparo" : 10, "marcado" : [0, 0, 0, 0, 0, 0, 1, 0, 2, 12, 1, 7, 1, 0, 1, 0, 1, 0] }
Dec 03, 2019 11:06:42 AM petriNet.PetriNet dispararExtendida
INFO: {"disparo" : 10, "marcado" : [0, 0, 0, 0, 0, 0, 1, 0, 1, 11, 2, 7, 1, 0, 1, 0, 1, 0] }
Dec 03, 2019 11:06:42 AM petriNet.PetriNet dispararExtendida
INFO: {"disparo" : 9, "marcado" : [0, 0, 0, 0, 0, 0, 1, 0, 1, 12, 2, 6, 1, 0, 1, 0, 1, 0] }
Dec 03, 2019 11:06:42 AM petriNet.PetriNet dispararExtendida
INFO: {"disparo" : 10, "marcado" : [0, 0, 0, 0, 0, 0, 1, 0, 0, 11, 3, 6, 1, 0, 1, 0, 1, 0] }
Dec 03, 2019 11:06:42 AM petriNet.PetriNet dispararExtendida
INFO: {"disparo" : 9, "marcado" : [0, 0, 0, 0, 0, 0, 1, 0, 0, 12, 3, 5, 1, 0, 1, 0, 1, 0] }
Dec 03, 2019 11:06:42 AM petriNet.PetriNet dispararExtendida
INFO: {"disparo" : 9, "marcado" : [0, 0, 0, 0, 0, 0, 1, 0, 0, 13, 3, 4, 1, 0, 1, 0, 1, 0] }
Dec 03, 2019 11:06:42 AM petriNet.PetriNet dispararExtendida
INFO: {"disparo" : 12, "marcado" : [0, 0, 0, 0, 0, 0, 1, 0, 0, 13, 3, 4, 0, 1, 0, 0, 1, 0] }
Dec 03, 2019 11:06:42 AM petriNet.PetriNet dispararExtendida
INFO: {"disparo" : 9, "marcado" : [0, 0, 0, 0, 0, 0, 1, 0, 0, 14, 3, 3, 0, 1, 0, 0, 1, 0] }
Dec 03, 2019 11:06:42 AM petriNet.PetriNet dispararExtendida
INFO: {"disparo" : 9, "marcado" : [0, 0, 0, 0, 0, 0, 1, 0, 0, 15, 3, 2, 0, 1, 0, 0, 1, 0] }
Dec 03, 2019 11:06:42 AM petriNet.PetriNet dispararExtendida
INFO: {"disparo" : 9, "marcado" : [0, 0, 0, 0, 0, 0, 1, 0, 0, 16, 3, 1, 0, 1, 0, 0, 1, 0] }
Dec 03, 2019 11:06:42 AM petriNet.PetriNet dispararExtendida
INFO: {"disparo" : 14, "marcado" : [0, 0, 0, 0, 0, 0, 1, 0, 0, 16, 3, 1, 0, 0, 1, 0, 1, 0] }
Dec 03, 2019 11:06:42 AM petriNet.PetriNet dispararExtendida
INFO: {"disparo" : 9, "marcado" : [0, 0, 0, 0, 0, 0, 1, 0, 0, 17, 3, 0, 0, 0, 1, 0, 1, 0] }
Dec 03, 2019 11:06:42 AM petriNet.PetriNet dispararExtendida
INFO: {"disparo" : 8, "marcado" : [0, 0, 0, 0, 0, 0, 1, 0, 1, 17, 3, 0, 0, 0, 1, 0, 1, 0] }
Dec 03, 2019 11:06:42 AM petriNet.PetriNet dispararExtendida
INFO: {"disparo" : 10, "marcado" : [0, 0, 0, 0, 0, 0, 1, 0, 0, 16, 4, 0, 0, 0, 1, 0, 1, 0] }
Dec 03, 2019 11:06:45 AM petriNet.PetriNet dispararExtendida
INFO: {"disparo" : 8, "marcado" : [0, 0, 0, 0, 0, 0, 1, 0, 1, 16, 4, 0, 0, 0, 1, 0, 1, 0] }
Dec 03, 2019 11:06:45 AM petriNet.PetriNet dispararExtendida
INFO: {"disparo" : 10, "marcado" : [0, 0, 0, 0, 0, 0, 1, 0, 0, 15, 5, 0, 0, 0, 1, 0, 1, 0] }
Dec 03, 2019 11:06:48 AM petriNet.PetriNet dispararExtendida
INFO: {"disparo" : 8, "marcado" : [0, 0, 0, 0, 0, 0, 1, 0, 1, 15, 5, 0, 0, 0, 1, 0, 1, 0] }
Dec 03, 2019 11:06:48 AM petriNet.PetriNet dispararExtendida
INFO: {"disparo" : 10, "marcado" : [0, 0, 0, 0, 0, 0, 1, 0, 0, 14, 6, 0, 0, 0, 1, 0, 1, 0] }
Dec 03, 2019 11:06:51 AM petriNet.PetriNet dispararExtendida
INFO: {"disparo" : 8, "marcado" : [0, 0, 0, 0, 0, 0, 1, 0, 1, 14, 6, 0, 0, 0, 1, 0, 1, 0] }
Dec 03, 2019 11:06:51 AM petriNet.PetriNet dispararExtendida
INFO: {"disparo" : 10, "marcado" : [0, 0, 0, 0, 0, 0, 1, 0, 0, 13, 7, 0, 0, 0, 1, 0, 1, 0] }
Dec 03, 2019 11:06:52 AM petriNet.PetriNet dispararExtendida
INFO: {"disparo" : 7, "marcado" : [1, 0, 0, 0, 0, 0, 0, 0, 0, 13, 7, 0, 0, 0, 1, 0, 1, 0] }
Dec 03, 2019 11:06:52 AM petriNet.PetriNet dispararExtendida
INFO: {"disparo" : 0, "marcado" : [0, 1, 0, 0, 0, 0, 0, 0, 0, 13, 7, 0, 0, 0, 1, 0, 1, 0] }
Dec 03, 2019 11:06:52 AM petriNet.PetriNet dispararExtendida
INFO: {"disparo" : 2, "marcado" : [0, 0, 1, 0, 0, 0, 0, 1, 0, 13, 7, 0, 0, 0, 1, 0, 0, 0] }
Dec 03, 2019 11:06:52 AM petriNet.PetriNet dispararExtendida
INFO: {"disparo" : 11, "marcado" : [0, 0, 1, 0, 0, 0, 0, 1, 0, 13, 6, 1, 0, 0, 1, 0, 0, 0] }
Dec 03, 2019 11:06:52 AM petriNet.PetriNet dispararExtendida
INFO: {"disparo" : 11, "marcado" : [0, 0, 1, 0, 0, 0, 0, 1, 0, 13, 5, 2, 0, 0, 1, 0, 0, 0] }
Dec 03, 2019 11:06:52 AM petriNet.PetriNet dispararExtendida
INFO: {"disparo" : 11, "marcado" : [0, 0, 1, 0, 0, 0, 0, 1, 0, 13, 4, 3, 0, 0, 1, 0, 0, 0] }
Dec 03, 2019 11:06:52 AM petriNet.PetriNet dispararExtendida
INFO: {"disparo" : 11, "marcado" : [0, 0, 1, 0, 0, 0, 0, 1, 0, 13, 3, 4, 0, 0, 1, 0, 0, 0] }
Dec 03, 2019 11:06:52 AM petriNet.PetriNet dispararExtendida
INFO: {"disparo" : 11, "marcado" : [0, 0, 1, 0, 0, 0, 0, 1, 0, 13, 2, 5, 0, 0, 1, 0, 0, 0] }
Dec 03, 2019 11:06:52 AM petriNet.PetriNet dispararExtendida
INFO: {"disparo" : 11, "marcado" : [0, 0, 1, 0, 0, 0, 0, 1, 0, 13, 1, 6, 0, 0, 1, 0, 0, 0] }
Dec 03, 2019 11:06:52 AM petriNet.PetriNet dispararExtendida
INFO: {"disparo" : 11, "marcado" : [0, 0, 1, 0, 0, 0, 0, 1, 0, 13, 0, 7, 0, 0, 1, 0, 0, 0] }
Dec 03, 2019 11:06:52 AM petriNet.PetriNet dispararExtendida
INFO: {"disparo" : 3, "marcado" : [0, 0, 0, 1, 0, 0, 0, 1, 0, 13, 0, 7, 0, 0, 1, 1, 0, 0] }
Dec 03, 2019 11:06:54 AM petriNet.PetriNet dispararExtendida
INFO: {"disparo" : 13, "marcado" : [0, 0, 0, 1, 0, 0, 0, 1, 0, 13, 0, 7, 1, 0, 1, 1, 0, 0] }
Dec 03, 2019 11:06:54 AM petriNet.PetriNet dispararExtendida
INFO: {"disparo" : 8, "marcado" : [0, 0, 0, 1, 0, 0, 0, 1, 1, 13, 0, 7, 1, 0, 1, 1, 0, 0] }
Dec 03, 2019 11:06:57 AM petriNet.PetriNet dispararExtendida
INFO: {"disparo" : 8, "marcado" : [0, 0, 0, 1, 0, 0, 0, 1, 2, 13, 0, 7, 1, 0, 1, 1, 0, 0] }
Dec 03, 2019 11:06:58 AM petriNet.PetriNet dispararExtendida
INFO: {"disparo" : 4, "marcado" : [0, 0, 0, 0, 1, 0, 0, 1, 2, 13, 0, 7, 1, 0, 0, 1, 0, 0] }
Dec 03, 2019 11:07:00 AM petriNet.PetriNet dispararExtendida
INFO: {"disparo" : 8, "marcado" : [0, 0, 0, 0, 1, 0, 0, 1, 3, 13, 0, 7, 1, 0, 0, 1, 0, 0] }
Dec 03, 2019 11:07:03 AM petriNet.PetriNet dispararExtendida
INFO: {"disparo" : 15, "marcado" : [0, 0, 0, 0, 0, 0, 0, 1, 3, 13, 0, 7, 1, 0, 1, 1, 0, 1] }
Dec 03, 2019 11:07:03 AM petriNet.PetriNet dispararExtendida
INFO: {"disparo" : 5, "marcado" : [0, 0, 0, 0, 0, 1, 0, 1, 3, 13, 0, 7, 1, 0, 1, 0, 0, 0] }
Dec 03, 2019 11:07:03 AM petriNet.PetriNet dispararExtendida
INFO: {"disparo" : 6, "marcado" : [0, 0, 0, 0, 0, 0, 1, 0, 3, 13, 0, 7, 1, 0, 1, 0, 1, 0] }
Dec 03, 2019 11:07:03 AM petriNet.PetriNet dispararExtendida
INFO: {"disparo" : 10, "marcado" : [0, 0, 0, 0, 0, 0, 1, 0, 2, 12, 1, 7, 1, 0, 1, 0, 1, 0] }
Dec 03, 2019 11:07:03 AM petriNet.PetriNet dispararExtendida
INFO: {"disparo" : 10, "marcado" : [0, 0, 0, 0, 0, 0, 1, 0, 1, 11, 2, 7, 1, 0, 1, 0, 1, 0] }
Dec 03, 2019 11:07:03 AM petriNet.PetriNet dispararExtendida
INFO: {"disparo" : 9, "marcado" : [0, 0, 0, 0, 0, 0, 1, 0, 1, 12, 2, 6, 1, 0, 1, 0, 1, 0] }
Dec 03, 2019 11:07:03 AM petriNet.PetriNet dispararExtendida
INFO: {"disparo" : 10, "marcado" : [0, 0, 0, 0, 0, 0, 1, 0, 0, 11, 3, 6, 1, 0, 1, 0, 1, 0] }
Dec 03, 2019 11:07:03 AM petriNet.PetriNet dispararExtendida
INFO: {"disparo" : 9, "marcado" : [0, 0, 0, 0, 0, 0, 1, 0, 0, 12, 3, 5, 1, 0, 1, 0, 1, 0] }
Dec 03, 2019 11:07:03 AM petriNet.PetriNet dispararExtendida
INFO: {"disparo" : 9, "marcado" : [0, 0, 0, 0, 0, 0, 1, 0, 0, 13, 3, 4, 1, 0, 1, 0, 1, 0] }
Dec 03, 2019 11:07:03 AM petriNet.PetriNet dispararExtendida
INFO: {"disparo" : 9, "marcado" : [0, 0, 0, 0, 0, 0, 1, 0, 0, 14, 3, 3, 1, 0, 1, 0, 1, 0] }
Dec 03, 2019 11:07:03 AM petriNet.PetriNet dispararExtendida
INFO: {"disparo" : 12, "marcado" : [0, 0, 0, 0, 0, 0, 1, 0, 0, 14, 3, 3, 0, 1, 0, 0, 1, 0] }
Dec 03, 2019 11:07:03 AM petriNet.PetriNet dispararExtendida
INFO: {"disparo" : 9, "marcado" : [0, 0, 0, 0, 0, 0, 1, 0, 0, 15, 3, 2, 0, 1, 0, 0, 1, 0] }
Dec 03, 2019 11:07:03 AM petriNet.PetriNet dispararExtendida
INFO: {"disparo" : 9, "marcado" : [0, 0, 0, 0, 0, 0, 1, 0, 0, 16, 3, 1, 0, 1, 0, 0, 1, 0] }
Dec 03, 2019 11:07:03 AM petriNet.PetriNet dispararExtendida
INFO: {"disparo" : 9, "marcado" : [0, 0, 0, 0, 0, 0, 1, 0, 0, 17, 3, 0, 0, 1, 0, 0, 1, 0] }
Dec 03, 2019 11:07:03 AM petriNet.PetriNet dispararExtendida
INFO: {"disparo" : 14, "marcado" : [0, 0, 0, 0, 0, 0, 1, 0, 0, 17, 3, 0, 0, 0, 1, 0, 1, 0] }
Dec 03, 2019 11:07:03 AM petriNet.PetriNet dispararExtendida
INFO: {"disparo" : 8, "marcado" : [0, 0, 0, 0, 0, 0, 1, 0, 1, 17, 3, 0, 0, 0, 1, 0, 1, 0] }
Dec 03, 2019 11:07:03 AM petriNet.PetriNet dispararExtendida
INFO: {"disparo" : 10, "marcado" : [0, 0, 0, 0, 0, 0, 1, 0, 0, 16, 4, 0, 0, 0, 1, 0, 1, 0] }
Dec 03, 2019 11:07:06 AM petriNet.PetriNet dispararExtendida
INFO: {"disparo" : 8, "marcado" : [0, 0, 0, 0, 0, 0, 1, 0, 1, 16, 4, 0, 0, 0, 1, 0, 1, 0] }
Dec 03, 2019 11:07:06 AM petriNet.PetriNet dispararExtendida
INFO: {"disparo" : 10, "marcado" : [0, 0, 0, 0, 0, 0, 1, 0, 0, 15, 5, 0, 0, 0, 1, 0, 1, 0] }
Dec 03, 2019 11:07:09 AM petriNet.PetriNet dispararExtendida
INFO: {"disparo" : 13, "marcado" : [0, 0, 0, 0, 0, 0, 1, 0, 0, 15, 5, 0, 1, 0, 1, 0, 1, 0] }
Dec 03, 2019 11:07:09 AM petriNet.PetriNet dispararExtendida
INFO: {"disparo" : 12, "marcado" : [0, 0, 0, 0, 0, 0, 1, 0, 0, 15, 5, 0, 0, 1, 0, 0, 1, 0] }
Dec 03, 2019 11:07:09 AM petriNet.PetriNet dispararExtendida
INFO: {"disparo" : 14, "marcado" : [0, 0, 0, 0, 0, 0, 1, 0, 0, 15, 5, 0, 0, 0, 1, 0, 1, 0] }
Dec 03, 2019 11:07:09 AM petriNet.PetriNet dispararExtendida
INFO: {"disparo" : 8, "marcado" : [0, 0, 0, 0, 0, 0, 1, 0, 1, 15, 5, 0, 0, 0, 1, 0, 1, 0] }
Dec 03, 2019 11:07:09 AM petriNet.PetriNet dispararExtendida
INFO: {"disparo" : 10, "marcado" : [0, 0, 0, 0, 0, 0, 1, 0, 0, 14, 6, 0, 0, 0, 1, 0, 1, 0] }
Dec 03, 2019 11:07:12 AM petriNet.PetriNet dispararExtendida
INFO: {"disparo" : 8, "marcado" : [0, 0, 0, 0, 0, 0, 1, 0, 1, 14, 6, 0, 0, 0, 1, 0, 1, 0] }
Dec 03, 2019 11:07:12 AM petriNet.PetriNet dispararExtendida
INFO: {"disparo" : 10, "marcado" : [0, 0, 0, 0, 0, 0, 1, 0, 0, 13, 7, 0, 0, 0, 1, 0, 1, 0] }
Dec 03, 2019 11:07:13 AM petriNet.PetriNet dispararExtendida
INFO: {"disparo" : 7, "marcado" : [1, 0, 0, 0, 0, 0, 0, 0, 0, 13, 7, 0, 0, 0, 1, 0, 1, 0] }
Dec 03, 2019 11:07:13 AM petriNet.PetriNet dispararExtendida
INFO: {"disparo" : 0, "marcado" : [0, 1, 0, 0, 0, 0, 0, 0, 0, 13, 7, 0, 0, 0, 1, 0, 1, 0] }
Dec 03, 2019 11:07:13 AM petriNet.PetriNet dispararExtendida
INFO: {"disparo" : 2, "marcado" : [0, 0, 1, 0, 0, 0, 0, 1, 0, 13, 7, 0, 0, 0, 1, 0, 0, 0] }
Dec 03, 2019 11:07:13 AM petriNet.PetriNet dispararExtendida
INFO: {"disparo" : 11, "marcado" : [0, 0, 1, 0, 0, 0, 0, 1, 0, 13, 6, 1, 0, 0, 1, 0, 0, 0] }
Dec 03, 2019 11:07:13 AM petriNet.PetriNet dispararExtendida
INFO: {"disparo" : 11, "marcado" : [0, 0, 1, 0, 0, 0, 0, 1, 0, 13, 5, 2, 0, 0, 1, 0, 0, 0] }
Dec 03, 2019 11:07:13 AM petriNet.PetriNet dispararExtendida
INFO: {"disparo" : 11, "marcado" : [0, 0, 1, 0, 0, 0, 0, 1, 0, 13, 4, 3, 0, 0, 1, 0, 0, 0] }
Dec 03, 2019 11:07:13 AM petriNet.PetriNet dispararExtendida
INFO: {"disparo" : 11, "marcado" : [0, 0, 1, 0, 0, 0, 0, 1, 0, 13, 3, 4, 0, 0, 1, 0, 0, 0] }
Dec 03, 2019 11:07:13 AM petriNet.PetriNet dispararExtendida
INFO: {"disparo" : 11, "marcado" : [0, 0, 1, 0, 0, 0, 0, 1, 0, 13, 2, 5, 0, 0, 1, 0, 0, 0] }
Dec 03, 2019 11:07:13 AM petriNet.PetriNet dispararExtendida
INFO: {"disparo" : 11, "marcado" : [0, 0, 1, 0, 0, 0, 0, 1, 0, 13, 1, 6, 0, 0, 1, 0, 0, 0] }
Dec 03, 2019 11:07:13 AM petriNet.PetriNet dispararExtendida
INFO: {"disparo" : 11, "marcado" : [0, 0, 1, 0, 0, 0, 0, 1, 0, 13, 0, 7, 0, 0, 1, 0, 0, 0] }
Dec 03, 2019 11:07:13 AM petriNet.PetriNet dispararExtendida
INFO: {"disparo" : 3, "marcado" : [0, 0, 0, 1, 0, 0, 0, 1, 0, 13, 0, 7, 0, 0, 1, 1, 0, 0] }
Dec 03, 2019 11:07:15 AM petriNet.PetriNet dispararExtendida
INFO: {"disparo" : 8, "marcado" : [0, 0, 0, 1, 0, 0, 0, 1, 1, 13, 0, 7, 0, 0, 1, 1, 0, 0] }
Dec 03, 2019 11:07:18 AM petriNet.PetriNet dispararExtendida
INFO: {"disparo" : 8, "marcado" : [0, 0, 0, 1, 0, 0, 0, 1, 2, 13, 0, 7, 0, 0, 1, 1, 0, 0] }
Dec 03, 2019 11:07:19 AM petriNet.PetriNet dispararExtendida
INFO: {"disparo" : 4, "marcado" : [0, 0, 0, 0, 1, 0, 0, 1, 2, 13, 0, 7, 0, 0, 0, 1, 0, 0] }
Dec 03, 2019 11:07:21 AM petriNet.PetriNet dispararExtendida
INFO: {"disparo" : 8, "marcado" : [0, 0, 0, 0, 1, 0, 0, 1, 3, 13, 0, 7, 0, 0, 0, 1, 0, 0] }
Dec 03, 2019 11:07:23 AM petriNet.PetriNet dispararExtendida
INFO: {"disparo" : 15, "marcado" : [0, 0, 0, 0, 0, 0, 0, 1, 3, 13, 0, 7, 0, 0, 1, 1, 0, 1] }
Dec 03, 2019 11:07:23 AM petriNet.PetriNet dispararExtendida
INFO: {"disparo" : 5, "marcado" : [0, 0, 0, 0, 0, 1, 0, 1, 3, 13, 0, 7, 0, 0, 1, 0, 0, 0] }
Dec 03, 2019 11:07:23 AM petriNet.PetriNet dispararExtendida
INFO: {"disparo" : 6, "marcado" : [0, 0, 0, 0, 0, 0, 1, 0, 3, 13, 0, 7, 0, 0, 1, 0, 1, 0] }
Dec 03, 2019 11:07:23 AM petriNet.PetriNet dispararExtendida
INFO: {"disparo" : 10, "marcado" : [0, 0, 0, 0, 0, 0, 1, 0, 2, 12, 1, 7, 0, 0, 1, 0, 1, 0] }
Dec 03, 2019 11:07:23 AM petriNet.PetriNet dispararExtendida
INFO: {"disparo" : 10, "marcado" : [0, 0, 0, 0, 0, 0, 1, 0, 1, 11, 2, 7, 0, 0, 1, 0, 1, 0] }
Dec 03, 2019 11:07:23 AM petriNet.PetriNet dispararExtendida
INFO: {"disparo" : 9, "marcado" : [0, 0, 0, 0, 0, 0, 1, 0, 1, 12, 2, 6, 0, 0, 1, 0, 1, 0] }
Dec 03, 2019 11:07:23 AM petriNet.PetriNet dispararExtendida
INFO: {"disparo" : 10, "marcado" : [0, 0, 0, 0, 0, 0, 1, 0, 0, 11, 3, 6, 0, 0, 1, 0, 1, 0] }
Dec 03, 2019 11:07:23 AM petriNet.PetriNet dispararExtendida
INFO: {"disparo" : 9, "marcado" : [0, 0, 0, 0, 0, 0, 1, 0, 0, 12, 3, 5, 0, 0, 1, 0, 1, 0] }
Dec 03, 2019 11:07:23 AM petriNet.PetriNet dispararExtendida
INFO: {"disparo" : 9, "marcado" : [0, 0, 0, 0, 0, 0, 1, 0, 0, 13, 3, 4, 0, 0, 1, 0, 1, 0] }
Dec 03, 2019 11:07:23 AM petriNet.PetriNet dispararExtendida
INFO: {"disparo" : 9, "marcado" : [0, 0, 0, 0, 0, 0, 1, 0, 0, 14, 3, 3, 0, 0, 1, 0, 1, 0] }
Dec 03, 2019 11:07:23 AM petriNet.PetriNet dispararExtendida
INFO: {"disparo" : 9, "marcado" : [0, 0, 0, 0, 0, 0, 1, 0, 0, 15, 3, 2, 0, 0, 1, 0, 1, 0] }
Dec 03, 2019 11:07:23 AM petriNet.PetriNet dispararExtendida
INFO: {"disparo" : 9, "marcado" : [0, 0, 0, 0, 0, 0, 1, 0, 0, 16, 3, 1, 0, 0, 1, 0, 1, 0] }
Dec 03, 2019 11:07:23 AM petriNet.PetriNet dispararExtendida
INFO: {"disparo" : 9, "marcado" : [0, 0, 0, 0, 0, 0, 1, 0, 0, 17, 3, 0, 0, 0, 1, 0, 1, 0] }
Dec 03, 2019 11:07:24 AM petriNet.PetriNet dispararExtendida
INFO: {"disparo" : 13, "marcado" : [0, 0, 0, 0, 0, 0, 1, 0, 0, 17, 3, 0, 1, 0, 1, 0, 1, 0] }
Dec 03, 2019 11:07:24 AM petriNet.PetriNet dispararExtendida
INFO: {"disparo" : 12, "marcado" : [0, 0, 0, 0, 0, 0, 1, 0, 0, 17, 3, 0, 0, 1, 0, 0, 1, 0] }
Dec 03, 2019 11:07:24 AM petriNet.PetriNet dispararExtendida
INFO: {"disparo" : 14, "marcado" : [0, 0, 0, 0, 0, 0, 1, 0, 0, 17, 3, 0, 0, 0, 1, 0, 1, 0] }
Dec 03, 2019 11:07:24 AM petriNet.PetriNet dispararExtendida
INFO: {"disparo" : 8, "marcado" : [0, 0, 0, 0, 0, 0, 1, 0, 1, 17, 3, 0, 0, 0, 1, 0, 1, 0] }
Dec 03, 2019 11:07:24 AM petriNet.PetriNet dispararExtendida
INFO: {"disparo" : 10, "marcado" : [0, 0, 0, 0, 0, 0, 1, 0, 0, 16, 4, 0, 0, 0, 1, 0, 1, 0] }
Dec 03, 2019 11:07:27 AM petriNet.PetriNet dispararExtendida
INFO: {"disparo" : 8, "marcado" : [0, 0, 0, 0, 0, 0, 1, 0, 1, 16, 4, 0, 0, 0, 1, 0, 1, 0] }
Dec 03, 2019 11:07:27 AM petriNet.PetriNet dispararExtendida
INFO: {"disparo" : 10, "marcado" : [0, 0, 0, 0, 0, 0, 1, 0, 0, 15, 5, 0, 0, 0, 1, 0, 1, 0] }
Dec 03, 2019 11:07:30 AM petriNet.PetriNet dispararExtendida
INFO: {"disparo" : 8, "marcado" : [0, 0, 0, 0, 0, 0, 1, 0, 1, 15, 5, 0, 0, 0, 1, 0, 1, 0] }
Dec 03, 2019 11:07:30 AM petriNet.PetriNet dispararExtendida
INFO: {"disparo" : 10, "marcado" : [0, 0, 0, 0, 0, 0, 1, 0, 0, 14, 6, 0, 0, 0, 1, 0, 1, 0] }
Dec 03, 2019 11:07:33 AM petriNet.PetriNet dispararExtendida
INFO: {"disparo" : 7, "marcado" : [1, 0, 0, 0, 0, 0, 0, 0, 0, 14, 6, 0, 0, 0, 1, 0, 1, 0] }
Dec 03, 2019 11:07:33 AM petriNet.PetriNet dispararExtendida
INFO: {"disparo" : 0, "marcado" : [0, 1, 0, 0, 0, 0, 0, 0, 0, 14, 6, 0, 0, 0, 1, 0, 1, 0] }
Dec 03, 2019 11:07:33 AM petriNet.PetriNet dispararExtendida
INFO: {"disparo" : 2, "marcado" : [0, 0, 1, 0, 0, 0, 0, 1, 0, 14, 6, 0, 0, 0, 1, 0, 0, 0] }
Dec 03, 2019 11:07:33 AM petriNet.PetriNet dispararExtendida
INFO: {"disparo" : 11, "marcado" : [0, 0, 1, 0, 0, 0, 0, 1, 0, 14, 5, 1, 0, 0, 1, 0, 0, 0] }
Dec 03, 2019 11:07:33 AM petriNet.PetriNet dispararExtendida
INFO: {"disparo" : 11, "marcado" : [0, 0, 1, 0, 0, 0, 0, 1, 0, 14, 4, 2, 0, 0, 1, 0, 0, 0] }
Dec 03, 2019 11:07:33 AM petriNet.PetriNet dispararExtendida
INFO: {"disparo" : 11, "marcado" : [0, 0, 1, 0, 0, 0, 0, 1, 0, 14, 3, 3, 0, 0, 1, 0, 0, 0] }
Dec 03, 2019 11:07:33 AM petriNet.PetriNet dispararExtendida
INFO: {"disparo" : 11, "marcado" : [0, 0, 1, 0, 0, 0, 0, 1, 0, 14, 2, 4, 0, 0, 1, 0, 0, 0] }
Dec 03, 2019 11:07:33 AM petriNet.PetriNet dispararExtendida
INFO: {"disparo" : 11, "marcado" : [0, 0, 1, 0, 0, 0, 0, 1, 0, 14, 1, 5, 0, 0, 1, 0, 0, 0] }
Dec 03, 2019 11:07:33 AM petriNet.PetriNet dispararExtendida
INFO: {"disparo" : 11, "marcado" : [0, 0, 1, 0, 0, 0, 0, 1, 0, 14, 0, 6, 0, 0, 1, 0, 0, 0] }
Dec 03, 2019 11:07:33 AM petriNet.PetriNet dispararExtendida
INFO: {"disparo" : 3, "marcado" : [0, 0, 0, 1, 0, 0, 0, 1, 0, 14, 0, 6, 0, 0, 1, 1, 0, 0] }
Dec 03, 2019 11:07:33 AM petriNet.PetriNet dispararExtendida
INFO: {"disparo" : 8, "marcado" : [0, 0, 0, 1, 0, 0, 0, 1, 1, 14, 0, 6, 0, 0, 1, 1, 0, 0] }
Dec 03, 2019 11:07:36 AM petriNet.PetriNet dispararExtendida
INFO: {"disparo" : 8, "marcado" : [0, 0, 0, 1, 0, 0, 0, 1, 2, 14, 0, 6, 0, 0, 1, 1, 0, 0] }
Dec 03, 2019 11:07:39 AM petriNet.PetriNet dispararExtendida
INFO: {"disparo" : 4, "marcado" : [0, 0, 0, 0, 1, 0, 0, 1, 2, 14, 0, 6, 0, 0, 0, 1, 0, 0] }
Dec 03, 2019 11:07:39 AM petriNet.PetriNet dispararExtendida
INFO: {"disparo" : 13, "marcado" : [0, 0, 0, 0, 1, 0, 0, 1, 2, 14, 0, 6, 1, 0, 0, 1, 0, 0] }
Dec 03, 2019 11:07:39 AM petriNet.PetriNet dispararExtendida
INFO: {"disparo" : 8, "marcado" : [0, 0, 0, 0, 1, 0, 0, 1, 3, 14, 0, 6, 1, 0, 0, 1, 0, 0] }
Dec 03, 2019 11:07:42 AM petriNet.PetriNet dispararExtendida
INFO: {"disparo" : 8, "marcado" : [0, 0, 0, 0, 1, 0, 0, 1, 4, 14, 0, 6, 1, 0, 0, 1, 0, 0] }
Dec 03, 2019 11:07:44 AM petriNet.PetriNet dispararExtendida
INFO: {"disparo" : 15, "marcado" : [0, 0, 0, 0, 0, 0, 0, 1, 4, 14, 0, 6, 1, 0, 1, 1, 0, 1] }
Dec 03, 2019 11:07:44 AM petriNet.PetriNet dispararExtendida
INFO: {"disparo" : 5, "marcado" : [0, 0, 0, 0, 0, 1, 0, 1, 4, 14, 0, 6, 1, 0, 1, 0, 0, 0] }
Dec 03, 2019 11:07:44 AM petriNet.PetriNet dispararExtendida
INFO: {"disparo" : 6, "marcado" : [0, 0, 0, 0, 0, 0, 1, 0, 4, 14, 0, 6, 1, 0, 1, 0, 1, 0] }
Dec 03, 2019 11:07:44 AM petriNet.PetriNet dispararExtendida
INFO: {"disparo" : 10, "marcado" : [0, 0, 0, 0, 0, 0, 1, 0, 3, 13, 1, 6, 1, 0, 1, 0, 1, 0] }
Dec 03, 2019 11:07:44 AM petriNet.PetriNet dispararExtendida
INFO: {"disparo" : 10, "marcado" : [0, 0, 0, 0, 0, 0, 1, 0, 2, 12, 2, 6, 1, 0, 1, 0, 1, 0] }
Dec 03, 2019 11:07:44 AM petriNet.PetriNet dispararExtendida
INFO: {"disparo" : 9, "marcado" : [0, 0, 0, 0, 0, 0, 1, 0, 2, 13, 2, 5, 1, 0, 1, 0, 1, 0] }
Dec 03, 2019 11:07:44 AM petriNet.PetriNet dispararExtendida
INFO: {"disparo" : 10, "marcado" : [0, 0, 0, 0, 0, 0, 1, 0, 1, 12, 3, 5, 1, 0, 1, 0, 1, 0] }
Dec 03, 2019 11:07:44 AM petriNet.PetriNet dispararExtendida
INFO: {"disparo" : 9, "marcado" : [0, 0, 0, 0, 0, 0, 1, 0, 1, 13, 3, 4, 1, 0, 1, 0, 1, 0] }
Dec 03, 2019 11:07:44 AM petriNet.PetriNet dispararExtendida
INFO: {"disparo" : 10, "marcado" : [0, 0, 0, 0, 0, 0, 1, 0, 0, 12, 4, 4, 1, 0, 1, 0, 1, 0] }
Dec 03, 2019 11:07:44 AM petriNet.PetriNet dispararExtendida
INFO: {"disparo" : 9, "marcado" : [0, 0, 0, 0, 0, 0, 1, 0, 0, 13, 4, 3, 1, 0, 1, 0, 1, 0] }
Dec 03, 2019 11:07:44 AM petriNet.PetriNet dispararExtendida
INFO: {"disparo" : 9, "marcado" : [0, 0, 0, 0, 0, 0, 1, 0, 0, 14, 4, 2, 1, 0, 1, 0, 1, 0] }
Dec 03, 2019 11:07:44 AM petriNet.PetriNet dispararExtendida
INFO: {"disparo" : 9, "marcado" : [0, 0, 0, 0, 0, 0, 1, 0, 0, 15, 4, 1, 1, 0, 1, 0, 1, 0] }
Dec 03, 2019 11:07:44 AM petriNet.PetriNet dispararExtendida
INFO: {"disparo" : 12, "marcado" : [0, 0, 0, 0, 0, 0, 1, 0, 0, 15, 4, 1, 0, 1, 0, 0, 1, 0] }
Dec 03, 2019 11:07:44 AM petriNet.PetriNet dispararExtendida
INFO: {"disparo" : 9, "marcado" : [0, 0, 0, 0, 0, 0, 1, 0, 0, 16, 4, 0, 0, 1, 0, 0, 1, 0] }
Dec 03, 2019 11:07:45 AM petriNet.PetriNet dispararExtendida
INFO: {"disparo" : 8, "marcado" : [0, 0, 0, 0, 0, 0, 1, 0, 1, 16, 4, 0, 0, 1, 0, 0, 1, 0] }
Dec 03, 2019 11:07:45 AM petriNet.PetriNet dispararExtendida
INFO: {"disparo" : 10, "marcado" : [0, 0, 0, 0, 0, 0, 1, 0, 0, 15, 5, 0, 0, 1, 0, 0, 1, 0] }
Dec 03, 2019 11:07:45 AM petriNet.PetriNet dispararExtendida
INFO: {"disparo" : 14, "marcado" : [0, 0, 0, 0, 0, 0, 1, 0, 0, 15, 5, 0, 0, 0, 1, 0, 1, 0] }
Dec 03, 2019 11:07:48 AM petriNet.PetriNet dispararExtendida
INFO: {"disparo" : 8, "marcado" : [0, 0, 0, 0, 0, 0, 1, 0, 1, 15, 5, 0, 0, 0, 1, 0, 1, 0] }
Dec 03, 2019 11:07:48 AM petriNet.PetriNet dispararExtendida
INFO: {"disparo" : 10, "marcado" : [0, 0, 0, 0, 0, 0, 1, 0, 0, 14, 6, 0, 0, 0, 1, 0, 1, 0] }
Dec 03, 2019 11:07:51 AM petriNet.PetriNet dispararExtendida
INFO: {"disparo" : 8, "marcado" : [0, 0, 0, 0, 0, 0, 1, 0, 1, 14, 6, 0, 0, 0, 1, 0, 1, 0] }
Dec 03, 2019 11:07:51 AM petriNet.PetriNet dispararExtendida
INFO: {"disparo" : 10, "marcado" : [0, 0, 0, 0, 0, 0, 1, 0, 0, 13, 7, 0, 0, 0, 1, 0, 1, 0] }
Dec 03, 2019 11:07:54 AM petriNet.PetriNet dispararExtendida
INFO: {"disparo" : 7, "marcado" : [1, 0, 0, 0, 0, 0, 0, 0, 0, 13, 7, 0, 0, 0, 1, 0, 1, 0] }
Dec 03, 2019 11:07:54 AM petriNet.PetriNet dispararExtendida
INFO: {"disparo" : 0, "marcado" : [0, 1, 0, 0, 0, 0, 0, 0, 0, 13, 7, 0, 0, 0, 1, 0, 1, 0] }
Dec 03, 2019 11:07:54 AM petriNet.PetriNet dispararExtendida
INFO: {"disparo" : 2, "marcado" : [0, 0, 1, 0, 0, 0, 0, 1, 0, 13, 7, 0, 0, 0, 1, 0, 0, 0] }
Dec 03, 2019 11:07:54 AM petriNet.PetriNet dispararExtendida
INFO: {"disparo" : 11, "marcado" : [0, 0, 1, 0, 0, 0, 0, 1, 0, 13, 6, 1, 0, 0, 1, 0, 0, 0] }
Dec 03, 2019 11:07:54 AM petriNet.PetriNet dispararExtendida
INFO: {"disparo" : 11, "marcado" : [0, 0, 1, 0, 0, 0, 0, 1, 0, 13, 5, 2, 0, 0, 1, 0, 0, 0] }
Dec 03, 2019 11:07:54 AM petriNet.PetriNet dispararExtendida
INFO: {"disparo" : 11, "marcado" : [0, 0, 1, 0, 0, 0, 0, 1, 0, 13, 4, 3, 0, 0, 1, 0, 0, 0] }
Dec 03, 2019 11:07:54 AM petriNet.PetriNet dispararExtendida
INFO: {"disparo" : 11, "marcado" : [0, 0, 1, 0, 0, 0, 0, 1, 0, 13, 3, 4, 0, 0, 1, 0, 0, 0] }
Dec 03, 2019 11:07:54 AM petriNet.PetriNet dispararExtendida
INFO: {"disparo" : 11, "marcado" : [0, 0, 1, 0, 0, 0, 0, 1, 0, 13, 2, 5, 0, 0, 1, 0, 0, 0] }
Dec 03, 2019 11:07:54 AM petriNet.PetriNet dispararExtendida
INFO: {"disparo" : 11, "marcado" : [0, 0, 1, 0, 0, 0, 0, 1, 0, 13, 1, 6, 0, 0, 1, 0, 0, 0] }
Dec 03, 2019 11:07:54 AM petriNet.PetriNet dispararExtendida
INFO: {"disparo" : 11, "marcado" : [0, 0, 1, 0, 0, 0, 0, 1, 0, 13, 0, 7, 0, 0, 1, 0, 0, 0] }
Dec 03, 2019 11:07:54 AM petriNet.PetriNet dispararExtendida
INFO: {"disparo" : 3, "marcado" : [0, 0, 0, 1, 0, 0, 0, 1, 0, 13, 0, 7, 0, 0, 1, 1, 0, 0] }
Dec 03, 2019 11:07:54 AM petriNet.PetriNet dispararExtendida
INFO: {"disparo" : 13, "marcado" : [0, 0, 0, 1, 0, 0, 0, 1, 0, 13, 0, 7, 1, 0, 1, 1, 0, 0] }
Dec 03, 2019 11:07:54 AM petriNet.PetriNet dispararExtendida
INFO: {"disparo" : 8, "marcado" : [0, 0, 0, 1, 0, 0, 0, 1, 1, 13, 0, 7, 1, 0, 1, 1, 0, 0] }
Dec 03, 2019 11:07:57 AM petriNet.PetriNet dispararExtendida
INFO: {"disparo" : 8, "marcado" : [0, 0, 0, 1, 0, 0, 0, 1, 2, 13, 0, 7, 1, 0, 1, 1, 0, 0] }
Dec 03, 2019 11:08:00 AM petriNet.PetriNet dispararExtendida
INFO: {"disparo" : 4, "marcado" : [0, 0, 0, 0, 1, 0, 0, 1, 2, 13, 0, 7, 1, 0, 0, 1, 0, 0] }
Dec 03, 2019 11:08:00 AM petriNet.PetriNet dispararExtendida
INFO: {"disparo" : 8, "marcado" : [0, 0, 0, 0, 1, 0, 0, 1, 3, 13, 0, 7, 1, 0, 0, 1, 0, 0] }
Dec 03, 2019 11:08:03 AM petriNet.PetriNet dispararExtendida
INFO: {"disparo" : 8, "marcado" : [0, 0, 0, 0, 1, 0, 0, 1, 4, 13, 0, 7, 1, 0, 0, 1, 0, 0] }
Dec 03, 2019 11:08:04 AM petriNet.PetriNet dispararExtendida
INFO: {"disparo" : 15, "marcado" : [0, 0, 0, 0, 0, 0, 0, 1, 4, 13, 0, 7, 1, 0, 1, 1, 0, 1] }
Dec 03, 2019 11:08:04 AM petriNet.PetriNet dispararExtendida
INFO: {"disparo" : 5, "marcado" : [0, 0, 0, 0, 0, 1, 0, 1, 4, 13, 0, 7, 1, 0, 1, 0, 0, 0] }
Dec 03, 2019 11:08:04 AM petriNet.PetriNet dispararExtendida
INFO: {"disparo" : 6, "marcado" : [0, 0, 0, 0, 0, 0, 1, 0, 4, 13, 0, 7, 1, 0, 1, 0, 1, 0] }
Dec 03, 2019 11:08:04 AM petriNet.PetriNet dispararExtendida
INFO: {"disparo" : 10, "marcado" : [0, 0, 0, 0, 0, 0, 1, 0, 3, 12, 1, 7, 1, 0, 1, 0, 1, 0] }
Dec 03, 2019 11:08:04 AM petriNet.PetriNet dispararExtendida
INFO: {"disparo" : 10, "marcado" : [0, 0, 0, 0, 0, 0, 1, 0, 2, 11, 2, 7, 1, 0, 1, 0, 1, 0] }
Dec 03, 2019 11:08:04 AM petriNet.PetriNet dispararExtendida
INFO: {"disparo" : 9, "marcado" : [0, 0, 0, 0, 0, 0, 1, 0, 2, 12, 2, 6, 1, 0, 1, 0, 1, 0] }
Dec 03, 2019 11:08:04 AM petriNet.PetriNet dispararExtendida
INFO: {"disparo" : 10, "marcado" : [0, 0, 0, 0, 0, 0, 1, 0, 1, 11, 3, 6, 1, 0, 1, 0, 1, 0] }
Dec 03, 2019 11:08:04 AM petriNet.PetriNet dispararExtendida
INFO: {"disparo" : 9, "marcado" : [0, 0, 0, 0, 0, 0, 1, 0, 1, 12, 3, 5, 1, 0, 1, 0, 1, 0] }
Dec 03, 2019 11:08:04 AM petriNet.PetriNet dispararExtendida
INFO: {"disparo" : 10, "marcado" : [0, 0, 0, 0, 0, 0, 1, 0, 0, 11, 4, 5, 1, 0, 1, 0, 1, 0] }
Dec 03, 2019 11:08:04 AM petriNet.PetriNet dispararExtendida
INFO: {"disparo" : 9, "marcado" : [0, 0, 0, 0, 0, 0, 1, 0, 0, 12, 4, 4, 1, 0, 1, 0, 1, 0] }
Dec 03, 2019 11:08:04 AM petriNet.PetriNet dispararExtendida
INFO: {"disparo" : 9, "marcado" : [0, 0, 0, 0, 0, 0, 1, 0, 0, 13, 4, 3, 1, 0, 1, 0, 1, 0] }
Dec 03, 2019 11:08:04 AM petriNet.PetriNet dispararExtendida
INFO: {"disparo" : 9, "marcado" : [0, 0, 0, 0, 0, 0, 1, 0, 0, 14, 4, 2, 1, 0, 1, 0, 1, 0] }
Dec 03, 2019 11:08:04 AM petriNet.PetriNet dispararExtendida
INFO: {"disparo" : 12, "marcado" : [0, 0, 0, 0, 0, 0, 1, 0, 0, 14, 4, 2, 0, 1, 0, 0, 1, 0] }
Dec 03, 2019 11:08:04 AM petriNet.PetriNet dispararExtendida
INFO: {"disparo" : 9, "marcado" : [0, 0, 0, 0, 0, 0, 1, 0, 0, 15, 4, 1, 0, 1, 0, 0, 1, 0] }
Dec 03, 2019 11:08:04 AM petriNet.PetriNet dispararExtendida
INFO: {"disparo" : 9, "marcado" : [0, 0, 0, 0, 0, 0, 1, 0, 0, 16, 4, 0, 0, 1, 0, 0, 1, 0] }
Dec 03, 2019 11:08:04 AM petriNet.PetriNet dispararExtendida
INFO: {"disparo" : 14, "marcado" : [0, 0, 0, 0, 0, 0, 1, 0, 0, 16, 4, 0, 0, 0, 1, 0, 1, 0] }
Dec 03, 2019 11:08:06 AM petriNet.PetriNet dispararExtendida
INFO: {"disparo" : 8, "marcado" : [0, 0, 0, 0, 0, 0, 1, 0, 1, 16, 4, 0, 0, 0, 1, 0, 1, 0] }
Dec 03, 2019 11:08:06 AM petriNet.PetriNet dispararExtendida
INFO: {"disparo" : 10, "marcado" : [0, 0, 0, 0, 0, 0, 1, 0, 0, 15, 5, 0, 0, 0, 1, 0, 1, 0] }
Dec 03, 2019 11:08:09 AM petriNet.PetriNet dispararExtendida
INFO: {"disparo" : 13, "marcado" : [0, 0, 0, 0, 0, 0, 1, 0, 0, 15, 5, 0, 1, 0, 1, 0, 1, 0] }
Dec 03, 2019 11:08:09 AM petriNet.PetriNet dispararExtendida
INFO: {"disparo" : 12, "marcado" : [0, 0, 0, 0, 0, 0, 1, 0, 0, 15, 5, 0, 0, 1, 0, 0, 1, 0] }
Dec 03, 2019 11:08:09 AM petriNet.PetriNet dispararExtendida
INFO: {"disparo" : 14, "marcado" : [0, 0, 0, 0, 0, 0, 1, 0, 0, 15, 5, 0, 0, 0, 1, 0, 1, 0] }
Dec 03, 2019 11:08:09 AM petriNet.PetriNet dispararExtendida
INFO: {"disparo" : 8, "marcado" : [0, 0, 0, 0, 0, 0, 1, 0, 1, 15, 5, 0, 0, 0, 1, 0, 1, 0] }
Dec 03, 2019 11:08:09 AM petriNet.PetriNet dispararExtendida
INFO: {"disparo" : 10, "marcado" : [0, 0, 0, 0, 0, 0, 1, 0, 0, 14, 6, 0, 0, 0, 1, 0, 1, 0] }
Dec 03, 2019 11:08:12 AM petriNet.PetriNet dispararExtendida
INFO: {"disparo" : 8, "marcado" : [0, 0, 0, 0, 0, 0, 1, 0, 1, 14, 6, 0, 0, 0, 1, 0, 1, 0] }
Dec 03, 2019 11:08:12 AM petriNet.PetriNet dispararExtendida
INFO: {"disparo" : 10, "marcado" : [0, 0, 0, 0, 0, 0, 1, 0, 0, 13, 7, 0, 0, 0, 1, 0, 1, 0] }
Dec 03, 2019 11:08:14 AM petriNet.PetriNet dispararExtendida
INFO: {"disparo" : 7, "marcado" : [1, 0, 0, 0, 0, 0, 0, 0, 0, 13, 7, 0, 0, 0, 1, 0, 1, 0] }
Dec 03, 2019 11:08:14 AM petriNet.PetriNet dispararExtendida
INFO: {"disparo" : 0, "marcado" : [0, 1, 0, 0, 0, 0, 0, 0, 0, 13, 7, 0, 0, 0, 1, 0, 1, 0] }
Dec 03, 2019 11:08:14 AM petriNet.PetriNet dispararExtendida
INFO: {"disparo" : 2, "marcado" : [0, 0, 1, 0, 0, 0, 0, 1, 0, 13, 7, 0, 0, 0, 1, 0, 0, 0] }
Dec 03, 2019 11:08:14 AM petriNet.PetriNet dispararExtendida
INFO: {"disparo" : 11, "marcado" : [0, 0, 1, 0, 0, 0, 0, 1, 0, 13, 6, 1, 0, 0, 1, 0, 0, 0] }
Dec 03, 2019 11:08:14 AM petriNet.PetriNet dispararExtendida
INFO: {"disparo" : 11, "marcado" : [0, 0, 1, 0, 0, 0, 0, 1, 0, 13, 5, 2, 0, 0, 1, 0, 0, 0] }
Dec 03, 2019 11:08:14 AM petriNet.PetriNet dispararExtendida
INFO: {"disparo" : 11, "marcado" : [0, 0, 1, 0, 0, 0, 0, 1, 0, 13, 4, 3, 0, 0, 1, 0, 0, 0] }
Dec 03, 2019 11:08:14 AM petriNet.PetriNet dispararExtendida
INFO: {"disparo" : 11, "marcado" : [0, 0, 1, 0, 0, 0, 0, 1, 0, 13, 3, 4, 0, 0, 1, 0, 0, 0] }
Dec 03, 2019 11:08:14 AM petriNet.PetriNet dispararExtendida
INFO: {"disparo" : 11, "marcado" : [0, 0, 1, 0, 0, 0, 0, 1, 0, 13, 2, 5, 0, 0, 1, 0, 0, 0] }
Dec 03, 2019 11:08:14 AM petriNet.PetriNet dispararExtendida
INFO: {"disparo" : 11, "marcado" : [0, 0, 1, 0, 0, 0, 0, 1, 0, 13, 1, 6, 0, 0, 1, 0, 0, 0] }
Dec 03, 2019 11:08:14 AM petriNet.PetriNet dispararExtendida
INFO: {"disparo" : 11, "marcado" : [0, 0, 1, 0, 0, 0, 0, 1, 0, 13, 0, 7, 0, 0, 1, 0, 0, 0] }
Dec 03, 2019 11:08:14 AM petriNet.PetriNet dispararExtendida
INFO: {"disparo" : 3, "marcado" : [0, 0, 0, 1, 0, 0, 0, 1, 0, 13, 0, 7, 0, 0, 1, 1, 0, 0] }
Dec 03, 2019 11:08:15 AM petriNet.PetriNet dispararExtendida
INFO: {"disparo" : 8, "marcado" : [0, 0, 0, 1, 0, 0, 0, 1, 1, 13, 0, 7, 0, 0, 1, 1, 0, 0] }
Dec 03, 2019 11:08:18 AM petriNet.PetriNet dispararExtendida
INFO: {"disparo" : 8, "marcado" : [0, 0, 0, 1, 0, 0, 0, 1, 2, 13, 0, 7, 0, 0, 1, 1, 0, 0] }
Dec 03, 2019 11:08:20 AM petriNet.PetriNet dispararExtendida
INFO: {"disparo" : 4, "marcado" : [0, 0, 0, 0, 1, 0, 0, 1, 2, 13, 0, 7, 0, 0, 0, 1, 0, 0] }
Dec 03, 2019 11:08:21 AM petriNet.PetriNet dispararExtendida
INFO: {"disparo" : 8, "marcado" : [0, 0, 0, 0, 1, 0, 0, 1, 3, 13, 0, 7, 0, 0, 0, 1, 0, 0] }
Dec 03, 2019 11:08:24 AM petriNet.PetriNet dispararExtendida
INFO: {"disparo" : 13, "marcado" : [0, 0, 0, 0, 1, 0, 0, 1, 3, 13, 0, 7, 1, 0, 0, 1, 0, 0] }
Dec 03, 2019 11:08:24 AM petriNet.PetriNet dispararExtendida
INFO: {"disparo" : 8, "marcado" : [0, 0, 0, 0, 1, 0, 0, 1, 4, 13, 0, 7, 1, 0, 0, 1, 0, 0] }
Dec 03, 2019 11:08:25 AM petriNet.PetriNet dispararExtendida
INFO: {"disparo" : 15, "marcado" : [0, 0, 0, 0, 0, 0, 0, 1, 4, 13, 0, 7, 1, 0, 1, 1, 0, 1] }
Dec 03, 2019 11:08:25 AM petriNet.PetriNet dispararExtendida
INFO: {"disparo" : 5, "marcado" : [0, 0, 0, 0, 0, 1, 0, 1, 4, 13, 0, 7, 1, 0, 1, 0, 0, 0] }
Dec 03, 2019 11:08:25 AM petriNet.PetriNet dispararExtendida
INFO: {"disparo" : 6, "marcado" : [0, 0, 0, 0, 0, 0, 1, 0, 4, 13, 0, 7, 1, 0, 1, 0, 1, 0] }
Dec 03, 2019 11:08:25 AM petriNet.PetriNet dispararExtendida
INFO: {"disparo" : 10, "marcado" : [0, 0, 0, 0, 0, 0, 1, 0, 3, 12, 1, 7, 1, 0, 1, 0, 1, 0] }
Dec 03, 2019 11:08:25 AM petriNet.PetriNet dispararExtendida
INFO: {"disparo" : 10, "marcado" : [0, 0, 0, 0, 0, 0, 1, 0, 2, 11, 2, 7, 1, 0, 1, 0, 1, 0] }
Dec 03, 2019 11:08:25 AM petriNet.PetriNet dispararExtendida
INFO: {"disparo" : 9, "marcado" : [0, 0, 0, 0, 0, 0, 1, 0, 2, 12, 2, 6, 1, 0, 1, 0, 1, 0] }
Dec 03, 2019 11:08:25 AM petriNet.PetriNet dispararExtendida
INFO: {"disparo" : 10, "marcado" : [0, 0, 0, 0, 0, 0, 1, 0, 1, 11, 3, 6, 1, 0, 1, 0, 1, 0] }
Dec 03, 2019 11:08:25 AM petriNet.PetriNet dispararExtendida
INFO: {"disparo" : 9, "marcado" : [0, 0, 0, 0, 0, 0, 1, 0, 1, 12, 3, 5, 1, 0, 1, 0, 1, 0] }
Dec 03, 2019 11:08:25 AM petriNet.PetriNet dispararExtendida
INFO: {"disparo" : 10, "marcado" : [0, 0, 0, 0, 0, 0, 1, 0, 0, 11, 4, 5, 1, 0, 1, 0, 1, 0] }
Dec 03, 2019 11:08:25 AM petriNet.PetriNet dispararExtendida
INFO: {"disparo" : 9, "marcado" : [0, 0, 0, 0, 0, 0, 1, 0, 0, 12, 4, 4, 1, 0, 1, 0, 1, 0] }
Dec 03, 2019 11:08:25 AM petriNet.PetriNet dispararExtendida
INFO: {"disparo" : 9, "marcado" : [0, 0, 0, 0, 0, 0, 1, 0, 0, 13, 4, 3, 1, 0, 1, 0, 1, 0] }
Dec 03, 2019 11:08:25 AM petriNet.PetriNet dispararExtendida
INFO: {"disparo" : 9, "marcado" : [0, 0, 0, 0, 0, 0, 1, 0, 0, 14, 4, 2, 1, 0, 1, 0, 1, 0] }
Dec 03, 2019 11:08:25 AM petriNet.PetriNet dispararExtendida
INFO: {"disparo" : 9, "marcado" : [0, 0, 0, 0, 0, 0, 1, 0, 0, 15, 4, 1, 1, 0, 1, 0, 1, 0] }
Dec 03, 2019 11:08:25 AM petriNet.PetriNet dispararExtendida
INFO: {"disparo" : 9, "marcado" : [0, 0, 0, 0, 0, 0, 1, 0, 0, 16, 4, 0, 1, 0, 1, 0, 1, 0] }
Dec 03, 2019 11:08:25 AM petriNet.PetriNet dispararExtendida
INFO: {"disparo" : 12, "marcado" : [0, 0, 0, 0, 0, 0, 1, 0, 0, 16, 4, 0, 0, 1, 0, 0, 1, 0] }
Dec 03, 2019 11:08:25 AM petriNet.PetriNet dispararExtendida
INFO: {"disparo" : 14, "marcado" : [0, 0, 0, 0, 0, 0, 1, 0, 0, 16, 4, 0, 0, 0, 1, 0, 1, 0] }
Dec 03, 2019 11:08:27 AM petriNet.PetriNet dispararExtendida
INFO: {"disparo" : 8, "marcado" : [0, 0, 0, 0, 0, 0, 1, 0, 1, 16, 4, 0, 0, 0, 1, 0, 1, 0] }
Dec 03, 2019 11:08:27 AM petriNet.PetriNet dispararExtendida
INFO: {"disparo" : 10, "marcado" : [0, 0, 0, 0, 0, 0, 1, 0, 0, 15, 5, 0, 0, 0, 1, 0, 1, 0] }
Dec 03, 2019 11:08:30 AM petriNet.PetriNet dispararExtendida
INFO: {"disparo" : 8, "marcado" : [0, 0, 0, 0, 0, 0, 1, 0, 1, 15, 5, 0, 0, 0, 1, 0, 1, 0] }
Dec 03, 2019 11:08:30 AM petriNet.PetriNet dispararExtendida
INFO: {"disparo" : 10, "marcado" : [0, 0, 0, 0, 0, 0, 1, 0, 0, 14, 6, 0, 0, 0, 1, 0, 1, 0] }
Dec 03, 2019 11:08:33 AM petriNet.PetriNet dispararExtendida
INFO: {"disparo" : 8, "marcado" : [0, 0, 0, 0, 0, 0, 1, 0, 1, 14, 6, 0, 0, 0, 1, 0, 1, 0] }
Dec 03, 2019 11:08:33 AM petriNet.PetriNet dispararExtendida
INFO: {"disparo" : 10, "marcado" : [0, 0, 0, 0, 0, 0, 1, 0, 0, 13, 7, 0, 0, 0, 1, 0, 1, 0] }
