Dec 04, 2019 3:40:00 PM petriNet.PetriNet dispararExtendida
INFO: {"disparo" : 7, "marcado" : [1, 0, 0, 0, 0, 0, 0, 0, 1, 14, 5, 1, 5, 0, 1, 0, 1, 0] }
Dec 04, 2019 3:40:00 PM petriNet.PetriNet dispararExtendida
INFO: {"disparo" : 10, "marcado" : [1, 0, 0, 0, 0, 0, 0, 0, 0, 13, 6, 1, 5, 0, 1, 0, 1, 0] }
Dec 04, 2019 3:40:00 PM petriNet.PetriNet dispararExtendida
INFO: {"disparo" : 0, "marcado" : [0, 1, 0, 0, 0, 0, 0, 0, 0, 13, 6, 1, 5, 0, 1, 0, 1, 0] }
Dec 04, 2019 3:40:00 PM petriNet.PetriNet dispararExtendida
INFO: {"disparo" : 2, "marcado" : [0, 0, 1, 0, 0, 0, 0, 1, 0, 13, 6, 1, 5, 0, 1, 0, 0, 0] }
Dec 04, 2019 3:40:00 PM petriNet.PetriNet dispararExtendida
INFO: {"disparo" : 11, "marcado" : [0, 0, 1, 0, 0, 0, 0, 1, 0, 13, 5, 2, 5, 0, 1, 0, 0, 0] }
Dec 04, 2019 3:40:00 PM petriNet.PetriNet dispararExtendida
INFO: {"disparo" : 12, "marcado" : [0, 0, 1, 0, 0, 0, 0, 1, 0, 13, 5, 2, 4, 1, 0, 0, 0, 0] }
Dec 04, 2019 3:40:00 PM petriNet.PetriNet dispararExtendida
INFO: {"disparo" : 14, "marcado" : [0, 0, 1, 0, 0, 0, 0, 1, 0, 13, 5, 2, 4, 0, 1, 0, 0, 0] }
Dec 04, 2019 3:40:00 PM petriNet.PetriNet dispararExtendida
INFO: {"disparo" : 11, "marcado" : [0, 0, 1, 0, 0, 0, 0, 1, 0, 13, 4, 3, 4, 0, 1, 0, 0, 0] }
Dec 04, 2019 3:40:00 PM petriNet.PetriNet dispararExtendida
INFO: {"disparo" : 12, "marcado" : [0, 0, 1, 0, 0, 0, 0, 1, 0, 13, 4, 3, 3, 1, 0, 0, 0, 0] }
Dec 04, 2019 3:40:00 PM petriNet.PetriNet dispararExtendida
INFO: {"disparo" : 14, "marcado" : [0, 0, 1, 0, 0, 0, 0, 1, 0, 13, 4, 3, 3, 0, 1, 0, 0, 0] }
Dec 04, 2019 3:40:00 PM petriNet.PetriNet dispararExtendida
INFO: {"disparo" : 11, "marcado" : [0, 0, 1, 0, 0, 0, 0, 1, 0, 13, 3, 4, 3, 0, 1, 0, 0, 0] }
Dec 04, 2019 3:40:00 PM petriNet.PetriNet dispararExtendida
INFO: {"disparo" : 12, "marcado" : [0, 0, 1, 0, 0, 0, 0, 1, 0, 13, 3, 4, 2, 1, 0, 0, 0, 0] }
Dec 04, 2019 3:40:00 PM petriNet.PetriNet dispararExtendida
INFO: {"disparo" : 14, "marcado" : [0, 0, 1, 0, 0, 0, 0, 1, 0, 13, 3, 4, 2, 0, 1, 0, 0, 0] }
Dec 04, 2019 3:40:00 PM petriNet.PetriNet dispararExtendida
INFO: {"disparo" : 11, "marcado" : [0, 0, 1, 0, 0, 0, 0, 1, 0, 13, 2, 5, 2, 0, 1, 0, 0, 0] }
Dec 04, 2019 3:40:00 PM petriNet.PetriNet dispararExtendida
INFO: {"disparo" : 12, "marcado" : [0, 0, 1, 0, 0, 0, 0, 1, 0, 13, 2, 5, 1, 1, 0, 0, 0, 0] }
Dec 04, 2019 3:40:00 PM petriNet.PetriNet dispararExtendida
INFO: {"disparo" : 14, "marcado" : [0, 0, 1, 0, 0, 0, 0, 1, 0, 13, 2, 5, 1, 0, 1, 0, 0, 0] }
Dec 04, 2019 3:40:00 PM petriNet.PetriNet dispararExtendida
INFO: {"disparo" : 11, "marcado" : [0, 0, 1, 0, 0, 0, 0, 1, 0, 13, 1, 6, 1, 0, 1, 0, 0, 0] }
Dec 04, 2019 3:40:00 PM petriNet.PetriNet dispararExtendida
INFO: {"disparo" : 12, "marcado" : [0, 0, 1, 0, 0, 0, 0, 1, 0, 13, 1, 6, 0, 1, 0, 0, 0, 0] }
Dec 04, 2019 3:40:00 PM petriNet.PetriNet dispararExtendida
INFO: {"disparo" : 14, "marcado" : [0, 0, 1, 0, 0, 0, 0, 1, 0, 13, 1, 6, 0, 0, 1, 0, 0, 0] }
Dec 04, 2019 3:40:00 PM petriNet.PetriNet dispararExtendida
INFO: {"disparo" : 11, "marcado" : [0, 0, 1, 0, 0, 0, 0, 1, 0, 13, 0, 7, 0, 0, 1, 0, 0, 0] }
Dec 04, 2019 3:40:00 PM petriNet.PetriNet dispararExtendida
INFO: {"disparo" : 3, "marcado" : [0, 0, 0, 1, 0, 0, 0, 1, 0, 13, 0, 7, 0, 0, 1, 1, 0, 0] }
Dec 04, 2019 3:40:03 PM petriNet.PetriNet dispararExtendida
INFO: {"disparo" : 8, "marcado" : [0, 0, 0, 1, 0, 0, 0, 1, 1, 13, 0, 7, 0, 0, 1, 1, 0, 0] }
Dec 04, 2019 3:40:06 PM petriNet.PetriNet dispararExtendida
INFO: {"disparo" : 8, "marcado" : [0, 0, 0, 1, 0, 0, 0, 1, 2, 13, 0, 7, 0, 0, 1, 1, 0, 0] }
Dec 04, 2019 3:40:06 PM petriNet.PetriNet dispararExtendida
INFO: {"disparo" : 4, "marcado" : [0, 0, 0, 0, 1, 0, 0, 1, 2, 13, 0, 7, 0, 0, 0, 1, 0, 0] }
Dec 04, 2019 3:40:09 PM petriNet.PetriNet dispararExtendida
INFO: {"disparo" : 8, "marcado" : [0, 0, 0, 0, 1, 0, 0, 1, 3, 13, 0, 7, 0, 0, 0, 1, 0, 0] }
Dec 04, 2019 3:40:11 PM petriNet.PetriNet dispararExtendida
INFO: {"disparo" : 15, "marcado" : [0, 0, 0, 0, 0, 0, 0, 1, 3, 13, 0, 7, 0, 0, 1, 1, 0, 1] }
Dec 04, 2019 3:40:11 PM petriNet.PetriNet dispararExtendida
INFO: {"disparo" : 5, "marcado" : [0, 0, 0, 0, 0, 1, 0, 1, 3, 13, 0, 7, 0, 0, 1, 0, 0, 0] }
Dec 04, 2019 3:40:11 PM petriNet.PetriNet dispararExtendida
INFO: {"disparo" : 6, "marcado" : [0, 0, 0, 0, 0, 0, 1, 0, 3, 13, 0, 7, 0, 0, 1, 0, 1, 0] }
Dec 04, 2019 3:40:11 PM petriNet.PetriNet dispararExtendida
INFO: {"disparo" : 10, "marcado" : [0, 0, 0, 0, 0, 0, 1, 0, 2, 12, 1, 7, 0, 0, 1, 0, 1, 0] }
Dec 04, 2019 3:40:11 PM petriNet.PetriNet dispararExtendida
INFO: {"disparo" : 10, "marcado" : [0, 0, 0, 0, 0, 0, 1, 0, 1, 11, 2, 7, 0, 0, 1, 0, 1, 0] }
Dec 04, 2019 3:40:11 PM petriNet.PetriNet dispararExtendida
INFO: {"disparo" : 9, "marcado" : [0, 0, 0, 0, 0, 0, 1, 0, 1, 12, 2, 6, 0, 0, 1, 0, 1, 0] }
Dec 04, 2019 3:40:11 PM petriNet.PetriNet dispararExtendida
INFO: {"disparo" : 10, "marcado" : [0, 0, 0, 0, 0, 0, 1, 0, 0, 11, 3, 6, 0, 0, 1, 0, 1, 0] }
Dec 04, 2019 3:40:12 PM petriNet.PetriNet dispararExtendida
INFO: {"disparo" : 8, "marcado" : [0, 0, 0, 0, 0, 0, 1, 0, 1, 11, 3, 6, 0, 0, 1, 0, 1, 0] }
Dec 04, 2019 3:40:12 PM petriNet.PetriNet dispararExtendida
INFO: {"disparo" : 10, "marcado" : [0, 0, 0, 0, 0, 0, 1, 0, 0, 10, 4, 6, 0, 0, 1, 0, 1, 0] }
Dec 04, 2019 3:40:14 PM petriNet.PetriNet dispararExtendida
INFO: {"disparo" : 9, "marcado" : [0, 0, 0, 0, 0, 0, 1, 0, 0, 11, 4, 5, 0, 0, 1, 0, 1, 0] }
Dec 04, 2019 3:40:15 PM petriNet.PetriNet dispararExtendida
INFO: {"disparo" : 13, "marcado" : [0, 0, 0, 0, 0, 0, 1, 0, 0, 11, 4, 5, 1, 0, 1, 0, 1, 0] }
Dec 04, 2019 3:40:15 PM petriNet.PetriNet dispararExtendida
INFO: {"disparo" : 12, "marcado" : [0, 0, 0, 0, 0, 0, 1, 0, 0, 11, 4, 5, 0, 1, 0, 0, 1, 0] }
Dec 04, 2019 3:40:15 PM petriNet.PetriNet dispararExtendida
INFO: {"disparo" : 14, "marcado" : [0, 0, 0, 0, 0, 0, 1, 0, 0, 11, 4, 5, 0, 0, 1, 0, 1, 0] }
Dec 04, 2019 3:40:15 PM petriNet.PetriNet dispararExtendida
INFO: {"disparo" : 8, "marcado" : [0, 0, 0, 0, 0, 0, 1, 0, 1, 11, 4, 5, 0, 0, 1, 0, 1, 0] }
Dec 04, 2019 3:40:15 PM petriNet.PetriNet dispararExtendida
INFO: {"disparo" : 10, "marcado" : [0, 0, 0, 0, 0, 0, 1, 0, 0, 10, 5, 5, 0, 0, 1, 0, 1, 0] }
Dec 04, 2019 3:40:17 PM petriNet.PetriNet dispararExtendida
INFO: {"disparo" : 9, "marcado" : [0, 0, 0, 0, 0, 0, 1, 0, 0, 11, 5, 4, 0, 0, 1, 0, 1, 0] }
Dec 04, 2019 3:40:18 PM petriNet.PetriNet dispararExtendida
INFO: {"disparo" : 8, "marcado" : [0, 0, 0, 0, 0, 0, 1, 0, 1, 11, 5, 4, 0, 0, 1, 0, 1, 0] }
Dec 04, 2019 3:40:18 PM petriNet.PetriNet dispararExtendida
INFO: {"disparo" : 10, "marcado" : [0, 0, 0, 0, 0, 0, 1, 0, 0, 10, 6, 4, 0, 0, 1, 0, 1, 0] }
Dec 04, 2019 3:40:20 PM petriNet.PetriNet dispararExtendida
INFO: {"disparo" : 9, "marcado" : [0, 0, 0, 0, 0, 0, 1, 0, 0, 11, 6, 3, 0, 0, 1, 0, 1, 0] }
Dec 04, 2019 3:40:21 PM petriNet.PetriNet dispararExtendida
INFO: {"disparo" : 8, "marcado" : [0, 0, 0, 0, 0, 0, 1, 0, 1, 11, 6, 3, 0, 0, 1, 0, 1, 0] }
Dec 04, 2019 3:40:21 PM petriNet.PetriNet dispararExtendida
INFO: {"disparo" : 10, "marcado" : [0, 0, 0, 0, 0, 0, 1, 0, 0, 10, 7, 3, 0, 0, 1, 0, 1, 0] }
Dec 04, 2019 3:40:21 PM petriNet.PetriNet dispararExtendida
INFO: {"disparo" : 7, "marcado" : [1, 0, 0, 0, 0, 0, 0, 0, 0, 10, 7, 3, 0, 0, 1, 0, 1, 0] }
Dec 04, 2019 3:40:21 PM petriNet.PetriNet dispararExtendida
INFO: {"disparo" : 0, "marcado" : [0, 1, 0, 0, 0, 0, 0, 0, 0, 10, 7, 3, 0, 0, 1, 0, 1, 0] }
Dec 04, 2019 3:40:21 PM petriNet.PetriNet dispararExtendida
INFO: {"disparo" : 2, "marcado" : [0, 0, 1, 0, 0, 0, 0, 1, 0, 10, 7, 3, 0, 0, 1, 0, 0, 0] }
Dec 04, 2019 3:40:21 PM petriNet.PetriNet dispararExtendida
INFO: {"disparo" : 11, "marcado" : [0, 0, 1, 0, 0, 0, 0, 1, 0, 10, 6, 4, 0, 0, 1, 0, 0, 0] }
Dec 04, 2019 3:40:21 PM petriNet.PetriNet dispararExtendida
INFO: {"disparo" : 11, "marcado" : [0, 0, 1, 0, 0, 0, 0, 1, 0, 10, 5, 5, 0, 0, 1, 0, 0, 0] }
Dec 04, 2019 3:40:21 PM petriNet.PetriNet dispararExtendida
INFO: {"disparo" : 11, "marcado" : [0, 0, 1, 0, 0, 0, 0, 1, 0, 10, 4, 6, 0, 0, 1, 0, 0, 0] }
Dec 04, 2019 3:40:21 PM petriNet.PetriNet dispararExtendida
INFO: {"disparo" : 11, "marcado" : [0, 0, 1, 0, 0, 0, 0, 1, 0, 10, 3, 7, 0, 0, 1, 0, 0, 0] }
Dec 04, 2019 3:40:21 PM petriNet.PetriNet dispararExtendida
INFO: {"disparo" : 11, "marcado" : [0, 0, 1, 0, 0, 0, 0, 1, 0, 10, 2, 8, 0, 0, 1, 0, 0, 0] }
Dec 04, 2019 3:40:21 PM petriNet.PetriNet dispararExtendida
INFO: {"disparo" : 11, "marcado" : [0, 0, 1, 0, 0, 0, 0, 1, 0, 10, 1, 9, 0, 0, 1, 0, 0, 0] }
Dec 04, 2019 3:40:21 PM petriNet.PetriNet dispararExtendida
INFO: {"disparo" : 11, "marcado" : [0, 0, 1, 0, 0, 0, 0, 1, 0, 10, 0, 10, 0, 0, 1, 0, 0, 0] }
Dec 04, 2019 3:40:21 PM petriNet.PetriNet dispararExtendida
INFO: {"disparo" : 3, "marcado" : [0, 0, 0, 1, 0, 0, 0, 1, 0, 10, 0, 10, 0, 0, 1, 1, 0, 0] }
Dec 04, 2019 3:40:24 PM petriNet.PetriNet dispararExtendida
INFO: {"disparo" : 8, "marcado" : [0, 0, 0, 1, 0, 0, 0, 1, 1, 10, 0, 10, 0, 0, 1, 1, 0, 0] }
Dec 04, 2019 3:40:27 PM petriNet.PetriNet dispararExtendida
INFO: {"disparo" : 8, "marcado" : [0, 0, 0, 1, 0, 0, 0, 1, 2, 10, 0, 10, 0, 0, 1, 1, 0, 0] }
Dec 04, 2019 3:40:27 PM petriNet.PetriNet dispararExtendida
INFO: {"disparo" : 4, "marcado" : [0, 0, 0, 0, 1, 0, 0, 1, 2, 10, 0, 10, 0, 0, 0, 1, 0, 0] }
Dec 04, 2019 3:40:30 PM petriNet.PetriNet dispararExtendida
INFO: {"disparo" : 13, "marcado" : [0, 0, 0, 0, 1, 0, 0, 1, 2, 10, 0, 10, 1, 0, 0, 1, 0, 0] }
Dec 04, 2019 3:40:30 PM petriNet.PetriNet dispararExtendida
INFO: {"disparo" : 8, "marcado" : [0, 0, 0, 0, 1, 0, 0, 1, 3, 10, 0, 10, 1, 0, 0, 1, 0, 0] }
Dec 04, 2019 3:40:31 PM petriNet.PetriNet dispararExtendida
INFO: {"disparo" : 15, "marcado" : [0, 0, 0, 0, 0, 0, 0, 1, 3, 10, 0, 10, 1, 0, 1, 1, 0, 1] }
Dec 04, 2019 3:40:31 PM petriNet.PetriNet dispararExtendida
INFO: {"disparo" : 5, "marcado" : [0, 0, 0, 0, 0, 1, 0, 1, 3, 10, 0, 10, 1, 0, 1, 0, 0, 0] }
Dec 04, 2019 3:40:31 PM petriNet.PetriNet dispararExtendida
INFO: {"disparo" : 6, "marcado" : [0, 0, 0, 0, 0, 0, 1, 0, 3, 10, 0, 10, 1, 0, 1, 0, 1, 0] }
Dec 04, 2019 3:40:31 PM petriNet.PetriNet dispararExtendida
INFO: {"disparo" : 10, "marcado" : [0, 0, 0, 0, 0, 0, 1, 0, 2, 9, 1, 10, 1, 0, 1, 0, 1, 0] }
Dec 04, 2019 3:40:31 PM petriNet.PetriNet dispararExtendida
INFO: {"disparo" : 10, "marcado" : [0, 0, 0, 0, 0, 0, 1, 0, 1, 8, 2, 10, 1, 0, 1, 0, 1, 0] }
Dec 04, 2019 3:40:31 PM petriNet.PetriNet dispararExtendida
INFO: {"disparo" : 10, "marcado" : [0, 0, 0, 0, 0, 0, 1, 0, 0, 7, 3, 10, 1, 0, 1, 0, 1, 0] }
Dec 04, 2019 3:40:31 PM petriNet.PetriNet dispararExtendida
INFO: {"disparo" : 12, "marcado" : [0, 0, 0, 0, 0, 0, 1, 0, 0, 7, 3, 10, 0, 1, 0, 0, 1, 0] }
Dec 04, 2019 3:40:31 PM petriNet.PetriNet dispararExtendida
INFO: {"disparo" : 9, "marcado" : [0, 0, 0, 0, 0, 0, 1, 0, 0, 8, 3, 9, 0, 1, 0, 0, 1, 0] }
Dec 04, 2019 3:40:33 PM petriNet.PetriNet dispararExtendida
INFO: {"disparo" : 8, "marcado" : [0, 0, 0, 0, 0, 0, 1, 0, 1, 8, 3, 9, 0, 1, 0, 0, 1, 0] }
Dec 04, 2019 3:40:33 PM petriNet.PetriNet dispararExtendida
INFO: {"disparo" : 10, "marcado" : [0, 0, 0, 0, 0, 0, 1, 0, 0, 7, 4, 9, 0, 1, 0, 0, 1, 0] }
Dec 04, 2019 3:40:33 PM petriNet.PetriNet dispararExtendida
INFO: {"disparo" : 14, "marcado" : [0, 0, 0, 0, 0, 0, 1, 0, 0, 7, 4, 9, 0, 0, 1, 0, 1, 0] }
Dec 04, 2019 3:40:34 PM petriNet.PetriNet dispararExtendida
INFO: {"disparo" : 9, "marcado" : [0, 0, 0, 0, 0, 0, 1, 0, 0, 8, 4, 8, 0, 0, 1, 0, 1, 0] }
Dec 04, 2019 3:40:36 PM petriNet.PetriNet dispararExtendida
INFO: {"disparo" : 8, "marcado" : [0, 0, 0, 0, 0, 0, 1, 0, 1, 8, 4, 8, 0, 0, 1, 0, 1, 0] }
Dec 04, 2019 3:40:36 PM petriNet.PetriNet dispararExtendida
INFO: {"disparo" : 10, "marcado" : [0, 0, 0, 0, 0, 0, 1, 0, 0, 7, 5, 8, 0, 0, 1, 0, 1, 0] }
Dec 04, 2019 3:40:37 PM petriNet.PetriNet dispararExtendida
INFO: {"disparo" : 9, "marcado" : [0, 0, 0, 0, 0, 0, 1, 0, 0, 8, 5, 7, 0, 0, 1, 0, 1, 0] }
Dec 04, 2019 3:40:39 PM petriNet.PetriNet dispararExtendida
INFO: {"disparo" : 8, "marcado" : [0, 0, 0, 0, 0, 0, 1, 0, 1, 8, 5, 7, 0, 0, 1, 0, 1, 0] }
Dec 04, 2019 3:40:39 PM petriNet.PetriNet dispararExtendida
INFO: {"disparo" : 10, "marcado" : [0, 0, 0, 0, 0, 0, 1, 0, 0, 7, 6, 7, 0, 0, 1, 0, 1, 0] }
Dec 04, 2019 3:40:40 PM petriNet.PetriNet dispararExtendida
INFO: {"disparo" : 9, "marcado" : [0, 0, 0, 0, 0, 0, 1, 0, 0, 8, 6, 6, 0, 0, 1, 0, 1, 0] }
Dec 04, 2019 3:40:41 PM petriNet.PetriNet dispararExtendida
INFO: {"disparo" : 7, "marcado" : [1, 0, 0, 0, 0, 0, 0, 0, 0, 8, 6, 6, 0, 0, 1, 0, 1, 0] }
Dec 04, 2019 3:40:41 PM petriNet.PetriNet dispararExtendida
INFO: {"disparo" : 0, "marcado" : [0, 1, 0, 0, 0, 0, 0, 0, 0, 8, 6, 6, 0, 0, 1, 0, 1, 0] }
Dec 04, 2019 3:40:41 PM petriNet.PetriNet dispararExtendida
INFO: {"disparo" : 2, "marcado" : [0, 0, 1, 0, 0, 0, 0, 1, 0, 8, 6, 6, 0, 0, 1, 0, 0, 0] }
Dec 04, 2019 3:40:41 PM petriNet.PetriNet dispararExtendida
INFO: {"disparo" : 11, "marcado" : [0, 0, 1, 0, 0, 0, 0, 1, 0, 8, 5, 7, 0, 0, 1, 0, 0, 0] }
Dec 04, 2019 3:40:41 PM petriNet.PetriNet dispararExtendida
INFO: {"disparo" : 11, "marcado" : [0, 0, 1, 0, 0, 0, 0, 1, 0, 8, 4, 8, 0, 0, 1, 0, 0, 0] }
Dec 04, 2019 3:40:41 PM petriNet.PetriNet dispararExtendida
INFO: {"disparo" : 11, "marcado" : [0, 0, 1, 0, 0, 0, 0, 1, 0, 8, 3, 9, 0, 0, 1, 0, 0, 0] }
Dec 04, 2019 3:40:41 PM petriNet.PetriNet dispararExtendida
INFO: {"disparo" : 11, "marcado" : [0, 0, 1, 0, 0, 0, 0, 1, 0, 8, 2, 10, 0, 0, 1, 0, 0, 0] }
Dec 04, 2019 3:40:41 PM petriNet.PetriNet dispararExtendida
INFO: {"disparo" : 11, "marcado" : [0, 0, 1, 0, 0, 0, 0, 1, 0, 8, 1, 11, 0, 0, 1, 0, 0, 0] }
Dec 04, 2019 3:40:41 PM petriNet.PetriNet dispararExtendida
INFO: {"disparo" : 11, "marcado" : [0, 0, 1, 0, 0, 0, 0, 1, 0, 8, 0, 12, 0, 0, 1, 0, 0, 0] }
Dec 04, 2019 3:40:41 PM petriNet.PetriNet dispararExtendida
INFO: {"disparo" : 3, "marcado" : [0, 0, 0, 1, 0, 0, 0, 1, 0, 8, 0, 12, 0, 0, 1, 1, 0, 0] }
Dec 04, 2019 3:40:42 PM petriNet.PetriNet dispararExtendida
INFO: {"disparo" : 8, "marcado" : [0, 0, 0, 1, 0, 0, 0, 1, 1, 8, 0, 12, 0, 0, 1, 1, 0, 0] }
Dec 04, 2019 3:40:45 PM petriNet.PetriNet dispararExtendida
INFO: {"disparo" : 13, "marcado" : [0, 0, 0, 1, 0, 0, 0, 1, 1, 8, 0, 12, 1, 0, 1, 1, 0, 0] }
Dec 04, 2019 3:40:45 PM petriNet.PetriNet dispararExtendida
INFO: {"disparo" : 8, "marcado" : [0, 0, 0, 1, 0, 0, 0, 1, 2, 8, 0, 12, 1, 0, 1, 1, 0, 0] }
Dec 04, 2019 3:40:47 PM petriNet.PetriNet dispararExtendida
INFO: {"disparo" : 4, "marcado" : [0, 0, 0, 0, 1, 0, 0, 1, 2, 8, 0, 12, 1, 0, 0, 1, 0, 0] }
Dec 04, 2019 3:40:48 PM petriNet.PetriNet dispararExtendida
INFO: {"disparo" : 8, "marcado" : [0, 0, 0, 0, 1, 0, 0, 1, 3, 8, 0, 12, 1, 0, 0, 1, 0, 0] }
Dec 04, 2019 3:40:51 PM petriNet.PetriNet dispararExtendida
INFO: {"disparo" : 8, "marcado" : [0, 0, 0, 0, 1, 0, 0, 1, 4, 8, 0, 12, 1, 0, 0, 1, 0, 0] }
Dec 04, 2019 3:40:52 PM petriNet.PetriNet dispararExtendida
INFO: {"disparo" : 15, "marcado" : [0, 0, 0, 0, 0, 0, 0, 1, 4, 8, 0, 12, 1, 0, 1, 1, 0, 1] }
Dec 04, 2019 3:40:52 PM petriNet.PetriNet dispararExtendida
INFO: {"disparo" : 5, "marcado" : [0, 0, 0, 0, 0, 1, 0, 1, 4, 8, 0, 12, 1, 0, 1, 0, 0, 0] }
Dec 04, 2019 3:40:52 PM petriNet.PetriNet dispararExtendida
INFO: {"disparo" : 6, "marcado" : [0, 0, 0, 0, 0, 0, 1, 0, 4, 8, 0, 12, 1, 0, 1, 0, 1, 0] }
Dec 04, 2019 3:40:52 PM petriNet.PetriNet dispararExtendida
INFO: {"disparo" : 10, "marcado" : [0, 0, 0, 0, 0, 0, 1, 0, 3, 7, 1, 12, 1, 0, 1, 0, 1, 0] }
Dec 04, 2019 3:40:52 PM petriNet.PetriNet dispararExtendida
INFO: {"disparo" : 10, "marcado" : [0, 0, 0, 0, 0, 0, 1, 0, 2, 6, 2, 12, 1, 0, 1, 0, 1, 0] }
Dec 04, 2019 3:40:52 PM petriNet.PetriNet dispararExtendida
INFO: {"disparo" : 9, "marcado" : [0, 0, 0, 0, 0, 0, 1, 0, 2, 7, 2, 11, 1, 0, 1, 0, 1, 0] }
Dec 04, 2019 3:40:52 PM petriNet.PetriNet dispararExtendida
INFO: {"disparo" : 10, "marcado" : [0, 0, 0, 0, 0, 0, 1, 0, 1, 6, 3, 11, 1, 0, 1, 0, 1, 0] }
Dec 04, 2019 3:40:52 PM petriNet.PetriNet dispararExtendida
INFO: {"disparo" : 10, "marcado" : [0, 0, 0, 0, 0, 0, 1, 0, 0, 5, 4, 11, 1, 0, 1, 0, 1, 0] }
Dec 04, 2019 3:40:52 PM petriNet.PetriNet dispararExtendida
INFO: {"disparo" : 12, "marcado" : [0, 0, 0, 0, 0, 0, 1, 0, 0, 5, 4, 11, 0, 1, 0, 0, 1, 0] }
Dec 04, 2019 3:40:52 PM petriNet.PetriNet dispararExtendida
INFO: {"disparo" : 14, "marcado" : [0, 0, 0, 0, 0, 0, 1, 0, 0, 5, 4, 11, 0, 0, 1, 0, 1, 0] }
Dec 04, 2019 3:40:54 PM petriNet.PetriNet dispararExtendida
INFO: {"disparo" : 8, "marcado" : [0, 0, 0, 0, 0, 0, 1, 0, 1, 5, 4, 11, 0, 0, 1, 0, 1, 0] }
Dec 04, 2019 3:40:54 PM petriNet.PetriNet dispararExtendida
INFO: {"disparo" : 10, "marcado" : [0, 0, 0, 0, 0, 0, 1, 0, 0, 4, 5, 11, 0, 0, 1, 0, 1, 0] }
Dec 04, 2019 3:40:55 PM petriNet.PetriNet dispararExtendida
INFO: {"disparo" : 9, "marcado" : [0, 0, 0, 0, 0, 0, 1, 0, 0, 5, 5, 10, 0, 0, 1, 0, 1, 0] }
Dec 04, 2019 3:40:57 PM petriNet.PetriNet dispararExtendida
INFO: {"disparo" : 8, "marcado" : [0, 0, 0, 0, 0, 0, 1, 0, 1, 5, 5, 10, 0, 0, 1, 0, 1, 0] }
Dec 04, 2019 3:40:57 PM petriNet.PetriNet dispararExtendida
INFO: {"disparo" : 10, "marcado" : [0, 0, 0, 0, 0, 0, 1, 0, 0, 4, 6, 10, 0, 0, 1, 0, 1, 0] }
Dec 04, 2019 3:40:58 PM petriNet.PetriNet dispararExtendida
INFO: {"disparo" : 9, "marcado" : [0, 0, 0, 0, 0, 0, 1, 0, 0, 5, 6, 9, 0, 0, 1, 0, 1, 0] }
Dec 04, 2019 3:41:00 PM petriNet.PetriNet dispararExtendida
INFO: {"disparo" : 13, "marcado" : [0, 0, 0, 0, 0, 0, 1, 0, 0, 5, 6, 9, 1, 0, 1, 0, 1, 0] }
Dec 04, 2019 3:41:00 PM petriNet.PetriNet dispararExtendida
INFO: {"disparo" : 12, "marcado" : [0, 0, 0, 0, 0, 0, 1, 0, 0, 5, 6, 9, 0, 1, 0, 0, 1, 0] }
Dec 04, 2019 3:41:00 PM petriNet.PetriNet dispararExtendida
INFO: {"disparo" : 14, "marcado" : [0, 0, 0, 0, 0, 0, 1, 0, 0, 5, 6, 9, 0, 0, 1, 0, 1, 0] }
Dec 04, 2019 3:41:00 PM petriNet.PetriNet dispararExtendida
INFO: {"disparo" : 8, "marcado" : [0, 0, 0, 0, 0, 0, 1, 0, 1, 5, 6, 9, 0, 0, 1, 0, 1, 0] }
Dec 04, 2019 3:41:00 PM petriNet.PetriNet dispararExtendida
INFO: {"disparo" : 10, "marcado" : [0, 0, 0, 0, 0, 0, 1, 0, 0, 4, 7, 9, 0, 0, 1, 0, 1, 0] }
Dec 04, 2019 3:41:01 PM petriNet.PetriNet dispararExtendida
INFO: {"disparo" : 9, "marcado" : [0, 0, 0, 0, 0, 0, 1, 0, 0, 5, 7, 8, 0, 0, 1, 0, 1, 0] }
Dec 04, 2019 3:41:02 PM petriNet.PetriNet dispararExtendida
INFO: {"disparo" : 7, "marcado" : [1, 0, 0, 0, 0, 0, 0, 0, 0, 5, 7, 8, 0, 0, 1, 0, 1, 0] }
Dec 04, 2019 3:41:02 PM petriNet.PetriNet dispararExtendida
INFO: {"disparo" : 0, "marcado" : [0, 1, 0, 0, 0, 0, 0, 0, 0, 5, 7, 8, 0, 0, 1, 0, 1, 0] }
Dec 04, 2019 3:41:03 PM petriNet.PetriNet dispararExtendida
INFO: {"disparo" : 8, "marcado" : [0, 1, 0, 0, 0, 0, 0, 0, 1, 5, 7, 8, 0, 0, 1, 0, 1, 0] }
Dec 04, 2019 3:41:03 PM petriNet.PetriNet dispararExtendida
INFO: {"disparo" : 10, "marcado" : [0, 1, 0, 0, 0, 0, 0, 0, 0, 4, 8, 8, 0, 0, 1, 0, 1, 0] }
Dec 04, 2019 3:41:03 PM petriNet.PetriNet dispararExtendida
INFO: {"disparo" : 2, "marcado" : [0, 0, 1, 0, 0, 0, 0, 1, 0, 4, 8, 8, 0, 0, 1, 0, 0, 0] }
Dec 04, 2019 3:41:03 PM petriNet.PetriNet dispararExtendida
INFO: {"disparo" : 11, "marcado" : [0, 0, 1, 0, 0, 0, 0, 1, 0, 4, 7, 9, 0, 0, 1, 0, 0, 0] }
Dec 04, 2019 3:41:03 PM petriNet.PetriNet dispararExtendida
INFO: {"disparo" : 11, "marcado" : [0, 0, 1, 0, 0, 0, 0, 1, 0, 4, 6, 10, 0, 0, 1, 0, 0, 0] }
Dec 04, 2019 3:41:03 PM petriNet.PetriNet dispararExtendida
INFO: {"disparo" : 11, "marcado" : [0, 0, 1, 0, 0, 0, 0, 1, 0, 4, 5, 11, 0, 0, 1, 0, 0, 0] }
Dec 04, 2019 3:41:03 PM petriNet.PetriNet dispararExtendida
INFO: {"disparo" : 11, "marcado" : [0, 0, 1, 0, 0, 0, 0, 1, 0, 4, 4, 12, 0, 0, 1, 0, 0, 0] }
Dec 04, 2019 3:41:03 PM petriNet.PetriNet dispararExtendida
INFO: {"disparo" : 11, "marcado" : [0, 0, 1, 0, 0, 0, 0, 1, 0, 4, 3, 13, 0, 0, 1, 0, 0, 0] }
Dec 04, 2019 3:41:03 PM petriNet.PetriNet dispararExtendida
INFO: {"disparo" : 11, "marcado" : [0, 0, 1, 0, 0, 0, 0, 1, 0, 4, 2, 14, 0, 0, 1, 0, 0, 0] }
Dec 04, 2019 3:41:03 PM petriNet.PetriNet dispararExtendida
INFO: {"disparo" : 11, "marcado" : [0, 0, 1, 0, 0, 0, 0, 1, 0, 4, 1, 15, 0, 0, 1, 0, 0, 0] }
Dec 04, 2019 3:41:03 PM petriNet.PetriNet dispararExtendida
INFO: {"disparo" : 11, "marcado" : [0, 0, 1, 0, 0, 0, 0, 1, 0, 4, 0, 16, 0, 0, 1, 0, 0, 0] }
Dec 04, 2019 3:41:03 PM petriNet.PetriNet dispararExtendida
INFO: {"disparo" : 3, "marcado" : [0, 0, 0, 1, 0, 0, 0, 1, 0, 4, 0, 16, 0, 0, 1, 1, 0, 0] }
Dec 04, 2019 3:41:06 PM petriNet.PetriNet dispararExtendida
INFO: {"disparo" : 8, "marcado" : [0, 0, 0, 1, 0, 0, 0, 1, 1, 4, 0, 16, 0, 0, 1, 1, 0, 0] }
Dec 04, 2019 3:41:09 PM petriNet.PetriNet dispararExtendida
INFO: {"disparo" : 8, "marcado" : [0, 0, 0, 1, 0, 0, 0, 1, 2, 4, 0, 16, 0, 0, 1, 1, 0, 0] }
Dec 04, 2019 3:41:09 PM petriNet.PetriNet dispararExtendida
INFO: {"disparo" : 4, "marcado" : [0, 0, 0, 0, 1, 0, 0, 1, 2, 4, 0, 16, 0, 0, 0, 1, 0, 0] }
Dec 04, 2019 3:41:12 PM petriNet.PetriNet dispararExtendida
INFO: {"disparo" : 8, "marcado" : [0, 0, 0, 0, 1, 0, 0, 1, 3, 4, 0, 16, 0, 0, 0, 1, 0, 0] }
Dec 04, 2019 3:41:13 PM petriNet.PetriNet dispararExtendida
INFO: {"disparo" : 15, "marcado" : [0, 0, 0, 0, 0, 0, 0, 1, 3, 4, 0, 16, 0, 0, 1, 1, 0, 1] }
Dec 04, 2019 3:41:13 PM petriNet.PetriNet dispararExtendida
INFO: {"disparo" : 5, "marcado" : [0, 0, 0, 0, 0, 1, 0, 1, 3, 4, 0, 16, 0, 0, 1, 0, 0, 0] }
Dec 04, 2019 3:41:15 PM petriNet.PetriNet dispararExtendida
INFO: {"disparo" : 13, "marcado" : [0, 0, 0, 0, 0, 1, 0, 1, 3, 4, 0, 16, 1, 0, 1, 0, 0, 0] }
Dec 04, 2019 3:41:15 PM petriNet.PetriNet dispararExtendida
INFO: {"disparo" : 6, "marcado" : [0, 0, 0, 0, 0, 0, 1, 0, 3, 4, 0, 16, 1, 0, 1, 0, 1, 0] }
Dec 04, 2019 3:41:15 PM petriNet.PetriNet dispararExtendida
INFO: {"disparo" : 10, "marcado" : [0, 0, 0, 0, 0, 0, 1, 0, 2, 3, 1, 16, 1, 0, 1, 0, 1, 0] }
Dec 04, 2019 3:41:15 PM petriNet.PetriNet dispararExtendida
INFO: {"disparo" : 8, "marcado" : [0, 0, 0, 0, 0, 0, 1, 0, 3, 3, 1, 16, 1, 0, 1, 0, 1, 0] }
Dec 04, 2019 3:41:15 PM petriNet.PetriNet dispararExtendida
INFO: {"disparo" : 10, "marcado" : [0, 0, 0, 0, 0, 0, 1, 0, 2, 2, 2, 16, 1, 0, 1, 0, 1, 0] }
Dec 04, 2019 3:41:15 PM petriNet.PetriNet dispararExtendida
INFO: {"disparo" : 10, "marcado" : [0, 0, 0, 0, 0, 0, 1, 0, 1, 1, 3, 16, 1, 0, 1, 0, 1, 0] }
Dec 04, 2019 3:41:15 PM petriNet.PetriNet dispararExtendida
INFO: {"disparo" : 10, "marcado" : [0, 0, 0, 0, 0, 0, 1, 0, 0, 0, 4, 16, 1, 0, 1, 0, 1, 0] }
Dec 04, 2019 3:41:15 PM petriNet.PetriNet dispararExtendida
INFO: {"disparo" : 9, "marcado" : [0, 0, 0, 0, 0, 0, 1, 0, 0, 1, 4, 15, 1, 0, 1, 0, 1, 0] }
Dec 04, 2019 3:41:15 PM petriNet.PetriNet dispararExtendida
INFO: {"disparo" : 12, "marcado" : [0, 0, 0, 0, 0, 0, 1, 0, 0, 1, 4, 15, 0, 1, 0, 0, 1, 0] }
Dec 04, 2019 3:41:15 PM petriNet.PetriNet dispararExtendida
INFO: {"disparo" : 14, "marcado" : [0, 0, 0, 0, 0, 0, 1, 0, 0, 1, 4, 15, 0, 0, 1, 0, 1, 0] }
