Nov 30, 2019 11:14:20 AM petriNet.PetriNet dispararExtendida
INFO: {"disparo" : 10, "marcado" : [0, 0, 0, 0, 0, 0, 1, 0, 0, 13, 6, 1, 5, 0, 1, 0, 1, 0] }
Nov 30, 2019 11:14:20 AM petriNet.PetriNet dispararExtendida
INFO: {"disparo" : 12, "marcado" : [0, 0, 0, 0, 0, 0, 1, 0, 0, 13, 6, 1, 4, 1, 0, 0, 1, 0] }
Nov 30, 2019 11:14:20 AM petriNet.PetriNet dispararExtendida
INFO: {"disparo" : 14, "marcado" : [0, 0, 0, 0, 0, 0, 1, 0, 0, 13, 6, 1, 4, 0, 1, 0, 1, 0] }
Nov 30, 2019 11:14:20 AM petriNet.PetriNet dispararExtendida
INFO: {"disparo" : 12, "marcado" : [0, 0, 0, 0, 0, 0, 1, 0, 0, 13, 6, 1, 3, 1, 0, 0, 1, 0] }
Nov 30, 2019 11:14:20 AM petriNet.PetriNet dispararExtendida
INFO: {"disparo" : 14, "marcado" : [0, 0, 0, 0, 0, 0, 1, 0, 0, 13, 6, 1, 3, 0, 1, 0, 1, 0] }
Nov 30, 2019 11:14:20 AM petriNet.PetriNet dispararExtendida
INFO: {"disparo" : 12, "marcado" : [0, 0, 0, 0, 0, 0, 1, 0, 0, 13, 6, 1, 2, 1, 0, 0, 1, 0] }
Nov 30, 2019 11:14:20 AM petriNet.PetriNet dispararExtendida
INFO: {"disparo" : 14, "marcado" : [0, 0, 0, 0, 0, 0, 1, 0, 0, 13, 6, 1, 2, 0, 1, 0, 1, 0] }
Nov 30, 2019 11:14:20 AM petriNet.PetriNet dispararExtendida
INFO: {"disparo" : 12, "marcado" : [0, 0, 0, 0, 0, 0, 1, 0, 0, 13, 6, 1, 1, 1, 0, 0, 1, 0] }
Nov 30, 2019 11:14:20 AM petriNet.PetriNet dispararExtendida
INFO: {"disparo" : 14, "marcado" : [0, 0, 0, 0, 0, 0, 1, 0, 0, 13, 6, 1, 1, 0, 1, 0, 1, 0] }
Nov 30, 2019 11:14:20 AM petriNet.PetriNet dispararExtendida
INFO: {"disparo" : 12, "marcado" : [0, 0, 0, 0, 0, 0, 1, 0, 0, 13, 6, 1, 0, 1, 0, 0, 1, 0] }
Nov 30, 2019 11:14:20 AM petriNet.PetriNet dispararExtendida
INFO: {"disparo" : 14, "marcado" : [0, 0, 0, 0, 0, 0, 1, 0, 0, 13, 6, 1, 0, 0, 1, 0, 1, 0] }
Nov 30, 2019 11:14:22 AM petriNet.PetriNet dispararExtendida
INFO: {"disparo" : 8, "marcado" : [0, 0, 0, 0, 0, 0, 1, 0, 1, 13, 6, 1, 0, 0, 1, 0, 1, 0] }
Nov 30, 2019 11:14:22 AM petriNet.PetriNet dispararExtendida
INFO: {"disparo" : 9, "marcado" : [0, 0, 0, 0, 0, 0, 1, 0, 1, 14, 6, 0, 0, 0, 1, 0, 1, 0] }
Nov 30, 2019 11:14:25 AM petriNet.PetriNet dispararExtendida
INFO: {"disparo" : 8, "marcado" : [0, 0, 0, 0, 0, 0, 1, 0, 2, 14, 6, 0, 0, 0, 1, 0, 1, 0] }
Nov 30, 2019 11:14:25 AM petriNet.PetriNet dispararExtendida
INFO: {"disparo" : 10, "marcado" : [0, 0, 0, 0, 0, 0, 1, 0, 1, 13, 7, 0, 0, 0, 1, 0, 1, 0] }
Nov 30, 2019 11:14:25 AM petriNet.PetriNet dispararExtendida
INFO: {"disparo" : 10, "marcado" : [0, 0, 0, 0, 0, 0, 1, 0, 0, 12, 8, 0, 0, 0, 1, 0, 1, 0] }
Nov 30, 2019 11:14:28 AM petriNet.PetriNet dispararExtendida
INFO: {"disparo" : 8, "marcado" : [0, 0, 0, 0, 0, 0, 1, 0, 1, 12, 8, 0, 0, 0, 1, 0, 1, 0] }
Nov 30, 2019 11:14:28 AM petriNet.PetriNet dispararExtendida
INFO: {"disparo" : 10, "marcado" : [0, 0, 0, 0, 0, 0, 1, 0, 0, 11, 9, 0, 0, 0, 1, 0, 1, 0] }
Nov 30, 2019 11:14:29 AM petriNet.PetriNet dispararExtendida
INFO: {"disparo" : 7, "marcado" : [1, 0, 0, 0, 0, 0, 0, 0, 0, 11, 9, 0, 0, 0, 1, 0, 1, 0] }
Nov 30, 2019 11:14:29 AM petriNet.PetriNet dispararExtendida
INFO: {"disparo" : 0, "marcado" : [0, 1, 0, 0, 0, 0, 0, 0, 0, 11, 9, 0, 0, 0, 1, 0, 1, 0] }
Nov 30, 2019 11:14:29 AM petriNet.PetriNet dispararExtendida
INFO: {"disparo" : 2, "marcado" : [0, 0, 1, 0, 0, 0, 0, 1, 0, 11, 9, 0, 0, 0, 1, 0, 0, 0] }
Nov 30, 2019 11:14:29 AM petriNet.PetriNet dispararExtendida
INFO: {"disparo" : 11, "marcado" : [0, 0, 1, 0, 0, 0, 0, 1, 0, 11, 8, 1, 0, 0, 1, 0, 0, 0] }
Nov 30, 2019 11:14:29 AM petriNet.PetriNet dispararExtendida
INFO: {"disparo" : 11, "marcado" : [0, 0, 1, 0, 0, 0, 0, 1, 0, 11, 7, 2, 0, 0, 1, 0, 0, 0] }
Nov 30, 2019 11:14:29 AM petriNet.PetriNet dispararExtendida
INFO: {"disparo" : 11, "marcado" : [0, 0, 1, 0, 0, 0, 0, 1, 0, 11, 6, 3, 0, 0, 1, 0, 0, 0] }
Nov 30, 2019 11:14:29 AM petriNet.PetriNet dispararExtendida
INFO: {"disparo" : 11, "marcado" : [0, 0, 1, 0, 0, 0, 0, 1, 0, 11, 5, 4, 0, 0, 1, 0, 0, 0] }
Nov 30, 2019 11:14:29 AM petriNet.PetriNet dispararExtendida
INFO: {"disparo" : 11, "marcado" : [0, 0, 1, 0, 0, 0, 0, 1, 0, 11, 4, 5, 0, 0, 1, 0, 0, 0] }
Nov 30, 2019 11:14:29 AM petriNet.PetriNet dispararExtendida
INFO: {"disparo" : 11, "marcado" : [0, 0, 1, 0, 0, 0, 0, 1, 0, 11, 3, 6, 0, 0, 1, 0, 0, 0] }
Nov 30, 2019 11:14:29 AM petriNet.PetriNet dispararExtendida
INFO: {"disparo" : 11, "marcado" : [0, 0, 1, 0, 0, 0, 0, 1, 0, 11, 2, 7, 0, 0, 1, 0, 0, 0] }
Nov 30, 2019 11:14:29 AM petriNet.PetriNet dispararExtendida
INFO: {"disparo" : 11, "marcado" : [0, 0, 1, 0, 0, 0, 0, 1, 0, 11, 1, 8, 0, 0, 1, 0, 0, 0] }
Nov 30, 2019 11:14:29 AM petriNet.PetriNet dispararExtendida
INFO: {"disparo" : 11, "marcado" : [0, 0, 1, 0, 0, 0, 0, 1, 0, 11, 0, 9, 0, 0, 1, 0, 0, 0] }
Nov 30, 2019 11:14:29 AM petriNet.PetriNet dispararExtendida
INFO: {"disparo" : 3, "marcado" : [0, 0, 0, 1, 0, 0, 0, 1, 0, 11, 0, 9, 0, 0, 1, 1, 0, 0] }
Nov 30, 2019 11:14:31 AM petriNet.PetriNet dispararExtendida
INFO: {"disparo" : 8, "marcado" : [0, 0, 0, 1, 0, 0, 0, 1, 1, 11, 0, 9, 0, 0, 1, 1, 0, 0] }
Nov 30, 2019 11:14:34 AM petriNet.PetriNet dispararExtendida
INFO: {"disparo" : 13, "marcado" : [0, 0, 0, 1, 0, 0, 0, 1, 1, 11, 0, 9, 1, 0, 1, 1, 0, 0] }
Nov 30, 2019 11:14:34 AM petriNet.PetriNet dispararExtendida
INFO: {"disparo" : 8, "marcado" : [0, 0, 0, 1, 0, 0, 0, 1, 2, 11, 0, 9, 1, 0, 1, 1, 0, 0] }
Nov 30, 2019 11:14:35 AM petriNet.PetriNet dispararExtendida
INFO: {"disparo" : 4, "marcado" : [0, 0, 0, 0, 1, 0, 0, 1, 2, 11, 0, 9, 1, 0, 0, 1, 0, 0] }
Nov 30, 2019 11:14:37 AM petriNet.PetriNet dispararExtendida
INFO: {"disparo" : 8, "marcado" : [0, 0, 0, 0, 1, 0, 0, 1, 3, 11, 0, 9, 1, 0, 0, 1, 0, 0] }
Nov 30, 2019 11:14:40 AM petriNet.PetriNet dispararExtendida
INFO: {"disparo" : 15, "marcado" : [0, 0, 0, 0, 0, 0, 0, 1, 3, 11, 0, 9, 1, 0, 1, 1, 0, 1] }
Nov 30, 2019 11:14:40 AM petriNet.PetriNet dispararExtendida
INFO: {"disparo" : 5, "marcado" : [0, 0, 0, 0, 0, 1, 0, 1, 3, 11, 0, 9, 1, 0, 1, 0, 0, 0] }
Nov 30, 2019 11:14:40 AM petriNet.PetriNet dispararExtendida
INFO: {"disparo" : 6, "marcado" : [0, 0, 0, 0, 0, 0, 1, 0, 3, 11, 0, 9, 1, 0, 1, 0, 1, 0] }
Nov 30, 2019 11:14:40 AM petriNet.PetriNet dispararExtendida
INFO: {"disparo" : 10, "marcado" : [0, 0, 0, 0, 0, 0, 1, 0, 2, 10, 1, 9, 1, 0, 1, 0, 1, 0] }
Nov 30, 2019 11:14:40 AM petriNet.PetriNet dispararExtendida
INFO: {"disparo" : 10, "marcado" : [0, 0, 0, 0, 0, 0, 1, 0, 1, 9, 2, 9, 1, 0, 1, 0, 1, 0] }
Nov 30, 2019 11:14:40 AM petriNet.PetriNet dispararExtendida
INFO: {"disparo" : 12, "marcado" : [0, 0, 0, 0, 0, 0, 1, 0, 1, 9, 2, 9, 0, 1, 0, 0, 1, 0] }
Nov 30, 2019 11:14:40 AM petriNet.PetriNet dispararExtendida
INFO: {"disparo" : 10, "marcado" : [0, 0, 0, 0, 0, 0, 1, 0, 0, 8, 3, 9, 0, 1, 0, 0, 1, 0] }
Nov 30, 2019 11:14:40 AM petriNet.PetriNet dispararExtendida
INFO: {"disparo" : 8, "marcado" : [0, 0, 0, 0, 0, 0, 1, 0, 1, 8, 3, 9, 0, 1, 0, 0, 1, 0] }
Nov 30, 2019 11:14:40 AM petriNet.PetriNet dispararExtendida
INFO: {"disparo" : 10, "marcado" : [0, 0, 0, 0, 0, 0, 1, 0, 0, 7, 4, 9, 0, 1, 0, 0, 1, 0] }
Nov 30, 2019 11:14:40 AM petriNet.PetriNet dispararExtendida
INFO: {"disparo" : 14, "marcado" : [0, 0, 0, 0, 0, 0, 1, 0, 0, 7, 4, 9, 0, 0, 1, 0, 1, 0] }
Nov 30, 2019 11:14:43 AM petriNet.PetriNet dispararExtendida
INFO: {"disparo" : 9, "marcado" : [0, 0, 0, 0, 0, 0, 1, 0, 0, 8, 4, 8, 0, 0, 1, 0, 1, 0] }
Nov 30, 2019 11:14:43 AM petriNet.PetriNet dispararExtendida
INFO: {"disparo" : 8, "marcado" : [0, 0, 0, 0, 0, 0, 1, 0, 1, 8, 4, 8, 0, 0, 1, 0, 1, 0] }
Nov 30, 2019 11:14:43 AM petriNet.PetriNet dispararExtendida
INFO: {"disparo" : 10, "marcado" : [0, 0, 0, 0, 0, 0, 1, 0, 0, 7, 5, 8, 0, 0, 1, 0, 1, 0] }
Nov 30, 2019 11:14:46 AM petriNet.PetriNet dispararExtendida
INFO: {"disparo" : 9, "marcado" : [0, 0, 0, 0, 0, 0, 1, 0, 0, 8, 5, 7, 0, 0, 1, 0, 1, 0] }
Nov 30, 2019 11:14:46 AM petriNet.PetriNet dispararExtendida
INFO: {"disparo" : 8, "marcado" : [0, 0, 0, 0, 0, 0, 1, 0, 1, 8, 5, 7, 0, 0, 1, 0, 1, 0] }
Nov 30, 2019 11:14:46 AM petriNet.PetriNet dispararExtendida
INFO: {"disparo" : 10, "marcado" : [0, 0, 0, 0, 0, 0, 1, 0, 0, 7, 6, 7, 0, 0, 1, 0, 1, 0] }
Nov 30, 2019 11:14:49 AM petriNet.PetriNet dispararExtendida
INFO: {"disparo" : 9, "marcado" : [0, 0, 0, 0, 0, 0, 1, 0, 0, 8, 6, 6, 0, 0, 1, 0, 1, 0] }
Nov 30, 2019 11:14:49 AM petriNet.PetriNet dispararExtendida
INFO: {"disparo" : 13, "marcado" : [0, 0, 0, 0, 0, 0, 1, 0, 0, 8, 6, 6, 1, 0, 1, 0, 1, 0] }
Nov 30, 2019 11:14:49 AM petriNet.PetriNet dispararExtendida
INFO: {"disparo" : 12, "marcado" : [0, 0, 0, 0, 0, 0, 1, 0, 0, 8, 6, 6, 0, 1, 0, 0, 1, 0] }
Nov 30, 2019 11:14:49 AM petriNet.PetriNet dispararExtendida
INFO: {"disparo" : 14, "marcado" : [0, 0, 0, 0, 0, 0, 1, 0, 0, 8, 6, 6, 0, 0, 1, 0, 1, 0] }
Nov 30, 2019 11:14:49 AM petriNet.PetriNet dispararExtendida
INFO: {"disparo" : 8, "marcado" : [0, 0, 0, 0, 0, 0, 1, 0, 1, 8, 6, 6, 0, 0, 1, 0, 1, 0] }
Nov 30, 2019 11:14:49 AM petriNet.PetriNet dispararExtendida
INFO: {"disparo" : 10, "marcado" : [0, 0, 0, 0, 0, 0, 1, 0, 0, 7, 7, 6, 0, 0, 1, 0, 1, 0] }
Nov 30, 2019 11:14:50 AM petriNet.PetriNet dispararExtendida
INFO: {"disparo" : 7, "marcado" : [1, 0, 0, 0, 0, 0, 0, 0, 0, 7, 7, 6, 0, 0, 1, 0, 1, 0] }
Nov 30, 2019 11:14:50 AM petriNet.PetriNet dispararExtendida
INFO: {"disparo" : 0, "marcado" : [0, 1, 0, 0, 0, 0, 0, 0, 0, 7, 7, 6, 0, 0, 1, 0, 1, 0] }
Nov 30, 2019 11:14:50 AM petriNet.PetriNet dispararExtendida
INFO: {"disparo" : 2, "marcado" : [0, 0, 1, 0, 0, 0, 0, 1, 0, 7, 7, 6, 0, 0, 1, 0, 0, 0] }
Nov 30, 2019 11:14:50 AM petriNet.PetriNet dispararExtendida
INFO: {"disparo" : 11, "marcado" : [0, 0, 1, 0, 0, 0, 0, 1, 0, 7, 6, 7, 0, 0, 1, 0, 0, 0] }
Nov 30, 2019 11:14:50 AM petriNet.PetriNet dispararExtendida
INFO: {"disparo" : 11, "marcado" : [0, 0, 1, 0, 0, 0, 0, 1, 0, 7, 5, 8, 0, 0, 1, 0, 0, 0] }
Nov 30, 2019 11:14:50 AM petriNet.PetriNet dispararExtendida
INFO: {"disparo" : 11, "marcado" : [0, 0, 1, 0, 0, 0, 0, 1, 0, 7, 4, 9, 0, 0, 1, 0, 0, 0] }
Nov 30, 2019 11:14:50 AM petriNet.PetriNet dispararExtendida
INFO: {"disparo" : 11, "marcado" : [0, 0, 1, 0, 0, 0, 0, 1, 0, 7, 3, 10, 0, 0, 1, 0, 0, 0] }
Nov 30, 2019 11:14:50 AM petriNet.PetriNet dispararExtendida
INFO: {"disparo" : 11, "marcado" : [0, 0, 1, 0, 0, 0, 0, 1, 0, 7, 2, 11, 0, 0, 1, 0, 0, 0] }
Nov 30, 2019 11:14:50 AM petriNet.PetriNet dispararExtendida
INFO: {"disparo" : 11, "marcado" : [0, 0, 1, 0, 0, 0, 0, 1, 0, 7, 1, 12, 0, 0, 1, 0, 0, 0] }
Nov 30, 2019 11:14:50 AM petriNet.PetriNet dispararExtendida
INFO: {"disparo" : 11, "marcado" : [0, 0, 1, 0, 0, 0, 0, 1, 0, 7, 0, 13, 0, 0, 1, 0, 0, 0] }
Nov 30, 2019 11:14:50 AM petriNet.PetriNet dispararExtendida
INFO: {"disparo" : 3, "marcado" : [0, 0, 0, 1, 0, 0, 0, 1, 0, 7, 0, 13, 0, 0, 1, 1, 0, 0] }
Nov 30, 2019 11:14:52 AM petriNet.PetriNet dispararExtendida
INFO: {"disparo" : 8, "marcado" : [0, 0, 0, 1, 0, 0, 0, 1, 1, 7, 0, 13, 0, 0, 1, 1, 0, 0] }
Nov 30, 2019 11:14:55 AM petriNet.PetriNet dispararExtendida
INFO: {"disparo" : 8, "marcado" : [0, 0, 0, 1, 0, 0, 0, 1, 2, 7, 0, 13, 0, 0, 1, 1, 0, 0] }
Nov 30, 2019 11:14:56 AM petriNet.PetriNet dispararExtendida
INFO: {"disparo" : 4, "marcado" : [0, 0, 0, 0, 1, 0, 0, 1, 2, 7, 0, 13, 0, 0, 0, 1, 0, 0] }
Nov 30, 2019 11:14:58 AM petriNet.PetriNet dispararExtendida
INFO: {"disparo" : 8, "marcado" : [0, 0, 0, 0, 1, 0, 0, 1, 3, 7, 0, 13, 0, 0, 0, 1, 0, 0] }
Nov 30, 2019 11:15:00 AM petriNet.PetriNet dispararExtendida
INFO: {"disparo" : 15, "marcado" : [0, 0, 0, 0, 0, 0, 0, 1, 3, 7, 0, 13, 0, 0, 1, 1, 0, 1] }
Nov 30, 2019 11:15:00 AM petriNet.PetriNet dispararExtendida
INFO: {"disparo" : 5, "marcado" : [0, 0, 0, 0, 0, 1, 0, 1, 3, 7, 0, 13, 0, 0, 1, 0, 0, 0] }
Nov 30, 2019 11:15:00 AM petriNet.PetriNet dispararExtendida
INFO: {"disparo" : 6, "marcado" : [0, 0, 0, 0, 0, 0, 1, 0, 3, 7, 0, 13, 0, 0, 1, 0, 1, 0] }
Nov 30, 2019 11:15:00 AM petriNet.PetriNet dispararExtendida
INFO: {"disparo" : 10, "marcado" : [0, 0, 0, 0, 0, 0, 1, 0, 2, 6, 1, 13, 0, 0, 1, 0, 1, 0] }
Nov 30, 2019 11:15:00 AM petriNet.PetriNet dispararExtendida
INFO: {"disparo" : 10, "marcado" : [0, 0, 0, 0, 0, 0, 1, 0, 1, 5, 2, 13, 0, 0, 1, 0, 1, 0] }
Nov 30, 2019 11:15:00 AM petriNet.PetriNet dispararExtendida
INFO: {"disparo" : 9, "marcado" : [0, 0, 0, 0, 0, 0, 1, 0, 1, 6, 2, 12, 0, 0, 1, 0, 1, 0] }
Nov 30, 2019 11:15:00 AM petriNet.PetriNet dispararExtendida
INFO: {"disparo" : 10, "marcado" : [0, 0, 0, 0, 0, 0, 1, 0, 0, 5, 3, 12, 0, 0, 1, 0, 1, 0] }
Nov 30, 2019 11:15:01 AM petriNet.PetriNet dispararExtendida
INFO: {"disparo" : 8, "marcado" : [0, 0, 0, 0, 0, 0, 1, 0, 1, 5, 3, 12, 0, 0, 1, 0, 1, 0] }
Nov 30, 2019 11:15:01 AM petriNet.PetriNet dispararExtendida
INFO: {"disparo" : 10, "marcado" : [0, 0, 0, 0, 0, 0, 1, 0, 0, 4, 4, 12, 0, 0, 1, 0, 1, 0] }
Nov 30, 2019 11:15:03 AM petriNet.PetriNet dispararExtendida
INFO: {"disparo" : 9, "marcado" : [0, 0, 0, 0, 0, 0, 1, 0, 0, 5, 4, 11, 0, 0, 1, 0, 1, 0] }
Nov 30, 2019 11:15:04 AM petriNet.PetriNet dispararExtendida
INFO: {"disparo" : 13, "marcado" : [0, 0, 0, 0, 0, 0, 1, 0, 0, 5, 4, 11, 1, 0, 1, 0, 1, 0] }
Nov 30, 2019 11:15:04 AM petriNet.PetriNet dispararExtendida
INFO: {"disparo" : 12, "marcado" : [0, 0, 0, 0, 0, 0, 1, 0, 0, 5, 4, 11, 0, 1, 0, 0, 1, 0] }
Nov 30, 2019 11:15:04 AM petriNet.PetriNet dispararExtendida
INFO: {"disparo" : 8, "marcado" : [0, 0, 0, 0, 0, 0, 1, 0, 1, 5, 4, 11, 0, 1, 0, 0, 1, 0] }
Nov 30, 2019 11:15:04 AM petriNet.PetriNet dispararExtendida
INFO: {"disparo" : 10, "marcado" : [0, 0, 0, 0, 0, 0, 1, 0, 0, 4, 5, 11, 0, 1, 0, 0, 1, 0] }
Nov 30, 2019 11:15:04 AM petriNet.PetriNet dispararExtendida
INFO: {"disparo" : 14, "marcado" : [0, 0, 0, 0, 0, 0, 1, 0, 0, 4, 5, 11, 0, 0, 1, 0, 1, 0] }
Nov 30, 2019 11:15:06 AM petriNet.PetriNet dispararExtendida
INFO: {"disparo" : 9, "marcado" : [0, 0, 0, 0, 0, 0, 1, 0, 0, 5, 5, 10, 0, 0, 1, 0, 1, 0] }
Nov 30, 2019 11:15:07 AM petriNet.PetriNet dispararExtendida
INFO: {"disparo" : 8, "marcado" : [0, 0, 0, 0, 0, 0, 1, 0, 1, 5, 5, 10, 0, 0, 1, 0, 1, 0] }
Nov 30, 2019 11:15:07 AM petriNet.PetriNet dispararExtendida
INFO: {"disparo" : 10, "marcado" : [0, 0, 0, 0, 0, 0, 1, 0, 0, 4, 6, 10, 0, 0, 1, 0, 1, 0] }
Nov 30, 2019 11:15:09 AM petriNet.PetriNet dispararExtendida
INFO: {"disparo" : 9, "marcado" : [0, 0, 0, 0, 0, 0, 1, 0, 0, 5, 6, 9, 0, 0, 1, 0, 1, 0] }
Nov 30, 2019 11:15:10 AM petriNet.PetriNet dispararExtendida
INFO: {"disparo" : 8, "marcado" : [0, 0, 0, 0, 0, 0, 1, 0, 1, 5, 6, 9, 0, 0, 1, 0, 1, 0] }
Nov 30, 2019 11:15:10 AM petriNet.PetriNet dispararExtendida
INFO: {"disparo" : 10, "marcado" : [0, 0, 0, 0, 0, 0, 1, 0, 0, 4, 7, 9, 0, 0, 1, 0, 1, 0] }
Nov 30, 2019 11:15:10 AM petriNet.PetriNet dispararExtendida
INFO: {"disparo" : 7, "marcado" : [1, 0, 0, 0, 0, 0, 0, 0, 0, 4, 7, 9, 0, 0, 1, 0, 1, 0] }
Nov 30, 2019 11:15:10 AM petriNet.PetriNet dispararExtendida
INFO: {"disparo" : 0, "marcado" : [0, 1, 0, 0, 0, 0, 0, 0, 0, 4, 7, 9, 0, 0, 1, 0, 1, 0] }
Nov 30, 2019 11:15:10 AM petriNet.PetriNet dispararExtendida
INFO: {"disparo" : 2, "marcado" : [0, 0, 1, 0, 0, 0, 0, 1, 0, 4, 7, 9, 0, 0, 1, 0, 0, 0] }
Nov 30, 2019 11:15:10 AM petriNet.PetriNet dispararExtendida
INFO: {"disparo" : 11, "marcado" : [0, 0, 1, 0, 0, 0, 0, 1, 0, 4, 6, 10, 0, 0, 1, 0, 0, 0] }
Nov 30, 2019 11:15:10 AM petriNet.PetriNet dispararExtendida
INFO: {"disparo" : 11, "marcado" : [0, 0, 1, 0, 0, 0, 0, 1, 0, 4, 5, 11, 0, 0, 1, 0, 0, 0] }
Nov 30, 2019 11:15:10 AM petriNet.PetriNet dispararExtendida
INFO: {"disparo" : 11, "marcado" : [0, 0, 1, 0, 0, 0, 0, 1, 0, 4, 4, 12, 0, 0, 1, 0, 0, 0] }
Nov 30, 2019 11:15:10 AM petriNet.PetriNet dispararExtendida
INFO: {"disparo" : 11, "marcado" : [0, 0, 1, 0, 0, 0, 0, 1, 0, 4, 3, 13, 0, 0, 1, 0, 0, 0] }
Nov 30, 2019 11:15:10 AM petriNet.PetriNet dispararExtendida
INFO: {"disparo" : 11, "marcado" : [0, 0, 1, 0, 0, 0, 0, 1, 0, 4, 2, 14, 0, 0, 1, 0, 0, 0] }
Nov 30, 2019 11:15:10 AM petriNet.PetriNet dispararExtendida
INFO: {"disparo" : 11, "marcado" : [0, 0, 1, 0, 0, 0, 0, 1, 0, 4, 1, 15, 0, 0, 1, 0, 0, 0] }
Nov 30, 2019 11:15:10 AM petriNet.PetriNet dispararExtendida
INFO: {"disparo" : 11, "marcado" : [0, 0, 1, 0, 0, 0, 0, 1, 0, 4, 0, 16, 0, 0, 1, 0, 0, 0] }
Nov 30, 2019 11:15:10 AM petriNet.PetriNet dispararExtendida
INFO: {"disparo" : 3, "marcado" : [0, 0, 0, 1, 0, 0, 0, 1, 0, 4, 0, 16, 0, 0, 1, 1, 0, 0] }
Nov 30, 2019 11:15:13 AM petriNet.PetriNet dispararExtendida
INFO: {"disparo" : 8, "marcado" : [0, 0, 0, 1, 0, 0, 0, 1, 1, 4, 0, 16, 0, 0, 1, 1, 0, 0] }
Nov 30, 2019 11:15:16 AM petriNet.PetriNet dispararExtendida
INFO: {"disparo" : 8, "marcado" : [0, 0, 0, 1, 0, 0, 0, 1, 2, 4, 0, 16, 0, 0, 1, 1, 0, 0] }
Nov 30, 2019 11:15:16 AM petriNet.PetriNet dispararExtendida
INFO: {"disparo" : 4, "marcado" : [0, 0, 0, 0, 1, 0, 0, 1, 2, 4, 0, 16, 0, 0, 0, 1, 0, 0] }
Nov 30, 2019 11:15:19 AM petriNet.PetriNet dispararExtendida
INFO: {"disparo" : 13, "marcado" : [0, 0, 0, 0, 1, 0, 0, 1, 2, 4, 0, 16, 1, 0, 0, 1, 0, 0] }
Nov 30, 2019 11:15:19 AM petriNet.PetriNet dispararExtendida
INFO: {"disparo" : 8, "marcado" : [0, 0, 0, 0, 1, 0, 0, 1, 3, 4, 0, 16, 1, 0, 0, 1, 0, 0] }
Nov 30, 2019 11:15:21 AM petriNet.PetriNet dispararExtendida
INFO: {"disparo" : 15, "marcado" : [0, 0, 0, 0, 0, 0, 0, 1, 3, 4, 0, 16, 1, 0, 1, 1, 0, 1] }
Nov 30, 2019 11:15:21 AM petriNet.PetriNet dispararExtendida
INFO: {"disparo" : 5, "marcado" : [0, 0, 0, 0, 0, 1, 0, 1, 3, 4, 0, 16, 1, 0, 1, 0, 0, 0] }
Nov 30, 2019 11:15:21 AM petriNet.PetriNet dispararExtendida
INFO: {"disparo" : 6, "marcado" : [0, 0, 0, 0, 0, 0, 1, 0, 3, 4, 0, 16, 1, 0, 1, 0, 1, 0] }
Nov 30, 2019 11:15:21 AM petriNet.PetriNet dispararExtendida
INFO: {"disparo" : 10, "marcado" : [0, 0, 0, 0, 0, 0, 1, 0, 2, 3, 1, 16, 1, 0, 1, 0, 1, 0] }
Nov 30, 2019 11:15:21 AM petriNet.PetriNet dispararExtendida
INFO: {"disparo" : 10, "marcado" : [0, 0, 0, 0, 0, 0, 1, 0, 1, 2, 2, 16, 1, 0, 1, 0, 1, 0] }
Nov 30, 2019 11:15:21 AM petriNet.PetriNet dispararExtendida
INFO: {"disparo" : 9, "marcado" : [0, 0, 0, 0, 0, 0, 1, 0, 1, 3, 2, 15, 1, 0, 1, 0, 1, 0] }
Nov 30, 2019 11:15:21 AM petriNet.PetriNet dispararExtendida
INFO: {"disparo" : 10, "marcado" : [0, 0, 0, 0, 0, 0, 1, 0, 0, 2, 3, 15, 1, 0, 1, 0, 1, 0] }
Nov 30, 2019 11:15:22 AM petriNet.PetriNet dispararExtendida
INFO: {"disparo" : 8, "marcado" : [0, 0, 0, 0, 0, 0, 1, 0, 1, 2, 3, 15, 1, 0, 1, 0, 1, 0] }
Nov 30, 2019 11:15:22 AM petriNet.PetriNet dispararExtendida
INFO: {"disparo" : 10, "marcado" : [0, 0, 0, 0, 0, 0, 1, 0, 0, 1, 4, 15, 1, 0, 1, 0, 1, 0] }
Nov 30, 2019 11:15:22 AM petriNet.PetriNet dispararExtendida
INFO: {"disparo" : 12, "marcado" : [0, 0, 0, 0, 0, 0, 1, 0, 0, 1, 4, 15, 0, 1, 0, 0, 1, 0] }
Nov 30, 2019 11:15:22 AM petriNet.PetriNet dispararExtendida
INFO: {"disparo" : 14, "marcado" : [0, 0, 0, 0, 0, 0, 1, 0, 0, 1, 4, 15, 0, 0, 1, 0, 1, 0] }
Nov 30, 2019 11:15:24 AM petriNet.PetriNet dispararExtendida
INFO: {"disparo" : 9, "marcado" : [0, 0, 0, 0, 0, 0, 1, 0, 0, 2, 4, 14, 0, 0, 1, 0, 1, 0] }
Nov 30, 2019 11:15:25 AM petriNet.PetriNet dispararExtendida
INFO: {"disparo" : 8, "marcado" : [0, 0, 0, 0, 0, 0, 1, 0, 1, 2, 4, 14, 0, 0, 1, 0, 1, 0] }
Nov 30, 2019 11:15:25 AM petriNet.PetriNet dispararExtendida
INFO: {"disparo" : 10, "marcado" : [0, 0, 0, 0, 0, 0, 1, 0, 0, 1, 5, 14, 0, 0, 1, 0, 1, 0] }
Nov 30, 2019 11:15:27 AM petriNet.PetriNet dispararExtendida
INFO: {"disparo" : 9, "marcado" : [0, 0, 0, 0, 0, 0, 1, 0, 0, 2, 5, 13, 0, 0, 1, 0, 1, 0] }
Nov 30, 2019 11:15:28 AM petriNet.PetriNet dispararExtendida
INFO: {"disparo" : 8, "marcado" : [0, 0, 0, 0, 0, 0, 1, 0, 1, 2, 5, 13, 0, 0, 1, 0, 1, 0] }
Nov 30, 2019 11:15:28 AM petriNet.PetriNet dispararExtendida
INFO: {"disparo" : 10, "marcado" : [0, 0, 0, 0, 0, 0, 1, 0, 0, 1, 6, 13, 0, 0, 1, 0, 1, 0] }
Nov 30, 2019 11:15:30 AM petriNet.PetriNet dispararExtendida
INFO: {"disparo" : 9, "marcado" : [0, 0, 0, 0, 0, 0, 1, 0, 0, 2, 6, 12, 0, 0, 1, 0, 1, 0] }
Nov 30, 2019 11:15:31 AM petriNet.PetriNet dispararExtendida
INFO: {"disparo" : 7, "marcado" : [1, 0, 0, 0, 0, 0, 0, 0, 0, 2, 6, 12, 0, 0, 1, 0, 1, 0] }
Nov 30, 2019 11:15:31 AM petriNet.PetriNet dispararExtendida
INFO: {"disparo" : 0, "marcado" : [0, 1, 0, 0, 0, 0, 0, 0, 0, 2, 6, 12, 0, 0, 1, 0, 1, 0] }
Nov 30, 2019 11:15:31 AM petriNet.PetriNet dispararExtendida
INFO: {"disparo" : 2, "marcado" : [0, 0, 1, 0, 0, 0, 0, 1, 0, 2, 6, 12, 0, 0, 1, 0, 0, 0] }
Nov 30, 2019 11:15:31 AM petriNet.PetriNet dispararExtendida
INFO: {"disparo" : 11, "marcado" : [0, 0, 1, 0, 0, 0, 0, 1, 0, 2, 5, 13, 0, 0, 1, 0, 0, 0] }
Nov 30, 2019 11:15:31 AM petriNet.PetriNet dispararExtendida
INFO: {"disparo" : 11, "marcado" : [0, 0, 1, 0, 0, 0, 0, 1, 0, 2, 4, 14, 0, 0, 1, 0, 0, 0] }
Nov 30, 2019 11:15:31 AM petriNet.PetriNet dispararExtendida
INFO: {"disparo" : 11, "marcado" : [0, 0, 1, 0, 0, 0, 0, 1, 0, 2, 3, 15, 0, 0, 1, 0, 0, 0] }
Nov 30, 2019 11:15:31 AM petriNet.PetriNet dispararExtendida
INFO: {"disparo" : 11, "marcado" : [0, 0, 1, 0, 0, 0, 0, 1, 0, 2, 2, 16, 0, 0, 1, 0, 0, 0] }
Nov 30, 2019 11:15:31 AM petriNet.PetriNet dispararExtendida
INFO: {"disparo" : 11, "marcado" : [0, 0, 1, 0, 0, 0, 0, 1, 0, 2, 1, 17, 0, 0, 1, 0, 0, 0] }
Nov 30, 2019 11:15:31 AM petriNet.PetriNet dispararExtendida
INFO: {"disparo" : 11, "marcado" : [0, 0, 1, 0, 0, 0, 0, 1, 0, 2, 0, 18, 0, 0, 1, 0, 0, 0] }
Nov 30, 2019 11:15:31 AM petriNet.PetriNet dispararExtendida
INFO: {"disparo" : 3, "marcado" : [0, 0, 0, 1, 0, 0, 0, 1, 0, 2, 0, 18, 0, 0, 1, 1, 0, 0] }
Nov 30, 2019 11:15:31 AM petriNet.PetriNet dispararExtendida
INFO: {"disparo" : 8, "marcado" : [0, 0, 0, 1, 0, 0, 0, 1, 1, 2, 0, 18, 0, 0, 1, 1, 0, 0] }
Nov 30, 2019 11:15:34 AM petriNet.PetriNet dispararExtendida
INFO: {"disparo" : 13, "marcado" : [0, 0, 0, 1, 0, 0, 0, 1, 1, 2, 0, 18, 1, 0, 1, 1, 0, 0] }
Nov 30, 2019 11:15:34 AM petriNet.PetriNet dispararExtendida
INFO: {"disparo" : 8, "marcado" : [0, 0, 0, 1, 0, 0, 0, 1, 2, 2, 0, 18, 1, 0, 1, 1, 0, 0] }
Nov 30, 2019 11:15:37 AM petriNet.PetriNet dispararExtendida
INFO: {"disparo" : 4, "marcado" : [0, 0, 0, 0, 1, 0, 0, 1, 2, 2, 0, 18, 1, 0, 0, 1, 0, 0] }
Nov 30, 2019 11:15:37 AM petriNet.PetriNet dispararExtendida
INFO: {"disparo" : 8, "marcado" : [0, 0, 0, 0, 1, 0, 0, 1, 3, 2, 0, 18, 1, 0, 0, 1, 0, 0] }
Nov 30, 2019 11:15:40 AM petriNet.PetriNet dispararExtendida
INFO: {"disparo" : 8, "marcado" : [0, 0, 0, 0, 1, 0, 0, 1, 4, 2, 0, 18, 1, 0, 0, 1, 0, 0] }
Nov 30, 2019 11:15:41 AM petriNet.PetriNet dispararExtendida
INFO: {"disparo" : 15, "marcado" : [0, 0, 0, 0, 0, 0, 0, 1, 4, 2, 0, 18, 1, 0, 1, 1, 0, 1] }
Nov 30, 2019 11:15:41 AM petriNet.PetriNet dispararExtendida
INFO: {"disparo" : 5, "marcado" : [0, 0, 0, 0, 0, 1, 0, 1, 4, 2, 0, 18, 1, 0, 1, 0, 0, 0] }
Nov 30, 2019 11:15:41 AM petriNet.PetriNet dispararExtendida
INFO: {"disparo" : 6, "marcado" : [0, 0, 0, 0, 0, 0, 1, 0, 4, 2, 0, 18, 1, 0, 1, 0, 1, 0] }
Nov 30, 2019 11:15:41 AM petriNet.PetriNet dispararExtendida
INFO: {"disparo" : 10, "marcado" : [0, 0, 0, 0, 0, 0, 1, 0, 3, 1, 1, 18, 1, 0, 1, 0, 1, 0] }
Nov 30, 2019 11:15:41 AM petriNet.PetriNet dispararExtendida
INFO: {"disparo" : 10, "marcado" : [0, 0, 0, 0, 0, 0, 1, 0, 2, 0, 2, 18, 1, 0, 1, 0, 1, 0] }
Nov 30, 2019 11:15:41 AM petriNet.PetriNet dispararExtendida
INFO: {"disparo" : 9, "marcado" : [0, 0, 0, 0, 0, 0, 1, 0, 2, 1, 2, 17, 1, 0, 1, 0, 1, 0] }
Nov 30, 2019 11:15:41 AM petriNet.PetriNet dispararExtendida
INFO: {"disparo" : 10, "marcado" : [0, 0, 0, 0, 0, 0, 1, 0, 1, 0, 3, 17, 1, 0, 1, 0, 1, 0] }
Nov 30, 2019 11:15:43 AM petriNet.PetriNet dispararExtendida
INFO: {"disparo" : 8, "marcado" : [0, 0, 0, 0, 0, 0, 1, 0, 2, 0, 3, 17, 1, 0, 1, 0, 1, 0] }
Nov 30, 2019 11:15:43 AM petriNet.PetriNet dispararExtendida
INFO: {"disparo" : 12, "marcado" : [0, 0, 0, 0, 0, 0, 1, 0, 2, 0, 3, 17, 0, 1, 0, 0, 1, 0] }
Nov 30, 2019 11:15:43 AM petriNet.PetriNet dispararExtendida
INFO: {"disparo" : 14, "marcado" : [0, 0, 0, 0, 0, 0, 1, 0, 2, 0, 3, 17, 0, 0, 1, 0, 1, 0] }
Nov 30, 2019 11:15:44 AM petriNet.PetriNet dispararExtendida
INFO: {"disparo" : 9, "marcado" : [0, 0, 0, 0, 0, 0, 1, 0, 2, 1, 3, 16, 0, 0, 1, 0, 1, 0] }
Nov 30, 2019 11:15:44 AM petriNet.PetriNet dispararExtendida
INFO: {"disparo" : 10, "marcado" : [0, 0, 0, 0, 0, 0, 1, 0, 1, 0, 4, 16, 0, 0, 1, 0, 1, 0] }
Nov 30, 2019 11:15:46 AM petriNet.PetriNet dispararExtendida
INFO: {"disparo" : 8, "marcado" : [0, 0, 0, 0, 0, 0, 1, 0, 2, 0, 4, 16, 0, 0, 1, 0, 1, 0] }
Nov 30, 2019 11:15:47 AM petriNet.PetriNet dispararExtendida
INFO: {"disparo" : 9, "marcado" : [0, 0, 0, 0, 0, 0, 1, 0, 2, 1, 4, 15, 0, 0, 1, 0, 1, 0] }
Nov 30, 2019 11:15:47 AM petriNet.PetriNet dispararExtendida
INFO: {"disparo" : 10, "marcado" : [0, 0, 0, 0, 0, 0, 1, 0, 1, 0, 5, 15, 0, 0, 1, 0, 1, 0] }
Nov 30, 2019 11:15:49 AM petriNet.PetriNet dispararExtendida
INFO: {"disparo" : 13, "marcado" : [0, 0, 0, 0, 0, 0, 1, 0, 1, 0, 5, 15, 1, 0, 1, 0, 1, 0] }
Nov 30, 2019 11:15:49 AM petriNet.PetriNet dispararExtendida
INFO: {"disparo" : 12, "marcado" : [0, 0, 0, 0, 0, 0, 1, 0, 1, 0, 5, 15, 0, 1, 0, 0, 1, 0] }
Nov 30, 2019 11:15:49 AM petriNet.PetriNet dispararExtendida
INFO: {"disparo" : 14, "marcado" : [0, 0, 0, 0, 0, 0, 1, 0, 1, 0, 5, 15, 0, 0, 1, 0, 1, 0] }
Nov 30, 2019 11:15:49 AM petriNet.PetriNet dispararExtendida
INFO: {"disparo" : 8, "marcado" : [0, 0, 0, 0, 0, 0, 1, 0, 2, 0, 5, 15, 0, 0, 1, 0, 1, 0] }
Nov 30, 2019 11:15:50 AM petriNet.PetriNet dispararExtendida
INFO: {"disparo" : 9, "marcado" : [0, 0, 0, 0, 0, 0, 1, 0, 2, 1, 5, 14, 0, 0, 1, 0, 1, 0] }
Nov 30, 2019 11:15:50 AM petriNet.PetriNet dispararExtendida
INFO: {"disparo" : 10, "marcado" : [0, 0, 0, 0, 0, 0, 1, 0, 1, 0, 6, 14, 0, 0, 1, 0, 1, 0] }
Nov 30, 2019 11:15:51 AM petriNet.PetriNet dispararExtendida
INFO: {"disparo" : 7, "marcado" : [1, 0, 0, 0, 0, 0, 0, 0, 1, 0, 6, 14, 0, 0, 1, 0, 1, 0] }
Nov 30, 2019 11:15:51 AM petriNet.PetriNet dispararExtendida
INFO: {"disparo" : 1, "marcado" : [0, 1, 0, 0, 0, 0, 0, 0, 1, 0, 6, 14, 0, 0, 1, 0, 1, 0] }
Nov 30, 2019 11:15:51 AM petriNet.PetriNet dispararExtendida
INFO: {"disparo" : 2, "marcado" : [0, 0, 1, 0, 0, 0, 0, 1, 1, 0, 6, 14, 0, 0, 1, 0, 0, 0] }
Nov 30, 2019 11:15:51 AM petriNet.PetriNet dispararExtendida
INFO: {"disparo" : 11, "marcado" : [0, 0, 1, 0, 0, 0, 0, 1, 1, 0, 5, 15, 0, 0, 1, 0, 0, 0] }
Nov 30, 2019 11:15:51 AM petriNet.PetriNet dispararExtendida
INFO: {"disparo" : 11, "marcado" : [0, 0, 1, 0, 0, 0, 0, 1, 1, 0, 4, 16, 0, 0, 1, 0, 0, 0] }
Nov 30, 2019 11:15:51 AM petriNet.PetriNet dispararExtendida
INFO: {"disparo" : 11, "marcado" : [0, 0, 1, 0, 0, 0, 0, 1, 1, 0, 3, 17, 0, 0, 1, 0, 0, 0] }
Nov 30, 2019 11:15:51 AM petriNet.PetriNet dispararExtendida
INFO: {"disparo" : 11, "marcado" : [0, 0, 1, 0, 0, 0, 0, 1, 1, 0, 2, 18, 0, 0, 1, 0, 0, 0] }
Nov 30, 2019 11:15:51 AM petriNet.PetriNet dispararExtendida
INFO: {"disparo" : 11, "marcado" : [0, 0, 1, 0, 0, 0, 0, 1, 1, 0, 1, 19, 0, 0, 1, 0, 0, 0] }
Nov 30, 2019 11:15:51 AM petriNet.PetriNet dispararExtendida
INFO: {"disparo" : 11, "marcado" : [0, 0, 1, 0, 0, 0, 0, 1, 1, 0, 0, 20, 0, 0, 1, 0, 0, 0] }
Nov 30, 2019 11:15:51 AM petriNet.PetriNet dispararExtendida
INFO: {"disparo" : 3, "marcado" : [0, 0, 0, 1, 0, 0, 0, 1, 1, 0, 0, 20, 0, 0, 1, 1, 0, 0] }
Nov 30, 2019 11:15:52 AM petriNet.PetriNet dispararExtendida
INFO: {"disparo" : 8, "marcado" : [0, 0, 0, 1, 0, 0, 0, 1, 2, 0, 0, 20, 0, 0, 1, 1, 0, 0] }
Nov 30, 2019 11:15:55 AM petriNet.PetriNet dispararExtendida
INFO: {"disparo" : 8, "marcado" : [0, 0, 0, 1, 0, 0, 0, 1, 3, 0, 0, 20, 0, 0, 1, 1, 0, 0] }
Nov 30, 2019 11:15:57 AM petriNet.PetriNet dispararExtendida
INFO: {"disparo" : 4, "marcado" : [0, 0, 0, 0, 1, 0, 0, 1, 3, 0, 0, 20, 0, 0, 0, 1, 0, 0] }
Nov 30, 2019 11:15:58 AM petriNet.PetriNet dispararExtendida
INFO: {"disparo" : 8, "marcado" : [0, 0, 0, 0, 1, 0, 0, 1, 4, 0, 0, 20, 0, 0, 0, 1, 0, 0] }
Nov 30, 2019 11:16:01 AM petriNet.PetriNet dispararExtendida
INFO: {"disparo" : 8, "marcado" : [0, 0, 0, 0, 1, 0, 0, 1, 5, 0, 0, 20, 0, 0, 0, 1, 0, 0] }
Nov 30, 2019 11:16:02 AM petriNet.PetriNet dispararExtendida
INFO: {"disparo" : 15, "marcado" : [0, 0, 0, 0, 0, 0, 0, 1, 5, 0, 0, 20, 0, 0, 1, 1, 0, 1] }
Nov 30, 2019 11:16:02 AM petriNet.PetriNet dispararExtendida
INFO: {"disparo" : 5, "marcado" : [0, 0, 0, 0, 0, 1, 0, 1, 5, 0, 0, 20, 0, 0, 1, 0, 0, 0] }
Nov 30, 2019 11:16:02 AM petriNet.PetriNet dispararExtendida
INFO: {"disparo" : 6, "marcado" : [0, 0, 0, 0, 0, 0, 1, 0, 5, 0, 0, 20, 0, 0, 1, 0, 1, 0] }
Nov 30, 2019 11:16:02 AM petriNet.PetriNet dispararExtendida
INFO: {"disparo" : 9, "marcado" : [0, 0, 0, 0, 0, 0, 1, 0, 5, 1, 0, 19, 0, 0, 1, 0, 1, 0] }
Nov 30, 2019 11:16:02 AM petriNet.PetriNet dispararExtendida
INFO: {"disparo" : 10, "marcado" : [0, 0, 0, 0, 0, 0, 1, 0, 4, 0, 1, 19, 0, 0, 1, 0, 1, 0] }
Nov 30, 2019 11:16:04 AM petriNet.PetriNet dispararExtendida
INFO: {"disparo" : 13, "marcado" : [0, 0, 0, 0, 0, 0, 1, 0, 4, 0, 1, 19, 1, 0, 1, 0, 1, 0] }
Nov 30, 2019 11:16:04 AM petriNet.PetriNet dispararExtendida
INFO: {"disparo" : 12, "marcado" : [0, 0, 0, 0, 0, 0, 1, 0, 4, 0, 1, 19, 0, 1, 0, 0, 1, 0] }
Nov 30, 2019 11:16:04 AM petriNet.PetriNet dispararExtendida
INFO: {"disparo" : 14, "marcado" : [0, 0, 0, 0, 0, 0, 1, 0, 4, 0, 1, 19, 0, 0, 1, 0, 1, 0] }
Nov 30, 2019 11:16:04 AM petriNet.PetriNet dispararExtendida
INFO: {"disparo" : 8, "marcado" : [0, 0, 0, 0, 0, 0, 1, 0, 5, 0, 1, 19, 0, 0, 1, 0, 1, 0] }
Nov 30, 2019 11:16:05 AM petriNet.PetriNet dispararExtendida
INFO: {"disparo" : 9, "marcado" : [0, 0, 0, 0, 0, 0, 1, 0, 5, 1, 1, 18, 0, 0, 1, 0, 1, 0] }
Nov 30, 2019 11:16:05 AM petriNet.PetriNet dispararExtendida
INFO: {"disparo" : 10, "marcado" : [0, 0, 0, 0, 0, 0, 1, 0, 4, 0, 2, 18, 0, 0, 1, 0, 1, 0] }
Nov 30, 2019 11:16:07 AM petriNet.PetriNet dispararExtendida
INFO: {"disparo" : 8, "marcado" : [0, 0, 0, 0, 0, 0, 1, 0, 5, 0, 2, 18, 0, 0, 1, 0, 1, 0] }
Nov 30, 2019 11:16:08 AM petriNet.PetriNet dispararExtendida
INFO: {"disparo" : 9, "marcado" : [0, 0, 0, 0, 0, 0, 1, 0, 5, 1, 2, 17, 0, 0, 1, 0, 1, 0] }
Nov 30, 2019 11:16:08 AM petriNet.PetriNet dispararExtendida
INFO: {"disparo" : 10, "marcado" : [0, 0, 0, 0, 0, 0, 1, 0, 4, 0, 3, 17, 0, 0, 1, 0, 1, 0] }
Nov 30, 2019 11:16:10 AM petriNet.PetriNet dispararExtendida
INFO: {"disparo" : 8, "marcado" : [0, 0, 0, 0, 0, 0, 1, 0, 5, 0, 3, 17, 0, 0, 1, 0, 1, 0] }
Nov 30, 2019 11:16:11 AM petriNet.PetriNet dispararExtendida
INFO: {"disparo" : 9, "marcado" : [0, 0, 0, 0, 0, 0, 1, 0, 5, 1, 3, 16, 0, 0, 1, 0, 1, 0] }
Nov 30, 2019 11:16:11 AM petriNet.PetriNet dispararExtendida
INFO: {"disparo" : 10, "marcado" : [0, 0, 0, 0, 0, 0, 1, 0, 4, 0, 4, 16, 0, 0, 1, 0, 1, 0] }
Nov 30, 2019 11:16:12 AM petriNet.PetriNet dispararExtendida
INFO: {"disparo" : 7, "marcado" : [1, 0, 0, 0, 0, 0, 0, 0, 4, 0, 4, 16, 0, 0, 1, 0, 1, 0] }
Nov 30, 2019 11:16:12 AM petriNet.PetriNet dispararExtendida
INFO: {"disparo" : 1, "marcado" : [0, 1, 0, 0, 0, 0, 0, 0, 4, 0, 4, 16, 0, 0, 1, 0, 1, 0] }
Nov 30, 2019 11:16:12 AM petriNet.PetriNet dispararExtendida
INFO: {"disparo" : 2, "marcado" : [0, 0, 1, 0, 0, 0, 0, 1, 4, 0, 4, 16, 0, 0, 1, 0, 0, 0] }
Nov 30, 2019 11:16:12 AM petriNet.PetriNet dispararExtendida
INFO: {"disparo" : 11, "marcado" : [0, 0, 1, 0, 0, 0, 0, 1, 4, 0, 3, 17, 0, 0, 1, 0, 0, 0] }
Nov 30, 2019 11:16:12 AM petriNet.PetriNet dispararExtendida
INFO: {"disparo" : 11, "marcado" : [0, 0, 1, 0, 0, 0, 0, 1, 4, 0, 2, 18, 0, 0, 1, 0, 0, 0] }
Nov 30, 2019 11:16:12 AM petriNet.PetriNet dispararExtendida
INFO: {"disparo" : 11, "marcado" : [0, 0, 1, 0, 0, 0, 0, 1, 4, 0, 1, 19, 0, 0, 1, 0, 0, 0] }
Nov 30, 2019 11:16:12 AM petriNet.PetriNet dispararExtendida
INFO: {"disparo" : 11, "marcado" : [0, 0, 1, 0, 0, 0, 0, 1, 4, 0, 0, 20, 0, 0, 1, 0, 0, 0] }
Nov 30, 2019 11:16:12 AM petriNet.PetriNet dispararExtendida
INFO: {"disparo" : 3, "marcado" : [0, 0, 0, 1, 0, 0, 0, 1, 4, 0, 0, 20, 0, 0, 1, 1, 0, 0] }
Nov 30, 2019 11:16:13 AM petriNet.PetriNet dispararExtendida
INFO: {"disparo" : 8, "marcado" : [0, 0, 0, 1, 0, 0, 0, 1, 5, 0, 0, 20, 0, 0, 1, 1, 0, 0] }
Nov 30, 2019 11:16:16 AM petriNet.PetriNet dispararExtendida
INFO: {"disparo" : 8, "marcado" : [0, 0, 0, 1, 0, 0, 0, 1, 6, 0, 0, 20, 0, 0, 1, 1, 0, 0] }
Nov 30, 2019 11:16:18 AM petriNet.PetriNet dispararExtendida
INFO: {"disparo" : 4, "marcado" : [0, 0, 0, 0, 1, 0, 0, 1, 6, 0, 0, 20, 0, 0, 0, 1, 0, 0] }
Nov 30, 2019 11:16:19 AM petriNet.PetriNet dispararExtendida
INFO: {"disparo" : 13, "marcado" : [0, 0, 0, 0, 1, 0, 0, 1, 6, 0, 0, 20, 1, 0, 0, 1, 0, 0] }
Nov 30, 2019 11:16:19 AM petriNet.PetriNet dispararExtendida
INFO: {"disparo" : 8, "marcado" : [0, 0, 0, 0, 1, 0, 0, 1, 7, 0, 0, 20, 1, 0, 0, 1, 0, 0] }
Nov 30, 2019 11:16:22 AM petriNet.PetriNet dispararExtendida
INFO: {"disparo" : 8, "marcado" : [0, 0, 0, 0, 1, 0, 0, 1, 8, 0, 0, 20, 1, 0, 0, 1, 0, 0] }
Nov 30, 2019 11:16:23 AM petriNet.PetriNet dispararExtendida
INFO: {"disparo" : 15, "marcado" : [0, 0, 0, 0, 0, 0, 0, 1, 8, 0, 0, 20, 1, 0, 1, 1, 0, 1] }
Nov 30, 2019 11:16:23 AM petriNet.PetriNet dispararExtendida
INFO: {"disparo" : 5, "marcado" : [0, 0, 0, 0, 0, 1, 0, 1, 8, 0, 0, 20, 1, 0, 1, 0, 0, 0] }
Nov 30, 2019 11:16:25 AM petriNet.PetriNet dispararExtendida
INFO: {"disparo" : 8, "marcado" : [0, 0, 0, 0, 0, 1, 0, 1, 9, 0, 0, 20, 1, 0, 1, 0, 0, 0] }
Nov 30, 2019 11:16:25 AM petriNet.PetriNet dispararExtendida
INFO: {"disparo" : 6, "marcado" : [0, 0, 0, 0, 0, 0, 1, 0, 9, 0, 0, 20, 1, 0, 1, 0, 1, 0] }
Nov 30, 2019 11:16:25 AM petriNet.PetriNet dispararExtendida
INFO: {"disparo" : 9, "marcado" : [0, 0, 0, 0, 0, 0, 1, 0, 9, 1, 0, 19, 1, 0, 1, 0, 1, 0] }
Nov 30, 2019 11:16:25 AM petriNet.PetriNet dispararExtendida
INFO: {"disparo" : 10, "marcado" : [0, 0, 0, 0, 0, 0, 1, 0, 8, 0, 1, 19, 1, 0, 1, 0, 1, 0] }
Nov 30, 2019 11:16:25 AM petriNet.PetriNet dispararExtendida
INFO: {"disparo" : 12, "marcado" : [0, 0, 0, 0, 0, 0, 1, 0, 8, 0, 1, 19, 0, 1, 0, 0, 1, 0] }
Nov 30, 2019 11:16:25 AM petriNet.PetriNet dispararExtendida
INFO: {"disparo" : 14, "marcado" : [0, 0, 0, 0, 0, 0, 1, 0, 8, 0, 1, 19, 0, 0, 1, 0, 1, 0] }
Nov 30, 2019 11:16:28 AM petriNet.PetriNet dispararExtendida
INFO: {"disparo" : 8, "marcado" : [0, 0, 0, 0, 0, 0, 1, 0, 9, 0, 1, 19, 0, 0, 1, 0, 1, 0] }
Nov 30, 2019 11:16:28 AM petriNet.PetriNet dispararExtendida
INFO: {"disparo" : 9, "marcado" : [0, 0, 0, 0, 0, 0, 1, 0, 9, 1, 1, 18, 0, 0, 1, 0, 1, 0] }
Nov 30, 2019 11:16:31 AM petriNet.PetriNet dispararExtendida
INFO: {"disparo" : 8, "marcado" : [0, 0, 0, 0, 0, 0, 1, 0, 10, 1, 1, 18, 0, 0, 1, 0, 1, 0] }
Nov 30, 2019 11:16:31 AM petriNet.PetriNet dispararExtendida
INFO: {"disparo" : 10, "marcado" : [0, 0, 0, 0, 0, 0, 1, 0, 9, 0, 2, 18, 0, 0, 1, 0, 1, 0] }
Nov 30, 2019 11:16:31 AM petriNet.PetriNet dispararExtendida
INFO: {"disparo" : 9, "marcado" : [0, 0, 0, 0, 0, 0, 1, 0, 9, 1, 2, 17, 0, 0, 1, 0, 1, 0] }
Nov 30, 2019 11:16:31 AM petriNet.PetriNet dispararExtendida
INFO: {"disparo" : 10, "marcado" : [0, 0, 0, 0, 0, 0, 1, 0, 8, 0, 3, 17, 0, 0, 1, 0, 1, 0] }
Nov 30, 2019 11:16:34 AM petriNet.PetriNet dispararExtendida
INFO: {"disparo" : 13, "marcado" : [0, 0, 0, 0, 0, 0, 1, 0, 8, 0, 3, 17, 1, 0, 1, 0, 1, 0] }
Nov 30, 2019 11:16:34 AM petriNet.PetriNet dispararExtendida
INFO: {"disparo" : 12, "marcado" : [0, 0, 0, 0, 0, 0, 1, 0, 8, 0, 3, 17, 0, 1, 0, 0, 1, 0] }
Nov 30, 2019 11:16:34 AM petriNet.PetriNet dispararExtendida
INFO: {"disparo" : 14, "marcado" : [0, 0, 0, 0, 0, 0, 1, 0, 8, 0, 3, 17, 0, 0, 1, 0, 1, 0] }
Nov 30, 2019 11:16:34 AM petriNet.PetriNet dispararExtendida
INFO: {"disparo" : 8, "marcado" : [0, 0, 0, 0, 0, 0, 1, 0, 9, 0, 3, 17, 0, 0, 1, 0, 1, 0] }
Nov 30, 2019 11:16:34 AM petriNet.PetriNet dispararExtendida
INFO: {"disparo" : 9, "marcado" : [0, 0, 0, 0, 0, 0, 1, 0, 9, 1, 3, 16, 0, 0, 1, 0, 1, 0] }
Nov 30, 2019 11:16:34 AM petriNet.PetriNet dispararExtendida
INFO: {"disparo" : 10, "marcado" : [0, 0, 0, 0, 0, 0, 1, 0, 8, 0, 4, 16, 0, 0, 1, 0, 1, 0] }
Nov 30, 2019 11:16:35 AM petriNet.PetriNet dispararExtendida
INFO: {"disparo" : 7, "marcado" : [1, 0, 0, 0, 0, 0, 0, 0, 8, 0, 4, 16, 0, 0, 1, 0, 1, 0] }
Nov 30, 2019 11:16:35 AM petriNet.PetriNet dispararExtendida
INFO: {"disparo" : 1, "marcado" : [0, 1, 0, 0, 0, 0, 0, 0, 8, 0, 4, 16, 0, 0, 1, 0, 1, 0] }
Nov 30, 2019 11:16:35 AM petriNet.PetriNet dispararExtendida
INFO: {"disparo" : 2, "marcado" : [0, 0, 1, 0, 0, 0, 0, 1, 8, 0, 4, 16, 0, 0, 1, 0, 0, 0] }
Nov 30, 2019 11:16:35 AM petriNet.PetriNet dispararExtendida
INFO: {"disparo" : 11, "marcado" : [0, 0, 1, 0, 0, 0, 0, 1, 8, 0, 3, 17, 0, 0, 1, 0, 0, 0] }
Nov 30, 2019 11:16:35 AM petriNet.PetriNet dispararExtendida
INFO: {"disparo" : 11, "marcado" : [0, 0, 1, 0, 0, 0, 0, 1, 8, 0, 2, 18, 0, 0, 1, 0, 0, 0] }
Nov 30, 2019 11:16:35 AM petriNet.PetriNet dispararExtendida
INFO: {"disparo" : 11, "marcado" : [0, 0, 1, 0, 0, 0, 0, 1, 8, 0, 1, 19, 0, 0, 1, 0, 0, 0] }
Nov 30, 2019 11:16:35 AM petriNet.PetriNet dispararExtendida
INFO: {"disparo" : 11, "marcado" : [0, 0, 1, 0, 0, 0, 0, 1, 8, 0, 0, 20, 0, 0, 1, 0, 0, 0] }
Nov 30, 2019 11:16:35 AM petriNet.PetriNet dispararExtendida
INFO: {"disparo" : 3, "marcado" : [0, 0, 0, 1, 0, 0, 0, 1, 8, 0, 0, 20, 0, 0, 1, 1, 0, 0] }
Nov 30, 2019 11:16:37 AM petriNet.PetriNet dispararExtendida
INFO: {"disparo" : 8, "marcado" : [0, 0, 0, 1, 0, 0, 0, 1, 9, 0, 0, 20, 0, 0, 1, 1, 0, 0] }
Nov 30, 2019 11:16:40 AM petriNet.PetriNet dispararExtendida
INFO: {"disparo" : 8, "marcado" : [0, 0, 0, 1, 0, 0, 0, 1, 10, 0, 0, 20, 0, 0, 1, 1, 0, 0] }
Nov 30, 2019 11:16:41 AM petriNet.PetriNet dispararExtendida
INFO: {"disparo" : 4, "marcado" : [0, 0, 0, 0, 1, 0, 0, 1, 10, 0, 0, 20, 0, 0, 0, 1, 0, 0] }
Nov 30, 2019 11:16:43 AM petriNet.PetriNet dispararExtendida
INFO: {"disparo" : 8, "marcado" : [0, 0, 0, 0, 1, 0, 0, 1, 11, 0, 0, 20, 0, 0, 0, 1, 0, 0] }
Nov 30, 2019 11:16:46 AM petriNet.PetriNet dispararExtendida
INFO: {"disparo" : 15, "marcado" : [0, 0, 0, 0, 0, 0, 0, 1, 11, 0, 0, 20, 0, 0, 1, 1, 0, 1] }
Nov 30, 2019 11:16:46 AM petriNet.PetriNet dispararExtendida
INFO: {"disparo" : 5, "marcado" : [0, 0, 0, 0, 0, 1, 0, 1, 11, 0, 0, 20, 0, 0, 1, 0, 0, 0] }
Nov 30, 2019 11:16:46 AM petriNet.PetriNet dispararExtendida
INFO: {"disparo" : 6, "marcado" : [0, 0, 0, 0, 0, 0, 1, 0, 11, 0, 0, 20, 0, 0, 1, 0, 1, 0] }
Nov 30, 2019 11:16:46 AM petriNet.PetriNet dispararExtendida
INFO: {"disparo" : 9, "marcado" : [0, 0, 0, 0, 0, 0, 1, 0, 11, 1, 0, 19, 0, 0, 1, 0, 1, 0] }
Nov 30, 2019 11:16:46 AM petriNet.PetriNet dispararExtendida
INFO: {"disparo" : 10, "marcado" : [0, 0, 0, 0, 0, 0, 1, 0, 10, 0, 1, 19, 0, 0, 1, 0, 1, 0] }
Nov 30, 2019 11:16:46 AM petriNet.PetriNet dispararExtendida
INFO: {"disparo" : 8, "marcado" : [0, 0, 0, 0, 0, 0, 1, 0, 11, 0, 1, 19, 0, 0, 1, 0, 1, 0] }
Nov 30, 2019 11:16:49 AM petriNet.PetriNet dispararExtendida
INFO: {"disparo" : 9, "marcado" : [0, 0, 0, 0, 0, 0, 1, 0, 11, 1, 1, 18, 0, 0, 1, 0, 1, 0] }
Nov 30, 2019 11:16:49 AM petriNet.PetriNet dispararExtendida
INFO: {"disparo" : 10, "marcado" : [0, 0, 0, 0, 0, 0, 1, 0, 10, 0, 2, 18, 0, 0, 1, 0, 1, 0] }
Nov 30, 2019 11:16:49 AM petriNet.PetriNet dispararExtendida
INFO: {"disparo" : 13, "marcado" : [0, 0, 0, 0, 0, 0, 1, 0, 10, 0, 2, 18, 1, 0, 1, 0, 1, 0] }
Nov 30, 2019 11:16:49 AM petriNet.PetriNet dispararExtendida
INFO: {"disparo" : 12, "marcado" : [0, 0, 0, 0, 0, 0, 1, 0, 10, 0, 2, 18, 0, 1, 0, 0, 1, 0] }
Nov 30, 2019 11:16:49 AM petriNet.PetriNet dispararExtendida
INFO: {"disparo" : 14, "marcado" : [0, 0, 0, 0, 0, 0, 1, 0, 10, 0, 2, 18, 0, 0, 1, 0, 1, 0] }
Nov 30, 2019 11:16:49 AM petriNet.PetriNet dispararExtendida
INFO: {"disparo" : 8, "marcado" : [0, 0, 0, 0, 0, 0, 1, 0, 11, 0, 2, 18, 0, 0, 1, 0, 1, 0] }
Nov 30, 2019 11:16:52 AM petriNet.PetriNet dispararExtendida
INFO: {"disparo" : 9, "marcado" : [0, 0, 0, 0, 0, 0, 1, 0, 11, 1, 2, 17, 0, 0, 1, 0, 1, 0] }
Nov 30, 2019 11:16:52 AM petriNet.PetriNet dispararExtendida
INFO: {"disparo" : 10, "marcado" : [0, 0, 0, 0, 0, 0, 1, 0, 10, 0, 3, 17, 0, 0, 1, 0, 1, 0] }
Nov 30, 2019 11:16:52 AM petriNet.PetriNet dispararExtendida
INFO: {"disparo" : 8, "marcado" : [0, 0, 0, 0, 0, 0, 1, 0, 11, 0, 3, 17, 0, 0, 1, 0, 1, 0] }
Nov 30, 2019 11:16:55 AM petriNet.PetriNet dispararExtendida
INFO: {"disparo" : 9, "marcado" : [0, 0, 0, 0, 0, 0, 1, 0, 11, 1, 3, 16, 0, 0, 1, 0, 1, 0] }
Nov 30, 2019 11:16:55 AM petriNet.PetriNet dispararExtendida
INFO: {"disparo" : 10, "marcado" : [0, 0, 0, 0, 0, 0, 1, 0, 10, 0, 4, 16, 0, 0, 1, 0, 1, 0] }
Nov 30, 2019 11:16:55 AM petriNet.PetriNet dispararExtendida
INFO: {"disparo" : 8, "marcado" : [0, 0, 0, 0, 0, 0, 1, 0, 11, 0, 4, 16, 0, 0, 1, 0, 1, 0] }
Nov 30, 2019 11:16:56 AM petriNet.PetriNet dispararExtendida
INFO: {"disparo" : 7, "marcado" : [1, 0, 0, 0, 0, 0, 0, 0, 11, 0, 4, 16, 0, 0, 1, 0, 1, 0] }
Nov 30, 2019 11:16:56 AM petriNet.PetriNet dispararExtendida
INFO: {"disparo" : 1, "marcado" : [0, 1, 0, 0, 0, 0, 0, 0, 11, 0, 4, 16, 0, 0, 1, 0, 1, 0] }
Nov 30, 2019 11:16:56 AM petriNet.PetriNet dispararExtendida
INFO: {"disparo" : 2, "marcado" : [0, 0, 1, 0, 0, 0, 0, 1, 11, 0, 4, 16, 0, 0, 1, 0, 0, 0] }
Nov 30, 2019 11:16:56 AM petriNet.PetriNet dispararExtendida
INFO: {"disparo" : 11, "marcado" : [0, 0, 1, 0, 0, 0, 0, 1, 11, 0, 3, 17, 0, 0, 1, 0, 0, 0] }
Nov 30, 2019 11:16:56 AM petriNet.PetriNet dispararExtendida
INFO: {"disparo" : 11, "marcado" : [0, 0, 1, 0, 0, 0, 0, 1, 11, 0, 2, 18, 0, 0, 1, 0, 0, 0] }
Nov 30, 2019 11:16:56 AM petriNet.PetriNet dispararExtendida
INFO: {"disparo" : 11, "marcado" : [0, 0, 1, 0, 0, 0, 0, 1, 11, 0, 1, 19, 0, 0, 1, 0, 0, 0] }
Nov 30, 2019 11:16:56 AM petriNet.PetriNet dispararExtendida
INFO: {"disparo" : 11, "marcado" : [0, 0, 1, 0, 0, 0, 0, 1, 11, 0, 0, 20, 0, 0, 1, 0, 0, 0] }
Nov 30, 2019 11:16:56 AM petriNet.PetriNet dispararExtendida
INFO: {"disparo" : 3, "marcado" : [0, 0, 0, 1, 0, 0, 0, 1, 11, 0, 0, 20, 0, 0, 1, 1, 0, 0] }
Nov 30, 2019 11:16:58 AM petriNet.PetriNet dispararExtendida
INFO: {"disparo" : 8, "marcado" : [0, 0, 0, 1, 0, 0, 0, 1, 12, 0, 0, 20, 0, 0, 1, 1, 0, 0] }
Nov 30, 2019 11:17:01 AM petriNet.PetriNet dispararExtendida
INFO: {"disparo" : 8, "marcado" : [0, 0, 0, 1, 0, 0, 0, 1, 13, 0, 0, 20, 0, 0, 1, 1, 0, 0] }
Nov 30, 2019 11:17:02 AM petriNet.PetriNet dispararExtendida
INFO: {"disparo" : 4, "marcado" : [0, 0, 0, 0, 1, 0, 0, 1, 13, 0, 0, 20, 0, 0, 0, 1, 0, 0] }
Nov 30, 2019 11:17:04 AM petriNet.PetriNet dispararExtendida
INFO: {"disparo" : 13, "marcado" : [0, 0, 0, 0, 1, 0, 0, 1, 13, 0, 0, 20, 1, 0, 0, 1, 0, 0] }
Nov 30, 2019 11:17:04 AM petriNet.PetriNet dispararExtendida
INFO: {"disparo" : 8, "marcado" : [0, 0, 0, 0, 1, 0, 0, 1, 14, 0, 0, 20, 1, 0, 0, 1, 0, 0] }
Nov 30, 2019 11:17:06 AM petriNet.PetriNet dispararExtendida
INFO: {"disparo" : 15, "marcado" : [0, 0, 0, 0, 0, 0, 0, 1, 14, 0, 0, 20, 1, 0, 1, 1, 0, 1] }
Nov 30, 2019 11:17:06 AM petriNet.PetriNet dispararExtendida
INFO: {"disparo" : 5, "marcado" : [0, 0, 0, 0, 0, 1, 0, 1, 14, 0, 0, 20, 1, 0, 1, 0, 0, 0] }
Nov 30, 2019 11:17:06 AM petriNet.PetriNet dispararExtendida
INFO: {"disparo" : 6, "marcado" : [0, 0, 0, 0, 0, 0, 1, 0, 14, 0, 0, 20, 1, 0, 1, 0, 1, 0] }
Nov 30, 2019 11:17:06 AM petriNet.PetriNet dispararExtendida
INFO: {"disparo" : 9, "marcado" : [0, 0, 0, 0, 0, 0, 1, 0, 14, 1, 0, 19, 1, 0, 1, 0, 1, 0] }
Nov 30, 2019 11:17:06 AM petriNet.PetriNet dispararExtendida
INFO: {"disparo" : 10, "marcado" : [0, 0, 0, 0, 0, 0, 1, 0, 13, 0, 1, 19, 1, 0, 1, 0, 1, 0] }
Nov 30, 2019 11:17:06 AM petriNet.PetriNet dispararExtendida
INFO: {"disparo" : 12, "marcado" : [0, 0, 0, 0, 0, 0, 1, 0, 13, 0, 1, 19, 0, 1, 0, 0, 1, 0] }
Nov 30, 2019 11:17:06 AM petriNet.PetriNet dispararExtendida
INFO: {"disparo" : 14, "marcado" : [0, 0, 0, 0, 0, 0, 1, 0, 13, 0, 1, 19, 0, 0, 1, 0, 1, 0] }
Nov 30, 2019 11:17:07 AM petriNet.PetriNet dispararExtendida
INFO: {"disparo" : 8, "marcado" : [0, 0, 0, 0, 0, 0, 1, 0, 14, 0, 1, 19, 0, 0, 1, 0, 1, 0] }
Nov 30, 2019 11:17:09 AM petriNet.PetriNet dispararExtendida
INFO: {"disparo" : 9, "marcado" : [0, 0, 0, 0, 0, 0, 1, 0, 14, 1, 1, 18, 0, 0, 1, 0, 1, 0] }
Nov 30, 2019 11:17:09 AM petriNet.PetriNet dispararExtendida
INFO: {"disparo" : 10, "marcado" : [0, 0, 0, 0, 0, 0, 1, 0, 13, 0, 2, 18, 0, 0, 1, 0, 1, 0] }
Nov 30, 2019 11:17:10 AM petriNet.PetriNet dispararExtendida
INFO: {"disparo" : 8, "marcado" : [0, 0, 0, 0, 0, 0, 1, 0, 14, 0, 2, 18, 0, 0, 1, 0, 1, 0] }
Nov 30, 2019 11:17:12 AM petriNet.PetriNet dispararExtendida
INFO: {"disparo" : 9, "marcado" : [0, 0, 0, 0, 0, 0, 1, 0, 14, 1, 2, 17, 0, 0, 1, 0, 1, 0] }
Nov 30, 2019 11:17:12 AM petriNet.PetriNet dispararExtendida
INFO: {"disparo" : 10, "marcado" : [0, 0, 0, 0, 0, 0, 1, 0, 13, 0, 3, 17, 0, 0, 1, 0, 1, 0] }
Nov 30, 2019 11:17:13 AM petriNet.PetriNet dispararExtendida
INFO: {"disparo" : 8, "marcado" : [0, 0, 0, 0, 0, 0, 1, 0, 14, 0, 3, 17, 0, 0, 1, 0, 1, 0] }
Nov 30, 2019 11:17:15 AM petriNet.PetriNet dispararExtendida
INFO: {"disparo" : 9, "marcado" : [0, 0, 0, 0, 0, 0, 1, 0, 14, 1, 3, 16, 0, 0, 1, 0, 1, 0] }
Nov 30, 2019 11:17:15 AM petriNet.PetriNet dispararExtendida
INFO: {"disparo" : 10, "marcado" : [0, 0, 0, 0, 0, 0, 1, 0, 13, 0, 4, 16, 0, 0, 1, 0, 1, 0] }
Nov 30, 2019 11:17:16 AM petriNet.PetriNet dispararExtendida
INFO: {"disparo" : 8, "marcado" : [0, 0, 0, 0, 0, 0, 1, 0, 14, 0, 4, 16, 0, 0, 1, 0, 1, 0] }
Nov 30, 2019 11:17:16 AM petriNet.PetriNet dispararExtendida
INFO: {"disparo" : 7, "marcado" : [1, 0, 0, 0, 0, 0, 0, 0, 14, 0, 4, 16, 0, 0, 1, 0, 1, 0] }
Nov 30, 2019 11:17:16 AM petriNet.PetriNet dispararExtendida
INFO: {"disparo" : 1, "marcado" : [0, 1, 0, 0, 0, 0, 0, 0, 14, 0, 4, 16, 0, 0, 1, 0, 1, 0] }
Nov 30, 2019 11:17:16 AM petriNet.PetriNet dispararExtendida
INFO: {"disparo" : 2, "marcado" : [0, 0, 1, 0, 0, 0, 0, 1, 14, 0, 4, 16, 0, 0, 1, 0, 0, 0] }
Nov 30, 2019 11:17:16 AM petriNet.PetriNet dispararExtendida
INFO: {"disparo" : 11, "marcado" : [0, 0, 1, 0, 0, 0, 0, 1, 14, 0, 3, 17, 0, 0, 1, 0, 0, 0] }
Nov 30, 2019 11:17:16 AM petriNet.PetriNet dispararExtendida
INFO: {"disparo" : 11, "marcado" : [0, 0, 1, 0, 0, 0, 0, 1, 14, 0, 2, 18, 0, 0, 1, 0, 0, 0] }
Nov 30, 2019 11:17:16 AM petriNet.PetriNet dispararExtendida
INFO: {"disparo" : 11, "marcado" : [0, 0, 1, 0, 0, 0, 0, 1, 14, 0, 1, 19, 0, 0, 1, 0, 0, 0] }
Nov 30, 2019 11:17:16 AM petriNet.PetriNet dispararExtendida
INFO: {"disparo" : 11, "marcado" : [0, 0, 1, 0, 0, 0, 0, 1, 14, 0, 0, 20, 0, 0, 1, 0, 0, 0] }
Nov 30, 2019 11:17:16 AM petriNet.PetriNet dispararExtendida
INFO: {"disparo" : 3, "marcado" : [0, 0, 0, 1, 0, 0, 0, 1, 14, 0, 0, 20, 0, 0, 1, 1, 0, 0] }
Nov 30, 2019 11:17:19 AM petriNet.PetriNet dispararExtendida
INFO: {"disparo" : 13, "marcado" : [0, 0, 0, 1, 0, 0, 0, 1, 14, 0, 0, 20, 1, 0, 1, 1, 0, 0] }
Nov 30, 2019 11:17:19 AM petriNet.PetriNet dispararExtendida
INFO: {"disparo" : 8, "marcado" : [0, 0, 0, 1, 0, 0, 0, 1, 15, 0, 0, 20, 1, 0, 1, 1, 0, 0] }
Nov 30, 2019 11:17:22 AM petriNet.PetriNet dispararExtendida
INFO: {"disparo" : 8, "marcado" : [0, 0, 0, 1, 0, 0, 0, 1, 16, 0, 0, 20, 1, 0, 1, 1, 0, 0] }
Nov 30, 2019 11:17:22 AM petriNet.PetriNet dispararExtendida
INFO: {"disparo" : 4, "marcado" : [0, 0, 0, 0, 1, 0, 0, 1, 16, 0, 0, 20, 1, 0, 0, 1, 0, 0] }
Nov 30, 2019 11:17:25 AM petriNet.PetriNet dispararExtendida
INFO: {"disparo" : 8, "marcado" : [0, 0, 0, 0, 1, 0, 0, 1, 17, 0, 0, 20, 1, 0, 0, 1, 0, 0] }
Nov 30, 2019 11:17:27 AM petriNet.PetriNet dispararExtendida
INFO: {"disparo" : 15, "marcado" : [0, 0, 0, 0, 0, 0, 0, 1, 17, 0, 0, 20, 1, 0, 1, 1, 0, 1] }
Nov 30, 2019 11:17:27 AM petriNet.PetriNet dispararExtendida
INFO: {"disparo" : 5, "marcado" : [0, 0, 0, 0, 0, 1, 0, 1, 17, 0, 0, 20, 1, 0, 1, 0, 0, 0] }
Nov 30, 2019 11:17:27 AM petriNet.PetriNet dispararExtendida
INFO: {"disparo" : 6, "marcado" : [0, 0, 0, 0, 0, 0, 1, 0, 17, 0, 0, 20, 1, 0, 1, 0, 1, 0] }
Nov 30, 2019 11:17:27 AM petriNet.PetriNet dispararExtendida
INFO: {"disparo" : 9, "marcado" : [0, 0, 0, 0, 0, 0, 1, 0, 17, 1, 0, 19, 1, 0, 1, 0, 1, 0] }
Nov 30, 2019 11:17:27 AM petriNet.PetriNet dispararExtendida
INFO: {"disparo" : 10, "marcado" : [0, 0, 0, 0, 0, 0, 1, 0, 16, 0, 1, 19, 1, 0, 1, 0, 1, 0] }
Nov 30, 2019 11:17:27 AM petriNet.PetriNet dispararExtendida
INFO: {"disparo" : 12, "marcado" : [0, 0, 0, 0, 0, 0, 1, 0, 16, 0, 1, 19, 0, 1, 0, 0, 1, 0] }
Nov 30, 2019 11:17:27 AM petriNet.PetriNet dispararExtendida
INFO: {"disparo" : 14, "marcado" : [0, 0, 0, 0, 0, 0, 1, 0, 16, 0, 1, 19, 0, 0, 1, 0, 1, 0] }
Nov 30, 2019 11:17:28 AM petriNet.PetriNet dispararExtendida
INFO: {"disparo" : 8, "marcado" : [0, 0, 0, 0, 0, 0, 1, 0, 17, 0, 1, 19, 0, 0, 1, 0, 1, 0] }
Nov 30, 2019 11:17:30 AM petriNet.PetriNet dispararExtendida
INFO: {"disparo" : 9, "marcado" : [0, 0, 0, 0, 0, 0, 1, 0, 17, 1, 1, 18, 0, 0, 1, 0, 1, 0] }
Nov 30, 2019 11:17:30 AM petriNet.PetriNet dispararExtendida
INFO: {"disparo" : 10, "marcado" : [0, 0, 0, 0, 0, 0, 1, 0, 16, 0, 2, 18, 0, 0, 1, 0, 1, 0] }
Nov 30, 2019 11:17:31 AM petriNet.PetriNet dispararExtendida
INFO: {"disparo" : 8, "marcado" : [0, 0, 0, 0, 0, 0, 1, 0, 17, 0, 2, 18, 0, 0, 1, 0, 1, 0] }
Nov 30, 2019 11:17:33 AM petriNet.PetriNet dispararExtendida
INFO: {"disparo" : 9, "marcado" : [0, 0, 0, 0, 0, 0, 1, 0, 17, 1, 2, 17, 0, 0, 1, 0, 1, 0] }
Nov 30, 2019 11:17:33 AM petriNet.PetriNet dispararExtendida
INFO: {"disparo" : 10, "marcado" : [0, 0, 0, 0, 0, 0, 1, 0, 16, 0, 3, 17, 0, 0, 1, 0, 1, 0] }
Nov 30, 2019 11:17:34 AM petriNet.PetriNet dispararExtendida
INFO: {"disparo" : 13, "marcado" : [0, 0, 0, 0, 0, 0, 1, 0, 16, 0, 3, 17, 1, 0, 1, 0, 1, 0] }
Nov 30, 2019 11:17:34 AM petriNet.PetriNet dispararExtendida
INFO: {"disparo" : 12, "marcado" : [0, 0, 0, 0, 0, 0, 1, 0, 16, 0, 3, 17, 0, 1, 0, 0, 1, 0] }
Nov 30, 2019 11:17:34 AM petriNet.PetriNet dispararExtendida
INFO: {"disparo" : 14, "marcado" : [0, 0, 0, 0, 0, 0, 1, 0, 16, 0, 3, 17, 0, 0, 1, 0, 1, 0] }
Nov 30, 2019 11:17:34 AM petriNet.PetriNet dispararExtendida
INFO: {"disparo" : 8, "marcado" : [0, 0, 0, 0, 0, 0, 1, 0, 17, 0, 3, 17, 0, 0, 1, 0, 1, 0] }
Nov 30, 2019 11:17:36 AM petriNet.PetriNet dispararExtendida
INFO: {"disparo" : 9, "marcado" : [0, 0, 0, 0, 0, 0, 1, 0, 17, 1, 3, 16, 0, 0, 1, 0, 1, 0] }
Nov 30, 2019 11:17:36 AM petriNet.PetriNet dispararExtendida
INFO: {"disparo" : 10, "marcado" : [0, 0, 0, 0, 0, 0, 1, 0, 16, 0, 4, 16, 0, 0, 1, 0, 1, 0] }
Nov 30, 2019 11:17:37 AM petriNet.PetriNet dispararExtendida
INFO: {"disparo" : 7, "marcado" : [1, 0, 0, 0, 0, 0, 0, 0, 16, 0, 4, 16, 0, 0, 1, 0, 1, 0] }
Nov 30, 2019 11:17:37 AM petriNet.PetriNet dispararExtendida
INFO: {"disparo" : 1, "marcado" : [0, 1, 0, 0, 0, 0, 0, 0, 16, 0, 4, 16, 0, 0, 1, 0, 1, 0] }
Nov 30, 2019 11:17:37 AM petriNet.PetriNet dispararExtendida
INFO: {"disparo" : 2, "marcado" : [0, 0, 1, 0, 0, 0, 0, 1, 16, 0, 4, 16, 0, 0, 1, 0, 0, 0] }
Nov 30, 2019 11:17:37 AM petriNet.PetriNet dispararExtendida
INFO: {"disparo" : 11, "marcado" : [0, 0, 1, 0, 0, 0, 0, 1, 16, 0, 3, 17, 0, 0, 1, 0, 0, 0] }
Nov 30, 2019 11:17:37 AM petriNet.PetriNet dispararExtendida
INFO: {"disparo" : 11, "marcado" : [0, 0, 1, 0, 0, 0, 0, 1, 16, 0, 2, 18, 0, 0, 1, 0, 0, 0] }
Nov 30, 2019 11:17:37 AM petriNet.PetriNet dispararExtendida
INFO: {"disparo" : 11, "marcado" : [0, 0, 1, 0, 0, 0, 0, 1, 16, 0, 1, 19, 0, 0, 1, 0, 0, 0] }
Nov 30, 2019 11:17:37 AM petriNet.PetriNet dispararExtendida
INFO: {"disparo" : 11, "marcado" : [0, 0, 1, 0, 0, 0, 0, 1, 16, 0, 0, 20, 0, 0, 1, 0, 0, 0] }
Nov 30, 2019 11:17:37 AM petriNet.PetriNet dispararExtendida
INFO: {"disparo" : 3, "marcado" : [0, 0, 0, 1, 0, 0, 0, 1, 16, 0, 0, 20, 0, 0, 1, 1, 0, 0] }
Nov 30, 2019 11:17:37 AM petriNet.PetriNet dispararExtendida
INFO: {"disparo" : 8, "marcado" : [0, 0, 0, 1, 0, 0, 0, 1, 17, 0, 0, 20, 0, 0, 1, 1, 0, 0] }
Nov 30, 2019 11:17:40 AM petriNet.PetriNet dispararExtendida
INFO: {"disparo" : 8, "marcado" : [0, 0, 0, 1, 0, 0, 0, 1, 18, 0, 0, 20, 0, 0, 1, 1, 0, 0] }
Nov 30, 2019 11:17:43 AM petriNet.PetriNet dispararExtendida
INFO: {"disparo" : 4, "marcado" : [0, 0, 0, 0, 1, 0, 0, 1, 18, 0, 0, 20, 0, 0, 0, 1, 0, 0] }
Nov 30, 2019 11:17:43 AM petriNet.PetriNet dispararExtendida
INFO: {"disparo" : 8, "marcado" : [0, 0, 0, 0, 1, 0, 0, 1, 19, 0, 0, 20, 0, 0, 0, 1, 0, 0] }
Nov 30, 2019 11:17:46 AM petriNet.PetriNet dispararExtendida
INFO: {"disparo" : 8, "marcado" : [0, 0, 0, 0, 1, 0, 0, 1, 20, 0, 0, 20, 0, 0, 0, 1, 0, 0] }
Nov 30, 2019 11:17:47 AM petriNet.PetriNet dispararExtendida
INFO: {"disparo" : 15, "marcado" : [0, 0, 0, 0, 0, 0, 0, 1, 20, 0, 0, 20, 0, 0, 1, 1, 0, 1] }
Nov 30, 2019 11:17:47 AM petriNet.PetriNet dispararExtendida
INFO: {"disparo" : 5, "marcado" : [0, 0, 0, 0, 0, 1, 0, 1, 20, 0, 0, 20, 0, 0, 1, 0, 0, 0] }
Nov 30, 2019 11:17:47 AM petriNet.PetriNet dispararExtendida
INFO: {"disparo" : 6, "marcado" : [0, 0, 0, 0, 0, 0, 1, 0, 20, 0, 0, 20, 0, 0, 1, 0, 1, 0] }
Nov 30, 2019 11:17:47 AM petriNet.PetriNet dispararExtendida
INFO: {"disparo" : 9, "marcado" : [0, 0, 0, 0, 0, 0, 1, 0, 20, 1, 0, 19, 0, 0, 1, 0, 1, 0] }
Nov 30, 2019 11:17:47 AM petriNet.PetriNet dispararExtendida
INFO: {"disparo" : 10, "marcado" : [0, 0, 0, 0, 0, 0, 1, 0, 19, 0, 1, 19, 0, 0, 1, 0, 1, 0] }
Nov 30, 2019 11:17:49 AM petriNet.PetriNet dispararExtendida
INFO: {"disparo" : 13, "marcado" : [0, 0, 0, 0, 0, 0, 1, 0, 19, 0, 1, 19, 1, 0, 1, 0, 1, 0] }
Nov 30, 2019 11:17:49 AM petriNet.PetriNet dispararExtendida
INFO: {"disparo" : 12, "marcado" : [0, 0, 0, 0, 0, 0, 1, 0, 19, 0, 1, 19, 0, 1, 0, 0, 1, 0] }
Nov 30, 2019 11:17:49 AM petriNet.PetriNet dispararExtendida
INFO: {"disparo" : 14, "marcado" : [0, 0, 0, 0, 0, 0, 1, 0, 19, 0, 1, 19, 0, 0, 1, 0, 1, 0] }
Nov 30, 2019 11:17:49 AM petriNet.PetriNet dispararExtendida
INFO: {"disparo" : 8, "marcado" : [0, 0, 0, 0, 0, 0, 1, 0, 20, 0, 1, 19, 0, 0, 1, 0, 1, 0] }
Nov 30, 2019 11:17:50 AM petriNet.PetriNet dispararExtendida
INFO: {"disparo" : 9, "marcado" : [0, 0, 0, 0, 0, 0, 1, 0, 20, 1, 1, 18, 0, 0, 1, 0, 1, 0] }
Nov 30, 2019 11:17:50 AM petriNet.PetriNet dispararExtendida
INFO: {"disparo" : 10, "marcado" : [0, 0, 0, 0, 0, 0, 1, 0, 19, 0, 2, 18, 0, 0, 1, 0, 1, 0] }
Nov 30, 2019 11:17:52 AM petriNet.PetriNet dispararExtendida
INFO: {"disparo" : 8, "marcado" : [0, 0, 0, 0, 0, 0, 1, 0, 20, 0, 2, 18, 0, 0, 1, 0, 1, 0] }
Nov 30, 2019 11:17:53 AM petriNet.PetriNet dispararExtendida
INFO: {"disparo" : 9, "marcado" : [0, 0, 0, 0, 0, 0, 1, 0, 20, 1, 2, 17, 0, 0, 1, 0, 1, 0] }
Nov 30, 2019 11:17:53 AM petriNet.PetriNet dispararExtendida
INFO: {"disparo" : 10, "marcado" : [0, 0, 0, 0, 0, 0, 1, 0, 19, 0, 3, 17, 0, 0, 1, 0, 1, 0] }
Nov 30, 2019 11:17:55 AM petriNet.PetriNet dispararExtendida
INFO: {"disparo" : 8, "marcado" : [0, 0, 0, 0, 0, 0, 1, 0, 20, 0, 3, 17, 0, 0, 1, 0, 1, 0] }
Nov 30, 2019 11:17:56 AM petriNet.PetriNet dispararExtendida
INFO: {"disparo" : 9, "marcado" : [0, 0, 0, 0, 0, 0, 1, 0, 20, 1, 3, 16, 0, 0, 1, 0, 1, 0] }
Nov 30, 2019 11:17:56 AM petriNet.PetriNet dispararExtendida
INFO: {"disparo" : 10, "marcado" : [0, 0, 0, 0, 0, 0, 1, 0, 19, 0, 4, 16, 0, 0, 1, 0, 1, 0] }
Nov 30, 2019 11:17:57 AM petriNet.PetriNet dispararExtendida
INFO: {"disparo" : 7, "marcado" : [1, 0, 0, 0, 0, 0, 0, 0, 19, 0, 4, 16, 0, 0, 1, 0, 1, 0] }
Nov 30, 2019 11:17:57 AM petriNet.PetriNet dispararExtendida
INFO: {"disparo" : 1, "marcado" : [0, 1, 0, 0, 0, 0, 0, 0, 19, 0, 4, 16, 0, 0, 1, 0, 1, 0] }
Nov 30, 2019 11:17:57 AM petriNet.PetriNet dispararExtendida
INFO: {"disparo" : 2, "marcado" : [0, 0, 1, 0, 0, 0, 0, 1, 19, 0, 4, 16, 0, 0, 1, 0, 0, 0] }
Nov 30, 2019 11:17:57 AM petriNet.PetriNet dispararExtendida
INFO: {"disparo" : 11, "marcado" : [0, 0, 1, 0, 0, 0, 0, 1, 19, 0, 3, 17, 0, 0, 1, 0, 0, 0] }
Nov 30, 2019 11:17:57 AM petriNet.PetriNet dispararExtendida
INFO: {"disparo" : 11, "marcado" : [0, 0, 1, 0, 0, 0, 0, 1, 19, 0, 2, 18, 0, 0, 1, 0, 0, 0] }
Nov 30, 2019 11:17:57 AM petriNet.PetriNet dispararExtendida
INFO: {"disparo" : 11, "marcado" : [0, 0, 1, 0, 0, 0, 0, 1, 19, 0, 1, 19, 0, 0, 1, 0, 0, 0] }
Nov 30, 2019 11:17:57 AM petriNet.PetriNet dispararExtendida
INFO: {"disparo" : 11, "marcado" : [0, 0, 1, 0, 0, 0, 0, 1, 19, 0, 0, 20, 0, 0, 1, 0, 0, 0] }
Nov 30, 2019 11:17:57 AM petriNet.PetriNet dispararExtendida
INFO: {"disparo" : 3, "marcado" : [0, 0, 0, 1, 0, 0, 0, 1, 19, 0, 0, 20, 0, 0, 1, 1, 0, 0] }
Nov 30, 2019 11:17:58 AM petriNet.PetriNet dispararExtendida
INFO: {"disparo" : 8, "marcado" : [0, 0, 0, 1, 0, 0, 0, 1, 20, 0, 0, 20, 0, 0, 1, 1, 0, 0] }
Nov 30, 2019 11:18:01 AM petriNet.PetriNet dispararExtendida
INFO: {"disparo" : 8, "marcado" : [0, 0, 0, 1, 0, 0, 0, 1, 21, 0, 0, 20, 0, 0, 1, 1, 0, 0] }
Nov 30, 2019 11:18:03 AM petriNet.PetriNet dispararExtendida
INFO: {"disparo" : 4, "marcado" : [0, 0, 0, 0, 1, 0, 0, 1, 21, 0, 0, 20, 0, 0, 0, 1, 0, 0] }
Nov 30, 2019 11:18:04 AM petriNet.PetriNet dispararExtendida
INFO: {"disparo" : 13, "marcado" : [0, 0, 0, 0, 1, 0, 0, 1, 21, 0, 0, 20, 1, 0, 0, 1, 0, 0] }
Nov 30, 2019 11:18:04 AM petriNet.PetriNet dispararExtendida
INFO: {"disparo" : 8, "marcado" : [0, 0, 0, 0, 1, 0, 0, 1, 22, 0, 0, 20, 1, 0, 0, 1, 0, 0] }
Nov 30, 2019 11:18:07 AM petriNet.PetriNet dispararExtendida
INFO: {"disparo" : 8, "marcado" : [0, 0, 0, 0, 1, 0, 0, 1, 23, 0, 0, 20, 1, 0, 0, 1, 0, 0] }
Nov 30, 2019 11:18:08 AM petriNet.PetriNet dispararExtendida
INFO: {"disparo" : 15, "marcado" : [0, 0, 0, 0, 0, 0, 0, 1, 23, 0, 0, 20, 1, 0, 1, 1, 0, 1] }
Nov 30, 2019 11:18:08 AM petriNet.PetriNet dispararExtendida
INFO: {"disparo" : 5, "marcado" : [0, 0, 0, 0, 0, 1, 0, 1, 23, 0, 0, 20, 1, 0, 1, 0, 0, 0] }
Nov 30, 2019 11:18:10 AM petriNet.PetriNet dispararExtendida
INFO: {"disparo" : 8, "marcado" : [0, 0, 0, 0, 0, 1, 0, 1, 24, 0, 0, 20, 1, 0, 1, 0, 0, 0] }
Nov 30, 2019 11:18:10 AM petriNet.PetriNet dispararExtendida
INFO: {"disparo" : 6, "marcado" : [0, 0, 0, 0, 0, 0, 1, 0, 24, 0, 0, 20, 1, 0, 1, 0, 1, 0] }
Nov 30, 2019 11:18:10 AM petriNet.PetriNet dispararExtendida
INFO: {"disparo" : 9, "marcado" : [0, 0, 0, 0, 0, 0, 1, 0, 24, 1, 0, 19, 1, 0, 1, 0, 1, 0] }
Nov 30, 2019 11:18:10 AM petriNet.PetriNet dispararExtendida
INFO: {"disparo" : 10, "marcado" : [0, 0, 0, 0, 0, 0, 1, 0, 23, 0, 1, 19, 1, 0, 1, 0, 1, 0] }
Nov 30, 2019 11:18:10 AM petriNet.PetriNet dispararExtendida
INFO: {"disparo" : 12, "marcado" : [0, 0, 0, 0, 0, 0, 1, 0, 23, 0, 1, 19, 0, 1, 0, 0, 1, 0] }
Nov 30, 2019 11:18:10 AM petriNet.PetriNet dispararExtendida
INFO: {"disparo" : 14, "marcado" : [0, 0, 0, 0, 0, 0, 1, 0, 23, 0, 1, 19, 0, 0, 1, 0, 1, 0] }
Nov 30, 2019 11:18:13 AM petriNet.PetriNet dispararExtendida
INFO: {"disparo" : 8, "marcado" : [0, 0, 0, 0, 0, 0, 1, 0, 24, 0, 1, 19, 0, 0, 1, 0, 1, 0] }
Nov 30, 2019 11:18:13 AM petriNet.PetriNet dispararExtendida
INFO: {"disparo" : 9, "marcado" : [0, 0, 0, 0, 0, 0, 1, 0, 24, 1, 1, 18, 0, 0, 1, 0, 1, 0] }
Nov 30, 2019 11:18:13 AM petriNet.PetriNet dispararExtendida
INFO: {"disparo" : 10, "marcado" : [0, 0, 0, 0, 0, 0, 1, 0, 23, 0, 2, 18, 0, 0, 1, 0, 1, 0] }
Nov 30, 2019 11:18:16 AM petriNet.PetriNet dispararExtendida
INFO: {"disparo" : 8, "marcado" : [0, 0, 0, 0, 0, 0, 1, 0, 24, 0, 2, 18, 0, 0, 1, 0, 1, 0] }
Nov 30, 2019 11:18:16 AM petriNet.PetriNet dispararExtendida
INFO: {"disparo" : 9, "marcado" : [0, 0, 0, 0, 0, 0, 1, 0, 24, 1, 2, 17, 0, 0, 1, 0, 1, 0] }
Nov 30, 2019 11:18:16 AM petriNet.PetriNet dispararExtendida
INFO: {"disparo" : 10, "marcado" : [0, 0, 0, 0, 0, 0, 1, 0, 23, 0, 3, 17, 0, 0, 1, 0, 1, 0] }
Nov 30, 2019 11:18:19 AM petriNet.PetriNet dispararExtendida
INFO: {"disparo" : 13, "marcado" : [0, 0, 0, 0, 0, 0, 1, 0, 23, 0, 3, 17, 1, 0, 1, 0, 1, 0] }
Nov 30, 2019 11:18:19 AM petriNet.PetriNet dispararExtendida
INFO: {"disparo" : 12, "marcado" : [0, 0, 0, 0, 0, 0, 1, 0, 23, 0, 3, 17, 0, 1, 0, 0, 1, 0] }
Nov 30, 2019 11:18:19 AM petriNet.PetriNet dispararExtendida
INFO: {"disparo" : 14, "marcado" : [0, 0, 0, 0, 0, 0, 1, 0, 23, 0, 3, 17, 0, 0, 1, 0, 1, 0] }
Nov 30, 2019 11:18:19 AM petriNet.PetriNet dispararExtendida
INFO: {"disparo" : 8, "marcado" : [0, 0, 0, 0, 0, 0, 1, 0, 24, 0, 3, 17, 0, 0, 1, 0, 1, 0] }
Nov 30, 2019 11:18:19 AM petriNet.PetriNet dispararExtendida
INFO: {"disparo" : 9, "marcado" : [0, 0, 0, 0, 0, 0, 1, 0, 24, 1, 3, 16, 0, 0, 1, 0, 1, 0] }
Nov 30, 2019 11:18:19 AM petriNet.PetriNet dispararExtendida
INFO: {"disparo" : 10, "marcado" : [0, 0, 0, 0, 0, 0, 1, 0, 23, 0, 4, 16, 0, 0, 1, 0, 1, 0] }
Nov 30, 2019 11:18:20 AM petriNet.PetriNet dispararExtendida
INFO: {"disparo" : 7, "marcado" : [1, 0, 0, 0, 0, 0, 0, 0, 23, 0, 4, 16, 0, 0, 1, 0, 1, 0] }
Nov 30, 2019 11:18:20 AM petriNet.PetriNet dispararExtendida
INFO: {"disparo" : 1, "marcado" : [0, 1, 0, 0, 0, 0, 0, 0, 23, 0, 4, 16, 0, 0, 1, 0, 1, 0] }
Nov 30, 2019 11:18:20 AM petriNet.PetriNet dispararExtendida
INFO: {"disparo" : 2, "marcado" : [0, 0, 1, 0, 0, 0, 0, 1, 23, 0, 4, 16, 0, 0, 1, 0, 0, 0] }
Nov 30, 2019 11:18:20 AM petriNet.PetriNet dispararExtendida
INFO: {"disparo" : 11, "marcado" : [0, 0, 1, 0, 0, 0, 0, 1, 23, 0, 3, 17, 0, 0, 1, 0, 0, 0] }
Nov 30, 2019 11:18:20 AM petriNet.PetriNet dispararExtendida
INFO: {"disparo" : 11, "marcado" : [0, 0, 1, 0, 0, 0, 0, 1, 23, 0, 2, 18, 0, 0, 1, 0, 0, 0] }
Nov 30, 2019 11:18:20 AM petriNet.PetriNet dispararExtendida
INFO: {"disparo" : 11, "marcado" : [0, 0, 1, 0, 0, 0, 0, 1, 23, 0, 1, 19, 0, 0, 1, 0, 0, 0] }
Nov 30, 2019 11:18:20 AM petriNet.PetriNet dispararExtendida
INFO: {"disparo" : 11, "marcado" : [0, 0, 1, 0, 0, 0, 0, 1, 23, 0, 0, 20, 0, 0, 1, 0, 0, 0] }
Nov 30, 2019 11:18:20 AM petriNet.PetriNet dispararExtendida
INFO: {"disparo" : 3, "marcado" : [0, 0, 0, 1, 0, 0, 0, 1, 23, 0, 0, 20, 0, 0, 1, 1, 0, 0] }
Nov 30, 2019 11:18:22 AM petriNet.PetriNet dispararExtendida
INFO: {"disparo" : 8, "marcado" : [0, 0, 0, 1, 0, 0, 0, 1, 24, 0, 0, 20, 0, 0, 1, 1, 0, 0] }
Nov 30, 2019 11:18:25 AM petriNet.PetriNet dispararExtendida
INFO: {"disparo" : 8, "marcado" : [0, 0, 0, 1, 0, 0, 0, 1, 25, 0, 0, 20, 0, 0, 1, 1, 0, 0] }
Nov 30, 2019 11:18:26 AM petriNet.PetriNet dispararExtendida
INFO: {"disparo" : 4, "marcado" : [0, 0, 0, 0, 1, 0, 0, 1, 25, 0, 0, 20, 0, 0, 0, 1, 0, 0] }
Nov 30, 2019 11:18:28 AM petriNet.PetriNet dispararExtendida
INFO: {"disparo" : 8, "marcado" : [0, 0, 0, 0, 1, 0, 0, 1, 26, 0, 0, 20, 0, 0, 0, 1, 0, 0] }
Nov 30, 2019 11:18:31 AM petriNet.PetriNet dispararExtendida
INFO: {"disparo" : 15, "marcado" : [0, 0, 0, 0, 0, 0, 0, 1, 26, 0, 0, 20, 0, 0, 1, 1, 0, 1] }
Nov 30, 2019 11:18:31 AM petriNet.PetriNet dispararExtendida
INFO: {"disparo" : 5, "marcado" : [0, 0, 0, 0, 0, 1, 0, 1, 26, 0, 0, 20, 0, 0, 1, 0, 0, 0] }
Nov 30, 2019 11:18:31 AM petriNet.PetriNet dispararExtendida
INFO: {"disparo" : 6, "marcado" : [0, 0, 0, 0, 0, 0, 1, 0, 26, 0, 0, 20, 0, 0, 1, 0, 1, 0] }
Nov 30, 2019 11:18:31 AM petriNet.PetriNet dispararExtendida
INFO: {"disparo" : 9, "marcado" : [0, 0, 0, 0, 0, 0, 1, 0, 26, 1, 0, 19, 0, 0, 1, 0, 1, 0] }
Nov 30, 2019 11:18:31 AM petriNet.PetriNet dispararExtendida
INFO: {"disparo" : 10, "marcado" : [0, 0, 0, 0, 0, 0, 1, 0, 25, 0, 1, 19, 0, 0, 1, 0, 1, 0] }
Nov 30, 2019 11:18:31 AM petriNet.PetriNet dispararExtendida
INFO: {"disparo" : 8, "marcado" : [0, 0, 0, 0, 0, 0, 1, 0, 26, 0, 1, 19, 0, 0, 1, 0, 1, 0] }
Nov 30, 2019 11:18:34 AM petriNet.PetriNet dispararExtendida
INFO: {"disparo" : 9, "marcado" : [0, 0, 0, 0, 0, 0, 1, 0, 26, 1, 1, 18, 0, 0, 1, 0, 1, 0] }
Nov 30, 2019 11:18:34 AM petriNet.PetriNet dispararExtendida
INFO: {"disparo" : 10, "marcado" : [0, 0, 0, 0, 0, 0, 1, 0, 25, 0, 2, 18, 0, 0, 1, 0, 1, 0] }
Nov 30, 2019 11:18:34 AM petriNet.PetriNet dispararExtendida
INFO: {"disparo" : 13, "marcado" : [0, 0, 0, 0, 0, 0, 1, 0, 25, 0, 2, 18, 1, 0, 1, 0, 1, 0] }
Nov 30, 2019 11:18:34 AM petriNet.PetriNet dispararExtendida
INFO: {"disparo" : 12, "marcado" : [0, 0, 0, 0, 0, 0, 1, 0, 25, 0, 2, 18, 0, 1, 0, 0, 1, 0] }
Nov 30, 2019 11:18:34 AM petriNet.PetriNet dispararExtendida
INFO: {"disparo" : 14, "marcado" : [0, 0, 0, 0, 0, 0, 1, 0, 25, 0, 2, 18, 0, 0, 1, 0, 1, 0] }
Nov 30, 2019 11:18:34 AM petriNet.PetriNet dispararExtendida
INFO: {"disparo" : 8, "marcado" : [0, 0, 0, 0, 0, 0, 1, 0, 26, 0, 2, 18, 0, 0, 1, 0, 1, 0] }
Nov 30, 2019 11:18:37 AM petriNet.PetriNet dispararExtendida
INFO: {"disparo" : 9, "marcado" : [0, 0, 0, 0, 0, 0, 1, 0, 26, 1, 2, 17, 0, 0, 1, 0, 1, 0] }
Nov 30, 2019 11:18:37 AM petriNet.PetriNet dispararExtendida
INFO: {"disparo" : 10, "marcado" : [0, 0, 0, 0, 0, 0, 1, 0, 25, 0, 3, 17, 0, 0, 1, 0, 1, 0] }
Nov 30, 2019 11:18:37 AM petriNet.PetriNet dispararExtendida
INFO: {"disparo" : 8, "marcado" : [0, 0, 0, 0, 0, 0, 1, 0, 26, 0, 3, 17, 0, 0, 1, 0, 1, 0] }
Nov 30, 2019 11:18:40 AM petriNet.PetriNet dispararExtendida
INFO: {"disparo" : 9, "marcado" : [0, 0, 0, 0, 0, 0, 1, 0, 26, 1, 3, 16, 0, 0, 1, 0, 1, 0] }
Nov 30, 2019 11:18:40 AM petriNet.PetriNet dispararExtendida
INFO: {"disparo" : 10, "marcado" : [0, 0, 0, 0, 0, 0, 1, 0, 25, 0, 4, 16, 0, 0, 1, 0, 1, 0] }
Nov 30, 2019 11:18:40 AM petriNet.PetriNet dispararExtendida
INFO: {"disparo" : 8, "marcado" : [0, 0, 0, 0, 0, 0, 1, 0, 26, 0, 4, 16, 0, 0, 1, 0, 1, 0] }
Nov 30, 2019 11:18:41 AM petriNet.PetriNet dispararExtendida
INFO: {"disparo" : 7, "marcado" : [1, 0, 0, 0, 0, 0, 0, 0, 26, 0, 4, 16, 0, 0, 1, 0, 1, 0] }
Nov 30, 2019 11:18:41 AM petriNet.PetriNet dispararExtendida
INFO: {"disparo" : 1, "marcado" : [0, 1, 0, 0, 0, 0, 0, 0, 26, 0, 4, 16, 0, 0, 1, 0, 1, 0] }
Nov 30, 2019 11:18:41 AM petriNet.PetriNet dispararExtendida
INFO: {"disparo" : 2, "marcado" : [0, 0, 1, 0, 0, 0, 0, 1, 26, 0, 4, 16, 0, 0, 1, 0, 0, 0] }
Nov 30, 2019 11:18:41 AM petriNet.PetriNet dispararExtendida
INFO: {"disparo" : 11, "marcado" : [0, 0, 1, 0, 0, 0, 0, 1, 26, 0, 3, 17, 0, 0, 1, 0, 0, 0] }
Nov 30, 2019 11:18:41 AM petriNet.PetriNet dispararExtendida
INFO: {"disparo" : 11, "marcado" : [0, 0, 1, 0, 0, 0, 0, 1, 26, 0, 2, 18, 0, 0, 1, 0, 0, 0] }
Nov 30, 2019 11:18:41 AM petriNet.PetriNet dispararExtendida
INFO: {"disparo" : 11, "marcado" : [0, 0, 1, 0, 0, 0, 0, 1, 26, 0, 1, 19, 0, 0, 1, 0, 0, 0] }
Nov 30, 2019 11:18:41 AM petriNet.PetriNet dispararExtendida
INFO: {"disparo" : 11, "marcado" : [0, 0, 1, 0, 0, 0, 0, 1, 26, 0, 0, 20, 0, 0, 1, 0, 0, 0] }
Nov 30, 2019 11:18:41 AM petriNet.PetriNet dispararExtendida
INFO: {"disparo" : 3, "marcado" : [0, 0, 0, 1, 0, 0, 0, 1, 26, 0, 0, 20, 0, 0, 1, 1, 0, 0] }
Nov 30, 2019 11:18:43 AM petriNet.PetriNet dispararExtendida
INFO: {"disparo" : 8, "marcado" : [0, 0, 0, 1, 0, 0, 0, 1, 27, 0, 0, 20, 0, 0, 1, 1, 0, 0] }
Nov 30, 2019 11:18:46 AM petriNet.PetriNet dispararExtendida
INFO: {"disparo" : 8, "marcado" : [0, 0, 0, 1, 0, 0, 0, 1, 28, 0, 0, 20, 0, 0, 1, 1, 0, 0] }
Nov 30, 2019 11:18:47 AM petriNet.PetriNet dispararExtendida
INFO: {"disparo" : 4, "marcado" : [0, 0, 0, 0, 1, 0, 0, 1, 28, 0, 0, 20, 0, 0, 0, 1, 0, 0] }
Nov 30, 2019 11:18:49 AM petriNet.PetriNet dispararExtendida
INFO: {"disparo" : 13, "marcado" : [0, 0, 0, 0, 1, 0, 0, 1, 28, 0, 0, 20, 1, 0, 0, 1, 0, 0] }
Nov 30, 2019 11:18:49 AM petriNet.PetriNet dispararExtendida
INFO: {"disparo" : 8, "marcado" : [0, 0, 0, 0, 1, 0, 0, 1, 29, 0, 0, 20, 1, 0, 0, 1, 0, 0] }
Nov 30, 2019 11:18:52 AM petriNet.PetriNet dispararExtendida
INFO: {"disparo" : 15, "marcado" : [0, 0, 0, 0, 0, 0, 0, 1, 29, 0, 0, 20, 1, 0, 1, 1, 0, 1] }
Nov 30, 2019 11:18:52 AM petriNet.PetriNet dispararExtendida
INFO: {"disparo" : 5, "marcado" : [0, 0, 0, 0, 0, 1, 0, 1, 29, 0, 0, 20, 1, 0, 1, 0, 0, 0] }
Nov 30, 2019 11:18:52 AM petriNet.PetriNet dispararExtendida
INFO: {"disparo" : 6, "marcado" : [0, 0, 0, 0, 0, 0, 1, 0, 29, 0, 0, 20, 1, 0, 1, 0, 1, 0] }
Nov 30, 2019 11:18:52 AM petriNet.PetriNet dispararExtendida
INFO: {"disparo" : 9, "marcado" : [0, 0, 0, 0, 0, 0, 1, 0, 29, 1, 0, 19, 1, 0, 1, 0, 1, 0] }
Nov 30, 2019 11:18:52 AM petriNet.PetriNet dispararExtendida
INFO: {"disparo" : 10, "marcado" : [0, 0, 0, 0, 0, 0, 1, 0, 28, 0, 1, 19, 1, 0, 1, 0, 1, 0] }
Nov 30, 2019 11:18:52 AM petriNet.PetriNet dispararExtendida
INFO: {"disparo" : 12, "marcado" : [0, 0, 0, 0, 0, 0, 1, 0, 28, 0, 1, 19, 0, 1, 0, 0, 1, 0] }
Nov 30, 2019 11:18:52 AM petriNet.PetriNet dispararExtendida
INFO: {"disparo" : 14, "marcado" : [0, 0, 0, 0, 0, 0, 1, 0, 28, 0, 1, 19, 0, 0, 1, 0, 1, 0] }
Nov 30, 2019 11:18:52 AM petriNet.PetriNet dispararExtendida
INFO: {"disparo" : 8, "marcado" : [0, 0, 0, 0, 0, 0, 1, 0, 29, 0, 1, 19, 0, 0, 1, 0, 1, 0] }
Nov 30, 2019 11:18:55 AM petriNet.PetriNet dispararExtendida
INFO: {"disparo" : 9, "marcado" : [0, 0, 0, 0, 0, 0, 1, 0, 29, 1, 1, 18, 0, 0, 1, 0, 1, 0] }
Nov 30, 2019 11:18:55 AM petriNet.PetriNet dispararExtendida
INFO: {"disparo" : 10, "marcado" : [0, 0, 0, 0, 0, 0, 1, 0, 28, 0, 2, 18, 0, 0, 1, 0, 1, 0] }
Nov 30, 2019 11:18:55 AM petriNet.PetriNet dispararExtendida
INFO: {"disparo" : 8, "marcado" : [0, 0, 0, 0, 0, 0, 1, 0, 29, 0, 2, 18, 0, 0, 1, 0, 1, 0] }
Nov 30, 2019 11:18:58 AM petriNet.PetriNet dispararExtendida
INFO: {"disparo" : 9, "marcado" : [0, 0, 0, 0, 0, 0, 1, 0, 29, 1, 2, 17, 0, 0, 1, 0, 1, 0] }
Nov 30, 2019 11:18:58 AM petriNet.PetriNet dispararExtendida
INFO: {"disparo" : 10, "marcado" : [0, 0, 0, 0, 0, 0, 1, 0, 28, 0, 3, 17, 0, 0, 1, 0, 1, 0] }
Nov 30, 2019 11:18:58 AM petriNet.PetriNet dispararExtendida
INFO: {"disparo" : 8, "marcado" : [0, 0, 0, 0, 0, 0, 1, 0, 29, 0, 3, 17, 0, 0, 1, 0, 1, 0] }
Nov 30, 2019 11:19:01 AM petriNet.PetriNet dispararExtendida
INFO: {"disparo" : 9, "marcado" : [0, 0, 0, 0, 0, 0, 1, 0, 29, 1, 3, 16, 0, 0, 1, 0, 1, 0] }
Nov 30, 2019 11:19:01 AM petriNet.PetriNet dispararExtendida
INFO: {"disparo" : 10, "marcado" : [0, 0, 0, 0, 0, 0, 1, 0, 28, 0, 4, 16, 0, 0, 1, 0, 1, 0] }
Nov 30, 2019 11:19:01 AM petriNet.PetriNet dispararExtendida
INFO: {"disparo" : 8, "marcado" : [0, 0, 0, 0, 0, 0, 1, 0, 29, 0, 4, 16, 0, 0, 1, 0, 1, 0] }
Nov 30, 2019 11:19:02 AM petriNet.PetriNet dispararExtendida
INFO: {"disparo" : 7, "marcado" : [1, 0, 0, 0, 0, 0, 0, 0, 29, 0, 4, 16, 0, 0, 1, 0, 1, 0] }
Nov 30, 2019 11:19:02 AM petriNet.PetriNet dispararExtendida
INFO: {"disparo" : 1, "marcado" : [0, 1, 0, 0, 0, 0, 0, 0, 29, 0, 4, 16, 0, 0, 1, 0, 1, 0] }
Nov 30, 2019 11:19:02 AM petriNet.PetriNet dispararExtendida
INFO: {"disparo" : 2, "marcado" : [0, 0, 1, 0, 0, 0, 0, 1, 29, 0, 4, 16, 0, 0, 1, 0, 0, 0] }
Nov 30, 2019 11:19:02 AM petriNet.PetriNet dispararExtendida
INFO: {"disparo" : 11, "marcado" : [0, 0, 1, 0, 0, 0, 0, 1, 29, 0, 3, 17, 0, 0, 1, 0, 0, 0] }
Nov 30, 2019 11:19:02 AM petriNet.PetriNet dispararExtendida
INFO: {"disparo" : 11, "marcado" : [0, 0, 1, 0, 0, 0, 0, 1, 29, 0, 2, 18, 0, 0, 1, 0, 0, 0] }
Nov 30, 2019 11:19:02 AM petriNet.PetriNet dispararExtendida
INFO: {"disparo" : 11, "marcado" : [0, 0, 1, 0, 0, 0, 0, 1, 29, 0, 1, 19, 0, 0, 1, 0, 0, 0] }
Nov 30, 2019 11:19:02 AM petriNet.PetriNet dispararExtendida
INFO: {"disparo" : 11, "marcado" : [0, 0, 1, 0, 0, 0, 0, 1, 29, 0, 0, 20, 0, 0, 1, 0, 0, 0] }
Nov 30, 2019 11:19:02 AM petriNet.PetriNet dispararExtendida
INFO: {"disparo" : 3, "marcado" : [0, 0, 0, 1, 0, 0, 0, 1, 29, 0, 0, 20, 0, 0, 1, 1, 0, 0] }
Nov 30, 2019 11:19:04 AM petriNet.PetriNet dispararExtendida
INFO: {"disparo" : 13, "marcado" : [0, 0, 0, 1, 0, 0, 0, 1, 29, 0, 0, 20, 1, 0, 1, 1, 0, 0] }
Nov 30, 2019 11:19:04 AM petriNet.PetriNet dispararExtendida
INFO: {"disparo" : 8, "marcado" : [0, 0, 0, 1, 0, 0, 0, 1, 30, 0, 0, 20, 1, 0, 1, 1, 0, 0] }
Nov 30, 2019 11:19:07 AM petriNet.PetriNet dispararExtendida
INFO: {"disparo" : 8, "marcado" : [0, 0, 0, 1, 0, 0, 0, 1, 31, 0, 0, 20, 1, 0, 1, 1, 0, 0] }
Nov 30, 2019 11:19:08 AM petriNet.PetriNet dispararExtendida
INFO: {"disparo" : 4, "marcado" : [0, 0, 0, 0, 1, 0, 0, 1, 31, 0, 0, 20, 1, 0, 0, 1, 0, 0] }
Nov 30, 2019 11:19:10 AM petriNet.PetriNet dispararExtendida
INFO: {"disparo" : 8, "marcado" : [0, 0, 0, 0, 1, 0, 0, 1, 32, 0, 0, 20, 1, 0, 0, 1, 0, 0] }
Nov 30, 2019 11:19:12 AM petriNet.PetriNet dispararExtendida
INFO: {"disparo" : 15, "marcado" : [0, 0, 0, 0, 0, 0, 0, 1, 32, 0, 0, 20, 1, 0, 1, 1, 0, 1] }
Nov 30, 2019 11:19:12 AM petriNet.PetriNet dispararExtendida
INFO: {"disparo" : 5, "marcado" : [0, 0, 0, 0, 0, 1, 0, 1, 32, 0, 0, 20, 1, 0, 1, 0, 0, 0] }
Nov 30, 2019 11:19:12 AM petriNet.PetriNet dispararExtendida
INFO: {"disparo" : 6, "marcado" : [0, 0, 0, 0, 0, 0, 1, 0, 32, 0, 0, 20, 1, 0, 1, 0, 1, 0] }
Nov 30, 2019 11:19:12 AM petriNet.PetriNet dispararExtendida
INFO: {"disparo" : 9, "marcado" : [0, 0, 0, 0, 0, 0, 1, 0, 32, 1, 0, 19, 1, 0, 1, 0, 1, 0] }
Nov 30, 2019 11:19:12 AM petriNet.PetriNet dispararExtendida
INFO: {"disparo" : 10, "marcado" : [0, 0, 0, 0, 0, 0, 1, 0, 31, 0, 1, 19, 1, 0, 1, 0, 1, 0] }
Nov 30, 2019 11:19:12 AM petriNet.PetriNet dispararExtendida
INFO: {"disparo" : 12, "marcado" : [0, 0, 0, 0, 0, 0, 1, 0, 31, 0, 1, 19, 0, 1, 0, 0, 1, 0] }
Nov 30, 2019 11:19:12 AM petriNet.PetriNet dispararExtendida
INFO: {"disparo" : 14, "marcado" : [0, 0, 0, 0, 0, 0, 1, 0, 31, 0, 1, 19, 0, 0, 1, 0, 1, 0] }
Nov 30, 2019 11:19:13 AM petriNet.PetriNet dispararExtendida
INFO: {"disparo" : 8, "marcado" : [0, 0, 0, 0, 0, 0, 1, 0, 32, 0, 1, 19, 0, 0, 1, 0, 1, 0] }
Nov 30, 2019 11:19:15 AM petriNet.PetriNet dispararExtendida
INFO: {"disparo" : 9, "marcado" : [0, 0, 0, 0, 0, 0, 1, 0, 32, 1, 1, 18, 0, 0, 1, 0, 1, 0] }
Nov 30, 2019 11:19:15 AM petriNet.PetriNet dispararExtendida
INFO: {"disparo" : 10, "marcado" : [0, 0, 0, 0, 0, 0, 1, 0, 31, 0, 2, 18, 0, 0, 1, 0, 1, 0] }
Nov 30, 2019 11:19:16 AM petriNet.PetriNet dispararExtendida
INFO: {"disparo" : 8, "marcado" : [0, 0, 0, 0, 0, 0, 1, 0, 32, 0, 2, 18, 0, 0, 1, 0, 1, 0] }
Nov 30, 2019 11:19:18 AM petriNet.PetriNet dispararExtendida
INFO: {"disparo" : 9, "marcado" : [0, 0, 0, 0, 0, 0, 1, 0, 32, 1, 2, 17, 0, 0, 1, 0, 1, 0] }
Nov 30, 2019 11:19:18 AM petriNet.PetriNet dispararExtendida
INFO: {"disparo" : 10, "marcado" : [0, 0, 0, 0, 0, 0, 1, 0, 31, 0, 3, 17, 0, 0, 1, 0, 1, 0] }
Nov 30, 2019 11:19:19 AM petriNet.PetriNet dispararExtendida
INFO: {"disparo" : 13, "marcado" : [0, 0, 0, 0, 0, 0, 1, 0, 31, 0, 3, 17, 1, 0, 1, 0, 1, 0] }
Nov 30, 2019 11:19:19 AM petriNet.PetriNet dispararExtendida
INFO: {"disparo" : 12, "marcado" : [0, 0, 0, 0, 0, 0, 1, 0, 31, 0, 3, 17, 0, 1, 0, 0, 1, 0] }
Nov 30, 2019 11:19:19 AM petriNet.PetriNet dispararExtendida
INFO: {"disparo" : 14, "marcado" : [0, 0, 0, 0, 0, 0, 1, 0, 31, 0, 3, 17, 0, 0, 1, 0, 1, 0] }
Nov 30, 2019 11:19:19 AM petriNet.PetriNet dispararExtendida
INFO: {"disparo" : 8, "marcado" : [0, 0, 0, 0, 0, 0, 1, 0, 32, 0, 3, 17, 0, 0, 1, 0, 1, 0] }
Nov 30, 2019 11:19:21 AM petriNet.PetriNet dispararExtendida
INFO: {"disparo" : 9, "marcado" : [0, 0, 0, 0, 0, 0, 1, 0, 32, 1, 3, 16, 0, 0, 1, 0, 1, 0] }
Nov 30, 2019 11:19:21 AM petriNet.PetriNet dispararExtendida
INFO: {"disparo" : 10, "marcado" : [0, 0, 0, 0, 0, 0, 1, 0, 31, 0, 4, 16, 0, 0, 1, 0, 1, 0] }
Nov 30, 2019 11:19:22 AM petriNet.PetriNet dispararExtendida
INFO: {"disparo" : 7, "marcado" : [1, 0, 0, 0, 0, 0, 0, 0, 31, 0, 4, 16, 0, 0, 1, 0, 1, 0] }
Nov 30, 2019 11:19:22 AM petriNet.PetriNet dispararExtendida
INFO: {"disparo" : 1, "marcado" : [0, 1, 0, 0, 0, 0, 0, 0, 31, 0, 4, 16, 0, 0, 1, 0, 1, 0] }
Nov 30, 2019 11:19:22 AM petriNet.PetriNet dispararExtendida
INFO: {"disparo" : 2, "marcado" : [0, 0, 1, 0, 0, 0, 0, 1, 31, 0, 4, 16, 0, 0, 1, 0, 0, 0] }
Nov 30, 2019 11:19:22 AM petriNet.PetriNet dispararExtendida
INFO: {"disparo" : 11, "marcado" : [0, 0, 1, 0, 0, 0, 0, 1, 31, 0, 3, 17, 0, 0, 1, 0, 0, 0] }
Nov 30, 2019 11:19:22 AM petriNet.PetriNet dispararExtendida
INFO: {"disparo" : 11, "marcado" : [0, 0, 1, 0, 0, 0, 0, 1, 31, 0, 2, 18, 0, 0, 1, 0, 0, 0] }
Nov 30, 2019 11:19:22 AM petriNet.PetriNet dispararExtendida
INFO: {"disparo" : 11, "marcado" : [0, 0, 1, 0, 0, 0, 0, 1, 31, 0, 1, 19, 0, 0, 1, 0, 0, 0] }
Nov 30, 2019 11:19:22 AM petriNet.PetriNet dispararExtendida
INFO: {"disparo" : 11, "marcado" : [0, 0, 1, 0, 0, 0, 0, 1, 31, 0, 0, 20, 0, 0, 1, 0, 0, 0] }
Nov 30, 2019 11:19:22 AM petriNet.PetriNet dispararExtendida
INFO: {"disparo" : 3, "marcado" : [0, 0, 0, 1, 0, 0, 0, 1, 31, 0, 0, 20, 0, 0, 1, 1, 0, 0] }
Nov 30, 2019 11:19:22 AM petriNet.PetriNet dispararExtendida
INFO: {"disparo" : 8, "marcado" : [0, 0, 0, 1, 0, 0, 0, 1, 32, 0, 0, 20, 0, 0, 1, 1, 0, 0] }
Nov 30, 2019 11:19:25 AM petriNet.PetriNet dispararExtendida
INFO: {"disparo" : 8, "marcado" : [0, 0, 0, 1, 0, 0, 0, 1, 33, 0, 0, 20, 0, 0, 1, 1, 0, 0] }
Nov 30, 2019 11:19:28 AM petriNet.PetriNet dispararExtendida
INFO: {"disparo" : 4, "marcado" : [0, 0, 0, 0, 1, 0, 0, 1, 33, 0, 0, 20, 0, 0, 0, 1, 0, 0] }
Nov 30, 2019 11:19:28 AM petriNet.PetriNet dispararExtendida
INFO: {"disparo" : 8, "marcado" : [0, 0, 0, 0, 1, 0, 0, 1, 34, 0, 0, 20, 0, 0, 0, 1, 0, 0] }
