Dec 04, 2019 3:37:17 PM petriNet.PetriNet dispararExtendida
INFO: {"disparo" : 7, "marcado" : [1, 0, 0, 0, 0, 0, 0, 0, 10, 4, 5, 11, 5, 0, 1, 0, 1, 0] }
Dec 04, 2019 3:37:18 PM petriNet.PetriNet dispararExtendida
INFO: {"disparo" : 10, "marcado" : [1, 0, 0, 0, 0, 0, 0, 0, 9, 3, 6, 11, 5, 0, 1, 0, 1, 0] }
Dec 04, 2019 3:37:18 PM petriNet.PetriNet dispararExtendida
INFO: {"disparo" : 12, "marcado" : [1, 0, 0, 0, 0, 0, 0, 0, 9, 3, 6, 11, 4, 1, 0, 0, 1, 0] }
Dec 04, 2019 3:37:18 PM petriNet.PetriNet dispararExtendida
INFO: {"disparo" : 9, "marcado" : [1, 0, 0, 0, 0, 0, 0, 0, 9, 4, 6, 10, 4, 1, 0, 0, 1, 0] }
Dec 04, 2019 3:37:18 PM petriNet.PetriNet dispararExtendida
INFO: {"disparo" : 14, "marcado" : [1, 0, 0, 0, 0, 0, 0, 0, 9, 4, 6, 10, 4, 0, 1, 0, 1, 0] }
Dec 04, 2019 3:37:18 PM petriNet.PetriNet dispararExtendida
INFO: {"disparo" : 10, "marcado" : [1, 0, 0, 0, 0, 0, 0, 0, 8, 3, 7, 10, 4, 0, 1, 0, 1, 0] }
Dec 04, 2019 3:37:18 PM petriNet.PetriNet dispararExtendida
INFO: {"disparo" : 12, "marcado" : [1, 0, 0, 0, 0, 0, 0, 0, 8, 3, 7, 10, 3, 1, 0, 0, 1, 0] }
Dec 04, 2019 3:37:18 PM petriNet.PetriNet dispararExtendida
INFO: {"disparo" : 9, "marcado" : [1, 0, 0, 0, 0, 0, 0, 0, 8, 4, 7, 9, 3, 1, 0, 0, 1, 0] }
Dec 04, 2019 3:37:18 PM petriNet.PetriNet dispararExtendida
INFO: {"disparo" : 14, "marcado" : [1, 0, 0, 0, 0, 0, 0, 0, 8, 4, 7, 9, 3, 0, 1, 0, 1, 0] }
Dec 04, 2019 3:37:18 PM petriNet.PetriNet dispararExtendida
INFO: {"disparo" : 10, "marcado" : [1, 0, 0, 0, 0, 0, 0, 0, 7, 3, 8, 9, 3, 0, 1, 0, 1, 0] }
Dec 04, 2019 3:37:18 PM petriNet.PetriNet dispararExtendida
INFO: {"disparo" : 12, "marcado" : [1, 0, 0, 0, 0, 0, 0, 0, 7, 3, 8, 9, 2, 1, 0, 0, 1, 0] }
Dec 04, 2019 3:37:18 PM petriNet.PetriNet dispararExtendida
INFO: {"disparo" : 9, "marcado" : [1, 0, 0, 0, 0, 0, 0, 0, 7, 4, 8, 8, 2, 1, 0, 0, 1, 0] }
Dec 04, 2019 3:37:18 PM petriNet.PetriNet dispararExtendida
INFO: {"disparo" : 14, "marcado" : [1, 0, 0, 0, 0, 0, 0, 0, 7, 4, 8, 8, 2, 0, 1, 0, 1, 0] }
Dec 04, 2019 3:37:18 PM petriNet.PetriNet dispararExtendida
INFO: {"disparo" : 10, "marcado" : [1, 0, 0, 0, 0, 0, 0, 0, 6, 3, 9, 8, 2, 0, 1, 0, 1, 0] }
Dec 04, 2019 3:37:18 PM petriNet.PetriNet dispararExtendida
INFO: {"disparo" : 12, "marcado" : [1, 0, 0, 0, 0, 0, 0, 0, 6, 3, 9, 8, 1, 1, 0, 0, 1, 0] }
Dec 04, 2019 3:37:18 PM petriNet.PetriNet dispararExtendida
INFO: {"disparo" : 9, "marcado" : [1, 0, 0, 0, 0, 0, 0, 0, 6, 4, 9, 7, 1, 1, 0, 0, 1, 0] }
Dec 04, 2019 3:37:18 PM petriNet.PetriNet dispararExtendida
INFO: {"disparo" : 14, "marcado" : [1, 0, 0, 0, 0, 0, 0, 0, 6, 4, 9, 7, 1, 0, 1, 0, 1, 0] }
Dec 04, 2019 3:37:18 PM petriNet.PetriNet dispararExtendida
INFO: {"disparo" : 10, "marcado" : [1, 0, 0, 0, 0, 0, 0, 0, 5, 3, 10, 7, 1, 0, 1, 0, 1, 0] }
Dec 04, 2019 3:37:18 PM petriNet.PetriNet dispararExtendida
INFO: {"disparo" : 12, "marcado" : [1, 0, 0, 0, 0, 0, 0, 0, 5, 3, 10, 7, 0, 1, 0, 0, 1, 0] }
Dec 04, 2019 3:37:18 PM petriNet.PetriNet dispararExtendida
INFO: {"disparo" : 9, "marcado" : [1, 0, 0, 0, 0, 0, 0, 0, 5, 4, 10, 6, 0, 1, 0, 0, 1, 0] }
Dec 04, 2019 3:37:18 PM petriNet.PetriNet dispararExtendida
INFO: {"disparo" : 14, "marcado" : [1, 0, 0, 0, 0, 0, 0, 0, 5, 4, 10, 6, 0, 0, 1, 0, 1, 0] }
Dec 04, 2019 3:37:18 PM petriNet.PetriNet dispararExtendida
INFO: {"disparo" : 10, "marcado" : [1, 0, 0, 0, 0, 0, 0, 0, 4, 3, 11, 6, 0, 0, 1, 0, 1, 0] }
Dec 04, 2019 3:37:18 PM petriNet.PetriNet dispararExtendida
INFO: {"disparo" : 9, "marcado" : [1, 0, 0, 0, 0, 0, 0, 0, 4, 4, 11, 5, 0, 0, 1, 0, 1, 0] }
Dec 04, 2019 3:37:18 PM petriNet.PetriNet dispararExtendida
INFO: {"disparo" : 10, "marcado" : [1, 0, 0, 0, 0, 0, 0, 0, 3, 3, 12, 5, 0, 0, 1, 0, 1, 0] }
Dec 04, 2019 3:37:18 PM petriNet.PetriNet dispararExtendida
INFO: {"disparo" : 9, "marcado" : [1, 0, 0, 0, 0, 0, 0, 0, 3, 4, 12, 4, 0, 0, 1, 0, 1, 0] }
Dec 04, 2019 3:37:18 PM petriNet.PetriNet dispararExtendida
INFO: {"disparo" : 10, "marcado" : [1, 0, 0, 0, 0, 0, 0, 0, 2, 3, 13, 4, 0, 0, 1, 0, 1, 0] }
Dec 04, 2019 3:37:18 PM petriNet.PetriNet dispararExtendida
INFO: {"disparo" : 9, "marcado" : [1, 0, 0, 0, 0, 0, 0, 0, 2, 4, 13, 3, 0, 0, 1, 0, 1, 0] }
Dec 04, 2019 3:37:18 PM petriNet.PetriNet dispararExtendida
INFO: {"disparo" : 10, "marcado" : [1, 0, 0, 0, 0, 0, 0, 0, 1, 3, 14, 3, 0, 0, 1, 0, 1, 0] }
Dec 04, 2019 3:37:18 PM petriNet.PetriNet dispararExtendida
INFO: {"disparo" : 9, "marcado" : [1, 0, 0, 0, 0, 0, 0, 0, 1, 4, 14, 2, 0, 0, 1, 0, 1, 0] }
Dec 04, 2019 3:37:18 PM petriNet.PetriNet dispararExtendida
INFO: {"disparo" : 10, "marcado" : [1, 0, 0, 0, 0, 0, 0, 0, 0, 3, 15, 2, 0, 0, 1, 0, 1, 0] }
Dec 04, 2019 3:37:18 PM petriNet.PetriNet dispararExtendida
INFO: {"disparo" : 0, "marcado" : [0, 1, 0, 0, 0, 0, 0, 0, 0, 3, 15, 2, 0, 0, 1, 0, 1, 0] }
Dec 04, 2019 3:37:18 PM petriNet.PetriNet dispararExtendida
INFO: {"disparo" : 2, "marcado" : [0, 0, 1, 0, 0, 0, 0, 1, 0, 3, 15, 2, 0, 0, 1, 0, 0, 0] }
Dec 04, 2019 3:37:18 PM petriNet.PetriNet dispararExtendida
INFO: {"disparo" : 11, "marcado" : [0, 0, 1, 0, 0, 0, 0, 1, 0, 3, 14, 3, 0, 0, 1, 0, 0, 0] }
Dec 04, 2019 3:37:18 PM petriNet.PetriNet dispararExtendida
INFO: {"disparo" : 11, "marcado" : [0, 0, 1, 0, 0, 0, 0, 1, 0, 3, 13, 4, 0, 0, 1, 0, 0, 0] }
Dec 04, 2019 3:37:18 PM petriNet.PetriNet dispararExtendida
INFO: {"disparo" : 11, "marcado" : [0, 0, 1, 0, 0, 0, 0, 1, 0, 3, 12, 5, 0, 0, 1, 0, 0, 0] }
Dec 04, 2019 3:37:18 PM petriNet.PetriNet dispararExtendida
INFO: {"disparo" : 11, "marcado" : [0, 0, 1, 0, 0, 0, 0, 1, 0, 3, 11, 6, 0, 0, 1, 0, 0, 0] }
Dec 04, 2019 3:37:18 PM petriNet.PetriNet dispararExtendida
INFO: {"disparo" : 11, "marcado" : [0, 0, 1, 0, 0, 0, 0, 1, 0, 3, 10, 7, 0, 0, 1, 0, 0, 0] }
Dec 04, 2019 3:37:18 PM petriNet.PetriNet dispararExtendida
INFO: {"disparo" : 11, "marcado" : [0, 0, 1, 0, 0, 0, 0, 1, 0, 3, 9, 8, 0, 0, 1, 0, 0, 0] }
Dec 04, 2019 3:37:18 PM petriNet.PetriNet dispararExtendida
INFO: {"disparo" : 11, "marcado" : [0, 0, 1, 0, 0, 0, 0, 1, 0, 3, 8, 9, 0, 0, 1, 0, 0, 0] }
Dec 04, 2019 3:37:18 PM petriNet.PetriNet dispararExtendida
INFO: {"disparo" : 11, "marcado" : [0, 0, 1, 0, 0, 0, 0, 1, 0, 3, 7, 10, 0, 0, 1, 0, 0, 0] }
Dec 04, 2019 3:37:18 PM petriNet.PetriNet dispararExtendida
INFO: {"disparo" : 11, "marcado" : [0, 0, 1, 0, 0, 0, 0, 1, 0, 3, 6, 11, 0, 0, 1, 0, 0, 0] }
Dec 04, 2019 3:37:18 PM petriNet.PetriNet dispararExtendida
INFO: {"disparo" : 11, "marcado" : [0, 0, 1, 0, 0, 0, 0, 1, 0, 3, 5, 12, 0, 0, 1, 0, 0, 0] }
Dec 04, 2019 3:37:18 PM petriNet.PetriNet dispararExtendida
INFO: {"disparo" : 11, "marcado" : [0, 0, 1, 0, 0, 0, 0, 1, 0, 3, 4, 13, 0, 0, 1, 0, 0, 0] }
Dec 04, 2019 3:37:18 PM petriNet.PetriNet dispararExtendida
INFO: {"disparo" : 11, "marcado" : [0, 0, 1, 0, 0, 0, 0, 1, 0, 3, 3, 14, 0, 0, 1, 0, 0, 0] }
Dec 04, 2019 3:37:18 PM petriNet.PetriNet dispararExtendida
INFO: {"disparo" : 11, "marcado" : [0, 0, 1, 0, 0, 0, 0, 1, 0, 3, 2, 15, 0, 0, 1, 0, 0, 0] }
Dec 04, 2019 3:37:18 PM petriNet.PetriNet dispararExtendida
INFO: {"disparo" : 11, "marcado" : [0, 0, 1, 0, 0, 0, 0, 1, 0, 3, 1, 16, 0, 0, 1, 0, 0, 0] }
Dec 04, 2019 3:37:18 PM petriNet.PetriNet dispararExtendida
INFO: {"disparo" : 11, "marcado" : [0, 0, 1, 0, 0, 0, 0, 1, 0, 3, 0, 17, 0, 0, 1, 0, 0, 0] }
Dec 04, 2019 3:37:18 PM petriNet.PetriNet dispararExtendida
INFO: {"disparo" : 3, "marcado" : [0, 0, 0, 1, 0, 0, 0, 1, 0, 3, 0, 17, 0, 0, 1, 1, 0, 0] }
Dec 04, 2019 3:37:20 PM petriNet.PetriNet dispararExtendida
INFO: {"disparo" : 8, "marcado" : [0, 0, 0, 1, 0, 0, 0, 1, 1, 3, 0, 17, 0, 0, 1, 1, 0, 0] }
Dec 04, 2019 3:37:23 PM petriNet.PetriNet dispararExtendida
INFO: {"disparo" : 8, "marcado" : [0, 0, 0, 1, 0, 0, 0, 1, 2, 3, 0, 17, 0, 0, 1, 1, 0, 0] }
Dec 04, 2019 3:37:24 PM petriNet.PetriNet dispararExtendida
INFO: {"disparo" : 4, "marcado" : [0, 0, 0, 0, 1, 0, 0, 1, 2, 3, 0, 17, 0, 0, 0, 1, 0, 0] }
Dec 04, 2019 3:37:26 PM petriNet.PetriNet dispararExtendida
INFO: {"disparo" : 8, "marcado" : [0, 0, 0, 0, 1, 0, 0, 1, 3, 3, 0, 17, 0, 0, 0, 1, 0, 0] }
Dec 04, 2019 3:37:28 PM petriNet.PetriNet dispararExtendida
INFO: {"disparo" : 15, "marcado" : [0, 0, 0, 0, 0, 0, 0, 1, 3, 3, 0, 17, 0, 0, 1, 1, 0, 1] }
Dec 04, 2019 3:37:28 PM petriNet.PetriNet dispararExtendida
INFO: {"disparo" : 5, "marcado" : [0, 0, 0, 0, 0, 1, 0, 1, 3, 3, 0, 17, 0, 0, 1, 0, 0, 0] }
Dec 04, 2019 3:37:28 PM petriNet.PetriNet dispararExtendida
INFO: {"disparo" : 6, "marcado" : [0, 0, 0, 0, 0, 0, 1, 0, 3, 3, 0, 17, 0, 0, 1, 0, 1, 0] }
Dec 04, 2019 3:37:28 PM petriNet.PetriNet dispararExtendida
INFO: {"disparo" : 9, "marcado" : [0, 0, 0, 0, 0, 0, 1, 0, 3, 4, 0, 16, 0, 0, 1, 0, 1, 0] }
Dec 04, 2019 3:37:28 PM petriNet.PetriNet dispararExtendida
INFO: {"disparo" : 9, "marcado" : [0, 0, 0, 0, 0, 0, 1, 0, 3, 5, 0, 15, 0, 0, 1, 0, 1, 0] }
Dec 04, 2019 3:37:28 PM petriNet.PetriNet dispararExtendida
INFO: {"disparo" : 10, "marcado" : [0, 0, 0, 0, 0, 0, 1, 0, 2, 4, 1, 15, 0, 0, 1, 0, 1, 0] }
Dec 04, 2019 3:37:28 PM petriNet.PetriNet dispararExtendida
INFO: {"disparo" : 9, "marcado" : [0, 0, 0, 0, 0, 0, 1, 0, 2, 5, 1, 14, 0, 0, 1, 0, 1, 0] }
Dec 04, 2019 3:37:28 PM petriNet.PetriNet dispararExtendida
INFO: {"disparo" : 10, "marcado" : [0, 0, 0, 0, 0, 0, 1, 0, 1, 4, 2, 14, 0, 0, 1, 0, 1, 0] }
Dec 04, 2019 3:37:28 PM petriNet.PetriNet dispararExtendida
INFO: {"disparo" : 9, "marcado" : [0, 0, 0, 0, 0, 0, 1, 0, 1, 5, 2, 13, 0, 0, 1, 0, 1, 0] }
Dec 04, 2019 3:37:28 PM petriNet.PetriNet dispararExtendida
INFO: {"disparo" : 10, "marcado" : [0, 0, 0, 0, 0, 0, 1, 0, 0, 4, 3, 13, 0, 0, 1, 0, 1, 0] }
Dec 04, 2019 3:37:28 PM petriNet.PetriNet dispararExtendida
INFO: {"disparo" : 9, "marcado" : [0, 0, 0, 0, 0, 0, 1, 0, 0, 5, 3, 12, 0, 0, 1, 0, 1, 0] }
Dec 04, 2019 3:37:28 PM petriNet.PetriNet dispararExtendida
INFO: {"disparo" : 9, "marcado" : [0, 0, 0, 0, 0, 0, 1, 0, 0, 6, 3, 11, 0, 0, 1, 0, 1, 0] }
Dec 04, 2019 3:37:28 PM petriNet.PetriNet dispararExtendida
INFO: {"disparo" : 9, "marcado" : [0, 0, 0, 0, 0, 0, 1, 0, 0, 7, 3, 10, 0, 0, 1, 0, 1, 0] }
Dec 04, 2019 3:37:28 PM petriNet.PetriNet dispararExtendida
INFO: {"disparo" : 9, "marcado" : [0, 0, 0, 0, 0, 0, 1, 0, 0, 8, 3, 9, 0, 0, 1, 0, 1, 0] }
Dec 04, 2019 3:37:28 PM petriNet.PetriNet dispararExtendida
INFO: {"disparo" : 9, "marcado" : [0, 0, 0, 0, 0, 0, 1, 0, 0, 9, 3, 8, 0, 0, 1, 0, 1, 0] }
Dec 04, 2019 3:37:28 PM petriNet.PetriNet dispararExtendida
INFO: {"disparo" : 9, "marcado" : [0, 0, 0, 0, 0, 0, 1, 0, 0, 10, 3, 7, 0, 0, 1, 0, 1, 0] }
Dec 04, 2019 3:37:28 PM petriNet.PetriNet dispararExtendida
INFO: {"disparo" : 9, "marcado" : [0, 0, 0, 0, 0, 0, 1, 0, 0, 11, 3, 6, 0, 0, 1, 0, 1, 0] }
Dec 04, 2019 3:37:28 PM petriNet.PetriNet dispararExtendida
INFO: {"disparo" : 9, "marcado" : [0, 0, 0, 0, 0, 0, 1, 0, 0, 12, 3, 5, 0, 0, 1, 0, 1, 0] }
Dec 04, 2019 3:37:28 PM petriNet.PetriNet dispararExtendida
INFO: {"disparo" : 9, "marcado" : [0, 0, 0, 0, 0, 0, 1, 0, 0, 13, 3, 4, 0, 0, 1, 0, 1, 0] }
Dec 04, 2019 3:37:28 PM petriNet.PetriNet dispararExtendida
INFO: {"disparo" : 9, "marcado" : [0, 0, 0, 0, 0, 0, 1, 0, 0, 14, 3, 3, 0, 0, 1, 0, 1, 0] }
Dec 04, 2019 3:37:28 PM petriNet.PetriNet dispararExtendida
INFO: {"disparo" : 9, "marcado" : [0, 0, 0, 0, 0, 0, 1, 0, 0, 15, 3, 2, 0, 0, 1, 0, 1, 0] }
Dec 04, 2019 3:37:28 PM petriNet.PetriNet dispararExtendida
INFO: {"disparo" : 9, "marcado" : [0, 0, 0, 0, 0, 0, 1, 0, 0, 16, 3, 1, 0, 0, 1, 0, 1, 0] }
Dec 04, 2019 3:37:28 PM petriNet.PetriNet dispararExtendida
INFO: {"disparo" : 9, "marcado" : [0, 0, 0, 0, 0, 0, 1, 0, 0, 17, 3, 0, 0, 0, 1, 0, 1, 0] }
Dec 04, 2019 3:37:29 PM petriNet.PetriNet dispararExtendida
INFO: {"disparo" : 8, "marcado" : [0, 0, 0, 0, 0, 0, 1, 0, 1, 17, 3, 0, 0, 0, 1, 0, 1, 0] }
Dec 04, 2019 3:37:29 PM petriNet.PetriNet dispararExtendida
INFO: {"disparo" : 10, "marcado" : [0, 0, 0, 0, 0, 0, 1, 0, 0, 16, 4, 0, 0, 0, 1, 0, 1, 0] }
Dec 04, 2019 3:37:32 PM petriNet.PetriNet dispararExtendida
INFO: {"disparo" : 13, "marcado" : [0, 0, 0, 0, 0, 0, 1, 0, 0, 16, 4, 0, 1, 0, 1, 0, 1, 0] }
Dec 04, 2019 3:37:32 PM petriNet.PetriNet dispararExtendida
INFO: {"disparo" : 12, "marcado" : [0, 0, 0, 0, 0, 0, 1, 0, 0, 16, 4, 0, 0, 1, 0, 0, 1, 0] }
Dec 04, 2019 3:37:32 PM petriNet.PetriNet dispararExtendida
INFO: {"disparo" : 14, "marcado" : [0, 0, 0, 0, 0, 0, 1, 0, 0, 16, 4, 0, 0, 0, 1, 0, 1, 0] }
Dec 04, 2019 3:37:32 PM petriNet.PetriNet dispararExtendida
INFO: {"disparo" : 8, "marcado" : [0, 0, 0, 0, 0, 0, 1, 0, 1, 16, 4, 0, 0, 0, 1, 0, 1, 0] }
Dec 04, 2019 3:37:35 PM petriNet.PetriNet dispararExtendida
INFO: {"disparo" : 8, "marcado" : [0, 0, 0, 0, 0, 0, 1, 0, 2, 16, 4, 0, 0, 0, 1, 0, 1, 0] }
Dec 04, 2019 3:37:35 PM petriNet.PetriNet dispararExtendida
INFO: {"disparo" : 10, "marcado" : [0, 0, 0, 0, 0, 0, 1, 0, 1, 15, 5, 0, 0, 0, 1, 0, 1, 0] }
Dec 04, 2019 3:37:35 PM petriNet.PetriNet dispararExtendida
INFO: {"disparo" : 10, "marcado" : [0, 0, 0, 0, 0, 0, 1, 0, 0, 14, 6, 0, 0, 0, 1, 0, 1, 0] }
Dec 04, 2019 3:37:38 PM petriNet.PetriNet dispararExtendida
INFO: {"disparo" : 7, "marcado" : [1, 0, 0, 0, 0, 0, 0, 0, 0, 14, 6, 0, 0, 0, 1, 0, 1, 0] }
Dec 04, 2019 3:37:38 PM petriNet.PetriNet dispararExtendida
INFO: {"disparo" : 0, "marcado" : [0, 1, 0, 0, 0, 0, 0, 0, 0, 14, 6, 0, 0, 0, 1, 0, 1, 0] }
Dec 04, 2019 3:37:38 PM petriNet.PetriNet dispararExtendida
INFO: {"disparo" : 2, "marcado" : [0, 0, 1, 0, 0, 0, 0, 1, 0, 14, 6, 0, 0, 0, 1, 0, 0, 0] }
Dec 04, 2019 3:37:38 PM petriNet.PetriNet dispararExtendida
INFO: {"disparo" : 11, "marcado" : [0, 0, 1, 0, 0, 0, 0, 1, 0, 14, 5, 1, 0, 0, 1, 0, 0, 0] }
Dec 04, 2019 3:37:38 PM petriNet.PetriNet dispararExtendida
INFO: {"disparo" : 11, "marcado" : [0, 0, 1, 0, 0, 0, 0, 1, 0, 14, 4, 2, 0, 0, 1, 0, 0, 0] }
Dec 04, 2019 3:37:38 PM petriNet.PetriNet dispararExtendida
INFO: {"disparo" : 11, "marcado" : [0, 0, 1, 0, 0, 0, 0, 1, 0, 14, 3, 3, 0, 0, 1, 0, 0, 0] }
Dec 04, 2019 3:37:38 PM petriNet.PetriNet dispararExtendida
INFO: {"disparo" : 11, "marcado" : [0, 0, 1, 0, 0, 0, 0, 1, 0, 14, 2, 4, 0, 0, 1, 0, 0, 0] }
Dec 04, 2019 3:37:38 PM petriNet.PetriNet dispararExtendida
INFO: {"disparo" : 11, "marcado" : [0, 0, 1, 0, 0, 0, 0, 1, 0, 14, 1, 5, 0, 0, 1, 0, 0, 0] }
Dec 04, 2019 3:37:38 PM petriNet.PetriNet dispararExtendida
INFO: {"disparo" : 11, "marcado" : [0, 0, 1, 0, 0, 0, 0, 1, 0, 14, 0, 6, 0, 0, 1, 0, 0, 0] }
Dec 04, 2019 3:37:38 PM petriNet.PetriNet dispararExtendida
INFO: {"disparo" : 3, "marcado" : [0, 0, 0, 1, 0, 0, 0, 1, 0, 14, 0, 6, 0, 0, 1, 1, 0, 0] }
Dec 04, 2019 3:37:38 PM petriNet.PetriNet dispararExtendida
INFO: {"disparo" : 8, "marcado" : [0, 0, 0, 1, 0, 0, 0, 1, 1, 14, 0, 6, 0, 0, 1, 1, 0, 0] }
Dec 04, 2019 3:37:41 PM petriNet.PetriNet dispararExtendida
INFO: {"disparo" : 8, "marcado" : [0, 0, 0, 1, 0, 0, 0, 1, 2, 14, 0, 6, 0, 0, 1, 1, 0, 0] }
Dec 04, 2019 3:37:44 PM petriNet.PetriNet dispararExtendida
INFO: {"disparo" : 4, "marcado" : [0, 0, 0, 0, 1, 0, 0, 1, 2, 14, 0, 6, 0, 0, 0, 1, 0, 0] }
Dec 04, 2019 3:37:44 PM petriNet.PetriNet dispararExtendida
INFO: {"disparo" : 8, "marcado" : [0, 0, 0, 0, 1, 0, 0, 1, 3, 14, 0, 6, 0, 0, 0, 1, 0, 0] }
Dec 04, 2019 3:37:47 PM petriNet.PetriNet dispararExtendida
INFO: {"disparo" : 13, "marcado" : [0, 0, 0, 0, 1, 0, 0, 1, 3, 14, 0, 6, 1, 0, 0, 1, 0, 0] }
Dec 04, 2019 3:37:47 PM petriNet.PetriNet dispararExtendida
INFO: {"disparo" : 8, "marcado" : [0, 0, 0, 0, 1, 0, 0, 1, 4, 14, 0, 6, 1, 0, 0, 1, 0, 0] }
Dec 04, 2019 3:37:49 PM petriNet.PetriNet dispararExtendida
INFO: {"disparo" : 15, "marcado" : [0, 0, 0, 0, 0, 0, 0, 1, 4, 14, 0, 6, 1, 0, 1, 1, 0, 1] }
Dec 04, 2019 3:37:49 PM petriNet.PetriNet dispararExtendida
INFO: {"disparo" : 5, "marcado" : [0, 0, 0, 0, 0, 1, 0, 1, 4, 14, 0, 6, 1, 0, 1, 0, 0, 0] }
Dec 04, 2019 3:37:49 PM petriNet.PetriNet dispararExtendida
INFO: {"disparo" : 6, "marcado" : [0, 0, 0, 0, 0, 0, 1, 0, 4, 14, 0, 6, 1, 0, 1, 0, 1, 0] }
Dec 04, 2019 3:37:49 PM petriNet.PetriNet dispararExtendida
INFO: {"disparo" : 9, "marcado" : [0, 0, 0, 0, 0, 0, 1, 0, 4, 15, 0, 5, 1, 0, 1, 0, 1, 0] }
Dec 04, 2019 3:37:49 PM petriNet.PetriNet dispararExtendida
INFO: {"disparo" : 9, "marcado" : [0, 0, 0, 0, 0, 0, 1, 0, 4, 16, 0, 4, 1, 0, 1, 0, 1, 0] }
Dec 04, 2019 3:37:49 PM petriNet.PetriNet dispararExtendida
INFO: {"disparo" : 10, "marcado" : [0, 0, 0, 0, 0, 0, 1, 0, 3, 15, 1, 4, 1, 0, 1, 0, 1, 0] }
Dec 04, 2019 3:37:49 PM petriNet.PetriNet dispararExtendida
INFO: {"disparo" : 9, "marcado" : [0, 0, 0, 0, 0, 0, 1, 0, 3, 16, 1, 3, 1, 0, 1, 0, 1, 0] }
Dec 04, 2019 3:37:49 PM petriNet.PetriNet dispararExtendida
INFO: {"disparo" : 10, "marcado" : [0, 0, 0, 0, 0, 0, 1, 0, 2, 15, 2, 3, 1, 0, 1, 0, 1, 0] }
Dec 04, 2019 3:37:49 PM petriNet.PetriNet dispararExtendida
INFO: {"disparo" : 9, "marcado" : [0, 0, 0, 0, 0, 0, 1, 0, 2, 16, 2, 2, 1, 0, 1, 0, 1, 0] }
Dec 04, 2019 3:37:49 PM petriNet.PetriNet dispararExtendida
INFO: {"disparo" : 10, "marcado" : [0, 0, 0, 0, 0, 0, 1, 0, 1, 15, 3, 2, 1, 0, 1, 0, 1, 0] }
Dec 04, 2019 3:37:49 PM petriNet.PetriNet dispararExtendida
INFO: {"disparo" : 9, "marcado" : [0, 0, 0, 0, 0, 0, 1, 0, 1, 16, 3, 1, 1, 0, 1, 0, 1, 0] }
Dec 04, 2019 3:37:49 PM petriNet.PetriNet dispararExtendida
INFO: {"disparo" : 10, "marcado" : [0, 0, 0, 0, 0, 0, 1, 0, 0, 15, 4, 1, 1, 0, 1, 0, 1, 0] }
Dec 04, 2019 3:37:49 PM petriNet.PetriNet dispararExtendida
INFO: {"disparo" : 9, "marcado" : [0, 0, 0, 0, 0, 0, 1, 0, 0, 16, 4, 0, 1, 0, 1, 0, 1, 0] }
Dec 04, 2019 3:37:49 PM petriNet.PetriNet dispararExtendida
INFO: {"disparo" : 12, "marcado" : [0, 0, 0, 0, 0, 0, 1, 0, 0, 16, 4, 0, 0, 1, 0, 0, 1, 0] }
Dec 04, 2019 3:37:49 PM petriNet.PetriNet dispararExtendida
INFO: {"disparo" : 14, "marcado" : [0, 0, 0, 0, 0, 0, 1, 0, 0, 16, 4, 0, 0, 0, 1, 0, 1, 0] }
Dec 04, 2019 3:37:50 PM petriNet.PetriNet dispararExtendida
INFO: {"disparo" : 8, "marcado" : [0, 0, 0, 0, 0, 0, 1, 0, 1, 16, 4, 0, 0, 0, 1, 0, 1, 0] }
Dec 04, 2019 3:37:50 PM petriNet.PetriNet dispararExtendida
INFO: {"disparo" : 10, "marcado" : [0, 0, 0, 0, 0, 0, 1, 0, 0, 15, 5, 0, 0, 0, 1, 0, 1, 0] }
Dec 04, 2019 3:37:53 PM petriNet.PetriNet dispararExtendida
INFO: {"disparo" : 8, "marcado" : [0, 0, 0, 0, 0, 0, 1, 0, 1, 15, 5, 0, 0, 0, 1, 0, 1, 0] }
Dec 04, 2019 3:37:53 PM petriNet.PetriNet dispararExtendida
INFO: {"disparo" : 10, "marcado" : [0, 0, 0, 0, 0, 0, 1, 0, 0, 14, 6, 0, 0, 0, 1, 0, 1, 0] }
Dec 04, 2019 3:37:56 PM petriNet.PetriNet dispararExtendida
INFO: {"disparo" : 8, "marcado" : [0, 0, 0, 0, 0, 0, 1, 0, 1, 14, 6, 0, 0, 0, 1, 0, 1, 0] }
Dec 04, 2019 3:37:56 PM petriNet.PetriNet dispararExtendida
INFO: {"disparo" : 10, "marcado" : [0, 0, 0, 0, 0, 0, 1, 0, 0, 13, 7, 0, 0, 0, 1, 0, 1, 0] }
Dec 04, 2019 3:37:59 PM petriNet.PetriNet dispararExtendida
INFO: {"disparo" : 7, "marcado" : [1, 0, 0, 0, 0, 0, 0, 0, 0, 13, 7, 0, 0, 0, 1, 0, 1, 0] }
Dec 04, 2019 3:37:59 PM petriNet.PetriNet dispararExtendida
INFO: {"disparo" : 0, "marcado" : [0, 1, 0, 0, 0, 0, 0, 0, 0, 13, 7, 0, 0, 0, 1, 0, 1, 0] }
Dec 04, 2019 3:37:59 PM petriNet.PetriNet dispararExtendida
INFO: {"disparo" : 2, "marcado" : [0, 0, 1, 0, 0, 0, 0, 1, 0, 13, 7, 0, 0, 0, 1, 0, 0, 0] }
Dec 04, 2019 3:37:59 PM petriNet.PetriNet dispararExtendida
INFO: {"disparo" : 11, "marcado" : [0, 0, 1, 0, 0, 0, 0, 1, 0, 13, 6, 1, 0, 0, 1, 0, 0, 0] }
Dec 04, 2019 3:37:59 PM petriNet.PetriNet dispararExtendida
INFO: {"disparo" : 11, "marcado" : [0, 0, 1, 0, 0, 0, 0, 1, 0, 13, 5, 2, 0, 0, 1, 0, 0, 0] }
Dec 04, 2019 3:37:59 PM petriNet.PetriNet dispararExtendida
INFO: {"disparo" : 11, "marcado" : [0, 0, 1, 0, 0, 0, 0, 1, 0, 13, 4, 3, 0, 0, 1, 0, 0, 0] }
Dec 04, 2019 3:37:59 PM petriNet.PetriNet dispararExtendida
INFO: {"disparo" : 11, "marcado" : [0, 0, 1, 0, 0, 0, 0, 1, 0, 13, 3, 4, 0, 0, 1, 0, 0, 0] }
Dec 04, 2019 3:37:59 PM petriNet.PetriNet dispararExtendida
INFO: {"disparo" : 11, "marcado" : [0, 0, 1, 0, 0, 0, 0, 1, 0, 13, 2, 5, 0, 0, 1, 0, 0, 0] }
Dec 04, 2019 3:37:59 PM petriNet.PetriNet dispararExtendida
INFO: {"disparo" : 11, "marcado" : [0, 0, 1, 0, 0, 0, 0, 1, 0, 13, 1, 6, 0, 0, 1, 0, 0, 0] }
Dec 04, 2019 3:37:59 PM petriNet.PetriNet dispararExtendida
INFO: {"disparo" : 11, "marcado" : [0, 0, 1, 0, 0, 0, 0, 1, 0, 13, 0, 7, 0, 0, 1, 0, 0, 0] }
Dec 04, 2019 3:37:59 PM petriNet.PetriNet dispararExtendida
INFO: {"disparo" : 3, "marcado" : [0, 0, 0, 1, 0, 0, 0, 1, 0, 13, 0, 7, 0, 0, 1, 1, 0, 0] }
Dec 04, 2019 3:37:59 PM petriNet.PetriNet dispararExtendida
INFO: {"disparo" : 8, "marcado" : [0, 0, 0, 1, 0, 0, 0, 1, 1, 13, 0, 7, 0, 0, 1, 1, 0, 0] }
Dec 04, 2019 3:38:02 PM petriNet.PetriNet dispararExtendida
INFO: {"disparo" : 13, "marcado" : [0, 0, 0, 1, 0, 0, 0, 1, 1, 13, 0, 7, 1, 0, 1, 1, 0, 0] }
Dec 04, 2019 3:38:02 PM petriNet.PetriNet dispararExtendida
INFO: {"disparo" : 8, "marcado" : [0, 0, 0, 1, 0, 0, 0, 1, 2, 13, 0, 7, 1, 0, 1, 1, 0, 0] }
