Dec 01, 2019 12:19:48 PM petriNet.PetriNet dispararExtendida
INFO: {"disparo" : 7, "marcado" : [1, 0, 0, 0, 0, 0, 0, 0, 1, 14, 5, 1, 5, 0, 1, 0, 1, 0] }
Dec 01, 2019 12:19:48 PM petriNet.PetriNet dispararExtendida
INFO: {"disparo" : 10, "marcado" : [1, 0, 0, 0, 0, 0, 0, 0, 0, 13, 6, 1, 5, 0, 1, 0, 1, 0] }
Dec 01, 2019 12:19:48 PM petriNet.PetriNet dispararExtendida
INFO: {"disparo" : 0, "marcado" : [0, 1, 0, 0, 0, 0, 0, 0, 0, 13, 6, 1, 5, 0, 1, 0, 1, 0] }
Dec 01, 2019 12:19:48 PM petriNet.PetriNet dispararExtendida
INFO: {"disparo" : 2, "marcado" : [0, 0, 1, 0, 0, 0, 0, 1, 0, 13, 6, 1, 5, 0, 1, 0, 0, 0] }
Dec 01, 2019 12:19:48 PM petriNet.PetriNet dispararExtendida
INFO: {"disparo" : 11, "marcado" : [0, 0, 1, 0, 0, 0, 0, 1, 0, 13, 5, 2, 5, 0, 1, 0, 0, 0] }
Dec 01, 2019 12:19:48 PM petriNet.PetriNet dispararExtendida
INFO: {"disparo" : 12, "marcado" : [0, 0, 1, 0, 0, 0, 0, 1, 0, 13, 5, 2, 4, 1, 0, 0, 0, 0] }
Dec 01, 2019 12:19:48 PM petriNet.PetriNet dispararExtendida
INFO: {"disparo" : 14, "marcado" : [0, 0, 1, 0, 0, 0, 0, 1, 0, 13, 5, 2, 4, 0, 1, 0, 0, 0] }
Dec 01, 2019 12:19:48 PM petriNet.PetriNet dispararExtendida
INFO: {"disparo" : 11, "marcado" : [0, 0, 1, 0, 0, 0, 0, 1, 0, 13, 4, 3, 4, 0, 1, 0, 0, 0] }
Dec 01, 2019 12:19:48 PM petriNet.PetriNet dispararExtendida
INFO: {"disparo" : 12, "marcado" : [0, 0, 1, 0, 0, 0, 0, 1, 0, 13, 4, 3, 3, 1, 0, 0, 0, 0] }
Dec 01, 2019 12:19:48 PM petriNet.PetriNet dispararExtendida
INFO: {"disparo" : 14, "marcado" : [0, 0, 1, 0, 0, 0, 0, 1, 0, 13, 4, 3, 3, 0, 1, 0, 0, 0] }
Dec 01, 2019 12:19:48 PM petriNet.PetriNet dispararExtendida
INFO: {"disparo" : 11, "marcado" : [0, 0, 1, 0, 0, 0, 0, 1, 0, 13, 3, 4, 3, 0, 1, 0, 0, 0] }
Dec 01, 2019 12:19:48 PM petriNet.PetriNet dispararExtendida
INFO: {"disparo" : 12, "marcado" : [0, 0, 1, 0, 0, 0, 0, 1, 0, 13, 3, 4, 2, 1, 0, 0, 0, 0] }
Dec 01, 2019 12:19:48 PM petriNet.PetriNet dispararExtendida
INFO: {"disparo" : 14, "marcado" : [0, 0, 1, 0, 0, 0, 0, 1, 0, 13, 3, 4, 2, 0, 1, 0, 0, 0] }
Dec 01, 2019 12:19:48 PM petriNet.PetriNet dispararExtendida
INFO: {"disparo" : 11, "marcado" : [0, 0, 1, 0, 0, 0, 0, 1, 0, 13, 2, 5, 2, 0, 1, 0, 0, 0] }
Dec 01, 2019 12:19:48 PM petriNet.PetriNet dispararExtendida
INFO: {"disparo" : 12, "marcado" : [0, 0, 1, 0, 0, 0, 0, 1, 0, 13, 2, 5, 1, 1, 0, 0, 0, 0] }
Dec 01, 2019 12:19:48 PM petriNet.PetriNet dispararExtendida
INFO: {"disparo" : 14, "marcado" : [0, 0, 1, 0, 0, 0, 0, 1, 0, 13, 2, 5, 1, 0, 1, 0, 0, 0] }
Dec 01, 2019 12:19:48 PM petriNet.PetriNet dispararExtendida
INFO: {"disparo" : 11, "marcado" : [0, 0, 1, 0, 0, 0, 0, 1, 0, 13, 1, 6, 1, 0, 1, 0, 0, 0] }
Dec 01, 2019 12:19:48 PM petriNet.PetriNet dispararExtendida
INFO: {"disparo" : 12, "marcado" : [0, 0, 1, 0, 0, 0, 0, 1, 0, 13, 1, 6, 0, 1, 0, 0, 0, 0] }
Dec 01, 2019 12:19:48 PM petriNet.PetriNet dispararExtendida
INFO: {"disparo" : 14, "marcado" : [0, 0, 1, 0, 0, 0, 0, 1, 0, 13, 1, 6, 0, 0, 1, 0, 0, 0] }
Dec 01, 2019 12:19:48 PM petriNet.PetriNet dispararExtendida
INFO: {"disparo" : 11, "marcado" : [0, 0, 1, 0, 0, 0, 0, 1, 0, 13, 0, 7, 0, 0, 1, 0, 0, 0] }
Dec 01, 2019 12:19:48 PM petriNet.PetriNet dispararExtendida
INFO: {"disparo" : 3, "marcado" : [0, 0, 0, 1, 0, 0, 0, 1, 0, 13, 0, 7, 0, 0, 1, 1, 0, 0] }
Dec 01, 2019 12:19:51 PM petriNet.PetriNet dispararExtendida
INFO: {"disparo" : 8, "marcado" : [0, 0, 0, 1, 0, 0, 0, 1, 1, 13, 0, 7, 0, 0, 1, 1, 0, 0] }
Dec 01, 2019 12:19:54 PM petriNet.PetriNet dispararExtendida
INFO: {"disparo" : 8, "marcado" : [0, 0, 0, 1, 0, 0, 0, 1, 2, 13, 0, 7, 0, 0, 1, 1, 0, 0] }
Dec 01, 2019 12:19:54 PM petriNet.PetriNet dispararExtendida
INFO: {"disparo" : 4, "marcado" : [0, 0, 0, 0, 1, 0, 0, 1, 2, 13, 0, 7, 0, 0, 0, 1, 0, 0] }
Dec 01, 2019 12:19:57 PM petriNet.PetriNet dispararExtendida
INFO: {"disparo" : 8, "marcado" : [0, 0, 0, 0, 1, 0, 0, 1, 3, 13, 0, 7, 0, 0, 0, 1, 0, 0] }
Dec 01, 2019 12:19:59 PM petriNet.PetriNet dispararExtendida
INFO: {"disparo" : 15, "marcado" : [0, 0, 0, 0, 0, 0, 0, 1, 3, 13, 0, 7, 0, 0, 1, 1, 0, 1] }
Dec 01, 2019 12:19:59 PM petriNet.PetriNet dispararExtendida
INFO: {"disparo" : 5, "marcado" : [0, 0, 0, 0, 0, 1, 0, 1, 3, 13, 0, 7, 0, 0, 1, 0, 0, 0] }
Dec 01, 2019 12:19:59 PM petriNet.PetriNet dispararExtendida
INFO: {"disparo" : 6, "marcado" : [0, 0, 0, 0, 0, 0, 1, 0, 3, 13, 0, 7, 0, 0, 1, 0, 1, 0] }
Dec 01, 2019 12:19:59 PM petriNet.PetriNet dispararExtendida
INFO: {"disparo" : 10, "marcado" : [0, 0, 0, 0, 0, 0, 1, 0, 2, 12, 1, 7, 0, 0, 1, 0, 1, 0] }
Dec 01, 2019 12:19:59 PM petriNet.PetriNet dispararExtendida
INFO: {"disparo" : 10, "marcado" : [0, 0, 0, 0, 0, 0, 1, 0, 1, 11, 2, 7, 0, 0, 1, 0, 1, 0] }
Dec 01, 2019 12:19:59 PM petriNet.PetriNet dispararExtendida
INFO: {"disparo" : 9, "marcado" : [0, 0, 0, 0, 0, 0, 1, 0, 1, 12, 2, 6, 0, 0, 1, 0, 1, 0] }
Dec 01, 2019 12:19:59 PM petriNet.PetriNet dispararExtendida
INFO: {"disparo" : 10, "marcado" : [0, 0, 0, 0, 0, 0, 1, 0, 0, 11, 3, 6, 0, 0, 1, 0, 1, 0] }
Dec 01, 2019 12:20:00 PM petriNet.PetriNet dispararExtendida
INFO: {"disparo" : 8, "marcado" : [0, 0, 0, 0, 0, 0, 1, 0, 1, 11, 3, 6, 0, 0, 1, 0, 1, 0] }
Dec 01, 2019 12:20:00 PM petriNet.PetriNet dispararExtendida
INFO: {"disparo" : 10, "marcado" : [0, 0, 0, 0, 0, 0, 1, 0, 0, 10, 4, 6, 0, 0, 1, 0, 1, 0] }
Dec 01, 2019 12:20:02 PM petriNet.PetriNet dispararExtendida
INFO: {"disparo" : 9, "marcado" : [0, 0, 0, 0, 0, 0, 1, 0, 0, 11, 4, 5, 0, 0, 1, 0, 1, 0] }
Dec 01, 2019 12:20:03 PM petriNet.PetriNet dispararExtendida
INFO: {"disparo" : 13, "marcado" : [0, 0, 0, 0, 0, 0, 1, 0, 0, 11, 4, 5, 1, 0, 1, 0, 1, 0] }
Dec 01, 2019 12:20:03 PM petriNet.PetriNet dispararExtendida
INFO: {"disparo" : 8, "marcado" : [0, 0, 0, 0, 0, 0, 1, 0, 1, 11, 4, 5, 1, 0, 1, 0, 1, 0] }
Dec 01, 2019 12:20:05 PM petriNet.PetriNet dispararExtendida
INFO: {"disparo" : 9, "marcado" : [0, 0, 0, 0, 0, 0, 1, 0, 1, 12, 4, 4, 1, 0, 1, 0, 1, 0] }
Dec 01, 2019 12:20:05 PM petriNet.PetriNet dispararExtendida
INFO: {"disparo" : 10, "marcado" : [0, 0, 0, 0, 0, 0, 1, 0, 0, 11, 5, 4, 1, 0, 1, 0, 1, 0] }
Dec 01, 2019 12:20:05 PM petriNet.PetriNet dispararExtendida
INFO: {"disparo" : 12, "marcado" : [0, 0, 0, 0, 0, 0, 1, 0, 0, 11, 5, 4, 0, 1, 0, 0, 1, 0] }
Dec 01, 2019 12:20:05 PM petriNet.PetriNet dispararExtendida
INFO: {"disparo" : 14, "marcado" : [0, 0, 0, 0, 0, 0, 1, 0, 0, 11, 5, 4, 0, 0, 1, 0, 1, 0] }
Dec 01, 2019 12:20:06 PM petriNet.PetriNet dispararExtendida
INFO: {"disparo" : 8, "marcado" : [0, 0, 0, 0, 0, 0, 1, 0, 1, 11, 5, 4, 0, 0, 1, 0, 1, 0] }
Dec 01, 2019 12:20:06 PM petriNet.PetriNet dispararExtendida
INFO: {"disparo" : 10, "marcado" : [0, 0, 0, 0, 0, 0, 1, 0, 0, 10, 6, 4, 0, 0, 1, 0, 1, 0] }
Dec 01, 2019 12:20:08 PM petriNet.PetriNet dispararExtendida
INFO: {"disparo" : 9, "marcado" : [0, 0, 0, 0, 0, 0, 1, 0, 0, 11, 6, 3, 0, 0, 1, 0, 1, 0] }
Dec 01, 2019 12:20:09 PM petriNet.PetriNet dispararExtendida
INFO: {"disparo" : 7, "marcado" : [1, 0, 0, 0, 0, 0, 0, 0, 0, 11, 6, 3, 0, 0, 1, 0, 1, 0] }
Dec 01, 2019 12:20:09 PM petriNet.PetriNet dispararExtendida
INFO: {"disparo" : 0, "marcado" : [0, 1, 0, 0, 0, 0, 0, 0, 0, 11, 6, 3, 0, 0, 1, 0, 1, 0] }
Dec 01, 2019 12:20:09 PM petriNet.PetriNet dispararExtendida
INFO: {"disparo" : 2, "marcado" : [0, 0, 1, 0, 0, 0, 0, 1, 0, 11, 6, 3, 0, 0, 1, 0, 0, 0] }
Dec 01, 2019 12:20:09 PM petriNet.PetriNet dispararExtendida
INFO: {"disparo" : 11, "marcado" : [0, 0, 1, 0, 0, 0, 0, 1, 0, 11, 5, 4, 0, 0, 1, 0, 0, 0] }
Dec 01, 2019 12:20:09 PM petriNet.PetriNet dispararExtendida
INFO: {"disparo" : 11, "marcado" : [0, 0, 1, 0, 0, 0, 0, 1, 0, 11, 4, 5, 0, 0, 1, 0, 0, 0] }
Dec 01, 2019 12:20:09 PM petriNet.PetriNet dispararExtendida
INFO: {"disparo" : 11, "marcado" : [0, 0, 1, 0, 0, 0, 0, 1, 0, 11, 3, 6, 0, 0, 1, 0, 0, 0] }
Dec 01, 2019 12:20:09 PM petriNet.PetriNet dispararExtendida
INFO: {"disparo" : 11, "marcado" : [0, 0, 1, 0, 0, 0, 0, 1, 0, 11, 2, 7, 0, 0, 1, 0, 0, 0] }
Dec 01, 2019 12:20:09 PM petriNet.PetriNet dispararExtendida
INFO: {"disparo" : 11, "marcado" : [0, 0, 1, 0, 0, 0, 0, 1, 0, 11, 1, 8, 0, 0, 1, 0, 0, 0] }
Dec 01, 2019 12:20:09 PM petriNet.PetriNet dispararExtendida
INFO: {"disparo" : 11, "marcado" : [0, 0, 1, 0, 0, 0, 0, 1, 0, 11, 0, 9, 0, 0, 1, 0, 0, 0] }
Dec 01, 2019 12:20:09 PM petriNet.PetriNet dispararExtendida
INFO: {"disparo" : 3, "marcado" : [0, 0, 0, 1, 0, 0, 0, 1, 0, 11, 0, 9, 0, 0, 1, 1, 0, 0] }
Dec 01, 2019 12:20:09 PM petriNet.PetriNet dispararExtendida
INFO: {"disparo" : 8, "marcado" : [0, 0, 0, 1, 0, 0, 0, 1, 1, 11, 0, 9, 0, 0, 1, 1, 0, 0] }
Dec 01, 2019 12:20:12 PM petriNet.PetriNet dispararExtendida
INFO: {"disparo" : 8, "marcado" : [0, 0, 0, 1, 0, 0, 0, 1, 2, 11, 0, 9, 0, 0, 1, 1, 0, 0] }
Dec 01, 2019 12:20:15 PM petriNet.PetriNet dispararExtendida
INFO: {"disparo" : 4, "marcado" : [0, 0, 0, 0, 1, 0, 0, 1, 2, 11, 0, 9, 0, 0, 0, 1, 0, 0] }
Dec 01, 2019 12:20:15 PM petriNet.PetriNet dispararExtendida
INFO: {"disparo" : 8, "marcado" : [0, 0, 0, 0, 1, 0, 0, 1, 3, 11, 0, 9, 0, 0, 0, 1, 0, 0] }
Dec 01, 2019 12:20:18 PM petriNet.PetriNet dispararExtendida
INFO: {"disparo" : 13, "marcado" : [0, 0, 0, 0, 1, 0, 0, 1, 3, 11, 0, 9, 1, 0, 0, 1, 0, 0] }
Dec 01, 2019 12:20:18 PM petriNet.PetriNet dispararExtendida
INFO: {"disparo" : 8, "marcado" : [0, 0, 0, 0, 1, 0, 0, 1, 4, 11, 0, 9, 1, 0, 0, 1, 0, 0] }
Dec 01, 2019 12:20:19 PM petriNet.PetriNet dispararExtendida
INFO: {"disparo" : 15, "marcado" : [0, 0, 0, 0, 0, 0, 0, 1, 4, 11, 0, 9, 1, 0, 1, 1, 0, 1] }
Dec 01, 2019 12:20:19 PM petriNet.PetriNet dispararExtendida
INFO: {"disparo" : 5, "marcado" : [0, 0, 0, 0, 0, 1, 0, 1, 4, 11, 0, 9, 1, 0, 1, 0, 0, 0] }
Dec 01, 2019 12:20:19 PM petriNet.PetriNet dispararExtendida
INFO: {"disparo" : 6, "marcado" : [0, 0, 0, 0, 0, 0, 1, 0, 4, 11, 0, 9, 1, 0, 1, 0, 1, 0] }
Dec 01, 2019 12:20:19 PM petriNet.PetriNet dispararExtendida
INFO: {"disparo" : 10, "marcado" : [0, 0, 0, 0, 0, 0, 1, 0, 3, 10, 1, 9, 1, 0, 1, 0, 1, 0] }
Dec 01, 2019 12:20:19 PM petriNet.PetriNet dispararExtendida
INFO: {"disparo" : 10, "marcado" : [0, 0, 0, 0, 0, 0, 1, 0, 2, 9, 2, 9, 1, 0, 1, 0, 1, 0] }
Dec 01, 2019 12:20:19 PM petriNet.PetriNet dispararExtendida
INFO: {"disparo" : 10, "marcado" : [0, 0, 0, 0, 0, 0, 1, 0, 1, 8, 3, 9, 1, 0, 1, 0, 1, 0] }
Dec 01, 2019 12:20:19 PM petriNet.PetriNet dispararExtendida
INFO: {"disparo" : 9, "marcado" : [0, 0, 0, 0, 0, 0, 1, 0, 1, 9, 3, 8, 1, 0, 1, 0, 1, 0] }
Dec 01, 2019 12:20:19 PM petriNet.PetriNet dispararExtendida
INFO: {"disparo" : 10, "marcado" : [0, 0, 0, 0, 0, 0, 1, 0, 0, 8, 4, 8, 1, 0, 1, 0, 1, 0] }
Dec 01, 2019 12:20:19 PM petriNet.PetriNet dispararExtendida
INFO: {"disparo" : 12, "marcado" : [0, 0, 0, 0, 0, 0, 1, 0, 0, 8, 4, 8, 0, 1, 0, 0, 1, 0] }
Dec 01, 2019 12:20:21 PM petriNet.PetriNet dispararExtendida
INFO: {"disparo" : 8, "marcado" : [0, 0, 0, 0, 0, 0, 1, 0, 1, 8, 4, 8, 0, 1, 0, 0, 1, 0] }
Dec 01, 2019 12:20:21 PM petriNet.PetriNet dispararExtendida
INFO: {"disparo" : 10, "marcado" : [0, 0, 0, 0, 0, 0, 1, 0, 0, 7, 5, 8, 0, 1, 0, 0, 1, 0] }
Dec 01, 2019 12:20:21 PM petriNet.PetriNet dispararExtendida
INFO: {"disparo" : 14, "marcado" : [0, 0, 0, 0, 0, 0, 1, 0, 0, 7, 5, 8, 0, 0, 1, 0, 1, 0] }
Dec 01, 2019 12:20:22 PM petriNet.PetriNet dispararExtendida
INFO: {"disparo" : 9, "marcado" : [0, 0, 0, 0, 0, 0, 1, 0, 0, 8, 5, 7, 0, 0, 1, 0, 1, 0] }
Dec 01, 2019 12:20:24 PM petriNet.PetriNet dispararExtendida
INFO: {"disparo" : 8, "marcado" : [0, 0, 0, 0, 0, 0, 1, 0, 1, 8, 5, 7, 0, 0, 1, 0, 1, 0] }
Dec 01, 2019 12:20:24 PM petriNet.PetriNet dispararExtendida
INFO: {"disparo" : 10, "marcado" : [0, 0, 0, 0, 0, 0, 1, 0, 0, 7, 6, 7, 0, 0, 1, 0, 1, 0] }
Dec 01, 2019 12:20:25 PM petriNet.PetriNet dispararExtendida
INFO: {"disparo" : 9, "marcado" : [0, 0, 0, 0, 0, 0, 1, 0, 0, 8, 6, 6, 0, 0, 1, 0, 1, 0] }
Dec 01, 2019 12:20:27 PM petriNet.PetriNet dispararExtendida
INFO: {"disparo" : 8, "marcado" : [0, 0, 0, 0, 0, 0, 1, 0, 1, 8, 6, 6, 0, 0, 1, 0, 1, 0] }
Dec 01, 2019 12:20:27 PM petriNet.PetriNet dispararExtendida
INFO: {"disparo" : 10, "marcado" : [0, 0, 0, 0, 0, 0, 1, 0, 0, 7, 7, 6, 0, 0, 1, 0, 1, 0] }
Dec 01, 2019 12:20:28 PM petriNet.PetriNet dispararExtendida
INFO: {"disparo" : 9, "marcado" : [0, 0, 0, 0, 0, 0, 1, 0, 0, 8, 7, 5, 0, 0, 1, 0, 1, 0] }
Dec 01, 2019 12:20:29 PM petriNet.PetriNet dispararExtendida
INFO: {"disparo" : 7, "marcado" : [1, 0, 0, 0, 0, 0, 0, 0, 0, 8, 7, 5, 0, 0, 1, 0, 1, 0] }
Dec 01, 2019 12:20:29 PM petriNet.PetriNet dispararExtendida
INFO: {"disparo" : 0, "marcado" : [0, 1, 0, 0, 0, 0, 0, 0, 0, 8, 7, 5, 0, 0, 1, 0, 1, 0] }
Dec 01, 2019 12:20:29 PM petriNet.PetriNet dispararExtendida
INFO: {"disparo" : 2, "marcado" : [0, 0, 1, 0, 0, 0, 0, 1, 0, 8, 7, 5, 0, 0, 1, 0, 0, 0] }
Dec 01, 2019 12:20:29 PM petriNet.PetriNet dispararExtendida
INFO: {"disparo" : 11, "marcado" : [0, 0, 1, 0, 0, 0, 0, 1, 0, 8, 6, 6, 0, 0, 1, 0, 0, 0] }
Dec 01, 2019 12:20:29 PM petriNet.PetriNet dispararExtendida
INFO: {"disparo" : 11, "marcado" : [0, 0, 1, 0, 0, 0, 0, 1, 0, 8, 5, 7, 0, 0, 1, 0, 0, 0] }
Dec 01, 2019 12:20:29 PM petriNet.PetriNet dispararExtendida
INFO: {"disparo" : 11, "marcado" : [0, 0, 1, 0, 0, 0, 0, 1, 0, 8, 4, 8, 0, 0, 1, 0, 0, 0] }
Dec 01, 2019 12:20:29 PM petriNet.PetriNet dispararExtendida
INFO: {"disparo" : 11, "marcado" : [0, 0, 1, 0, 0, 0, 0, 1, 0, 8, 3, 9, 0, 0, 1, 0, 0, 0] }
Dec 01, 2019 12:20:29 PM petriNet.PetriNet dispararExtendida
INFO: {"disparo" : 11, "marcado" : [0, 0, 1, 0, 0, 0, 0, 1, 0, 8, 2, 10, 0, 0, 1, 0, 0, 0] }
Dec 01, 2019 12:20:29 PM petriNet.PetriNet dispararExtendida
INFO: {"disparo" : 11, "marcado" : [0, 0, 1, 0, 0, 0, 0, 1, 0, 8, 1, 11, 0, 0, 1, 0, 0, 0] }
Dec 01, 2019 12:20:29 PM petriNet.PetriNet dispararExtendida
INFO: {"disparo" : 11, "marcado" : [0, 0, 1, 0, 0, 0, 0, 1, 0, 8, 0, 12, 0, 0, 1, 0, 0, 0] }
Dec 01, 2019 12:20:29 PM petriNet.PetriNet dispararExtendida
INFO: {"disparo" : 3, "marcado" : [0, 0, 0, 1, 0, 0, 0, 1, 0, 8, 0, 12, 0, 0, 1, 1, 0, 0] }
Dec 01, 2019 12:20:30 PM petriNet.PetriNet dispararExtendida
INFO: {"disparo" : 8, "marcado" : [0, 0, 0, 1, 0, 0, 0, 1, 1, 8, 0, 12, 0, 0, 1, 1, 0, 0] }
Dec 01, 2019 12:20:33 PM petriNet.PetriNet dispararExtendida
INFO: {"disparo" : 13, "marcado" : [0, 0, 0, 1, 0, 0, 0, 1, 1, 8, 0, 12, 1, 0, 1, 1, 0, 0] }
Dec 01, 2019 12:20:33 PM petriNet.PetriNet dispararExtendida
INFO: {"disparo" : 8, "marcado" : [0, 0, 0, 1, 0, 0, 0, 1, 2, 8, 0, 12, 1, 0, 1, 1, 0, 0] }
Dec 01, 2019 12:20:35 PM petriNet.PetriNet dispararExtendida
INFO: {"disparo" : 4, "marcado" : [0, 0, 0, 0, 1, 0, 0, 1, 2, 8, 0, 12, 1, 0, 0, 1, 0, 0] }
Dec 01, 2019 12:20:36 PM petriNet.PetriNet dispararExtendida
INFO: {"disparo" : 8, "marcado" : [0, 0, 0, 0, 1, 0, 0, 1, 3, 8, 0, 12, 1, 0, 0, 1, 0, 0] }
Dec 01, 2019 12:20:39 PM petriNet.PetriNet dispararExtendida
INFO: {"disparo" : 8, "marcado" : [0, 0, 0, 0, 1, 0, 0, 1, 4, 8, 0, 12, 1, 0, 0, 1, 0, 0] }
Dec 01, 2019 12:20:40 PM petriNet.PetriNet dispararExtendida
INFO: {"disparo" : 15, "marcado" : [0, 0, 0, 0, 0, 0, 0, 1, 4, 8, 0, 12, 1, 0, 1, 1, 0, 1] }
Dec 01, 2019 12:20:40 PM petriNet.PetriNet dispararExtendida
INFO: {"disparo" : 5, "marcado" : [0, 0, 0, 0, 0, 1, 0, 1, 4, 8, 0, 12, 1, 0, 1, 0, 0, 0] }
Dec 01, 2019 12:20:40 PM petriNet.PetriNet dispararExtendida
INFO: {"disparo" : 6, "marcado" : [0, 0, 0, 0, 0, 0, 1, 0, 4, 8, 0, 12, 1, 0, 1, 0, 1, 0] }
Dec 01, 2019 12:20:40 PM petriNet.PetriNet dispararExtendida
INFO: {"disparo" : 10, "marcado" : [0, 0, 0, 0, 0, 0, 1, 0, 3, 7, 1, 12, 1, 0, 1, 0, 1, 0] }
Dec 01, 2019 12:20:40 PM petriNet.PetriNet dispararExtendida
INFO: {"disparo" : 10, "marcado" : [0, 0, 0, 0, 0, 0, 1, 0, 2, 6, 2, 12, 1, 0, 1, 0, 1, 0] }
Dec 01, 2019 12:20:40 PM petriNet.PetriNet dispararExtendida
INFO: {"disparo" : 10, "marcado" : [0, 0, 0, 0, 0, 0, 1, 0, 1, 5, 3, 12, 1, 0, 1, 0, 1, 0] }
Dec 01, 2019 12:20:40 PM petriNet.PetriNet dispararExtendida
INFO: {"disparo" : 12, "marcado" : [0, 0, 0, 0, 0, 0, 1, 0, 1, 5, 3, 12, 0, 1, 0, 0, 1, 0] }
Dec 01, 2019 12:20:40 PM petriNet.PetriNet dispararExtendida
INFO: {"disparo" : 10, "marcado" : [0, 0, 0, 0, 0, 0, 1, 0, 0, 4, 4, 12, 0, 1, 0, 0, 1, 0] }
Dec 01, 2019 12:20:40 PM petriNet.PetriNet dispararExtendida
INFO: {"disparo" : 9, "marcado" : [0, 0, 0, 0, 0, 0, 1, 0, 0, 5, 4, 11, 0, 1, 0, 0, 1, 0] }
Dec 01, 2019 12:20:42 PM petriNet.PetriNet dispararExtendida
INFO: {"disparo" : 8, "marcado" : [0, 0, 0, 0, 0, 0, 1, 0, 1, 5, 4, 11, 0, 1, 0, 0, 1, 0] }
Dec 01, 2019 12:20:42 PM petriNet.PetriNet dispararExtendida
INFO: {"disparo" : 10, "marcado" : [0, 0, 0, 0, 0, 0, 1, 0, 0, 4, 5, 11, 0, 1, 0, 0, 1, 0] }
Dec 01, 2019 12:20:42 PM petriNet.PetriNet dispararExtendida
INFO: {"disparo" : 14, "marcado" : [0, 0, 0, 0, 0, 0, 1, 0, 0, 4, 5, 11, 0, 0, 1, 0, 1, 0] }
Dec 01, 2019 12:20:43 PM petriNet.PetriNet dispararExtendida
INFO: {"disparo" : 9, "marcado" : [0, 0, 0, 0, 0, 0, 1, 0, 0, 5, 5, 10, 0, 0, 1, 0, 1, 0] }
Dec 01, 2019 12:20:45 PM petriNet.PetriNet dispararExtendida
INFO: {"disparo" : 8, "marcado" : [0, 0, 0, 0, 0, 0, 1, 0, 1, 5, 5, 10, 0, 0, 1, 0, 1, 0] }
Dec 01, 2019 12:20:45 PM petriNet.PetriNet dispararExtendida
INFO: {"disparo" : 10, "marcado" : [0, 0, 0, 0, 0, 0, 1, 0, 0, 4, 6, 10, 0, 0, 1, 0, 1, 0] }
Dec 01, 2019 12:20:46 PM petriNet.PetriNet dispararExtendida
INFO: {"disparo" : 9, "marcado" : [0, 0, 0, 0, 0, 0, 1, 0, 0, 5, 6, 9, 0, 0, 1, 0, 1, 0] }
Dec 01, 2019 12:20:48 PM petriNet.PetriNet dispararExtendida
INFO: {"disparo" : 13, "marcado" : [0, 0, 0, 0, 0, 0, 1, 0, 0, 5, 6, 9, 1, 0, 1, 0, 1, 0] }
Dec 01, 2019 12:20:48 PM petriNet.PetriNet dispararExtendida
INFO: {"disparo" : 12, "marcado" : [0, 0, 0, 0, 0, 0, 1, 0, 0, 5, 6, 9, 0, 1, 0, 0, 1, 0] }
Dec 01, 2019 12:20:48 PM petriNet.PetriNet dispararExtendida
INFO: {"disparo" : 14, "marcado" : [0, 0, 0, 0, 0, 0, 1, 0, 0, 5, 6, 9, 0, 0, 1, 0, 1, 0] }
Dec 01, 2019 12:20:48 PM petriNet.PetriNet dispararExtendida
INFO: {"disparo" : 8, "marcado" : [0, 0, 0, 0, 0, 0, 1, 0, 1, 5, 6, 9, 0, 0, 1, 0, 1, 0] }
Dec 01, 2019 12:20:48 PM petriNet.PetriNet dispararExtendida
INFO: {"disparo" : 10, "marcado" : [0, 0, 0, 0, 0, 0, 1, 0, 0, 4, 7, 9, 0, 0, 1, 0, 1, 0] }
Dec 01, 2019 12:20:49 PM petriNet.PetriNet dispararExtendida
INFO: {"disparo" : 9, "marcado" : [0, 0, 0, 0, 0, 0, 1, 0, 0, 5, 7, 8, 0, 0, 1, 0, 1, 0] }
Dec 01, 2019 12:20:50 PM petriNet.PetriNet dispararExtendida
INFO: {"disparo" : 7, "marcado" : [1, 0, 0, 0, 0, 0, 0, 0, 0, 5, 7, 8, 0, 0, 1, 0, 1, 0] }
Dec 01, 2019 12:20:50 PM petriNet.PetriNet dispararExtendida
INFO: {"disparo" : 0, "marcado" : [0, 1, 0, 0, 0, 0, 0, 0, 0, 5, 7, 8, 0, 0, 1, 0, 1, 0] }
Dec 01, 2019 12:20:50 PM petriNet.PetriNet dispararExtendida
INFO: {"disparo" : 2, "marcado" : [0, 0, 1, 0, 0, 0, 0, 1, 0, 5, 7, 8, 0, 0, 1, 0, 0, 0] }
Dec 01, 2019 12:20:50 PM petriNet.PetriNet dispararExtendida
INFO: {"disparo" : 11, "marcado" : [0, 0, 1, 0, 0, 0, 0, 1, 0, 5, 6, 9, 0, 0, 1, 0, 0, 0] }
Dec 01, 2019 12:20:50 PM petriNet.PetriNet dispararExtendida
INFO: {"disparo" : 11, "marcado" : [0, 0, 1, 0, 0, 0, 0, 1, 0, 5, 5, 10, 0, 0, 1, 0, 0, 0] }
Dec 01, 2019 12:20:50 PM petriNet.PetriNet dispararExtendida
INFO: {"disparo" : 11, "marcado" : [0, 0, 1, 0, 0, 0, 0, 1, 0, 5, 4, 11, 0, 0, 1, 0, 0, 0] }
Dec 01, 2019 12:20:50 PM petriNet.PetriNet dispararExtendida
INFO: {"disparo" : 11, "marcado" : [0, 0, 1, 0, 0, 0, 0, 1, 0, 5, 3, 12, 0, 0, 1, 0, 0, 0] }
Dec 01, 2019 12:20:50 PM petriNet.PetriNet dispararExtendida
INFO: {"disparo" : 11, "marcado" : [0, 0, 1, 0, 0, 0, 0, 1, 0, 5, 2, 13, 0, 0, 1, 0, 0, 0] }
Dec 01, 2019 12:20:50 PM petriNet.PetriNet dispararExtendida
INFO: {"disparo" : 11, "marcado" : [0, 0, 1, 0, 0, 0, 0, 1, 0, 5, 1, 14, 0, 0, 1, 0, 0, 0] }
Dec 01, 2019 12:20:50 PM petriNet.PetriNet dispararExtendida
INFO: {"disparo" : 11, "marcado" : [0, 0, 1, 0, 0, 0, 0, 1, 0, 5, 0, 15, 0, 0, 1, 0, 0, 0] }
Dec 01, 2019 12:20:50 PM petriNet.PetriNet dispararExtendida
INFO: {"disparo" : 3, "marcado" : [0, 0, 0, 1, 0, 0, 0, 1, 0, 5, 0, 15, 0, 0, 1, 1, 0, 0] }
Dec 01, 2019 12:20:51 PM petriNet.PetriNet dispararExtendida
INFO: {"disparo" : 8, "marcado" : [0, 0, 0, 1, 0, 0, 0, 1, 1, 5, 0, 15, 0, 0, 1, 1, 0, 0] }
Dec 01, 2019 12:20:54 PM petriNet.PetriNet dispararExtendida
INFO: {"disparo" : 8, "marcado" : [0, 0, 0, 1, 0, 0, 0, 1, 2, 5, 0, 15, 0, 0, 1, 1, 0, 0] }
Dec 01, 2019 12:20:56 PM petriNet.PetriNet dispararExtendida
INFO: {"disparo" : 4, "marcado" : [0, 0, 0, 0, 1, 0, 0, 1, 2, 5, 0, 15, 0, 0, 0, 1, 0, 0] }
Dec 01, 2019 12:20:57 PM petriNet.PetriNet dispararExtendida
INFO: {"disparo" : 8, "marcado" : [0, 0, 0, 0, 1, 0, 0, 1, 3, 5, 0, 15, 0, 0, 0, 1, 0, 0] }
Dec 01, 2019 12:21:00 PM petriNet.PetriNet dispararExtendida
INFO: {"disparo" : 8, "marcado" : [0, 0, 0, 0, 1, 0, 0, 1, 4, 5, 0, 15, 0, 0, 0, 1, 0, 0] }
Dec 01, 2019 12:21:00 PM petriNet.PetriNet dispararExtendida
INFO: {"disparo" : 15, "marcado" : [0, 0, 0, 0, 0, 0, 0, 1, 4, 5, 0, 15, 0, 0, 1, 1, 0, 1] }
Dec 01, 2019 12:21:00 PM petriNet.PetriNet dispararExtendida
INFO: {"disparo" : 5, "marcado" : [0, 0, 0, 0, 0, 1, 0, 1, 4, 5, 0, 15, 0, 0, 1, 0, 0, 0] }
Dec 01, 2019 12:21:00 PM petriNet.PetriNet dispararExtendida
INFO: {"disparo" : 6, "marcado" : [0, 0, 0, 0, 0, 0, 1, 0, 4, 5, 0, 15, 0, 0, 1, 0, 1, 0] }
Dec 01, 2019 12:21:00 PM petriNet.PetriNet dispararExtendida
INFO: {"disparo" : 10, "marcado" : [0, 0, 0, 0, 0, 0, 1, 0, 3, 4, 1, 15, 0, 0, 1, 0, 1, 0] }
Dec 01, 2019 12:21:00 PM petriNet.PetriNet dispararExtendida
INFO: {"disparo" : 10, "marcado" : [0, 0, 0, 0, 0, 0, 1, 0, 2, 3, 2, 15, 0, 0, 1, 0, 1, 0] }
Dec 01, 2019 12:21:00 PM petriNet.PetriNet dispararExtendida
INFO: {"disparo" : 9, "marcado" : [0, 0, 0, 0, 0, 0, 1, 0, 2, 4, 2, 14, 0, 0, 1, 0, 1, 0] }
Dec 01, 2019 12:21:00 PM petriNet.PetriNet dispararExtendida
INFO: {"disparo" : 10, "marcado" : [0, 0, 0, 0, 0, 0, 1, 0, 1, 3, 3, 14, 0, 0, 1, 0, 1, 0] }
Dec 01, 2019 12:21:00 PM petriNet.PetriNet dispararExtendida
INFO: {"disparo" : 10, "marcado" : [0, 0, 0, 0, 0, 0, 1, 0, 0, 2, 4, 14, 0, 0, 1, 0, 1, 0] }
Dec 01, 2019 12:21:03 PM petriNet.PetriNet dispararExtendida
INFO: {"disparo" : 13, "marcado" : [0, 0, 0, 0, 0, 0, 1, 0, 0, 2, 4, 14, 1, 0, 1, 0, 1, 0] }
Dec 01, 2019 12:21:03 PM petriNet.PetriNet dispararExtendida
INFO: {"disparo" : 12, "marcado" : [0, 0, 0, 0, 0, 0, 1, 0, 0, 2, 4, 14, 0, 1, 0, 0, 1, 0] }
Dec 01, 2019 12:21:03 PM petriNet.PetriNet dispararExtendida
INFO: {"disparo" : 14, "marcado" : [0, 0, 0, 0, 0, 0, 1, 0, 0, 2, 4, 14, 0, 0, 1, 0, 1, 0] }
Dec 01, 2019 12:21:03 PM petriNet.PetriNet dispararExtendida
INFO: {"disparo" : 8, "marcado" : [0, 0, 0, 0, 0, 0, 1, 0, 1, 2, 4, 14, 0, 0, 1, 0, 1, 0] }
Dec 01, 2019 12:21:03 PM petriNet.PetriNet dispararExtendida
INFO: {"disparo" : 10, "marcado" : [0, 0, 0, 0, 0, 0, 1, 0, 0, 1, 5, 14, 0, 0, 1, 0, 1, 0] }
Dec 01, 2019 12:21:03 PM petriNet.PetriNet dispararExtendida
INFO: {"disparo" : 9, "marcado" : [0, 0, 0, 0, 0, 0, 1, 0, 0, 2, 5, 13, 0, 0, 1, 0, 1, 0] }
Dec 01, 2019 12:21:06 PM petriNet.PetriNet dispararExtendida
INFO: {"disparo" : 8, "marcado" : [0, 0, 0, 0, 0, 0, 1, 0, 1, 2, 5, 13, 0, 0, 1, 0, 1, 0] }
Dec 01, 2019 12:21:06 PM petriNet.PetriNet dispararExtendida
INFO: {"disparo" : 10, "marcado" : [0, 0, 0, 0, 0, 0, 1, 0, 0, 1, 6, 13, 0, 0, 1, 0, 1, 0] }
Dec 01, 2019 12:21:06 PM petriNet.PetriNet dispararExtendida
INFO: {"disparo" : 9, "marcado" : [0, 0, 0, 0, 0, 0, 1, 0, 0, 2, 6, 12, 0, 0, 1, 0, 1, 0] }
