Nov 30, 2019 3:54:46 AM petriNet.PetriNet dispararExtendida
INFO: {"disparo" : 7, "marcado" : [1, 0, 0, 0, 0, 0, 0, 0, 1, 14, 5, 1, 5, 0, 1, 0, 1, 0] }
Nov 30, 2019 3:54:46 AM petriNet.PetriNet dispararExtendida
INFO: {"disparo" : 9, "marcado" : [1, 0, 0, 0, 0, 0, 0, 0, 1, 15, 5, 0, 5, 0, 1, 0, 1, 0] }
Nov 30, 2019 3:54:46 AM petriNet.PetriNet dispararExtendida
INFO: {"disparo" : 10, "marcado" : [1, 0, 0, 0, 0, 0, 0, 0, 0, 14, 6, 0, 5, 0, 1, 0, 1, 0] }
Nov 30, 2019 3:54:46 AM petriNet.PetriNet dispararExtendida
INFO: {"disparo" : 0, "marcado" : [0, 1, 0, 0, 0, 0, 0, 0, 0, 14, 6, 0, 5, 0, 1, 0, 1, 0] }
Nov 30, 2019 3:54:46 AM petriNet.PetriNet dispararExtendida
INFO: {"disparo" : 2, "marcado" : [0, 0, 1, 0, 0, 0, 0, 1, 0, 14, 6, 0, 5, 0, 1, 0, 0, 0] }
Nov 30, 2019 3:54:46 AM petriNet.PetriNet dispararExtendida
INFO: {"disparo" : 11, "marcado" : [0, 0, 1, 0, 0, 0, 0, 1, 0, 14, 5, 1, 5, 0, 1, 0, 0, 0] }
Nov 30, 2019 3:54:46 AM petriNet.PetriNet dispararExtendida
INFO: {"disparo" : 12, "marcado" : [0, 0, 1, 0, 0, 0, 0, 1, 0, 14, 5, 1, 4, 1, 0, 0, 0, 0] }
Nov 30, 2019 3:54:46 AM petriNet.PetriNet dispararExtendida
INFO: {"disparo" : 14, "marcado" : [0, 0, 1, 0, 0, 0, 0, 1, 0, 14, 5, 1, 4, 0, 1, 0, 0, 0] }
Nov 30, 2019 3:54:46 AM petriNet.PetriNet dispararExtendida
INFO: {"disparo" : 11, "marcado" : [0, 0, 1, 0, 0, 0, 0, 1, 0, 14, 4, 2, 4, 0, 1, 0, 0, 0] }
Nov 30, 2019 3:54:46 AM petriNet.PetriNet dispararExtendida
INFO: {"disparo" : 12, "marcado" : [0, 0, 1, 0, 0, 0, 0, 1, 0, 14, 4, 2, 3, 1, 0, 0, 0, 0] }
Nov 30, 2019 3:54:46 AM petriNet.PetriNet dispararExtendida
INFO: {"disparo" : 14, "marcado" : [0, 0, 1, 0, 0, 0, 0, 1, 0, 14, 4, 2, 3, 0, 1, 0, 0, 0] }
Nov 30, 2019 3:54:46 AM petriNet.PetriNet dispararExtendida
INFO: {"disparo" : 11, "marcado" : [0, 0, 1, 0, 0, 0, 0, 1, 0, 14, 3, 3, 3, 0, 1, 0, 0, 0] }
Nov 30, 2019 3:54:46 AM petriNet.PetriNet dispararExtendida
INFO: {"disparo" : 12, "marcado" : [0, 0, 1, 0, 0, 0, 0, 1, 0, 14, 3, 3, 2, 1, 0, 0, 0, 0] }
Nov 30, 2019 3:54:46 AM petriNet.PetriNet dispararExtendida
INFO: {"disparo" : 14, "marcado" : [0, 0, 1, 0, 0, 0, 0, 1, 0, 14, 3, 3, 2, 0, 1, 0, 0, 0] }
Nov 30, 2019 3:54:46 AM petriNet.PetriNet dispararExtendida
INFO: {"disparo" : 11, "marcado" : [0, 0, 1, 0, 0, 0, 0, 1, 0, 14, 2, 4, 2, 0, 1, 0, 0, 0] }
Nov 30, 2019 3:54:46 AM petriNet.PetriNet dispararExtendida
INFO: {"disparo" : 12, "marcado" : [0, 0, 1, 0, 0, 0, 0, 1, 0, 14, 2, 4, 1, 1, 0, 0, 0, 0] }
Nov 30, 2019 3:54:46 AM petriNet.PetriNet dispararExtendida
INFO: {"disparo" : 14, "marcado" : [0, 0, 1, 0, 0, 0, 0, 1, 0, 14, 2, 4, 1, 0, 1, 0, 0, 0] }
Nov 30, 2019 3:54:46 AM petriNet.PetriNet dispararExtendida
INFO: {"disparo" : 11, "marcado" : [0, 0, 1, 0, 0, 0, 0, 1, 0, 14, 1, 5, 1, 0, 1, 0, 0, 0] }
Nov 30, 2019 3:54:46 AM petriNet.PetriNet dispararExtendida
INFO: {"disparo" : 12, "marcado" : [0, 0, 1, 0, 0, 0, 0, 1, 0, 14, 1, 5, 0, 1, 0, 0, 0, 0] }
Nov 30, 2019 3:54:46 AM petriNet.PetriNet dispararExtendida
INFO: {"disparo" : 14, "marcado" : [0, 0, 1, 0, 0, 0, 0, 1, 0, 14, 1, 5, 0, 0, 1, 0, 0, 0] }
Nov 30, 2019 3:54:46 AM petriNet.PetriNet dispararExtendida
INFO: {"disparo" : 11, "marcado" : [0, 0, 1, 0, 0, 0, 0, 1, 0, 14, 0, 6, 0, 0, 1, 0, 0, 0] }
Nov 30, 2019 3:54:46 AM petriNet.PetriNet dispararExtendida
INFO: {"disparo" : 3, "marcado" : [0, 0, 0, 1, 0, 0, 0, 1, 0, 14, 0, 6, 0, 0, 1, 1, 0, 0] }
Nov 30, 2019 3:54:49 AM petriNet.PetriNet dispararExtendida
INFO: {"disparo" : 8, "marcado" : [0, 0, 0, 1, 0, 0, 0, 1, 1, 14, 0, 6, 0, 0, 1, 1, 0, 0] }
Nov 30, 2019 3:54:52 AM petriNet.PetriNet dispararExtendida
INFO: {"disparo" : 8, "marcado" : [0, 0, 0, 1, 0, 0, 0, 1, 2, 14, 0, 6, 0, 0, 1, 1, 0, 0] }
Nov 30, 2019 3:54:52 AM petriNet.PetriNet dispararExtendida
INFO: {"disparo" : 4, "marcado" : [0, 0, 0, 0, 1, 0, 0, 1, 2, 14, 0, 6, 0, 0, 0, 1, 0, 0] }
Nov 30, 2019 3:54:55 AM petriNet.PetriNet dispararExtendida
INFO: {"disparo" : 8, "marcado" : [0, 0, 0, 0, 1, 0, 0, 1, 3, 14, 0, 6, 0, 0, 0, 1, 0, 0] }
Nov 30, 2019 3:54:56 AM petriNet.PetriNet dispararExtendida
INFO: {"disparo" : 15, "marcado" : [0, 0, 0, 0, 0, 0, 0, 1, 3, 14, 0, 6, 0, 0, 1, 1, 0, 1] }
Nov 30, 2019 3:54:56 AM petriNet.PetriNet dispararExtendida
INFO: {"disparo" : 5, "marcado" : [0, 0, 0, 0, 0, 1, 0, 1, 3, 14, 0, 6, 0, 0, 1, 0, 0, 0] }
Nov 30, 2019 3:54:56 AM petriNet.PetriNet dispararExtendida
INFO: {"disparo" : 6, "marcado" : [0, 0, 0, 0, 0, 0, 1, 0, 3, 14, 0, 6, 0, 0, 1, 0, 1, 0] }
Nov 30, 2019 3:54:56 AM petriNet.PetriNet dispararExtendida
INFO: {"disparo" : 10, "marcado" : [0, 0, 0, 0, 0, 0, 1, 0, 2, 13, 1, 6, 0, 0, 1, 0, 1, 0] }
Nov 30, 2019 3:54:56 AM petriNet.PetriNet dispararExtendida
INFO: {"disparo" : 10, "marcado" : [0, 0, 0, 0, 0, 0, 1, 0, 1, 12, 2, 6, 0, 0, 1, 0, 1, 0] }
Nov 30, 2019 3:54:56 AM petriNet.PetriNet dispararExtendida
INFO: {"disparo" : 9, "marcado" : [0, 0, 0, 0, 0, 0, 1, 0, 1, 13, 2, 5, 0, 0, 1, 0, 1, 0] }
Nov 30, 2019 3:54:56 AM petriNet.PetriNet dispararExtendida
INFO: {"disparo" : 10, "marcado" : [0, 0, 0, 0, 0, 0, 1, 0, 0, 12, 3, 5, 0, 0, 1, 0, 1, 0] }
Nov 30, 2019 3:54:56 AM petriNet.PetriNet dispararExtendida
INFO: {"disparo" : 9, "marcado" : [0, 0, 0, 0, 0, 0, 1, 0, 0, 13, 3, 4, 0, 0, 1, 0, 1, 0] }
Nov 30, 2019 3:54:56 AM petriNet.PetriNet dispararExtendida
INFO: {"disparo" : 9, "marcado" : [0, 0, 0, 0, 0, 0, 1, 0, 0, 14, 3, 3, 0, 0, 1, 0, 1, 0] }
Nov 30, 2019 3:54:56 AM petriNet.PetriNet dispararExtendida
INFO: {"disparo" : 9, "marcado" : [0, 0, 0, 0, 0, 0, 1, 0, 0, 15, 3, 2, 0, 0, 1, 0, 1, 0] }
Nov 30, 2019 3:54:56 AM petriNet.PetriNet dispararExtendida
INFO: {"disparo" : 9, "marcado" : [0, 0, 0, 0, 0, 0, 1, 0, 0, 16, 3, 1, 0, 0, 1, 0, 1, 0] }
Nov 30, 2019 3:54:56 AM petriNet.PetriNet dispararExtendida
INFO: {"disparo" : 9, "marcado" : [0, 0, 0, 0, 0, 0, 1, 0, 0, 17, 3, 0, 0, 0, 1, 0, 1, 0] }
Nov 30, 2019 3:54:58 AM petriNet.PetriNet dispararExtendida
INFO: {"disparo" : 8, "marcado" : [0, 0, 0, 0, 0, 0, 1, 0, 1, 17, 3, 0, 0, 0, 1, 0, 1, 0] }
Nov 30, 2019 3:54:58 AM petriNet.PetriNet dispararExtendida
INFO: {"disparo" : 10, "marcado" : [0, 0, 0, 0, 0, 0, 1, 0, 0, 16, 4, 0, 0, 0, 1, 0, 1, 0] }
Nov 30, 2019 3:55:01 AM petriNet.PetriNet dispararExtendida
INFO: {"disparo" : 13, "marcado" : [0, 0, 0, 0, 0, 0, 1, 0, 0, 16, 4, 0, 1, 0, 1, 0, 1, 0] }
Nov 30, 2019 3:55:01 AM petriNet.PetriNet dispararExtendida
INFO: {"disparo" : 8, "marcado" : [0, 0, 0, 0, 0, 0, 1, 0, 1, 16, 4, 0, 1, 0, 1, 0, 1, 0] }
Nov 30, 2019 3:55:04 AM petriNet.PetriNet dispararExtendida
INFO: {"disparo" : 8, "marcado" : [0, 0, 0, 0, 0, 0, 1, 0, 2, 16, 4, 0, 1, 0, 1, 0, 1, 0] }
Nov 30, 2019 3:55:04 AM petriNet.PetriNet dispararExtendida
INFO: {"disparo" : 10, "marcado" : [0, 0, 0, 0, 0, 0, 1, 0, 1, 15, 5, 0, 1, 0, 1, 0, 1, 0] }
Nov 30, 2019 3:55:04 AM petriNet.PetriNet dispararExtendida
INFO: {"disparo" : 10, "marcado" : [0, 0, 0, 0, 0, 0, 1, 0, 0, 14, 6, 0, 1, 0, 1, 0, 1, 0] }
Nov 30, 2019 3:55:04 AM petriNet.PetriNet dispararExtendida
INFO: {"disparo" : 12, "marcado" : [0, 0, 0, 0, 0, 0, 1, 0, 0, 14, 6, 0, 0, 1, 0, 0, 1, 0] }
Nov 30, 2019 3:55:04 AM petriNet.PetriNet dispararExtendida
INFO: {"disparo" : 14, "marcado" : [0, 0, 0, 0, 0, 0, 1, 0, 0, 14, 6, 0, 0, 0, 1, 0, 1, 0] }
Nov 30, 2019 3:55:06 AM petriNet.PetriNet dispararExtendida
INFO: {"disparo" : 7, "marcado" : [1, 0, 0, 0, 0, 0, 0, 0, 0, 14, 6, 0, 0, 0, 1, 0, 1, 0] }
Nov 30, 2019 3:55:06 AM petriNet.PetriNet dispararExtendida
INFO: {"disparo" : 0, "marcado" : [0, 1, 0, 0, 0, 0, 0, 0, 0, 14, 6, 0, 0, 0, 1, 0, 1, 0] }
Nov 30, 2019 3:55:06 AM petriNet.PetriNet dispararExtendida
INFO: {"disparo" : 2, "marcado" : [0, 0, 1, 0, 0, 0, 0, 1, 0, 14, 6, 0, 0, 0, 1, 0, 0, 0] }
Nov 30, 2019 3:55:06 AM petriNet.PetriNet dispararExtendida
INFO: {"disparo" : 11, "marcado" : [0, 0, 1, 0, 0, 0, 0, 1, 0, 14, 5, 1, 0, 0, 1, 0, 0, 0] }
Nov 30, 2019 3:55:06 AM petriNet.PetriNet dispararExtendida
INFO: {"disparo" : 11, "marcado" : [0, 0, 1, 0, 0, 0, 0, 1, 0, 14, 4, 2, 0, 0, 1, 0, 0, 0] }
Nov 30, 2019 3:55:06 AM petriNet.PetriNet dispararExtendida
INFO: {"disparo" : 11, "marcado" : [0, 0, 1, 0, 0, 0, 0, 1, 0, 14, 3, 3, 0, 0, 1, 0, 0, 0] }
Nov 30, 2019 3:55:06 AM petriNet.PetriNet dispararExtendida
INFO: {"disparo" : 11, "marcado" : [0, 0, 1, 0, 0, 0, 0, 1, 0, 14, 2, 4, 0, 0, 1, 0, 0, 0] }
Nov 30, 2019 3:55:06 AM petriNet.PetriNet dispararExtendida
INFO: {"disparo" : 11, "marcado" : [0, 0, 1, 0, 0, 0, 0, 1, 0, 14, 1, 5, 0, 0, 1, 0, 0, 0] }
Nov 30, 2019 3:55:06 AM petriNet.PetriNet dispararExtendida
INFO: {"disparo" : 11, "marcado" : [0, 0, 1, 0, 0, 0, 0, 1, 0, 14, 0, 6, 0, 0, 1, 0, 0, 0] }
Nov 30, 2019 3:55:06 AM petriNet.PetriNet dispararExtendida
INFO: {"disparo" : 3, "marcado" : [0, 0, 0, 1, 0, 0, 0, 1, 0, 14, 0, 6, 0, 0, 1, 1, 0, 0] }
Nov 30, 2019 3:55:07 AM petriNet.PetriNet dispararExtendida
INFO: {"disparo" : 8, "marcado" : [0, 0, 0, 1, 0, 0, 0, 1, 1, 14, 0, 6, 0, 0, 1, 1, 0, 0] }
Nov 30, 2019 3:55:10 AM petriNet.PetriNet dispararExtendida
INFO: {"disparo" : 8, "marcado" : [0, 0, 0, 1, 0, 0, 0, 1, 2, 14, 0, 6, 0, 0, 1, 1, 0, 0] }
Nov 30, 2019 3:55:12 AM petriNet.PetriNet dispararExtendida
INFO: {"disparo" : 4, "marcado" : [0, 0, 0, 0, 1, 0, 0, 1, 2, 14, 0, 6, 0, 0, 0, 1, 0, 0] }
Nov 30, 2019 3:55:13 AM petriNet.PetriNet dispararExtendida
INFO: {"disparo" : 8, "marcado" : [0, 0, 0, 0, 1, 0, 0, 1, 3, 14, 0, 6, 0, 0, 0, 1, 0, 0] }
Nov 30, 2019 3:55:16 AM petriNet.PetriNet dispararExtendida
INFO: {"disparo" : 13, "marcado" : [0, 0, 0, 0, 1, 0, 0, 1, 3, 14, 0, 6, 1, 0, 0, 1, 0, 0] }
Nov 30, 2019 3:55:16 AM petriNet.PetriNet dispararExtendida
INFO: {"disparo" : 8, "marcado" : [0, 0, 0, 0, 1, 0, 0, 1, 4, 14, 0, 6, 1, 0, 0, 1, 0, 0] }
Nov 30, 2019 3:55:17 AM petriNet.PetriNet dispararExtendida
INFO: {"disparo" : 15, "marcado" : [0, 0, 0, 0, 0, 0, 0, 1, 4, 14, 0, 6, 1, 0, 1, 1, 0, 1] }
Nov 30, 2019 3:55:17 AM petriNet.PetriNet dispararExtendida
INFO: {"disparo" : 5, "marcado" : [0, 0, 0, 0, 0, 1, 0, 1, 4, 14, 0, 6, 1, 0, 1, 0, 0, 0] }
Nov 30, 2019 3:55:17 AM petriNet.PetriNet dispararExtendida
INFO: {"disparo" : 6, "marcado" : [0, 0, 0, 0, 0, 0, 1, 0, 4, 14, 0, 6, 1, 0, 1, 0, 1, 0] }
Nov 30, 2019 3:55:17 AM petriNet.PetriNet dispararExtendida
INFO: {"disparo" : 10, "marcado" : [0, 0, 0, 0, 0, 0, 1, 0, 3, 13, 1, 6, 1, 0, 1, 0, 1, 0] }
Nov 30, 2019 3:55:17 AM petriNet.PetriNet dispararExtendida
INFO: {"disparo" : 10, "marcado" : [0, 0, 0, 0, 0, 0, 1, 0, 2, 12, 2, 6, 1, 0, 1, 0, 1, 0] }
Nov 30, 2019 3:55:17 AM petriNet.PetriNet dispararExtendida
INFO: {"disparo" : 9, "marcado" : [0, 0, 0, 0, 0, 0, 1, 0, 2, 13, 2, 5, 1, 0, 1, 0, 1, 0] }
Nov 30, 2019 3:55:17 AM petriNet.PetriNet dispararExtendida
INFO: {"disparo" : 10, "marcado" : [0, 0, 0, 0, 0, 0, 1, 0, 1, 12, 3, 5, 1, 0, 1, 0, 1, 0] }
Nov 30, 2019 3:55:17 AM petriNet.PetriNet dispararExtendida
INFO: {"disparo" : 9, "marcado" : [0, 0, 0, 0, 0, 0, 1, 0, 1, 13, 3, 4, 1, 0, 1, 0, 1, 0] }
Nov 30, 2019 3:55:17 AM petriNet.PetriNet dispararExtendida
INFO: {"disparo" : 10, "marcado" : [0, 0, 0, 0, 0, 0, 1, 0, 0, 12, 4, 4, 1, 0, 1, 0, 1, 0] }
Nov 30, 2019 3:55:17 AM petriNet.PetriNet dispararExtendida
INFO: {"disparo" : 9, "marcado" : [0, 0, 0, 0, 0, 0, 1, 0, 0, 13, 4, 3, 1, 0, 1, 0, 1, 0] }
Nov 30, 2019 3:55:17 AM petriNet.PetriNet dispararExtendida
INFO: {"disparo" : 9, "marcado" : [0, 0, 0, 0, 0, 0, 1, 0, 0, 14, 4, 2, 1, 0, 1, 0, 1, 0] }
Nov 30, 2019 3:55:17 AM petriNet.PetriNet dispararExtendida
INFO: {"disparo" : 12, "marcado" : [0, 0, 0, 0, 0, 0, 1, 0, 0, 14, 4, 2, 0, 1, 0, 0, 1, 0] }
Nov 30, 2019 3:55:17 AM petriNet.PetriNet dispararExtendida
INFO: {"disparo" : 14, "marcado" : [0, 0, 0, 0, 0, 0, 1, 0, 0, 14, 4, 2, 0, 0, 1, 0, 1, 0] }
Nov 30, 2019 3:55:17 AM petriNet.PetriNet dispararExtendida
INFO: {"disparo" : 9, "marcado" : [0, 0, 0, 0, 0, 0, 1, 0, 0, 15, 4, 1, 0, 0, 1, 0, 1, 0] }
Nov 30, 2019 3:55:17 AM petriNet.PetriNet dispararExtendida
INFO: {"disparo" : 9, "marcado" : [0, 0, 0, 0, 0, 0, 1, 0, 0, 16, 4, 0, 0, 0, 1, 0, 1, 0] }
Nov 30, 2019 3:55:19 AM petriNet.PetriNet dispararExtendida
INFO: {"disparo" : 8, "marcado" : [0, 0, 0, 0, 0, 0, 1, 0, 1, 16, 4, 0, 0, 0, 1, 0, 1, 0] }
Nov 30, 2019 3:55:19 AM petriNet.PetriNet dispararExtendida
INFO: {"disparo" : 10, "marcado" : [0, 0, 0, 0, 0, 0, 1, 0, 0, 15, 5, 0, 0, 0, 1, 0, 1, 0] }
Nov 30, 2019 3:55:22 AM petriNet.PetriNet dispararExtendida
INFO: {"disparo" : 8, "marcado" : [0, 0, 0, 0, 0, 0, 1, 0, 1, 15, 5, 0, 0, 0, 1, 0, 1, 0] }
Nov 30, 2019 3:55:22 AM petriNet.PetriNet dispararExtendida
INFO: {"disparo" : 10, "marcado" : [0, 0, 0, 0, 0, 0, 1, 0, 0, 14, 6, 0, 0, 0, 1, 0, 1, 0] }
Nov 30, 2019 3:55:25 AM petriNet.PetriNet dispararExtendida
INFO: {"disparo" : 8, "marcado" : [0, 0, 0, 0, 0, 0, 1, 0, 1, 14, 6, 0, 0, 0, 1, 0, 1, 0] }
Nov 30, 2019 3:55:25 AM petriNet.PetriNet dispararExtendida
INFO: {"disparo" : 10, "marcado" : [0, 0, 0, 0, 0, 0, 1, 0, 0, 13, 7, 0, 0, 0, 1, 0, 1, 0] }
Nov 30, 2019 3:55:27 AM petriNet.PetriNet dispararExtendida
INFO: {"disparo" : 7, "marcado" : [1, 0, 0, 0, 0, 0, 0, 0, 0, 13, 7, 0, 0, 0, 1, 0, 1, 0] }
Nov 30, 2019 3:55:27 AM petriNet.PetriNet dispararExtendida
INFO: {"disparo" : 0, "marcado" : [0, 1, 0, 0, 0, 0, 0, 0, 0, 13, 7, 0, 0, 0, 1, 0, 1, 0] }
Nov 30, 2019 3:55:27 AM petriNet.PetriNet dispararExtendida
INFO: {"disparo" : 2, "marcado" : [0, 0, 1, 0, 0, 0, 0, 1, 0, 13, 7, 0, 0, 0, 1, 0, 0, 0] }
Nov 30, 2019 3:55:27 AM petriNet.PetriNet dispararExtendida
INFO: {"disparo" : 11, "marcado" : [0, 0, 1, 0, 0, 0, 0, 1, 0, 13, 6, 1, 0, 0, 1, 0, 0, 0] }
Nov 30, 2019 3:55:27 AM petriNet.PetriNet dispararExtendida
INFO: {"disparo" : 11, "marcado" : [0, 0, 1, 0, 0, 0, 0, 1, 0, 13, 5, 2, 0, 0, 1, 0, 0, 0] }
Nov 30, 2019 3:55:27 AM petriNet.PetriNet dispararExtendida
INFO: {"disparo" : 11, "marcado" : [0, 0, 1, 0, 0, 0, 0, 1, 0, 13, 4, 3, 0, 0, 1, 0, 0, 0] }
Nov 30, 2019 3:55:27 AM petriNet.PetriNet dispararExtendida
INFO: {"disparo" : 11, "marcado" : [0, 0, 1, 0, 0, 0, 0, 1, 0, 13, 3, 4, 0, 0, 1, 0, 0, 0] }
Nov 30, 2019 3:55:27 AM petriNet.PetriNet dispararExtendida
INFO: {"disparo" : 11, "marcado" : [0, 0, 1, 0, 0, 0, 0, 1, 0, 13, 2, 5, 0, 0, 1, 0, 0, 0] }
Nov 30, 2019 3:55:27 AM petriNet.PetriNet dispararExtendida
INFO: {"disparo" : 11, "marcado" : [0, 0, 1, 0, 0, 0, 0, 1, 0, 13, 1, 6, 0, 0, 1, 0, 0, 0] }
Nov 30, 2019 3:55:27 AM petriNet.PetriNet dispararExtendida
INFO: {"disparo" : 11, "marcado" : [0, 0, 1, 0, 0, 0, 0, 1, 0, 13, 0, 7, 0, 0, 1, 0, 0, 0] }
Nov 30, 2019 3:55:27 AM petriNet.PetriNet dispararExtendida
INFO: {"disparo" : 3, "marcado" : [0, 0, 0, 1, 0, 0, 0, 1, 0, 13, 0, 7, 0, 0, 1, 1, 0, 0] }
Nov 30, 2019 3:55:28 AM petriNet.PetriNet dispararExtendida
INFO: {"disparo" : 8, "marcado" : [0, 0, 0, 1, 0, 0, 0, 1, 1, 13, 0, 7, 0, 0, 1, 1, 0, 0] }
Nov 30, 2019 3:55:31 AM petriNet.PetriNet dispararExtendida
INFO: {"disparo" : 13, "marcado" : [0, 0, 0, 1, 0, 0, 0, 1, 1, 13, 0, 7, 1, 0, 1, 1, 0, 0] }
Nov 30, 2019 3:55:31 AM petriNet.PetriNet dispararExtendida
INFO: {"disparo" : 8, "marcado" : [0, 0, 0, 1, 0, 0, 0, 1, 2, 13, 0, 7, 1, 0, 1, 1, 0, 0] }
Nov 30, 2019 3:55:33 AM petriNet.PetriNet dispararExtendida
INFO: {"disparo" : 4, "marcado" : [0, 0, 0, 0, 1, 0, 0, 1, 2, 13, 0, 7, 1, 0, 0, 1, 0, 0] }
Nov 30, 2019 3:55:34 AM petriNet.PetriNet dispararExtendida
INFO: {"disparo" : 8, "marcado" : [0, 0, 0, 0, 1, 0, 0, 1, 3, 13, 0, 7, 1, 0, 0, 1, 0, 0] }
Nov 30, 2019 3:55:37 AM petriNet.PetriNet dispararExtendida
INFO: {"disparo" : 8, "marcado" : [0, 0, 0, 0, 1, 0, 0, 1, 4, 13, 0, 7, 1, 0, 0, 1, 0, 0] }
Nov 30, 2019 3:55:37 AM petriNet.PetriNet dispararExtendida
INFO: {"disparo" : 15, "marcado" : [0, 0, 0, 0, 0, 0, 0, 1, 4, 13, 0, 7, 1, 0, 1, 1, 0, 1] }
Nov 30, 2019 3:55:37 AM petriNet.PetriNet dispararExtendida
INFO: {"disparo" : 5, "marcado" : [0, 0, 0, 0, 0, 1, 0, 1, 4, 13, 0, 7, 1, 0, 1, 0, 0, 0] }
Nov 30, 2019 3:55:37 AM petriNet.PetriNet dispararExtendida
INFO: {"disparo" : 6, "marcado" : [0, 0, 0, 0, 0, 0, 1, 0, 4, 13, 0, 7, 1, 0, 1, 0, 1, 0] }
Nov 30, 2019 3:55:37 AM petriNet.PetriNet dispararExtendida
INFO: {"disparo" : 10, "marcado" : [0, 0, 0, 0, 0, 0, 1, 0, 3, 12, 1, 7, 1, 0, 1, 0, 1, 0] }
Nov 30, 2019 3:55:37 AM petriNet.PetriNet dispararExtendida
INFO: {"disparo" : 10, "marcado" : [0, 0, 0, 0, 0, 0, 1, 0, 2, 11, 2, 7, 1, 0, 1, 0, 1, 0] }
Nov 30, 2019 3:55:37 AM petriNet.PetriNet dispararExtendida
INFO: {"disparo" : 9, "marcado" : [0, 0, 0, 0, 0, 0, 1, 0, 2, 12, 2, 6, 1, 0, 1, 0, 1, 0] }
Nov 30, 2019 3:55:37 AM petriNet.PetriNet dispararExtendida
INFO: {"disparo" : 10, "marcado" : [0, 0, 0, 0, 0, 0, 1, 0, 1, 11, 3, 6, 1, 0, 1, 0, 1, 0] }
Nov 30, 2019 3:55:37 AM petriNet.PetriNet dispararExtendida
INFO: {"disparo" : 9, "marcado" : [0, 0, 0, 0, 0, 0, 1, 0, 1, 12, 3, 5, 1, 0, 1, 0, 1, 0] }
Nov 30, 2019 3:55:37 AM petriNet.PetriNet dispararExtendida
INFO: {"disparo" : 10, "marcado" : [0, 0, 0, 0, 0, 0, 1, 0, 0, 11, 4, 5, 1, 0, 1, 0, 1, 0] }
Nov 30, 2019 3:55:37 AM petriNet.PetriNet dispararExtendida
INFO: {"disparo" : 9, "marcado" : [0, 0, 0, 0, 0, 0, 1, 0, 0, 12, 4, 4, 1, 0, 1, 0, 1, 0] }
Nov 30, 2019 3:55:37 AM petriNet.PetriNet dispararExtendida
INFO: {"disparo" : 9, "marcado" : [0, 0, 0, 0, 0, 0, 1, 0, 0, 13, 4, 3, 1, 0, 1, 0, 1, 0] }
Nov 30, 2019 3:55:37 AM petriNet.PetriNet dispararExtendida
INFO: {"disparo" : 9, "marcado" : [0, 0, 0, 0, 0, 0, 1, 0, 0, 14, 4, 2, 1, 0, 1, 0, 1, 0] }
Nov 30, 2019 3:55:37 AM petriNet.PetriNet dispararExtendida
INFO: {"disparo" : 12, "marcado" : [0, 0, 0, 0, 0, 0, 1, 0, 0, 14, 4, 2, 0, 1, 0, 0, 1, 0] }
Nov 30, 2019 3:55:37 AM petriNet.PetriNet dispararExtendida
INFO: {"disparo" : 9, "marcado" : [0, 0, 0, 0, 0, 0, 1, 0, 0, 15, 4, 1, 0, 1, 0, 0, 1, 0] }
Nov 30, 2019 3:55:37 AM petriNet.PetriNet dispararExtendida
INFO: {"disparo" : 9, "marcado" : [0, 0, 0, 0, 0, 0, 1, 0, 0, 16, 4, 0, 0, 1, 0, 0, 1, 0] }
Nov 30, 2019 3:55:37 AM petriNet.PetriNet dispararExtendida
INFO: {"disparo" : 14, "marcado" : [0, 0, 0, 0, 0, 0, 1, 0, 0, 16, 4, 0, 0, 0, 1, 0, 1, 0] }
Nov 30, 2019 3:55:40 AM petriNet.PetriNet dispararExtendida
INFO: {"disparo" : 8, "marcado" : [0, 0, 0, 0, 0, 0, 1, 0, 1, 16, 4, 0, 0, 0, 1, 0, 1, 0] }
Nov 30, 2019 3:55:40 AM petriNet.PetriNet dispararExtendida
INFO: {"disparo" : 10, "marcado" : [0, 0, 0, 0, 0, 0, 1, 0, 0, 15, 5, 0, 0, 0, 1, 0, 1, 0] }
Nov 30, 2019 3:55:43 AM petriNet.PetriNet dispararExtendida
INFO: {"disparo" : 8, "marcado" : [0, 0, 0, 0, 0, 0, 1, 0, 1, 15, 5, 0, 0, 0, 1, 0, 1, 0] }
Nov 30, 2019 3:55:43 AM petriNet.PetriNet dispararExtendida
INFO: {"disparo" : 10, "marcado" : [0, 0, 0, 0, 0, 0, 1, 0, 0, 14, 6, 0, 0, 0, 1, 0, 1, 0] }
Nov 30, 2019 3:55:46 AM petriNet.PetriNet dispararExtendida
INFO: {"disparo" : 13, "marcado" : [0, 0, 0, 0, 0, 0, 1, 0, 0, 14, 6, 0, 1, 0, 1, 0, 1, 0] }
Nov 30, 2019 3:55:46 AM petriNet.PetriNet dispararExtendida
INFO: {"disparo" : 12, "marcado" : [0, 0, 0, 0, 0, 0, 1, 0, 0, 14, 6, 0, 0, 1, 0, 0, 1, 0] }
Nov 30, 2019 3:55:46 AM petriNet.PetriNet dispararExtendida
INFO: {"disparo" : 14, "marcado" : [0, 0, 0, 0, 0, 0, 1, 0, 0, 14, 6, 0, 0, 0, 1, 0, 1, 0] }
Nov 30, 2019 3:55:46 AM petriNet.PetriNet dispararExtendida
INFO: {"disparo" : 8, "marcado" : [0, 0, 0, 0, 0, 0, 1, 0, 1, 14, 6, 0, 0, 0, 1, 0, 1, 0] }
Nov 30, 2019 3:55:47 AM petriNet.PetriNet dispararExtendida
INFO: {"disparo" : 7, "marcado" : [1, 0, 0, 0, 0, 0, 0, 0, 1, 14, 6, 0, 0, 0, 1, 0, 1, 0] }
Nov 30, 2019 3:55:47 AM petriNet.PetriNet dispararExtendida
INFO: {"disparo" : 10, "marcado" : [1, 0, 0, 0, 0, 0, 0, 0, 0, 13, 7, 0, 0, 0, 1, 0, 1, 0] }
Nov 30, 2019 3:55:47 AM petriNet.PetriNet dispararExtendida
INFO: {"disparo" : 0, "marcado" : [0, 1, 0, 0, 0, 0, 0, 0, 0, 13, 7, 0, 0, 0, 1, 0, 1, 0] }
Nov 30, 2019 3:55:47 AM petriNet.PetriNet dispararExtendida
INFO: {"disparo" : 2, "marcado" : [0, 0, 1, 0, 0, 0, 0, 1, 0, 13, 7, 0, 0, 0, 1, 0, 0, 0] }
Nov 30, 2019 3:55:47 AM petriNet.PetriNet dispararExtendida
INFO: {"disparo" : 11, "marcado" : [0, 0, 1, 0, 0, 0, 0, 1, 0, 13, 6, 1, 0, 0, 1, 0, 0, 0] }
Nov 30, 2019 3:55:47 AM petriNet.PetriNet dispararExtendida
INFO: {"disparo" : 11, "marcado" : [0, 0, 1, 0, 0, 0, 0, 1, 0, 13, 5, 2, 0, 0, 1, 0, 0, 0] }
Nov 30, 2019 3:55:47 AM petriNet.PetriNet dispararExtendida
INFO: {"disparo" : 11, "marcado" : [0, 0, 1, 0, 0, 0, 0, 1, 0, 13, 4, 3, 0, 0, 1, 0, 0, 0] }
Nov 30, 2019 3:55:47 AM petriNet.PetriNet dispararExtendida
INFO: {"disparo" : 11, "marcado" : [0, 0, 1, 0, 0, 0, 0, 1, 0, 13, 3, 4, 0, 0, 1, 0, 0, 0] }
Nov 30, 2019 3:55:47 AM petriNet.PetriNet dispararExtendida
INFO: {"disparo" : 11, "marcado" : [0, 0, 1, 0, 0, 0, 0, 1, 0, 13, 2, 5, 0, 0, 1, 0, 0, 0] }
Nov 30, 2019 3:55:47 AM petriNet.PetriNet dispararExtendida
INFO: {"disparo" : 11, "marcado" : [0, 0, 1, 0, 0, 0, 0, 1, 0, 13, 1, 6, 0, 0, 1, 0, 0, 0] }
Nov 30, 2019 3:55:47 AM petriNet.PetriNet dispararExtendida
INFO: {"disparo" : 11, "marcado" : [0, 0, 1, 0, 0, 0, 0, 1, 0, 13, 0, 7, 0, 0, 1, 0, 0, 0] }
Nov 30, 2019 3:55:47 AM petriNet.PetriNet dispararExtendida
INFO: {"disparo" : 3, "marcado" : [0, 0, 0, 1, 0, 0, 0, 1, 0, 13, 0, 7, 0, 0, 1, 1, 0, 0] }
Nov 30, 2019 3:55:49 AM petriNet.PetriNet dispararExtendida
INFO: {"disparo" : 8, "marcado" : [0, 0, 0, 1, 0, 0, 0, 1, 1, 13, 0, 7, 0, 0, 1, 1, 0, 0] }
Nov 30, 2019 3:55:52 AM petriNet.PetriNet dispararExtendida
INFO: {"disparo" : 8, "marcado" : [0, 0, 0, 1, 0, 0, 0, 1, 2, 13, 0, 7, 0, 0, 1, 1, 0, 0] }
Nov 30, 2019 3:55:53 AM petriNet.PetriNet dispararExtendida
INFO: {"disparo" : 4, "marcado" : [0, 0, 0, 0, 1, 0, 0, 1, 2, 13, 0, 7, 0, 0, 0, 1, 0, 0] }
Nov 30, 2019 3:55:55 AM petriNet.PetriNet dispararExtendida
INFO: {"disparo" : 8, "marcado" : [0, 0, 0, 0, 1, 0, 0, 1, 3, 13, 0, 7, 0, 0, 0, 1, 0, 0] }
Nov 30, 2019 3:55:58 AM petriNet.PetriNet dispararExtendida
INFO: {"disparo" : 8, "marcado" : [0, 0, 0, 0, 1, 0, 0, 1, 4, 13, 0, 7, 0, 0, 0, 1, 0, 0] }
Nov 30, 2019 3:55:58 AM petriNet.PetriNet dispararExtendida
INFO: {"disparo" : 15, "marcado" : [0, 0, 0, 0, 0, 0, 0, 1, 4, 13, 0, 7, 0, 0, 1, 1, 0, 1] }
Nov 30, 2019 3:55:58 AM petriNet.PetriNet dispararExtendida
INFO: {"disparo" : 5, "marcado" : [0, 0, 0, 0, 0, 1, 0, 1, 4, 13, 0, 7, 0, 0, 1, 0, 0, 0] }
Nov 30, 2019 3:55:58 AM petriNet.PetriNet dispararExtendida
INFO: {"disparo" : 6, "marcado" : [0, 0, 0, 0, 0, 0, 1, 0, 4, 13, 0, 7, 0, 0, 1, 0, 1, 0] }
Nov 30, 2019 3:55:58 AM petriNet.PetriNet dispararExtendida
INFO: {"disparo" : 10, "marcado" : [0, 0, 0, 0, 0, 0, 1, 0, 3, 12, 1, 7, 0, 0, 1, 0, 1, 0] }
Nov 30, 2019 3:55:58 AM petriNet.PetriNet dispararExtendida
INFO: {"disparo" : 10, "marcado" : [0, 0, 0, 0, 0, 0, 1, 0, 2, 11, 2, 7, 0, 0, 1, 0, 1, 0] }
Nov 30, 2019 3:55:58 AM petriNet.PetriNet dispararExtendida
INFO: {"disparo" : 9, "marcado" : [0, 0, 0, 0, 0, 0, 1, 0, 2, 12, 2, 6, 0, 0, 1, 0, 1, 0] }
Nov 30, 2019 3:55:58 AM petriNet.PetriNet dispararExtendida
INFO: {"disparo" : 10, "marcado" : [0, 0, 0, 0, 0, 0, 1, 0, 1, 11, 3, 6, 0, 0, 1, 0, 1, 0] }
Nov 30, 2019 3:55:58 AM petriNet.PetriNet dispararExtendida
INFO: {"disparo" : 9, "marcado" : [0, 0, 0, 0, 0, 0, 1, 0, 1, 12, 3, 5, 0, 0, 1, 0, 1, 0] }
Nov 30, 2019 3:55:58 AM petriNet.PetriNet dispararExtendida
INFO: {"disparo" : 10, "marcado" : [0, 0, 0, 0, 0, 0, 1, 0, 0, 11, 4, 5, 0, 0, 1, 0, 1, 0] }
Nov 30, 2019 3:55:58 AM petriNet.PetriNet dispararExtendida
INFO: {"disparo" : 9, "marcado" : [0, 0, 0, 0, 0, 0, 1, 0, 0, 12, 4, 4, 0, 0, 1, 0, 1, 0] }
Nov 30, 2019 3:55:58 AM petriNet.PetriNet dispararExtendida
INFO: {"disparo" : 9, "marcado" : [0, 0, 0, 0, 0, 0, 1, 0, 0, 13, 4, 3, 0, 0, 1, 0, 1, 0] }
Nov 30, 2019 3:55:58 AM petriNet.PetriNet dispararExtendida
INFO: {"disparo" : 9, "marcado" : [0, 0, 0, 0, 0, 0, 1, 0, 0, 14, 4, 2, 0, 0, 1, 0, 1, 0] }
Nov 30, 2019 3:55:58 AM petriNet.PetriNet dispararExtendida
INFO: {"disparo" : 9, "marcado" : [0, 0, 0, 0, 0, 0, 1, 0, 0, 15, 4, 1, 0, 0, 1, 0, 1, 0] }
Nov 30, 2019 3:55:58 AM petriNet.PetriNet dispararExtendida
INFO: {"disparo" : 9, "marcado" : [0, 0, 0, 0, 0, 0, 1, 0, 0, 16, 4, 0, 0, 0, 1, 0, 1, 0] }
Nov 30, 2019 3:56:01 AM petriNet.PetriNet dispararExtendida
INFO: {"disparo" : 13, "marcado" : [0, 0, 0, 0, 0, 0, 1, 0, 0, 16, 4, 0, 1, 0, 1, 0, 1, 0] }
Nov 30, 2019 3:56:01 AM petriNet.PetriNet dispararExtendida
INFO: {"disparo" : 12, "marcado" : [0, 0, 0, 0, 0, 0, 1, 0, 0, 16, 4, 0, 0, 1, 0, 0, 1, 0] }
Nov 30, 2019 3:56:01 AM petriNet.PetriNet dispararExtendida
INFO: {"disparo" : 14, "marcado" : [0, 0, 0, 0, 0, 0, 1, 0, 0, 16, 4, 0, 0, 0, 1, 0, 1, 0] }
Nov 30, 2019 3:56:01 AM petriNet.PetriNet dispararExtendida
INFO: {"disparo" : 8, "marcado" : [0, 0, 0, 0, 0, 0, 1, 0, 1, 16, 4, 0, 0, 0, 1, 0, 1, 0] }
Nov 30, 2019 3:56:01 AM petriNet.PetriNet dispararExtendida
INFO: {"disparo" : 10, "marcado" : [0, 0, 0, 0, 0, 0, 1, 0, 0, 15, 5, 0, 0, 0, 1, 0, 1, 0] }
Nov 30, 2019 3:56:04 AM petriNet.PetriNet dispararExtendida
INFO: {"disparo" : 8, "marcado" : [0, 0, 0, 0, 0, 0, 1, 0, 1, 15, 5, 0, 0, 0, 1, 0, 1, 0] }
Nov 30, 2019 3:56:04 AM petriNet.PetriNet dispararExtendida
INFO: {"disparo" : 10, "marcado" : [0, 0, 0, 0, 0, 0, 1, 0, 0, 14, 6, 0, 0, 0, 1, 0, 1, 0] }
Nov 30, 2019 3:56:07 AM petriNet.PetriNet dispararExtendida
INFO: {"disparo" : 8, "marcado" : [0, 0, 0, 0, 0, 0, 1, 0, 1, 14, 6, 0, 0, 0, 1, 0, 1, 0] }
Nov 30, 2019 3:56:07 AM petriNet.PetriNet dispararExtendida
INFO: {"disparo" : 10, "marcado" : [0, 0, 0, 0, 0, 0, 1, 0, 0, 13, 7, 0, 0, 0, 1, 0, 1, 0] }
Nov 30, 2019 3:56:08 AM petriNet.PetriNet dispararExtendida
INFO: {"disparo" : 7, "marcado" : [1, 0, 0, 0, 0, 0, 0, 0, 0, 13, 7, 0, 0, 0, 1, 0, 1, 0] }
Nov 30, 2019 3:56:08 AM petriNet.PetriNet dispararExtendida
INFO: {"disparo" : 0, "marcado" : [0, 1, 0, 0, 0, 0, 0, 0, 0, 13, 7, 0, 0, 0, 1, 0, 1, 0] }
Nov 30, 2019 3:56:08 AM petriNet.PetriNet dispararExtendida
INFO: {"disparo" : 2, "marcado" : [0, 0, 1, 0, 0, 0, 0, 1, 0, 13, 7, 0, 0, 0, 1, 0, 0, 0] }
Nov 30, 2019 3:56:08 AM petriNet.PetriNet dispararExtendida
INFO: {"disparo" : 11, "marcado" : [0, 0, 1, 0, 0, 0, 0, 1, 0, 13, 6, 1, 0, 0, 1, 0, 0, 0] }
Nov 30, 2019 3:56:08 AM petriNet.PetriNet dispararExtendida
INFO: {"disparo" : 11, "marcado" : [0, 0, 1, 0, 0, 0, 0, 1, 0, 13, 5, 2, 0, 0, 1, 0, 0, 0] }
Nov 30, 2019 3:56:08 AM petriNet.PetriNet dispararExtendida
INFO: {"disparo" : 11, "marcado" : [0, 0, 1, 0, 0, 0, 0, 1, 0, 13, 4, 3, 0, 0, 1, 0, 0, 0] }
Nov 30, 2019 3:56:08 AM petriNet.PetriNet dispararExtendida
INFO: {"disparo" : 11, "marcado" : [0, 0, 1, 0, 0, 0, 0, 1, 0, 13, 3, 4, 0, 0, 1, 0, 0, 0] }
Nov 30, 2019 3:56:08 AM petriNet.PetriNet dispararExtendida
INFO: {"disparo" : 11, "marcado" : [0, 0, 1, 0, 0, 0, 0, 1, 0, 13, 2, 5, 0, 0, 1, 0, 0, 0] }
Nov 30, 2019 3:56:08 AM petriNet.PetriNet dispararExtendida
INFO: {"disparo" : 11, "marcado" : [0, 0, 1, 0, 0, 0, 0, 1, 0, 13, 1, 6, 0, 0, 1, 0, 0, 0] }
Nov 30, 2019 3:56:08 AM petriNet.PetriNet dispararExtendida
INFO: {"disparo" : 11, "marcado" : [0, 0, 1, 0, 0, 0, 0, 1, 0, 13, 0, 7, 0, 0, 1, 0, 0, 0] }
Nov 30, 2019 3:56:08 AM petriNet.PetriNet dispararExtendida
INFO: {"disparo" : 3, "marcado" : [0, 0, 0, 1, 0, 0, 0, 1, 0, 13, 0, 7, 0, 0, 1, 1, 0, 0] }
Nov 30, 2019 3:56:10 AM petriNet.PetriNet dispararExtendida
INFO: {"disparo" : 8, "marcado" : [0, 0, 0, 1, 0, 0, 0, 1, 1, 13, 0, 7, 0, 0, 1, 1, 0, 0] }
Nov 30, 2019 3:56:13 AM petriNet.PetriNet dispararExtendida
INFO: {"disparo" : 8, "marcado" : [0, 0, 0, 1, 0, 0, 0, 1, 2, 13, 0, 7, 0, 0, 1, 1, 0, 0] }
Nov 30, 2019 3:56:14 AM petriNet.PetriNet dispararExtendida
INFO: {"disparo" : 4, "marcado" : [0, 0, 0, 0, 1, 0, 0, 1, 2, 13, 0, 7, 0, 0, 0, 1, 0, 0] }
Nov 30, 2019 3:56:16 AM petriNet.PetriNet dispararExtendida
INFO: {"disparo" : 13, "marcado" : [0, 0, 0, 0, 1, 0, 0, 1, 2, 13, 0, 7, 1, 0, 0, 1, 0, 0] }
Nov 30, 2019 3:56:16 AM petriNet.PetriNet dispararExtendida
INFO: {"disparo" : 8, "marcado" : [0, 0, 0, 0, 1, 0, 0, 1, 3, 13, 0, 7, 1, 0, 0, 1, 0, 0] }
Nov 30, 2019 3:56:18 AM petriNet.PetriNet dispararExtendida
INFO: {"disparo" : 15, "marcado" : [0, 0, 0, 0, 0, 0, 0, 1, 3, 13, 0, 7, 1, 0, 1, 1, 0, 1] }
Nov 30, 2019 3:56:18 AM petriNet.PetriNet dispararExtendida
INFO: {"disparo" : 5, "marcado" : [0, 0, 0, 0, 0, 1, 0, 1, 3, 13, 0, 7, 1, 0, 1, 0, 0, 0] }
Nov 30, 2019 3:56:18 AM petriNet.PetriNet dispararExtendida
INFO: {"disparo" : 6, "marcado" : [0, 0, 0, 0, 0, 0, 1, 0, 3, 13, 0, 7, 1, 0, 1, 0, 1, 0] }
Nov 30, 2019 3:56:18 AM petriNet.PetriNet dispararExtendida
INFO: {"disparo" : 10, "marcado" : [0, 0, 0, 0, 0, 0, 1, 0, 2, 12, 1, 7, 1, 0, 1, 0, 1, 0] }
Nov 30, 2019 3:56:18 AM petriNet.PetriNet dispararExtendida
INFO: {"disparo" : 10, "marcado" : [0, 0, 0, 0, 0, 0, 1, 0, 1, 11, 2, 7, 1, 0, 1, 0, 1, 0] }
Nov 30, 2019 3:56:18 AM petriNet.PetriNet dispararExtendida
INFO: {"disparo" : 9, "marcado" : [0, 0, 0, 0, 0, 0, 1, 0, 1, 12, 2, 6, 1, 0, 1, 0, 1, 0] }
Nov 30, 2019 3:56:18 AM petriNet.PetriNet dispararExtendida
INFO: {"disparo" : 10, "marcado" : [0, 0, 0, 0, 0, 0, 1, 0, 0, 11, 3, 6, 1, 0, 1, 0, 1, 0] }
Nov 30, 2019 3:56:18 AM petriNet.PetriNet dispararExtendida
INFO: {"disparo" : 9, "marcado" : [0, 0, 0, 0, 0, 0, 1, 0, 0, 12, 3, 5, 1, 0, 1, 0, 1, 0] }
Nov 30, 2019 3:56:18 AM petriNet.PetriNet dispararExtendida
INFO: {"disparo" : 9, "marcado" : [0, 0, 0, 0, 0, 0, 1, 0, 0, 13, 3, 4, 1, 0, 1, 0, 1, 0] }
Nov 30, 2019 3:56:18 AM petriNet.PetriNet dispararExtendida
INFO: {"disparo" : 9, "marcado" : [0, 0, 0, 0, 0, 0, 1, 0, 0, 14, 3, 3, 1, 0, 1, 0, 1, 0] }
Nov 30, 2019 3:56:18 AM petriNet.PetriNet dispararExtendida
INFO: {"disparo" : 12, "marcado" : [0, 0, 0, 0, 0, 0, 1, 0, 0, 14, 3, 3, 0, 1, 0, 0, 1, 0] }
Nov 30, 2019 3:56:18 AM petriNet.PetriNet dispararExtendida
INFO: {"disparo" : 9, "marcado" : [0, 0, 0, 0, 0, 0, 1, 0, 0, 15, 3, 2, 0, 1, 0, 0, 1, 0] }
Nov 30, 2019 3:56:18 AM petriNet.PetriNet dispararExtendida
INFO: {"disparo" : 9, "marcado" : [0, 0, 0, 0, 0, 0, 1, 0, 0, 16, 3, 1, 0, 1, 0, 0, 1, 0] }
Nov 30, 2019 3:56:18 AM petriNet.PetriNet dispararExtendida
INFO: {"disparo" : 9, "marcado" : [0, 0, 0, 0, 0, 0, 1, 0, 0, 17, 3, 0, 0, 1, 0, 0, 1, 0] }
Nov 30, 2019 3:56:18 AM petriNet.PetriNet dispararExtendida
INFO: {"disparo" : 14, "marcado" : [0, 0, 0, 0, 0, 0, 1, 0, 0, 17, 3, 0, 0, 0, 1, 0, 1, 0] }
Nov 30, 2019 3:56:19 AM petriNet.PetriNet dispararExtendida
INFO: {"disparo" : 8, "marcado" : [0, 0, 0, 0, 0, 0, 1, 0, 1, 17, 3, 0, 0, 0, 1, 0, 1, 0] }
Nov 30, 2019 3:56:19 AM petriNet.PetriNet dispararExtendida
INFO: {"disparo" : 10, "marcado" : [0, 0, 0, 0, 0, 0, 1, 0, 0, 16, 4, 0, 0, 0, 1, 0, 1, 0] }
Nov 30, 2019 3:56:22 AM petriNet.PetriNet dispararExtendida
INFO: {"disparo" : 8, "marcado" : [0, 0, 0, 0, 0, 0, 1, 0, 1, 16, 4, 0, 0, 0, 1, 0, 1, 0] }
Nov 30, 2019 3:56:22 AM petriNet.PetriNet dispararExtendida
INFO: {"disparo" : 10, "marcado" : [0, 0, 0, 0, 0, 0, 1, 0, 0, 15, 5, 0, 0, 0, 1, 0, 1, 0] }
Nov 30, 2019 3:56:25 AM petriNet.PetriNet dispararExtendida
INFO: {"disparo" : 8, "marcado" : [0, 0, 0, 0, 0, 0, 1, 0, 1, 15, 5, 0, 0, 0, 1, 0, 1, 0] }
Nov 30, 2019 3:56:25 AM petriNet.PetriNet dispararExtendida
INFO: {"disparo" : 10, "marcado" : [0, 0, 0, 0, 0, 0, 1, 0, 0, 14, 6, 0, 0, 0, 1, 0, 1, 0] }
Nov 30, 2019 3:56:28 AM petriNet.PetriNet dispararExtendida
INFO: {"disparo" : 8, "marcado" : [0, 0, 0, 0, 0, 0, 1, 0, 1, 14, 6, 0, 0, 0, 1, 0, 1, 0] }
Nov 30, 2019 3:56:28 AM petriNet.PetriNet dispararExtendida
INFO: {"disparo" : 10, "marcado" : [0, 0, 0, 0, 0, 0, 1, 0, 0, 13, 7, 0, 0, 0, 1, 0, 1, 0] }
Nov 30, 2019 3:56:28 AM petriNet.PetriNet dispararExtendida
INFO: {"disparo" : 7, "marcado" : [1, 0, 0, 0, 0, 0, 0, 0, 0, 13, 7, 0, 0, 0, 1, 0, 1, 0] }
Nov 30, 2019 3:56:28 AM petriNet.PetriNet dispararExtendida
INFO: {"disparo" : 0, "marcado" : [0, 1, 0, 0, 0, 0, 0, 0, 0, 13, 7, 0, 0, 0, 1, 0, 1, 0] }
Nov 30, 2019 3:56:28 AM petriNet.PetriNet dispararExtendida
INFO: {"disparo" : 2, "marcado" : [0, 0, 1, 0, 0, 0, 0, 1, 0, 13, 7, 0, 0, 0, 1, 0, 0, 0] }
Nov 30, 2019 3:56:28 AM petriNet.PetriNet dispararExtendida
INFO: {"disparo" : 11, "marcado" : [0, 0, 1, 0, 0, 0, 0, 1, 0, 13, 6, 1, 0, 0, 1, 0, 0, 0] }
Nov 30, 2019 3:56:28 AM petriNet.PetriNet dispararExtendida
INFO: {"disparo" : 11, "marcado" : [0, 0, 1, 0, 0, 0, 0, 1, 0, 13, 5, 2, 0, 0, 1, 0, 0, 0] }
Nov 30, 2019 3:56:28 AM petriNet.PetriNet dispararExtendida
INFO: {"disparo" : 11, "marcado" : [0, 0, 1, 0, 0, 0, 0, 1, 0, 13, 4, 3, 0, 0, 1, 0, 0, 0] }
Nov 30, 2019 3:56:28 AM petriNet.PetriNet dispararExtendida
INFO: {"disparo" : 11, "marcado" : [0, 0, 1, 0, 0, 0, 0, 1, 0, 13, 3, 4, 0, 0, 1, 0, 0, 0] }
Nov 30, 2019 3:56:28 AM petriNet.PetriNet dispararExtendida
INFO: {"disparo" : 11, "marcado" : [0, 0, 1, 0, 0, 0, 0, 1, 0, 13, 2, 5, 0, 0, 1, 0, 0, 0] }
Nov 30, 2019 3:56:28 AM petriNet.PetriNet dispararExtendida
INFO: {"disparo" : 11, "marcado" : [0, 0, 1, 0, 0, 0, 0, 1, 0, 13, 1, 6, 0, 0, 1, 0, 0, 0] }
Nov 30, 2019 3:56:28 AM petriNet.PetriNet dispararExtendida
INFO: {"disparo" : 11, "marcado" : [0, 0, 1, 0, 0, 0, 0, 1, 0, 13, 0, 7, 0, 0, 1, 0, 0, 0] }
Nov 30, 2019 3:56:28 AM petriNet.PetriNet dispararExtendida
INFO: {"disparo" : 3, "marcado" : [0, 0, 0, 1, 0, 0, 0, 1, 0, 13, 0, 7, 0, 0, 1, 1, 0, 0] }
Nov 30, 2019 3:56:31 AM petriNet.PetriNet dispararExtendida
INFO: {"disparo" : 13, "marcado" : [0, 0, 0, 1, 0, 0, 0, 1, 0, 13, 0, 7, 1, 0, 1, 1, 0, 0] }
Nov 30, 2019 3:56:31 AM petriNet.PetriNet dispararExtendida
INFO: {"disparo" : 8, "marcado" : [0, 0, 0, 1, 0, 0, 0, 1, 1, 13, 0, 7, 1, 0, 1, 1, 0, 0] }
Nov 30, 2019 3:56:34 AM petriNet.PetriNet dispararExtendida
INFO: {"disparo" : 8, "marcado" : [0, 0, 0, 1, 0, 0, 0, 1, 2, 13, 0, 7, 1, 0, 1, 1, 0, 0] }
Nov 30, 2019 3:56:34 AM petriNet.PetriNet dispararExtendida
INFO: {"disparo" : 4, "marcado" : [0, 0, 0, 0, 1, 0, 0, 1, 2, 13, 0, 7, 1, 0, 0, 1, 0, 0] }
Nov 30, 2019 3:56:37 AM petriNet.PetriNet dispararExtendida
INFO: {"disparo" : 8, "marcado" : [0, 0, 0, 0, 1, 0, 0, 1, 3, 13, 0, 7, 1, 0, 0, 1, 0, 0] }
Nov 30, 2019 3:56:39 AM petriNet.PetriNet dispararExtendida
INFO: {"disparo" : 15, "marcado" : [0, 0, 0, 0, 0, 0, 0, 1, 3, 13, 0, 7, 1, 0, 1, 1, 0, 1] }
Nov 30, 2019 3:56:39 AM petriNet.PetriNet dispararExtendida
INFO: {"disparo" : 5, "marcado" : [0, 0, 0, 0, 0, 1, 0, 1, 3, 13, 0, 7, 1, 0, 1, 0, 0, 0] }
Nov 30, 2019 3:56:39 AM petriNet.PetriNet dispararExtendida
INFO: {"disparo" : 6, "marcado" : [0, 0, 0, 0, 0, 0, 1, 0, 3, 13, 0, 7, 1, 0, 1, 0, 1, 0] }
Nov 30, 2019 3:56:39 AM petriNet.PetriNet dispararExtendida
INFO: {"disparo" : 10, "marcado" : [0, 0, 0, 0, 0, 0, 1, 0, 2, 12, 1, 7, 1, 0, 1, 0, 1, 0] }
Nov 30, 2019 3:56:39 AM petriNet.PetriNet dispararExtendida
INFO: {"disparo" : 10, "marcado" : [0, 0, 0, 0, 0, 0, 1, 0, 1, 11, 2, 7, 1, 0, 1, 0, 1, 0] }
Nov 30, 2019 3:56:39 AM petriNet.PetriNet dispararExtendida
INFO: {"disparo" : 9, "marcado" : [0, 0, 0, 0, 0, 0, 1, 0, 1, 12, 2, 6, 1, 0, 1, 0, 1, 0] }
Nov 30, 2019 3:56:39 AM petriNet.PetriNet dispararExtendida
INFO: {"disparo" : 10, "marcado" : [0, 0, 0, 0, 0, 0, 1, 0, 0, 11, 3, 6, 1, 0, 1, 0, 1, 0] }
Nov 30, 2019 3:56:39 AM petriNet.PetriNet dispararExtendida
INFO: {"disparo" : 9, "marcado" : [0, 0, 0, 0, 0, 0, 1, 0, 0, 12, 3, 5, 1, 0, 1, 0, 1, 0] }
Nov 30, 2019 3:56:39 AM petriNet.PetriNet dispararExtendida
INFO: {"disparo" : 9, "marcado" : [0, 0, 0, 0, 0, 0, 1, 0, 0, 13, 3, 4, 1, 0, 1, 0, 1, 0] }
Nov 30, 2019 3:56:39 AM petriNet.PetriNet dispararExtendida
INFO: {"disparo" : 9, "marcado" : [0, 0, 0, 0, 0, 0, 1, 0, 0, 14, 3, 3, 1, 0, 1, 0, 1, 0] }
Nov 30, 2019 3:56:39 AM petriNet.PetriNet dispararExtendida
INFO: {"disparo" : 12, "marcado" : [0, 0, 0, 0, 0, 0, 1, 0, 0, 14, 3, 3, 0, 1, 0, 0, 1, 0] }
Nov 30, 2019 3:56:39 AM petriNet.PetriNet dispararExtendida
INFO: {"disparo" : 9, "marcado" : [0, 0, 0, 0, 0, 0, 1, 0, 0, 15, 3, 2, 0, 1, 0, 0, 1, 0] }
Nov 30, 2019 3:56:39 AM petriNet.PetriNet dispararExtendida
INFO: {"disparo" : 9, "marcado" : [0, 0, 0, 0, 0, 0, 1, 0, 0, 16, 3, 1, 0, 1, 0, 0, 1, 0] }
Nov 30, 2019 3:56:39 AM petriNet.PetriNet dispararExtendida
INFO: {"disparo" : 9, "marcado" : [0, 0, 0, 0, 0, 0, 1, 0, 0, 17, 3, 0, 0, 1, 0, 0, 1, 0] }
Nov 30, 2019 3:56:39 AM petriNet.PetriNet dispararExtendida
INFO: {"disparo" : 14, "marcado" : [0, 0, 0, 0, 0, 0, 1, 0, 0, 17, 3, 0, 0, 0, 1, 0, 1, 0] }
Nov 30, 2019 3:56:40 AM petriNet.PetriNet dispararExtendida
INFO: {"disparo" : 8, "marcado" : [0, 0, 0, 0, 0, 0, 1, 0, 1, 17, 3, 0, 0, 0, 1, 0, 1, 0] }
Nov 30, 2019 3:56:40 AM petriNet.PetriNet dispararExtendida
INFO: {"disparo" : 10, "marcado" : [0, 0, 0, 0, 0, 0, 1, 0, 0, 16, 4, 0, 0, 0, 1, 0, 1, 0] }
Nov 30, 2019 3:56:43 AM petriNet.PetriNet dispararExtendida
INFO: {"disparo" : 8, "marcado" : [0, 0, 0, 0, 0, 0, 1, 0, 1, 16, 4, 0, 0, 0, 1, 0, 1, 0] }
Nov 30, 2019 3:56:43 AM petriNet.PetriNet dispararExtendida
INFO: {"disparo" : 10, "marcado" : [0, 0, 0, 0, 0, 0, 1, 0, 0, 15, 5, 0, 0, 0, 1, 0, 1, 0] }
Nov 30, 2019 3:56:46 AM petriNet.PetriNet dispararExtendida
INFO: {"disparo" : 13, "marcado" : [0, 0, 0, 0, 0, 0, 1, 0, 0, 15, 5, 0, 1, 0, 1, 0, 1, 0] }
Nov 30, 2019 3:56:46 AM petriNet.PetriNet dispararExtendida
INFO: {"disparo" : 12, "marcado" : [0, 0, 0, 0, 0, 0, 1, 0, 0, 15, 5, 0, 0, 1, 0, 0, 1, 0] }
Nov 30, 2019 3:56:46 AM petriNet.PetriNet dispararExtendida
INFO: {"disparo" : 14, "marcado" : [0, 0, 0, 0, 0, 0, 1, 0, 0, 15, 5, 0, 0, 0, 1, 0, 1, 0] }
Nov 30, 2019 3:56:46 AM petriNet.PetriNet dispararExtendida
INFO: {"disparo" : 8, "marcado" : [0, 0, 0, 0, 0, 0, 1, 0, 1, 15, 5, 0, 0, 0, 1, 0, 1, 0] }
Nov 30, 2019 3:56:46 AM petriNet.PetriNet dispararExtendida
INFO: {"disparo" : 10, "marcado" : [0, 0, 0, 0, 0, 0, 1, 0, 0, 14, 6, 0, 0, 0, 1, 0, 1, 0] }
Nov 30, 2019 3:56:49 AM petriNet.PetriNet dispararExtendida
INFO: {"disparo" : 8, "marcado" : [0, 0, 0, 0, 0, 0, 1, 0, 1, 14, 6, 0, 0, 0, 1, 0, 1, 0] }
Nov 30, 2019 3:56:49 AM petriNet.PetriNet dispararExtendida
INFO: {"disparo" : 10, "marcado" : [0, 0, 0, 0, 0, 0, 1, 0, 0, 13, 7, 0, 0, 0, 1, 0, 1, 0] }
Nov 30, 2019 3:56:49 AM petriNet.PetriNet dispararExtendida
INFO: {"disparo" : 7, "marcado" : [1, 0, 0, 0, 0, 0, 0, 0, 0, 13, 7, 0, 0, 0, 1, 0, 1, 0] }
Nov 30, 2019 3:56:49 AM petriNet.PetriNet dispararExtendida
INFO: {"disparo" : 0, "marcado" : [0, 1, 0, 0, 0, 0, 0, 0, 0, 13, 7, 0, 0, 0, 1, 0, 1, 0] }
Nov 30, 2019 3:56:49 AM petriNet.PetriNet dispararExtendida
INFO: {"disparo" : 2, "marcado" : [0, 0, 1, 0, 0, 0, 0, 1, 0, 13, 7, 0, 0, 0, 1, 0, 0, 0] }
Nov 30, 2019 3:56:49 AM petriNet.PetriNet dispararExtendida
INFO: {"disparo" : 11, "marcado" : [0, 0, 1, 0, 0, 0, 0, 1, 0, 13, 6, 1, 0, 0, 1, 0, 0, 0] }
Nov 30, 2019 3:56:49 AM petriNet.PetriNet dispararExtendida
INFO: {"disparo" : 11, "marcado" : [0, 0, 1, 0, 0, 0, 0, 1, 0, 13, 5, 2, 0, 0, 1, 0, 0, 0] }
Nov 30, 2019 3:56:49 AM petriNet.PetriNet dispararExtendida
INFO: {"disparo" : 11, "marcado" : [0, 0, 1, 0, 0, 0, 0, 1, 0, 13, 4, 3, 0, 0, 1, 0, 0, 0] }
Nov 30, 2019 3:56:49 AM petriNet.PetriNet dispararExtendida
INFO: {"disparo" : 11, "marcado" : [0, 0, 1, 0, 0, 0, 0, 1, 0, 13, 3, 4, 0, 0, 1, 0, 0, 0] }
Nov 30, 2019 3:56:49 AM petriNet.PetriNet dispararExtendida
INFO: {"disparo" : 11, "marcado" : [0, 0, 1, 0, 0, 0, 0, 1, 0, 13, 2, 5, 0, 0, 1, 0, 0, 0] }
Nov 30, 2019 3:56:49 AM petriNet.PetriNet dispararExtendida
INFO: {"disparo" : 11, "marcado" : [0, 0, 1, 0, 0, 0, 0, 1, 0, 13, 1, 6, 0, 0, 1, 0, 0, 0] }
Nov 30, 2019 3:56:49 AM petriNet.PetriNet dispararExtendida
INFO: {"disparo" : 11, "marcado" : [0, 0, 1, 0, 0, 0, 0, 1, 0, 13, 0, 7, 0, 0, 1, 0, 0, 0] }
Nov 30, 2019 3:56:49 AM petriNet.PetriNet dispararExtendida
INFO: {"disparo" : 3, "marcado" : [0, 0, 0, 1, 0, 0, 0, 1, 0, 13, 0, 7, 0, 0, 1, 1, 0, 0] }
Nov 30, 2019 3:56:52 AM petriNet.PetriNet dispararExtendida
INFO: {"disparo" : 8, "marcado" : [0, 0, 0, 1, 0, 0, 0, 1, 1, 13, 0, 7, 0, 0, 1, 1, 0, 0] }
Nov 30, 2019 3:56:55 AM petriNet.PetriNet dispararExtendida
INFO: {"disparo" : 8, "marcado" : [0, 0, 0, 1, 0, 0, 0, 1, 2, 13, 0, 7, 0, 0, 1, 1, 0, 0] }
Nov 30, 2019 3:56:55 AM petriNet.PetriNet dispararExtendida
INFO: {"disparo" : 4, "marcado" : [0, 0, 0, 0, 1, 0, 0, 1, 2, 13, 0, 7, 0, 0, 0, 1, 0, 0] }
Nov 30, 2019 3:56:58 AM petriNet.PetriNet dispararExtendida
INFO: {"disparo" : 8, "marcado" : [0, 0, 0, 0, 1, 0, 0, 1, 3, 13, 0, 7, 0, 0, 0, 1, 0, 0] }
Nov 30, 2019 3:56:59 AM petriNet.PetriNet dispararExtendida
INFO: {"disparo" : 15, "marcado" : [0, 0, 0, 0, 0, 0, 0, 1, 3, 13, 0, 7, 0, 0, 1, 1, 0, 1] }
Nov 30, 2019 3:56:59 AM petriNet.PetriNet dispararExtendida
INFO: {"disparo" : 5, "marcado" : [0, 0, 0, 0, 0, 1, 0, 1, 3, 13, 0, 7, 0, 0, 1, 0, 0, 0] }
Nov 30, 2019 3:56:59 AM petriNet.PetriNet dispararExtendida
INFO: {"disparo" : 6, "marcado" : [0, 0, 0, 0, 0, 0, 1, 0, 3, 13, 0, 7, 0, 0, 1, 0, 1, 0] }
Nov 30, 2019 3:56:59 AM petriNet.PetriNet dispararExtendida
INFO: {"disparo" : 10, "marcado" : [0, 0, 0, 0, 0, 0, 1, 0, 2, 12, 1, 7, 0, 0, 1, 0, 1, 0] }
Nov 30, 2019 3:56:59 AM petriNet.PetriNet dispararExtendida
INFO: {"disparo" : 10, "marcado" : [0, 0, 0, 0, 0, 0, 1, 0, 1, 11, 2, 7, 0, 0, 1, 0, 1, 0] }
Nov 30, 2019 3:56:59 AM petriNet.PetriNet dispararExtendida
INFO: {"disparo" : 9, "marcado" : [0, 0, 0, 0, 0, 0, 1, 0, 1, 12, 2, 6, 0, 0, 1, 0, 1, 0] }
Nov 30, 2019 3:56:59 AM petriNet.PetriNet dispararExtendida
INFO: {"disparo" : 10, "marcado" : [0, 0, 0, 0, 0, 0, 1, 0, 0, 11, 3, 6, 0, 0, 1, 0, 1, 0] }
Nov 30, 2019 3:56:59 AM petriNet.PetriNet dispararExtendida
INFO: {"disparo" : 9, "marcado" : [0, 0, 0, 0, 0, 0, 1, 0, 0, 12, 3, 5, 0, 0, 1, 0, 1, 0] }
Nov 30, 2019 3:56:59 AM petriNet.PetriNet dispararExtendida
INFO: {"disparo" : 9, "marcado" : [0, 0, 0, 0, 0, 0, 1, 0, 0, 13, 3, 4, 0, 0, 1, 0, 1, 0] }
Nov 30, 2019 3:56:59 AM petriNet.PetriNet dispararExtendida
INFO: {"disparo" : 9, "marcado" : [0, 0, 0, 0, 0, 0, 1, 0, 0, 14, 3, 3, 0, 0, 1, 0, 1, 0] }
Nov 30, 2019 3:56:59 AM petriNet.PetriNet dispararExtendida
INFO: {"disparo" : 9, "marcado" : [0, 0, 0, 0, 0, 0, 1, 0, 0, 15, 3, 2, 0, 0, 1, 0, 1, 0] }
Nov 30, 2019 3:56:59 AM petriNet.PetriNet dispararExtendida
INFO: {"disparo" : 9, "marcado" : [0, 0, 0, 0, 0, 0, 1, 0, 0, 16, 3, 1, 0, 0, 1, 0, 1, 0] }
Nov 30, 2019 3:56:59 AM petriNet.PetriNet dispararExtendida
INFO: {"disparo" : 9, "marcado" : [0, 0, 0, 0, 0, 0, 1, 0, 0, 17, 3, 0, 0, 0, 1, 0, 1, 0] }
Nov 30, 2019 3:57:01 AM petriNet.PetriNet dispararExtendida
INFO: {"disparo" : 13, "marcado" : [0, 0, 0, 0, 0, 0, 1, 0, 0, 17, 3, 0, 1, 0, 1, 0, 1, 0] }
Nov 30, 2019 3:57:01 AM petriNet.PetriNet dispararExtendida
INFO: {"disparo" : 12, "marcado" : [0, 0, 0, 0, 0, 0, 1, 0, 0, 17, 3, 0, 0, 1, 0, 0, 1, 0] }
Nov 30, 2019 3:57:01 AM petriNet.PetriNet dispararExtendida
INFO: {"disparo" : 14, "marcado" : [0, 0, 0, 0, 0, 0, 1, 0, 0, 17, 3, 0, 0, 0, 1, 0, 1, 0] }
Nov 30, 2019 3:57:01 AM petriNet.PetriNet dispararExtendida
INFO: {"disparo" : 8, "marcado" : [0, 0, 0, 0, 0, 0, 1, 0, 1, 17, 3, 0, 0, 0, 1, 0, 1, 0] }
Nov 30, 2019 3:57:01 AM petriNet.PetriNet dispararExtendida
INFO: {"disparo" : 10, "marcado" : [0, 0, 0, 0, 0, 0, 1, 0, 0, 16, 4, 0, 0, 0, 1, 0, 1, 0] }
Nov 30, 2019 3:57:04 AM petriNet.PetriNet dispararExtendida
INFO: {"disparo" : 8, "marcado" : [0, 0, 0, 0, 0, 0, 1, 0, 1, 16, 4, 0, 0, 0, 1, 0, 1, 0] }
Nov 30, 2019 3:57:04 AM petriNet.PetriNet dispararExtendida
INFO: {"disparo" : 10, "marcado" : [0, 0, 0, 0, 0, 0, 1, 0, 0, 15, 5, 0, 0, 0, 1, 0, 1, 0] }
Nov 30, 2019 3:57:07 AM petriNet.PetriNet dispararExtendida
INFO: {"disparo" : 8, "marcado" : [0, 0, 0, 0, 0, 0, 1, 0, 1, 15, 5, 0, 0, 0, 1, 0, 1, 0] }
Nov 30, 2019 3:57:07 AM petriNet.PetriNet dispararExtendida
INFO: {"disparo" : 10, "marcado" : [0, 0, 0, 0, 0, 0, 1, 0, 0, 14, 6, 0, 0, 0, 1, 0, 1, 0] }
Nov 30, 2019 3:57:09 AM petriNet.PetriNet dispararExtendida
INFO: {"disparo" : 7, "marcado" : [1, 0, 0, 0, 0, 0, 0, 0, 0, 14, 6, 0, 0, 0, 1, 0, 1, 0] }
Nov 30, 2019 3:57:09 AM petriNet.PetriNet dispararExtendida
INFO: {"disparo" : 0, "marcado" : [0, 1, 0, 0, 0, 0, 0, 0, 0, 14, 6, 0, 0, 0, 1, 0, 1, 0] }
Nov 30, 2019 3:57:09 AM petriNet.PetriNet dispararExtendida
INFO: {"disparo" : 2, "marcado" : [0, 0, 1, 0, 0, 0, 0, 1, 0, 14, 6, 0, 0, 0, 1, 0, 0, 0] }
Nov 30, 2019 3:57:09 AM petriNet.PetriNet dispararExtendida
INFO: {"disparo" : 11, "marcado" : [0, 0, 1, 0, 0, 0, 0, 1, 0, 14, 5, 1, 0, 0, 1, 0, 0, 0] }
Nov 30, 2019 3:57:09 AM petriNet.PetriNet dispararExtendida
INFO: {"disparo" : 11, "marcado" : [0, 0, 1, 0, 0, 0, 0, 1, 0, 14, 4, 2, 0, 0, 1, 0, 0, 0] }
Nov 30, 2019 3:57:09 AM petriNet.PetriNet dispararExtendida
INFO: {"disparo" : 11, "marcado" : [0, 0, 1, 0, 0, 0, 0, 1, 0, 14, 3, 3, 0, 0, 1, 0, 0, 0] }
Nov 30, 2019 3:57:09 AM petriNet.PetriNet dispararExtendida
INFO: {"disparo" : 11, "marcado" : [0, 0, 1, 0, 0, 0, 0, 1, 0, 14, 2, 4, 0, 0, 1, 0, 0, 0] }
Nov 30, 2019 3:57:09 AM petriNet.PetriNet dispararExtendida
INFO: {"disparo" : 11, "marcado" : [0, 0, 1, 0, 0, 0, 0, 1, 0, 14, 1, 5, 0, 0, 1, 0, 0, 0] }
Nov 30, 2019 3:57:09 AM petriNet.PetriNet dispararExtendida
INFO: {"disparo" : 11, "marcado" : [0, 0, 1, 0, 0, 0, 0, 1, 0, 14, 0, 6, 0, 0, 1, 0, 0, 0] }
Nov 30, 2019 3:57:09 AM petriNet.PetriNet dispararExtendida
INFO: {"disparo" : 3, "marcado" : [0, 0, 0, 1, 0, 0, 0, 1, 0, 14, 0, 6, 0, 0, 1, 1, 0, 0] }
Nov 30, 2019 3:57:10 AM petriNet.PetriNet dispararExtendida
INFO: {"disparo" : 8, "marcado" : [0, 0, 0, 1, 0, 0, 0, 1, 1, 14, 0, 6, 0, 0, 1, 1, 0, 0] }
Nov 30, 2019 3:57:13 AM petriNet.PetriNet dispararExtendida
INFO: {"disparo" : 8, "marcado" : [0, 0, 0, 1, 0, 0, 0, 1, 2, 14, 0, 6, 0, 0, 1, 1, 0, 0] }
Nov 30, 2019 3:57:15 AM petriNet.PetriNet dispararExtendida
INFO: {"disparo" : 4, "marcado" : [0, 0, 0, 0, 1, 0, 0, 1, 2, 14, 0, 6, 0, 0, 0, 1, 0, 0] }
Nov 30, 2019 3:57:16 AM petriNet.PetriNet dispararExtendida
INFO: {"disparo" : 13, "marcado" : [0, 0, 0, 0, 1, 0, 0, 1, 2, 14, 0, 6, 1, 0, 0, 1, 0, 0] }
Nov 30, 2019 3:57:16 AM petriNet.PetriNet dispararExtendida
INFO: {"disparo" : 8, "marcado" : [0, 0, 0, 0, 1, 0, 0, 1, 3, 14, 0, 6, 1, 0, 0, 1, 0, 0] }
Nov 30, 2019 3:57:19 AM petriNet.PetriNet dispararExtendida
INFO: {"disparo" : 8, "marcado" : [0, 0, 0, 0, 1, 0, 0, 1, 4, 14, 0, 6, 1, 0, 0, 1, 0, 0] }
Nov 30, 2019 3:57:20 AM petriNet.PetriNet dispararExtendida
INFO: {"disparo" : 15, "marcado" : [0, 0, 0, 0, 0, 0, 0, 1, 4, 14, 0, 6, 1, 0, 1, 1, 0, 1] }
Nov 30, 2019 3:57:20 AM petriNet.PetriNet dispararExtendida
INFO: {"disparo" : 5, "marcado" : [0, 0, 0, 0, 0, 1, 0, 1, 4, 14, 0, 6, 1, 0, 1, 0, 0, 0] }
Nov 30, 2019 3:57:20 AM petriNet.PetriNet dispararExtendida
INFO: {"disparo" : 6, "marcado" : [0, 0, 0, 0, 0, 0, 1, 0, 4, 14, 0, 6, 1, 0, 1, 0, 1, 0] }
Nov 30, 2019 3:57:20 AM petriNet.PetriNet dispararExtendida
INFO: {"disparo" : 10, "marcado" : [0, 0, 0, 0, 0, 0, 1, 0, 3, 13, 1, 6, 1, 0, 1, 0, 1, 0] }
Nov 30, 2019 3:57:20 AM petriNet.PetriNet dispararExtendida
INFO: {"disparo" : 10, "marcado" : [0, 0, 0, 0, 0, 0, 1, 0, 2, 12, 2, 6, 1, 0, 1, 0, 1, 0] }
Nov 30, 2019 3:57:20 AM petriNet.PetriNet dispararExtendida
INFO: {"disparo" : 9, "marcado" : [0, 0, 0, 0, 0, 0, 1, 0, 2, 13, 2, 5, 1, 0, 1, 0, 1, 0] }
Nov 30, 2019 3:57:20 AM petriNet.PetriNet dispararExtendida
INFO: {"disparo" : 10, "marcado" : [0, 0, 0, 0, 0, 0, 1, 0, 1, 12, 3, 5, 1, 0, 1, 0, 1, 0] }
Nov 30, 2019 3:57:20 AM petriNet.PetriNet dispararExtendida
INFO: {"disparo" : 9, "marcado" : [0, 0, 0, 0, 0, 0, 1, 0, 1, 13, 3, 4, 1, 0, 1, 0, 1, 0] }
Nov 30, 2019 3:57:20 AM petriNet.PetriNet dispararExtendida
INFO: {"disparo" : 10, "marcado" : [0, 0, 0, 0, 0, 0, 1, 0, 0, 12, 4, 4, 1, 0, 1, 0, 1, 0] }
Nov 30, 2019 3:57:20 AM petriNet.PetriNet dispararExtendida
INFO: {"disparo" : 9, "marcado" : [0, 0, 0, 0, 0, 0, 1, 0, 0, 13, 4, 3, 1, 0, 1, 0, 1, 0] }
Nov 30, 2019 3:57:20 AM petriNet.PetriNet dispararExtendida
INFO: {"disparo" : 9, "marcado" : [0, 0, 0, 0, 0, 0, 1, 0, 0, 14, 4, 2, 1, 0, 1, 0, 1, 0] }
Nov 30, 2019 3:57:20 AM petriNet.PetriNet dispararExtendida
INFO: {"disparo" : 9, "marcado" : [0, 0, 0, 0, 0, 0, 1, 0, 0, 15, 4, 1, 1, 0, 1, 0, 1, 0] }
Nov 30, 2019 3:57:20 AM petriNet.PetriNet dispararExtendida
INFO: {"disparo" : 12, "marcado" : [0, 0, 0, 0, 0, 0, 1, 0, 0, 15, 4, 1, 0, 1, 0, 0, 1, 0] }
Nov 30, 2019 3:57:20 AM petriNet.PetriNet dispararExtendida
INFO: {"disparo" : 9, "marcado" : [0, 0, 0, 0, 0, 0, 1, 0, 0, 16, 4, 0, 0, 1, 0, 0, 1, 0] }
Nov 30, 2019 3:57:22 AM petriNet.PetriNet dispararExtendida
INFO: {"disparo" : 8, "marcado" : [0, 0, 0, 0, 0, 0, 1, 0, 1, 16, 4, 0, 0, 1, 0, 0, 1, 0] }
Nov 30, 2019 3:57:22 AM petriNet.PetriNet dispararExtendida
INFO: {"disparo" : 10, "marcado" : [0, 0, 0, 0, 0, 0, 1, 0, 0, 15, 5, 0, 0, 1, 0, 0, 1, 0] }
Nov 30, 2019 3:57:22 AM petriNet.PetriNet dispararExtendida
INFO: {"disparo" : 14, "marcado" : [0, 0, 0, 0, 0, 0, 1, 0, 0, 15, 5, 0, 0, 0, 1, 0, 1, 0] }
Nov 30, 2019 3:57:25 AM petriNet.PetriNet dispararExtendida
INFO: {"disparo" : 8, "marcado" : [0, 0, 0, 0, 0, 0, 1, 0, 1, 15, 5, 0, 0, 0, 1, 0, 1, 0] }
Nov 30, 2019 3:57:25 AM petriNet.PetriNet dispararExtendida
INFO: {"disparo" : 10, "marcado" : [0, 0, 0, 0, 0, 0, 1, 0, 0, 14, 6, 0, 0, 0, 1, 0, 1, 0] }
Nov 30, 2019 3:57:28 AM petriNet.PetriNet dispararExtendida
INFO: {"disparo" : 8, "marcado" : [0, 0, 0, 0, 0, 0, 1, 0, 1, 14, 6, 0, 0, 0, 1, 0, 1, 0] }
Nov 30, 2019 3:57:28 AM petriNet.PetriNet dispararExtendida
INFO: {"disparo" : 10, "marcado" : [0, 0, 0, 0, 0, 0, 1, 0, 0, 13, 7, 0, 0, 0, 1, 0, 1, 0] }
Nov 30, 2019 3:57:30 AM petriNet.PetriNet dispararExtendida
INFO: {"disparo" : 7, "marcado" : [1, 0, 0, 0, 0, 0, 0, 0, 0, 13, 7, 0, 0, 0, 1, 0, 1, 0] }
Nov 30, 2019 3:57:30 AM petriNet.PetriNet dispararExtendida
INFO: {"disparo" : 0, "marcado" : [0, 1, 0, 0, 0, 0, 0, 0, 0, 13, 7, 0, 0, 0, 1, 0, 1, 0] }
Nov 30, 2019 3:57:30 AM petriNet.PetriNet dispararExtendida
INFO: {"disparo" : 2, "marcado" : [0, 0, 1, 0, 0, 0, 0, 1, 0, 13, 7, 0, 0, 0, 1, 0, 0, 0] }
Nov 30, 2019 3:57:30 AM petriNet.PetriNet dispararExtendida
INFO: {"disparo" : 11, "marcado" : [0, 0, 1, 0, 0, 0, 0, 1, 0, 13, 6, 1, 0, 0, 1, 0, 0, 0] }
Nov 30, 2019 3:57:30 AM petriNet.PetriNet dispararExtendida
INFO: {"disparo" : 11, "marcado" : [0, 0, 1, 0, 0, 0, 0, 1, 0, 13, 5, 2, 0, 0, 1, 0, 0, 0] }
Nov 30, 2019 3:57:30 AM petriNet.PetriNet dispararExtendida
INFO: {"disparo" : 11, "marcado" : [0, 0, 1, 0, 0, 0, 0, 1, 0, 13, 4, 3, 0, 0, 1, 0, 0, 0] }
Nov 30, 2019 3:57:30 AM petriNet.PetriNet dispararExtendida
INFO: {"disparo" : 11, "marcado" : [0, 0, 1, 0, 0, 0, 0, 1, 0, 13, 3, 4, 0, 0, 1, 0, 0, 0] }
Nov 30, 2019 3:57:30 AM petriNet.PetriNet dispararExtendida
INFO: {"disparo" : 11, "marcado" : [0, 0, 1, 0, 0, 0, 0, 1, 0, 13, 2, 5, 0, 0, 1, 0, 0, 0] }
Nov 30, 2019 3:57:30 AM petriNet.PetriNet dispararExtendida
INFO: {"disparo" : 11, "marcado" : [0, 0, 1, 0, 0, 0, 0, 1, 0, 13, 1, 6, 0, 0, 1, 0, 0, 0] }
Nov 30, 2019 3:57:30 AM petriNet.PetriNet dispararExtendida
INFO: {"disparo" : 11, "marcado" : [0, 0, 1, 0, 0, 0, 0, 1, 0, 13, 0, 7, 0, 0, 1, 0, 0, 0] }
Nov 30, 2019 3:57:30 AM petriNet.PetriNet dispararExtendida
INFO: {"disparo" : 3, "marcado" : [0, 0, 0, 1, 0, 0, 0, 1, 0, 13, 0, 7, 0, 0, 1, 1, 0, 0] }
Nov 30, 2019 3:57:31 AM petriNet.PetriNet dispararExtendida
INFO: {"disparo" : 13, "marcado" : [0, 0, 0, 1, 0, 0, 0, 1, 0, 13, 0, 7, 1, 0, 1, 1, 0, 0] }
Nov 30, 2019 3:57:31 AM petriNet.PetriNet dispararExtendida
INFO: {"disparo" : 8, "marcado" : [0, 0, 0, 1, 0, 0, 0, 1, 1, 13, 0, 7, 1, 0, 1, 1, 0, 0] }
Nov 30, 2019 3:57:34 AM petriNet.PetriNet dispararExtendida
INFO: {"disparo" : 8, "marcado" : [0, 0, 0, 1, 0, 0, 0, 1, 2, 13, 0, 7, 1, 0, 1, 1, 0, 0] }
Nov 30, 2019 3:57:36 AM petriNet.PetriNet dispararExtendida
INFO: {"disparo" : 4, "marcado" : [0, 0, 0, 0, 1, 0, 0, 1, 2, 13, 0, 7, 1, 0, 0, 1, 0, 0] }
Nov 30, 2019 3:57:37 AM petriNet.PetriNet dispararExtendida
INFO: {"disparo" : 8, "marcado" : [0, 0, 0, 0, 1, 0, 0, 1, 3, 13, 0, 7, 1, 0, 0, 1, 0, 0] }
Nov 30, 2019 3:57:40 AM petriNet.PetriNet dispararExtendida
INFO: {"disparo" : 8, "marcado" : [0, 0, 0, 0, 1, 0, 0, 1, 4, 13, 0, 7, 1, 0, 0, 1, 0, 0] }
Nov 30, 2019 3:57:40 AM petriNet.PetriNet dispararExtendida
INFO: {"disparo" : 15, "marcado" : [0, 0, 0, 0, 0, 0, 0, 1, 4, 13, 0, 7, 1, 0, 1, 1, 0, 1] }
Nov 30, 2019 3:57:40 AM petriNet.PetriNet dispararExtendida
INFO: {"disparo" : 5, "marcado" : [0, 0, 0, 0, 0, 1, 0, 1, 4, 13, 0, 7, 1, 0, 1, 0, 0, 0] }
Nov 30, 2019 3:57:40 AM petriNet.PetriNet dispararExtendida
INFO: {"disparo" : 6, "marcado" : [0, 0, 0, 0, 0, 0, 1, 0, 4, 13, 0, 7, 1, 0, 1, 0, 1, 0] }
Nov 30, 2019 3:57:40 AM petriNet.PetriNet dispararExtendida
INFO: {"disparo" : 10, "marcado" : [0, 0, 0, 0, 0, 0, 1, 0, 3, 12, 1, 7, 1, 0, 1, 0, 1, 0] }
Nov 30, 2019 3:57:40 AM petriNet.PetriNet dispararExtendida
INFO: {"disparo" : 10, "marcado" : [0, 0, 0, 0, 0, 0, 1, 0, 2, 11, 2, 7, 1, 0, 1, 0, 1, 0] }
Nov 30, 2019 3:57:40 AM petriNet.PetriNet dispararExtendida
INFO: {"disparo" : 9, "marcado" : [0, 0, 0, 0, 0, 0, 1, 0, 2, 12, 2, 6, 1, 0, 1, 0, 1, 0] }
Nov 30, 2019 3:57:40 AM petriNet.PetriNet dispararExtendida
INFO: {"disparo" : 10, "marcado" : [0, 0, 0, 0, 0, 0, 1, 0, 1, 11, 3, 6, 1, 0, 1, 0, 1, 0] }
Nov 30, 2019 3:57:40 AM petriNet.PetriNet dispararExtendida
INFO: {"disparo" : 9, "marcado" : [0, 0, 0, 0, 0, 0, 1, 0, 1, 12, 3, 5, 1, 0, 1, 0, 1, 0] }
Nov 30, 2019 3:57:40 AM petriNet.PetriNet dispararExtendida
INFO: {"disparo" : 10, "marcado" : [0, 0, 0, 0, 0, 0, 1, 0, 0, 11, 4, 5, 1, 0, 1, 0, 1, 0] }
Nov 30, 2019 3:57:40 AM petriNet.PetriNet dispararExtendida
INFO: {"disparo" : 9, "marcado" : [0, 0, 0, 0, 0, 0, 1, 0, 0, 12, 4, 4, 1, 0, 1, 0, 1, 0] }
Nov 30, 2019 3:57:40 AM petriNet.PetriNet dispararExtendida
INFO: {"disparo" : 9, "marcado" : [0, 0, 0, 0, 0, 0, 1, 0, 0, 13, 4, 3, 1, 0, 1, 0, 1, 0] }
Nov 30, 2019 3:57:40 AM petriNet.PetriNet dispararExtendida
INFO: {"disparo" : 9, "marcado" : [0, 0, 0, 0, 0, 0, 1, 0, 0, 14, 4, 2, 1, 0, 1, 0, 1, 0] }
Nov 30, 2019 3:57:40 AM petriNet.PetriNet dispararExtendida
INFO: {"disparo" : 12, "marcado" : [0, 0, 0, 0, 0, 0, 1, 0, 0, 14, 4, 2, 0, 1, 0, 0, 1, 0] }
Nov 30, 2019 3:57:40 AM petriNet.PetriNet dispararExtendida
INFO: {"disparo" : 9, "marcado" : [0, 0, 0, 0, 0, 0, 1, 0, 0, 15, 4, 1, 0, 1, 0, 0, 1, 0] }
Nov 30, 2019 3:57:40 AM petriNet.PetriNet dispararExtendida
INFO: {"disparo" : 9, "marcado" : [0, 0, 0, 0, 0, 0, 1, 0, 0, 16, 4, 0, 0, 1, 0, 0, 1, 0] }
Nov 30, 2019 3:57:40 AM petriNet.PetriNet dispararExtendida
INFO: {"disparo" : 14, "marcado" : [0, 0, 0, 0, 0, 0, 1, 0, 0, 16, 4, 0, 0, 0, 1, 0, 1, 0] }
Nov 30, 2019 3:57:43 AM petriNet.PetriNet dispararExtendida
INFO: {"disparo" : 8, "marcado" : [0, 0, 0, 0, 0, 0, 1, 0, 1, 16, 4, 0, 0, 0, 1, 0, 1, 0] }
Nov 30, 2019 3:57:43 AM petriNet.PetriNet dispararExtendida
INFO: {"disparo" : 10, "marcado" : [0, 0, 0, 0, 0, 0, 1, 0, 0, 15, 5, 0, 0, 0, 1, 0, 1, 0] }
Nov 30, 2019 3:57:46 AM petriNet.PetriNet dispararExtendida
INFO: {"disparo" : 13, "marcado" : [0, 0, 0, 0, 0, 0, 1, 0, 0, 15, 5, 0, 1, 0, 1, 0, 1, 0] }
Nov 30, 2019 3:57:46 AM petriNet.PetriNet dispararExtendida
INFO: {"disparo" : 12, "marcado" : [0, 0, 0, 0, 0, 0, 1, 0, 0, 15, 5, 0, 0, 1, 0, 0, 1, 0] }
Nov 30, 2019 3:57:46 AM petriNet.PetriNet dispararExtendida
INFO: {"disparo" : 14, "marcado" : [0, 0, 0, 0, 0, 0, 1, 0, 0, 15, 5, 0, 0, 0, 1, 0, 1, 0] }
Nov 30, 2019 3:57:46 AM petriNet.PetriNet dispararExtendida
INFO: {"disparo" : 8, "marcado" : [0, 0, 0, 0, 0, 0, 1, 0, 1, 15, 5, 0, 0, 0, 1, 0, 1, 0] }
Nov 30, 2019 3:57:46 AM petriNet.PetriNet dispararExtendida
INFO: {"disparo" : 10, "marcado" : [0, 0, 0, 0, 0, 0, 1, 0, 0, 14, 6, 0, 0, 0, 1, 0, 1, 0] }
Nov 30, 2019 3:57:49 AM petriNet.PetriNet dispararExtendida
INFO: {"disparo" : 8, "marcado" : [0, 0, 0, 0, 0, 0, 1, 0, 1, 14, 6, 0, 0, 0, 1, 0, 1, 0] }
Nov 30, 2019 3:57:49 AM petriNet.PetriNet dispararExtendida
INFO: {"disparo" : 10, "marcado" : [0, 0, 0, 0, 0, 0, 1, 0, 0, 13, 7, 0, 0, 0, 1, 0, 1, 0] }
Nov 30, 2019 3:57:50 AM petriNet.PetriNet dispararExtendida
INFO: {"disparo" : 7, "marcado" : [1, 0, 0, 0, 0, 0, 0, 0, 0, 13, 7, 0, 0, 0, 1, 0, 1, 0] }
Nov 30, 2019 3:57:50 AM petriNet.PetriNet dispararExtendida
INFO: {"disparo" : 0, "marcado" : [0, 1, 0, 0, 0, 0, 0, 0, 0, 13, 7, 0, 0, 0, 1, 0, 1, 0] }
Nov 30, 2019 3:57:50 AM petriNet.PetriNet dispararExtendida
INFO: {"disparo" : 2, "marcado" : [0, 0, 1, 0, 0, 0, 0, 1, 0, 13, 7, 0, 0, 0, 1, 0, 0, 0] }
Nov 30, 2019 3:57:50 AM petriNet.PetriNet dispararExtendida
INFO: {"disparo" : 11, "marcado" : [0, 0, 1, 0, 0, 0, 0, 1, 0, 13, 6, 1, 0, 0, 1, 0, 0, 0] }
Nov 30, 2019 3:57:50 AM petriNet.PetriNet dispararExtendida
INFO: {"disparo" : 11, "marcado" : [0, 0, 1, 0, 0, 0, 0, 1, 0, 13, 5, 2, 0, 0, 1, 0, 0, 0] }
Nov 30, 2019 3:57:50 AM petriNet.PetriNet dispararExtendida
INFO: {"disparo" : 11, "marcado" : [0, 0, 1, 0, 0, 0, 0, 1, 0, 13, 4, 3, 0, 0, 1, 0, 0, 0] }
Nov 30, 2019 3:57:50 AM petriNet.PetriNet dispararExtendida
INFO: {"disparo" : 11, "marcado" : [0, 0, 1, 0, 0, 0, 0, 1, 0, 13, 3, 4, 0, 0, 1, 0, 0, 0] }
Nov 30, 2019 3:57:50 AM petriNet.PetriNet dispararExtendida
INFO: {"disparo" : 11, "marcado" : [0, 0, 1, 0, 0, 0, 0, 1, 0, 13, 2, 5, 0, 0, 1, 0, 0, 0] }
Nov 30, 2019 3:57:50 AM petriNet.PetriNet dispararExtendida
INFO: {"disparo" : 11, "marcado" : [0, 0, 1, 0, 0, 0, 0, 1, 0, 13, 1, 6, 0, 0, 1, 0, 0, 0] }
Nov 30, 2019 3:57:50 AM petriNet.PetriNet dispararExtendida
INFO: {"disparo" : 11, "marcado" : [0, 0, 1, 0, 0, 0, 0, 1, 0, 13, 0, 7, 0, 0, 1, 0, 0, 0] }
Nov 30, 2019 3:57:50 AM petriNet.PetriNet dispararExtendida
INFO: {"disparo" : 3, "marcado" : [0, 0, 0, 1, 0, 0, 0, 1, 0, 13, 0, 7, 0, 0, 1, 1, 0, 0] }
Nov 30, 2019 3:57:52 AM petriNet.PetriNet dispararExtendida
INFO: {"disparo" : 8, "marcado" : [0, 0, 0, 1, 0, 0, 0, 1, 1, 13, 0, 7, 0, 0, 1, 1, 0, 0] }
Nov 30, 2019 3:57:55 AM petriNet.PetriNet dispararExtendida
INFO: {"disparo" : 8, "marcado" : [0, 0, 0, 1, 0, 0, 0, 1, 2, 13, 0, 7, 0, 0, 1, 1, 0, 0] }
Nov 30, 2019 3:57:56 AM petriNet.PetriNet dispararExtendida
INFO: {"disparo" : 4, "marcado" : [0, 0, 0, 0, 1, 0, 0, 1, 2, 13, 0, 7, 0, 0, 0, 1, 0, 0] }
Nov 30, 2019 3:57:58 AM petriNet.PetriNet dispararExtendida
INFO: {"disparo" : 8, "marcado" : [0, 0, 0, 0, 1, 0, 0, 1, 3, 13, 0, 7, 0, 0, 0, 1, 0, 0] }
Nov 30, 2019 3:58:01 AM petriNet.PetriNet dispararExtendida
INFO: {"disparo" : 13, "marcado" : [0, 0, 0, 0, 1, 0, 0, 1, 3, 13, 0, 7, 1, 0, 0, 1, 0, 0] }
Nov 30, 2019 3:58:01 AM petriNet.PetriNet dispararExtendida
INFO: {"disparo" : 8, "marcado" : [0, 0, 0, 0, 1, 0, 0, 1, 4, 13, 0, 7, 1, 0, 0, 1, 0, 0] }
Nov 30, 2019 3:58:01 AM petriNet.PetriNet dispararExtendida
INFO: {"disparo" : 15, "marcado" : [0, 0, 0, 0, 0, 0, 0, 1, 4, 13, 0, 7, 1, 0, 1, 1, 0, 1] }
Nov 30, 2019 3:58:01 AM petriNet.PetriNet dispararExtendida
INFO: {"disparo" : 5, "marcado" : [0, 0, 0, 0, 0, 1, 0, 1, 4, 13, 0, 7, 1, 0, 1, 0, 0, 0] }
Nov 30, 2019 3:58:01 AM petriNet.PetriNet dispararExtendida
INFO: {"disparo" : 6, "marcado" : [0, 0, 0, 0, 0, 0, 1, 0, 4, 13, 0, 7, 1, 0, 1, 0, 1, 0] }
Nov 30, 2019 3:58:01 AM petriNet.PetriNet dispararExtendida
INFO: {"disparo" : 10, "marcado" : [0, 0, 0, 0, 0, 0, 1, 0, 3, 12, 1, 7, 1, 0, 1, 0, 1, 0] }
Nov 30, 2019 3:58:01 AM petriNet.PetriNet dispararExtendida
INFO: {"disparo" : 10, "marcado" : [0, 0, 0, 0, 0, 0, 1, 0, 2, 11, 2, 7, 1, 0, 1, 0, 1, 0] }
Nov 30, 2019 3:58:01 AM petriNet.PetriNet dispararExtendida
INFO: {"disparo" : 9, "marcado" : [0, 0, 0, 0, 0, 0, 1, 0, 2, 12, 2, 6, 1, 0, 1, 0, 1, 0] }
Nov 30, 2019 3:58:01 AM petriNet.PetriNet dispararExtendida
INFO: {"disparo" : 10, "marcado" : [0, 0, 0, 0, 0, 0, 1, 0, 1, 11, 3, 6, 1, 0, 1, 0, 1, 0] }
Nov 30, 2019 3:58:01 AM petriNet.PetriNet dispararExtendida
INFO: {"disparo" : 9, "marcado" : [0, 0, 0, 0, 0, 0, 1, 0, 1, 12, 3, 5, 1, 0, 1, 0, 1, 0] }
Nov 30, 2019 3:58:01 AM petriNet.PetriNet dispararExtendida
INFO: {"disparo" : 10, "marcado" : [0, 0, 0, 0, 0, 0, 1, 0, 0, 11, 4, 5, 1, 0, 1, 0, 1, 0] }
Nov 30, 2019 3:58:01 AM petriNet.PetriNet dispararExtendida
INFO: {"disparo" : 9, "marcado" : [0, 0, 0, 0, 0, 0, 1, 0, 0, 12, 4, 4, 1, 0, 1, 0, 1, 0] }
Nov 30, 2019 3:58:01 AM petriNet.PetriNet dispararExtendida
INFO: {"disparo" : 9, "marcado" : [0, 0, 0, 0, 0, 0, 1, 0, 0, 13, 4, 3, 1, 0, 1, 0, 1, 0] }
Nov 30, 2019 3:58:01 AM petriNet.PetriNet dispararExtendida
INFO: {"disparo" : 9, "marcado" : [0, 0, 0, 0, 0, 0, 1, 0, 0, 14, 4, 2, 1, 0, 1, 0, 1, 0] }
Nov 30, 2019 3:58:01 AM petriNet.PetriNet dispararExtendida
INFO: {"disparo" : 12, "marcado" : [0, 0, 0, 0, 0, 0, 1, 0, 0, 14, 4, 2, 0, 1, 0, 0, 1, 0] }
Nov 30, 2019 3:58:01 AM petriNet.PetriNet dispararExtendida
INFO: {"disparo" : 9, "marcado" : [0, 0, 0, 0, 0, 0, 1, 0, 0, 15, 4, 1, 0, 1, 0, 0, 1, 0] }
Nov 30, 2019 3:58:01 AM petriNet.PetriNet dispararExtendida
INFO: {"disparo" : 9, "marcado" : [0, 0, 0, 0, 0, 0, 1, 0, 0, 16, 4, 0, 0, 1, 0, 0, 1, 0] }
Nov 30, 2019 3:58:01 AM petriNet.PetriNet dispararExtendida
INFO: {"disparo" : 14, "marcado" : [0, 0, 0, 0, 0, 0, 1, 0, 0, 16, 4, 0, 0, 0, 1, 0, 1, 0] }
Nov 30, 2019 3:58:04 AM petriNet.PetriNet dispararExtendida
INFO: {"disparo" : 8, "marcado" : [0, 0, 0, 0, 0, 0, 1, 0, 1, 16, 4, 0, 0, 0, 1, 0, 1, 0] }
Nov 30, 2019 3:58:04 AM petriNet.PetriNet dispararExtendida
INFO: {"disparo" : 10, "marcado" : [0, 0, 0, 0, 0, 0, 1, 0, 0, 15, 5, 0, 0, 0, 1, 0, 1, 0] }
Nov 30, 2019 3:58:07 AM petriNet.PetriNet dispararExtendida
INFO: {"disparo" : 8, "marcado" : [0, 0, 0, 0, 0, 0, 1, 0, 1, 15, 5, 0, 0, 0, 1, 0, 1, 0] }
Nov 30, 2019 3:58:07 AM petriNet.PetriNet dispararExtendida
INFO: {"disparo" : 10, "marcado" : [0, 0, 0, 0, 0, 0, 1, 0, 0, 14, 6, 0, 0, 0, 1, 0, 1, 0] }
Nov 30, 2019 3:58:10 AM petriNet.PetriNet dispararExtendida
INFO: {"disparo" : 8, "marcado" : [0, 0, 0, 0, 0, 0, 1, 0, 1, 14, 6, 0, 0, 0, 1, 0, 1, 0] }
Nov 30, 2019 3:58:10 AM petriNet.PetriNet dispararExtendida
INFO: {"disparo" : 10, "marcado" : [0, 0, 0, 0, 0, 0, 1, 0, 0, 13, 7, 0, 0, 0, 1, 0, 1, 0] }
Nov 30, 2019 3:58:11 AM petriNet.PetriNet dispararExtendida
INFO: {"disparo" : 7, "marcado" : [1, 0, 0, 0, 0, 0, 0, 0, 0, 13, 7, 0, 0, 0, 1, 0, 1, 0] }
Nov 30, 2019 3:58:11 AM petriNet.PetriNet dispararExtendida
INFO: {"disparo" : 0, "marcado" : [0, 1, 0, 0, 0, 0, 0, 0, 0, 13, 7, 0, 0, 0, 1, 0, 1, 0] }
Nov 30, 2019 3:58:11 AM petriNet.PetriNet dispararExtendida
INFO: {"disparo" : 2, "marcado" : [0, 0, 1, 0, 0, 0, 0, 1, 0, 13, 7, 0, 0, 0, 1, 0, 0, 0] }
Nov 30, 2019 3:58:11 AM petriNet.PetriNet dispararExtendida
INFO: {"disparo" : 11, "marcado" : [0, 0, 1, 0, 0, 0, 0, 1, 0, 13, 6, 1, 0, 0, 1, 0, 0, 0] }
Nov 30, 2019 3:58:11 AM petriNet.PetriNet dispararExtendida
INFO: {"disparo" : 11, "marcado" : [0, 0, 1, 0, 0, 0, 0, 1, 0, 13, 5, 2, 0, 0, 1, 0, 0, 0] }
Nov 30, 2019 3:58:11 AM petriNet.PetriNet dispararExtendida
INFO: {"disparo" : 11, "marcado" : [0, 0, 1, 0, 0, 0, 0, 1, 0, 13, 4, 3, 0, 0, 1, 0, 0, 0] }
Nov 30, 2019 3:58:11 AM petriNet.PetriNet dispararExtendida
INFO: {"disparo" : 11, "marcado" : [0, 0, 1, 0, 0, 0, 0, 1, 0, 13, 3, 4, 0, 0, 1, 0, 0, 0] }
Nov 30, 2019 3:58:11 AM petriNet.PetriNet dispararExtendida
INFO: {"disparo" : 11, "marcado" : [0, 0, 1, 0, 0, 0, 0, 1, 0, 13, 2, 5, 0, 0, 1, 0, 0, 0] }
Nov 30, 2019 3:58:11 AM petriNet.PetriNet dispararExtendida
INFO: {"disparo" : 11, "marcado" : [0, 0, 1, 0, 0, 0, 0, 1, 0, 13, 1, 6, 0, 0, 1, 0, 0, 0] }
Nov 30, 2019 3:58:11 AM petriNet.PetriNet dispararExtendida
INFO: {"disparo" : 11, "marcado" : [0, 0, 1, 0, 0, 0, 0, 1, 0, 13, 0, 7, 0, 0, 1, 0, 0, 0] }
Nov 30, 2019 3:58:11 AM petriNet.PetriNet dispararExtendida
INFO: {"disparo" : 3, "marcado" : [0, 0, 0, 1, 0, 0, 0, 1, 0, 13, 0, 7, 0, 0, 1, 1, 0, 0] }
Nov 30, 2019 3:58:13 AM petriNet.PetriNet dispararExtendida
INFO: {"disparo" : 8, "marcado" : [0, 0, 0, 1, 0, 0, 0, 1, 1, 13, 0, 7, 0, 0, 1, 1, 0, 0] }
Nov 30, 2019 3:58:16 AM petriNet.PetriNet dispararExtendida
INFO: {"disparo" : 13, "marcado" : [0, 0, 0, 1, 0, 0, 0, 1, 1, 13, 0, 7, 1, 0, 1, 1, 0, 0] }
Nov 30, 2019 3:58:16 AM petriNet.PetriNet dispararExtendida
INFO: {"disparo" : 8, "marcado" : [0, 0, 0, 1, 0, 0, 0, 1, 2, 13, 0, 7, 1, 0, 1, 1, 0, 0] }
Nov 30, 2019 3:58:17 AM petriNet.PetriNet dispararExtendida
INFO: {"disparo" : 4, "marcado" : [0, 0, 0, 0, 1, 0, 0, 1, 2, 13, 0, 7, 1, 0, 0, 1, 0, 0] }
Nov 30, 2019 3:58:19 AM petriNet.PetriNet dispararExtendida
INFO: {"disparo" : 8, "marcado" : [0, 0, 0, 0, 1, 0, 0, 1, 3, 13, 0, 7, 1, 0, 0, 1, 0, 0] }
Nov 30, 2019 3:58:21 AM petriNet.PetriNet dispararExtendida
INFO: {"disparo" : 15, "marcado" : [0, 0, 0, 0, 0, 0, 0, 1, 3, 13, 0, 7, 1, 0, 1, 1, 0, 1] }
Nov 30, 2019 3:58:21 AM petriNet.PetriNet dispararExtendida
INFO: {"disparo" : 5, "marcado" : [0, 0, 0, 0, 0, 1, 0, 1, 3, 13, 0, 7, 1, 0, 1, 0, 0, 0] }
Nov 30, 2019 3:58:21 AM petriNet.PetriNet dispararExtendida
INFO: {"disparo" : 6, "marcado" : [0, 0, 0, 0, 0, 0, 1, 0, 3, 13, 0, 7, 1, 0, 1, 0, 1, 0] }
Nov 30, 2019 3:58:21 AM petriNet.PetriNet dispararExtendida
INFO: {"disparo" : 10, "marcado" : [0, 0, 0, 0, 0, 0, 1, 0, 2, 12, 1, 7, 1, 0, 1, 0, 1, 0] }
Nov 30, 2019 3:58:21 AM petriNet.PetriNet dispararExtendida
INFO: {"disparo" : 10, "marcado" : [0, 0, 0, 0, 0, 0, 1, 0, 1, 11, 2, 7, 1, 0, 1, 0, 1, 0] }
Nov 30, 2019 3:58:21 AM petriNet.PetriNet dispararExtendida
INFO: {"disparo" : 9, "marcado" : [0, 0, 0, 0, 0, 0, 1, 0, 1, 12, 2, 6, 1, 0, 1, 0, 1, 0] }
Nov 30, 2019 3:58:21 AM petriNet.PetriNet dispararExtendida
INFO: {"disparo" : 10, "marcado" : [0, 0, 0, 0, 0, 0, 1, 0, 0, 11, 3, 6, 1, 0, 1, 0, 1, 0] }
Nov 30, 2019 3:58:21 AM petriNet.PetriNet dispararExtendida
INFO: {"disparo" : 9, "marcado" : [0, 0, 0, 0, 0, 0, 1, 0, 0, 12, 3, 5, 1, 0, 1, 0, 1, 0] }
Nov 30, 2019 3:58:21 AM petriNet.PetriNet dispararExtendida
INFO: {"disparo" : 9, "marcado" : [0, 0, 0, 0, 0, 0, 1, 0, 0, 13, 3, 4, 1, 0, 1, 0, 1, 0] }
Nov 30, 2019 3:58:21 AM petriNet.PetriNet dispararExtendida
INFO: {"disparo" : 9, "marcado" : [0, 0, 0, 0, 0, 0, 1, 0, 0, 14, 3, 3, 1, 0, 1, 0, 1, 0] }
Nov 30, 2019 3:58:21 AM petriNet.PetriNet dispararExtendida
INFO: {"disparo" : 12, "marcado" : [0, 0, 0, 0, 0, 0, 1, 0, 0, 14, 3, 3, 0, 1, 0, 0, 1, 0] }
Nov 30, 2019 3:58:21 AM petriNet.PetriNet dispararExtendida
INFO: {"disparo" : 9, "marcado" : [0, 0, 0, 0, 0, 0, 1, 0, 0, 15, 3, 2, 0, 1, 0, 0, 1, 0] }
Nov 30, 2019 3:58:21 AM petriNet.PetriNet dispararExtendida
INFO: {"disparo" : 9, "marcado" : [0, 0, 0, 0, 0, 0, 1, 0, 0, 16, 3, 1, 0, 1, 0, 0, 1, 0] }
Nov 30, 2019 3:58:21 AM petriNet.PetriNet dispararExtendida
INFO: {"disparo" : 9, "marcado" : [0, 0, 0, 0, 0, 0, 1, 0, 0, 17, 3, 0, 0, 1, 0, 0, 1, 0] }
Nov 30, 2019 3:58:21 AM petriNet.PetriNet dispararExtendida
INFO: {"disparo" : 14, "marcado" : [0, 0, 0, 0, 0, 0, 1, 0, 0, 17, 3, 0, 0, 0, 1, 0, 1, 0] }
Nov 30, 2019 3:58:22 AM petriNet.PetriNet dispararExtendida
INFO: {"disparo" : 8, "marcado" : [0, 0, 0, 0, 0, 0, 1, 0, 1, 17, 3, 0, 0, 0, 1, 0, 1, 0] }
Nov 30, 2019 3:58:22 AM petriNet.PetriNet dispararExtendida
INFO: {"disparo" : 10, "marcado" : [0, 0, 0, 0, 0, 0, 1, 0, 0, 16, 4, 0, 0, 0, 1, 0, 1, 0] }
Nov 30, 2019 3:58:25 AM petriNet.PetriNet dispararExtendida
INFO: {"disparo" : 8, "marcado" : [0, 0, 0, 0, 0, 0, 1, 0, 1, 16, 4, 0, 0, 0, 1, 0, 1, 0] }
Nov 30, 2019 3:58:25 AM petriNet.PetriNet dispararExtendida
INFO: {"disparo" : 10, "marcado" : [0, 0, 0, 0, 0, 0, 1, 0, 0, 15, 5, 0, 0, 0, 1, 0, 1, 0] }
Nov 30, 2019 3:58:28 AM petriNet.PetriNet dispararExtendida
INFO: {"disparo" : 8, "marcado" : [0, 0, 0, 0, 0, 0, 1, 0, 1, 15, 5, 0, 0, 0, 1, 0, 1, 0] }
Nov 30, 2019 3:58:28 AM petriNet.PetriNet dispararExtendida
INFO: {"disparo" : 10, "marcado" : [0, 0, 0, 0, 0, 0, 1, 0, 0, 14, 6, 0, 0, 0, 1, 0, 1, 0] }
Nov 30, 2019 3:58:31 AM petriNet.PetriNet dispararExtendida
INFO: {"disparo" : 13, "marcado" : [0, 0, 0, 0, 0, 0, 1, 0, 0, 14, 6, 0, 1, 0, 1, 0, 1, 0] }
Nov 30, 2019 3:58:31 AM petriNet.PetriNet dispararExtendida
INFO: {"disparo" : 12, "marcado" : [0, 0, 0, 0, 0, 0, 1, 0, 0, 14, 6, 0, 0, 1, 0, 0, 1, 0] }
Nov 30, 2019 3:58:31 AM petriNet.PetriNet dispararExtendida
INFO: {"disparo" : 14, "marcado" : [0, 0, 0, 0, 0, 0, 1, 0, 0, 14, 6, 0, 0, 0, 1, 0, 1, 0] }
Nov 30, 2019 3:58:31 AM petriNet.PetriNet dispararExtendida
INFO: {"disparo" : 8, "marcado" : [0, 0, 0, 0, 0, 0, 1, 0, 1, 14, 6, 0, 0, 0, 1, 0, 1, 0] }
Nov 30, 2019 3:58:31 AM petriNet.PetriNet dispararExtendida
INFO: {"disparo" : 10, "marcado" : [0, 0, 0, 0, 0, 0, 1, 0, 0, 13, 7, 0, 0, 0, 1, 0, 1, 0] }
Nov 30, 2019 3:58:31 AM petriNet.PetriNet dispararExtendida
INFO: {"disparo" : 7, "marcado" : [1, 0, 0, 0, 0, 0, 0, 0, 0, 13, 7, 0, 0, 0, 1, 0, 1, 0] }
Nov 30, 2019 3:58:31 AM petriNet.PetriNet dispararExtendida
INFO: {"disparo" : 0, "marcado" : [0, 1, 0, 0, 0, 0, 0, 0, 0, 13, 7, 0, 0, 0, 1, 0, 1, 0] }
Nov 30, 2019 3:58:31 AM petriNet.PetriNet dispararExtendida
INFO: {"disparo" : 2, "marcado" : [0, 0, 1, 0, 0, 0, 0, 1, 0, 13, 7, 0, 0, 0, 1, 0, 0, 0] }
Nov 30, 2019 3:58:31 AM petriNet.PetriNet dispararExtendida
INFO: {"disparo" : 11, "marcado" : [0, 0, 1, 0, 0, 0, 0, 1, 0, 13, 6, 1, 0, 0, 1, 0, 0, 0] }
Nov 30, 2019 3:58:31 AM petriNet.PetriNet dispararExtendida
INFO: {"disparo" : 11, "marcado" : [0, 0, 1, 0, 0, 0, 0, 1, 0, 13, 5, 2, 0, 0, 1, 0, 0, 0] }
Nov 30, 2019 3:58:31 AM petriNet.PetriNet dispararExtendida
INFO: {"disparo" : 11, "marcado" : [0, 0, 1, 0, 0, 0, 0, 1, 0, 13, 4, 3, 0, 0, 1, 0, 0, 0] }
Nov 30, 2019 3:58:31 AM petriNet.PetriNet dispararExtendida
INFO: {"disparo" : 11, "marcado" : [0, 0, 1, 0, 0, 0, 0, 1, 0, 13, 3, 4, 0, 0, 1, 0, 0, 0] }
Nov 30, 2019 3:58:31 AM petriNet.PetriNet dispararExtendida
INFO: {"disparo" : 11, "marcado" : [0, 0, 1, 0, 0, 0, 0, 1, 0, 13, 2, 5, 0, 0, 1, 0, 0, 0] }
Nov 30, 2019 3:58:31 AM petriNet.PetriNet dispararExtendida
INFO: {"disparo" : 11, "marcado" : [0, 0, 1, 0, 0, 0, 0, 1, 0, 13, 1, 6, 0, 0, 1, 0, 0, 0] }
Nov 30, 2019 3:58:31 AM petriNet.PetriNet dispararExtendida
INFO: {"disparo" : 11, "marcado" : [0, 0, 1, 0, 0, 0, 0, 1, 0, 13, 0, 7, 0, 0, 1, 0, 0, 0] }
Nov 30, 2019 3:58:31 AM petriNet.PetriNet dispararExtendida
INFO: {"disparo" : 3, "marcado" : [0, 0, 0, 1, 0, 0, 0, 1, 0, 13, 0, 7, 0, 0, 1, 1, 0, 0] }
Nov 30, 2019 3:58:34 AM petriNet.PetriNet dispararExtendida
INFO: {"disparo" : 8, "marcado" : [0, 0, 0, 1, 0, 0, 0, 1, 1, 13, 0, 7, 0, 0, 1, 1, 0, 0] }
Nov 30, 2019 3:58:37 AM petriNet.PetriNet dispararExtendida
INFO: {"disparo" : 8, "marcado" : [0, 0, 0, 1, 0, 0, 0, 1, 2, 13, 0, 7, 0, 0, 1, 1, 0, 0] }
Nov 30, 2019 3:58:37 AM petriNet.PetriNet dispararExtendida
INFO: {"disparo" : 4, "marcado" : [0, 0, 0, 0, 1, 0, 0, 1, 2, 13, 0, 7, 0, 0, 0, 1, 0, 0] }
Nov 30, 2019 3:58:40 AM petriNet.PetriNet dispararExtendida
INFO: {"disparo" : 8, "marcado" : [0, 0, 0, 0, 1, 0, 0, 1, 3, 13, 0, 7, 0, 0, 0, 1, 0, 0] }
Nov 30, 2019 3:58:42 AM petriNet.PetriNet dispararExtendida
INFO: {"disparo" : 15, "marcado" : [0, 0, 0, 0, 0, 0, 0, 1, 3, 13, 0, 7, 0, 0, 1, 1, 0, 1] }
Nov 30, 2019 3:58:42 AM petriNet.PetriNet dispararExtendida
INFO: {"disparo" : 5, "marcado" : [0, 0, 0, 0, 0, 1, 0, 1, 3, 13, 0, 7, 0, 0, 1, 0, 0, 0] }
Nov 30, 2019 3:58:42 AM petriNet.PetriNet dispararExtendida
INFO: {"disparo" : 6, "marcado" : [0, 0, 0, 0, 0, 0, 1, 0, 3, 13, 0, 7, 0, 0, 1, 0, 1, 0] }
Nov 30, 2019 3:58:42 AM petriNet.PetriNet dispararExtendida
INFO: {"disparo" : 10, "marcado" : [0, 0, 0, 0, 0, 0, 1, 0, 2, 12, 1, 7, 0, 0, 1, 0, 1, 0] }
Nov 30, 2019 3:58:42 AM petriNet.PetriNet dispararExtendida
INFO: {"disparo" : 10, "marcado" : [0, 0, 0, 0, 0, 0, 1, 0, 1, 11, 2, 7, 0, 0, 1, 0, 1, 0] }
Nov 30, 2019 3:58:42 AM petriNet.PetriNet dispararExtendida
INFO: {"disparo" : 9, "marcado" : [0, 0, 0, 0, 0, 0, 1, 0, 1, 12, 2, 6, 0, 0, 1, 0, 1, 0] }
Nov 30, 2019 3:58:42 AM petriNet.PetriNet dispararExtendida
INFO: {"disparo" : 10, "marcado" : [0, 0, 0, 0, 0, 0, 1, 0, 0, 11, 3, 6, 0, 0, 1, 0, 1, 0] }
Nov 30, 2019 3:58:42 AM petriNet.PetriNet dispararExtendida
INFO: {"disparo" : 9, "marcado" : [0, 0, 0, 0, 0, 0, 1, 0, 0, 12, 3, 5, 0, 0, 1, 0, 1, 0] }
Nov 30, 2019 3:58:42 AM petriNet.PetriNet dispararExtendida
INFO: {"disparo" : 9, "marcado" : [0, 0, 0, 0, 0, 0, 1, 0, 0, 13, 3, 4, 0, 0, 1, 0, 1, 0] }
Nov 30, 2019 3:58:42 AM petriNet.PetriNet dispararExtendida
INFO: {"disparo" : 9, "marcado" : [0, 0, 0, 0, 0, 0, 1, 0, 0, 14, 3, 3, 0, 0, 1, 0, 1, 0] }
Nov 30, 2019 3:58:42 AM petriNet.PetriNet dispararExtendida
INFO: {"disparo" : 9, "marcado" : [0, 0, 0, 0, 0, 0, 1, 0, 0, 15, 3, 2, 0, 0, 1, 0, 1, 0] }
Nov 30, 2019 3:58:42 AM petriNet.PetriNet dispararExtendida
INFO: {"disparo" : 9, "marcado" : [0, 0, 0, 0, 0, 0, 1, 0, 0, 16, 3, 1, 0, 0, 1, 0, 1, 0] }
Nov 30, 2019 3:58:42 AM petriNet.PetriNet dispararExtendida
INFO: {"disparo" : 9, "marcado" : [0, 0, 0, 0, 0, 0, 1, 0, 0, 17, 3, 0, 0, 0, 1, 0, 1, 0] }
Nov 30, 2019 3:58:43 AM petriNet.PetriNet dispararExtendida
INFO: {"disparo" : 8, "marcado" : [0, 0, 0, 0, 0, 0, 1, 0, 1, 17, 3, 0, 0, 0, 1, 0, 1, 0] }
Nov 30, 2019 3:58:43 AM petriNet.PetriNet dispararExtendida
INFO: {"disparo" : 10, "marcado" : [0, 0, 0, 0, 0, 0, 1, 0, 0, 16, 4, 0, 0, 0, 1, 0, 1, 0] }
Nov 30, 2019 3:58:46 AM petriNet.PetriNet dispararExtendida
INFO: {"disparo" : 13, "marcado" : [0, 0, 0, 0, 0, 0, 1, 0, 0, 16, 4, 0, 1, 0, 1, 0, 1, 0] }
Nov 30, 2019 3:58:46 AM petriNet.PetriNet dispararExtendida
INFO: {"disparo" : 12, "marcado" : [0, 0, 0, 0, 0, 0, 1, 0, 0, 16, 4, 0, 0, 1, 0, 0, 1, 0] }
Nov 30, 2019 3:58:46 AM petriNet.PetriNet dispararExtendida
INFO: {"disparo" : 14, "marcado" : [0, 0, 0, 0, 0, 0, 1, 0, 0, 16, 4, 0, 0, 0, 1, 0, 1, 0] }
Nov 30, 2019 3:58:46 AM petriNet.PetriNet dispararExtendida
INFO: {"disparo" : 8, "marcado" : [0, 0, 0, 0, 0, 0, 1, 0, 1, 16, 4, 0, 0, 0, 1, 0, 1, 0] }
Nov 30, 2019 3:58:46 AM petriNet.PetriNet dispararExtendida
INFO: {"disparo" : 10, "marcado" : [0, 0, 0, 0, 0, 0, 1, 0, 0, 15, 5, 0, 0, 0, 1, 0, 1, 0] }
Nov 30, 2019 3:58:49 AM petriNet.PetriNet dispararExtendida
INFO: {"disparo" : 8, "marcado" : [0, 0, 0, 0, 0, 0, 1, 0, 1, 15, 5, 0, 0, 0, 1, 0, 1, 0] }
Nov 30, 2019 3:58:49 AM petriNet.PetriNet dispararExtendida
INFO: {"disparo" : 10, "marcado" : [0, 0, 0, 0, 0, 0, 1, 0, 0, 14, 6, 0, 0, 0, 1, 0, 1, 0] }
Nov 30, 2019 3:58:52 AM petriNet.PetriNet dispararExtendida
INFO: {"disparo" : 8, "marcado" : [0, 0, 0, 0, 0, 0, 1, 0, 1, 14, 6, 0, 0, 0, 1, 0, 1, 0] }
Nov 30, 2019 3:58:52 AM petriNet.PetriNet dispararExtendida
INFO: {"disparo" : 10, "marcado" : [0, 0, 0, 0, 0, 0, 1, 0, 0, 13, 7, 0, 0, 0, 1, 0, 1, 0] }
Nov 30, 2019 3:58:52 AM petriNet.PetriNet dispararExtendida
INFO: {"disparo" : 7, "marcado" : [1, 0, 0, 0, 0, 0, 0, 0, 0, 13, 7, 0, 0, 0, 1, 0, 1, 0] }
Nov 30, 2019 3:58:52 AM petriNet.PetriNet dispararExtendida
INFO: {"disparo" : 0, "marcado" : [0, 1, 0, 0, 0, 0, 0, 0, 0, 13, 7, 0, 0, 0, 1, 0, 1, 0] }
Nov 30, 2019 3:58:52 AM petriNet.PetriNet dispararExtendida
INFO: {"disparo" : 2, "marcado" : [0, 0, 1, 0, 0, 0, 0, 1, 0, 13, 7, 0, 0, 0, 1, 0, 0, 0] }
Nov 30, 2019 3:58:52 AM petriNet.PetriNet dispararExtendida
INFO: {"disparo" : 11, "marcado" : [0, 0, 1, 0, 0, 0, 0, 1, 0, 13, 6, 1, 0, 0, 1, 0, 0, 0] }
Nov 30, 2019 3:58:52 AM petriNet.PetriNet dispararExtendida
INFO: {"disparo" : 11, "marcado" : [0, 0, 1, 0, 0, 0, 0, 1, 0, 13, 5, 2, 0, 0, 1, 0, 0, 0] }
Nov 30, 2019 3:58:52 AM petriNet.PetriNet dispararExtendida
INFO: {"disparo" : 11, "marcado" : [0, 0, 1, 0, 0, 0, 0, 1, 0, 13, 4, 3, 0, 0, 1, 0, 0, 0] }
Nov 30, 2019 3:58:52 AM petriNet.PetriNet dispararExtendida
INFO: {"disparo" : 11, "marcado" : [0, 0, 1, 0, 0, 0, 0, 1, 0, 13, 3, 4, 0, 0, 1, 0, 0, 0] }
Nov 30, 2019 3:58:52 AM petriNet.PetriNet dispararExtendida
INFO: {"disparo" : 11, "marcado" : [0, 0, 1, 0, 0, 0, 0, 1, 0, 13, 2, 5, 0, 0, 1, 0, 0, 0] }
Nov 30, 2019 3:58:52 AM petriNet.PetriNet dispararExtendida
INFO: {"disparo" : 11, "marcado" : [0, 0, 1, 0, 0, 0, 0, 1, 0, 13, 1, 6, 0, 0, 1, 0, 0, 0] }
Nov 30, 2019 3:58:52 AM petriNet.PetriNet dispararExtendida
INFO: {"disparo" : 11, "marcado" : [0, 0, 1, 0, 0, 0, 0, 1, 0, 13, 0, 7, 0, 0, 1, 0, 0, 0] }
Nov 30, 2019 3:58:52 AM petriNet.PetriNet dispararExtendida
INFO: {"disparo" : 3, "marcado" : [0, 0, 0, 1, 0, 0, 0, 1, 0, 13, 0, 7, 0, 0, 1, 1, 0, 0] }
Nov 30, 2019 3:58:55 AM petriNet.PetriNet dispararExtendida
INFO: {"disparo" : 8, "marcado" : [0, 0, 0, 1, 0, 0, 0, 1, 1, 13, 0, 7, 0, 0, 1, 1, 0, 0] }
Nov 30, 2019 3:58:58 AM petriNet.PetriNet dispararExtendida
INFO: {"disparo" : 8, "marcado" : [0, 0, 0, 1, 0, 0, 0, 1, 2, 13, 0, 7, 0, 0, 1, 1, 0, 0] }
Nov 30, 2019 3:58:58 AM petriNet.PetriNet dispararExtendida
INFO: {"disparo" : 4, "marcado" : [0, 0, 0, 0, 1, 0, 0, 1, 2, 13, 0, 7, 0, 0, 0, 1, 0, 0] }
Nov 30, 2019 3:59:01 AM petriNet.PetriNet dispararExtendida
INFO: {"disparo" : 13, "marcado" : [0, 0, 0, 0, 1, 0, 0, 1, 2, 13, 0, 7, 1, 0, 0, 1, 0, 0] }
Nov 30, 2019 3:59:01 AM petriNet.PetriNet dispararExtendida
INFO: {"disparo" : 8, "marcado" : [0, 0, 0, 0, 1, 0, 0, 1, 3, 13, 0, 7, 1, 0, 0, 1, 0, 0] }
Nov 30, 2019 3:59:02 AM petriNet.PetriNet dispararExtendida
INFO: {"disparo" : 15, "marcado" : [0, 0, 0, 0, 0, 0, 0, 1, 3, 13, 0, 7, 1, 0, 1, 1, 0, 1] }
Nov 30, 2019 3:59:02 AM petriNet.PetriNet dispararExtendida
INFO: {"disparo" : 5, "marcado" : [0, 0, 0, 0, 0, 1, 0, 1, 3, 13, 0, 7, 1, 0, 1, 0, 0, 0] }
Nov 30, 2019 3:59:02 AM petriNet.PetriNet dispararExtendida
INFO: {"disparo" : 6, "marcado" : [0, 0, 0, 0, 0, 0, 1, 0, 3, 13, 0, 7, 1, 0, 1, 0, 1, 0] }
Nov 30, 2019 3:59:02 AM petriNet.PetriNet dispararExtendida
INFO: {"disparo" : 10, "marcado" : [0, 0, 0, 0, 0, 0, 1, 0, 2, 12, 1, 7, 1, 0, 1, 0, 1, 0] }
Nov 30, 2019 3:59:02 AM petriNet.PetriNet dispararExtendida
INFO: {"disparo" : 10, "marcado" : [0, 0, 0, 0, 0, 0, 1, 0, 1, 11, 2, 7, 1, 0, 1, 0, 1, 0] }
Nov 30, 2019 3:59:02 AM petriNet.PetriNet dispararExtendida
INFO: {"disparo" : 9, "marcado" : [0, 0, 0, 0, 0, 0, 1, 0, 1, 12, 2, 6, 1, 0, 1, 0, 1, 0] }
Nov 30, 2019 3:59:02 AM petriNet.PetriNet dispararExtendida
INFO: {"disparo" : 10, "marcado" : [0, 0, 0, 0, 0, 0, 1, 0, 0, 11, 3, 6, 1, 0, 1, 0, 1, 0] }
Nov 30, 2019 3:59:02 AM petriNet.PetriNet dispararExtendida
INFO: {"disparo" : 9, "marcado" : [0, 0, 0, 0, 0, 0, 1, 0, 0, 12, 3, 5, 1, 0, 1, 0, 1, 0] }
Nov 30, 2019 3:59:02 AM petriNet.PetriNet dispararExtendida
INFO: {"disparo" : 9, "marcado" : [0, 0, 0, 0, 0, 0, 1, 0, 0, 13, 3, 4, 1, 0, 1, 0, 1, 0] }
Nov 30, 2019 3:59:02 AM petriNet.PetriNet dispararExtendida
INFO: {"disparo" : 9, "marcado" : [0, 0, 0, 0, 0, 0, 1, 0, 0, 14, 3, 3, 1, 0, 1, 0, 1, 0] }
Nov 30, 2019 3:59:02 AM petriNet.PetriNet dispararExtendida
INFO: {"disparo" : 12, "marcado" : [0, 0, 0, 0, 0, 0, 1, 0, 0, 14, 3, 3, 0, 1, 0, 0, 1, 0] }
Nov 30, 2019 3:59:02 AM petriNet.PetriNet dispararExtendida
INFO: {"disparo" : 9, "marcado" : [0, 0, 0, 0, 0, 0, 1, 0, 0, 15, 3, 2, 0, 1, 0, 0, 1, 0] }
Nov 30, 2019 3:59:02 AM petriNet.PetriNet dispararExtendida
INFO: {"disparo" : 9, "marcado" : [0, 0, 0, 0, 0, 0, 1, 0, 0, 16, 3, 1, 0, 1, 0, 0, 1, 0] }
Nov 30, 2019 3:59:02 AM petriNet.PetriNet dispararExtendida
INFO: {"disparo" : 9, "marcado" : [0, 0, 0, 0, 0, 0, 1, 0, 0, 17, 3, 0, 0, 1, 0, 0, 1, 0] }
Nov 30, 2019 3:59:02 AM petriNet.PetriNet dispararExtendida
INFO: {"disparo" : 14, "marcado" : [0, 0, 0, 0, 0, 0, 1, 0, 0, 17, 3, 0, 0, 0, 1, 0, 1, 0] }
Nov 30, 2019 3:59:04 AM petriNet.PetriNet dispararExtendida
INFO: {"disparo" : 8, "marcado" : [0, 0, 0, 0, 0, 0, 1, 0, 1, 17, 3, 0, 0, 0, 1, 0, 1, 0] }
Nov 30, 2019 3:59:04 AM petriNet.PetriNet dispararExtendida
INFO: {"disparo" : 10, "marcado" : [0, 0, 0, 0, 0, 0, 1, 0, 0, 16, 4, 0, 0, 0, 1, 0, 1, 0] }
Nov 30, 2019 3:59:07 AM petriNet.PetriNet dispararExtendida
INFO: {"disparo" : 8, "marcado" : [0, 0, 0, 0, 0, 0, 1, 0, 1, 16, 4, 0, 0, 0, 1, 0, 1, 0] }
Nov 30, 2019 3:59:07 AM petriNet.PetriNet dispararExtendida
INFO: {"disparo" : 10, "marcado" : [0, 0, 0, 0, 0, 0, 1, 0, 0, 15, 5, 0, 0, 0, 1, 0, 1, 0] }
Nov 30, 2019 3:59:10 AM petriNet.PetriNet dispararExtendida
INFO: {"disparo" : 8, "marcado" : [0, 0, 0, 0, 0, 0, 1, 0, 1, 15, 5, 0, 0, 0, 1, 0, 1, 0] }
Nov 30, 2019 3:59:10 AM petriNet.PetriNet dispararExtendida
INFO: {"disparo" : 10, "marcado" : [0, 0, 0, 0, 0, 0, 1, 0, 0, 14, 6, 0, 0, 0, 1, 0, 1, 0] }
Nov 30, 2019 3:59:12 AM petriNet.PetriNet dispararExtendida
INFO: {"disparo" : 7, "marcado" : [1, 0, 0, 0, 0, 0, 0, 0, 0, 14, 6, 0, 0, 0, 1, 0, 1, 0] }
Nov 30, 2019 3:59:12 AM petriNet.PetriNet dispararExtendida
INFO: {"disparo" : 0, "marcado" : [0, 1, 0, 0, 0, 0, 0, 0, 0, 14, 6, 0, 0, 0, 1, 0, 1, 0] }
Nov 30, 2019 3:59:12 AM petriNet.PetriNet dispararExtendida
INFO: {"disparo" : 2, "marcado" : [0, 0, 1, 0, 0, 0, 0, 1, 0, 14, 6, 0, 0, 0, 1, 0, 0, 0] }
Nov 30, 2019 3:59:12 AM petriNet.PetriNet dispararExtendida
INFO: {"disparo" : 11, "marcado" : [0, 0, 1, 0, 0, 0, 0, 1, 0, 14, 5, 1, 0, 0, 1, 0, 0, 0] }
Nov 30, 2019 3:59:12 AM petriNet.PetriNet dispararExtendida
INFO: {"disparo" : 11, "marcado" : [0, 0, 1, 0, 0, 0, 0, 1, 0, 14, 4, 2, 0, 0, 1, 0, 0, 0] }
Nov 30, 2019 3:59:12 AM petriNet.PetriNet dispararExtendida
INFO: {"disparo" : 11, "marcado" : [0, 0, 1, 0, 0, 0, 0, 1, 0, 14, 3, 3, 0, 0, 1, 0, 0, 0] }
Nov 30, 2019 3:59:12 AM petriNet.PetriNet dispararExtendida
INFO: {"disparo" : 11, "marcado" : [0, 0, 1, 0, 0, 0, 0, 1, 0, 14, 2, 4, 0, 0, 1, 0, 0, 0] }
Nov 30, 2019 3:59:12 AM petriNet.PetriNet dispararExtendida
INFO: {"disparo" : 11, "marcado" : [0, 0, 1, 0, 0, 0, 0, 1, 0, 14, 1, 5, 0, 0, 1, 0, 0, 0] }
Nov 30, 2019 3:59:12 AM petriNet.PetriNet dispararExtendida
INFO: {"disparo" : 11, "marcado" : [0, 0, 1, 0, 0, 0, 0, 1, 0, 14, 0, 6, 0, 0, 1, 0, 0, 0] }
Nov 30, 2019 3:59:12 AM petriNet.PetriNet dispararExtendida
INFO: {"disparo" : 3, "marcado" : [0, 0, 0, 1, 0, 0, 0, 1, 0, 14, 0, 6, 0, 0, 1, 1, 0, 0] }
Nov 30, 2019 3:59:13 AM petriNet.PetriNet dispararExtendida
INFO: {"disparo" : 8, "marcado" : [0, 0, 0, 1, 0, 0, 0, 1, 1, 14, 0, 6, 0, 0, 1, 1, 0, 0] }
Nov 30, 2019 3:59:16 AM petriNet.PetriNet dispararExtendida
INFO: {"disparo" : 13, "marcado" : [0, 0, 0, 1, 0, 0, 0, 1, 1, 14, 0, 6, 1, 0, 1, 1, 0, 0] }
Nov 30, 2019 3:59:16 AM petriNet.PetriNet dispararExtendida
INFO: {"disparo" : 8, "marcado" : [0, 0, 0, 1, 0, 0, 0, 1, 2, 14, 0, 6, 1, 0, 1, 1, 0, 0] }
