Nov 28, 2019 9:39:39 AM petriNet.PetriNet dispararExtendida
INFO: {"disparo" : T1, "marcado" : [0, 1, 0, 0, 0, 1, 0, 0, 0, 1, 0] }
Nov 28, 2019 9:39:39 AM petriNet.PetriNet dispararExtendida
INFO: {"disparo" : T2, "marcado" : [0, 0, 1, 0, 0, 1, 0, 0, 0, 0, 1] }
Nov 28, 2019 9:39:39 AM petriNet.PetriNet dispararExtendida
INFO: {"disparo" : T3, "marcado" : [0, 0, 0, 1, 0, 1, 0, 0, 0, 0, 1] }
Nov 28, 2019 9:39:39 AM petriNet.PetriNet dispararExtendida
INFO: {"disparo" : T6, "marcado" : [0, 0, 0, 1, 0, 0, 1, 0, 0, 0, 0] }
Nov 28, 2019 9:39:39 AM petriNet.PetriNet dispararExtendida
INFO: {"disparo" : T7, "marcado" : [0, 0, 0, 1, 0, 0, 0, 1, 0, 0, 1] }
Nov 28, 2019 9:39:42 AM petriNet.PetriNet dispararExtendida
INFO: {"disparo" : T8, "marcado" : [0, 0, 0, 1, 0, 0, 0, 0, 1, 0, 1] }
Nov 28, 2019 9:39:42 AM petriNet.PetriNet dispararExtendida
INFO: {"disparo" : T5, "marcado" : [0, 0, 0, 1, 0, 1, 0, 0, 0, 0, 1] }
Nov 28, 2019 9:39:42 AM petriNet.PetriNet dispararExtendida
INFO: {"disparo" : T6, "marcado" : [0, 0, 0, 1, 0, 0, 1, 0, 0, 0, 0] }
Nov 28, 2019 9:39:42 AM petriNet.PetriNet dispararExtendida
INFO: {"disparo" : T7, "marcado" : [0, 0, 0, 1, 0, 0, 0, 1, 0, 0, 1] }
Nov 28, 2019 9:39:44 AM petriNet.PetriNet dispararExtendida
INFO: {"disparo" : T4, "marcado" : [0, 0, 0, 0, 1, 0, 0, 1, 0, 0, 1] }
Nov 28, 2019 9:39:44 AM petriNet.PetriNet dispararExtendida
INFO: {"disparo" : T0, "marcado" : [1, 0, 0, 0, 0, 0, 0, 1, 0, 1, 1] }
Nov 28, 2019 9:39:45 AM petriNet.PetriNet dispararExtendida
INFO: {"disparo" : T8, "marcado" : [1, 0, 0, 0, 0, 0, 0, 0, 1, 1, 1] }
Nov 28, 2019 9:39:45 AM petriNet.PetriNet dispararExtendida
INFO: {"disparo" : T5, "marcado" : [1, 0, 0, 0, 0, 1, 0, 0, 0, 1, 1] }
Nov 28, 2019 9:39:51 AM petriNet.PetriNet dispararExtendida
INFO: {"disparo" : T1, "marcado" : [0, 1, 0, 0, 0, 1, 0, 0, 0, 1, 0] }
Nov 28, 2019 9:39:51 AM petriNet.PetriNet dispararExtendida
INFO: {"disparo" : T2, "marcado" : [0, 0, 1, 0, 0, 1, 0, 0, 0, 0, 1] }
Nov 28, 2019 9:39:51 AM petriNet.PetriNet dispararExtendida
INFO: {"disparo" : T6, "marcado" : [0, 0, 1, 0, 0, 0, 1, 0, 0, 0, 0] }
Nov 28, 2019 9:39:51 AM petriNet.PetriNet dispararExtendida
INFO: {"disparo" : T3, "marcado" : [0, 0, 0, 1, 0, 0, 1, 0, 0, 0, 0] }
Nov 28, 2019 9:39:51 AM petriNet.PetriNet dispararExtendida
INFO: {"disparo" : T7, "marcado" : [0, 0, 0, 1, 0, 0, 0, 1, 0, 0, 1] }
Nov 28, 2019 9:39:54 AM petriNet.PetriNet dispararExtendida
INFO: {"disparo" : T8, "marcado" : [0, 0, 0, 1, 0, 0, 0, 0, 1, 0, 1] }
Nov 28, 2019 9:39:54 AM petriNet.PetriNet dispararExtendida
INFO: {"disparo" : T5, "marcado" : [0, 0, 0, 1, 0, 1, 0, 0, 0, 0, 1] }
Nov 28, 2019 9:39:54 AM petriNet.PetriNet dispararExtendida
INFO: {"disparo" : T6, "marcado" : [0, 0, 0, 1, 0, 0, 1, 0, 0, 0, 0] }
Nov 28, 2019 9:39:54 AM petriNet.PetriNet dispararExtendida
INFO: {"disparo" : T7, "marcado" : [0, 0, 0, 1, 0, 0, 0, 1, 0, 0, 1] }
Nov 28, 2019 9:39:56 AM petriNet.PetriNet dispararExtendida
INFO: {"disparo" : T4, "marcado" : [0, 0, 0, 0, 1, 0, 0, 1, 0, 0, 1] }
Nov 28, 2019 9:39:56 AM petriNet.PetriNet dispararExtendida
INFO: {"disparo" : T0, "marcado" : [1, 0, 0, 0, 0, 0, 0, 1, 0, 1, 1] }
Nov 28, 2019 9:39:57 AM petriNet.PetriNet dispararExtendida
INFO: {"disparo" : T8, "marcado" : [1, 0, 0, 0, 0, 0, 0, 0, 1, 1, 1] }
Nov 28, 2019 9:39:57 AM petriNet.PetriNet dispararExtendida
INFO: {"disparo" : T5, "marcado" : [1, 0, 0, 0, 0, 1, 0, 0, 0, 1, 1] }
Nov 28, 2019 9:40:03 AM petriNet.PetriNet dispararExtendida
INFO: {"disparo" : T1, "marcado" : [0, 1, 0, 0, 0, 1, 0, 0, 0, 1, 0] }
Nov 28, 2019 9:40:03 AM petriNet.PetriNet dispararExtendida
INFO: {"disparo" : T2, "marcado" : [0, 0, 1, 0, 0, 1, 0, 0, 0, 0, 1] }
Nov 28, 2019 9:40:03 AM petriNet.PetriNet dispararExtendida
INFO: {"disparo" : T3, "marcado" : [0, 0, 0, 1, 0, 1, 0, 0, 0, 0, 1] }
Nov 28, 2019 9:40:03 AM petriNet.PetriNet dispararExtendida
INFO: {"disparo" : T6, "marcado" : [0, 0, 0, 1, 0, 0, 1, 0, 0, 0, 0] }
Nov 28, 2019 9:40:03 AM petriNet.PetriNet dispararExtendida
INFO: {"disparo" : T7, "marcado" : [0, 0, 0, 1, 0, 0, 0, 1, 0, 0, 1] }
Nov 28, 2019 9:40:06 AM petriNet.PetriNet dispararExtendida
INFO: {"disparo" : T8, "marcado" : [0, 0, 0, 1, 0, 0, 0, 0, 1, 0, 1] }
Nov 28, 2019 9:40:06 AM petriNet.PetriNet dispararExtendida
INFO: {"disparo" : T5, "marcado" : [0, 0, 0, 1, 0, 1, 0, 0, 0, 0, 1] }
Nov 28, 2019 9:40:06 AM petriNet.PetriNet dispararExtendida
INFO: {"disparo" : T6, "marcado" : [0, 0, 0, 1, 0, 0, 1, 0, 0, 0, 0] }
Nov 28, 2019 9:40:06 AM petriNet.PetriNet dispararExtendida
INFO: {"disparo" : T7, "marcado" : [0, 0, 0, 1, 0, 0, 0, 1, 0, 0, 1] }
Nov 28, 2019 9:40:08 AM petriNet.PetriNet dispararExtendida
INFO: {"disparo" : T4, "marcado" : [0, 0, 0, 0, 1, 0, 0, 1, 0, 0, 1] }
Nov 28, 2019 9:40:08 AM petriNet.PetriNet dispararExtendida
INFO: {"disparo" : T0, "marcado" : [1, 0, 0, 0, 0, 0, 0, 1, 0, 1, 1] }
Nov 28, 2019 9:40:09 AM petriNet.PetriNet dispararExtendida
INFO: {"disparo" : T8, "marcado" : [1, 0, 0, 0, 0, 0, 0, 0, 1, 1, 1] }
Nov 28, 2019 9:40:09 AM petriNet.PetriNet dispararExtendida
INFO: {"disparo" : T5, "marcado" : [1, 0, 0, 0, 0, 1, 0, 0, 0, 1, 1] }
Nov 28, 2019 9:40:15 AM petriNet.PetriNet dispararExtendida
INFO: {"disparo" : T1, "marcado" : [0, 1, 0, 0, 0, 1, 0, 0, 0, 1, 0] }
Nov 28, 2019 9:40:15 AM petriNet.PetriNet dispararExtendida
INFO: {"disparo" : T2, "marcado" : [0, 0, 1, 0, 0, 1, 0, 0, 0, 0, 1] }
Nov 28, 2019 9:40:15 AM petriNet.PetriNet dispararExtendida
INFO: {"disparo" : T3, "marcado" : [0, 0, 0, 1, 0, 1, 0, 0, 0, 0, 1] }
Nov 28, 2019 9:40:15 AM petriNet.PetriNet dispararExtendida
INFO: {"disparo" : T6, "marcado" : [0, 0, 0, 1, 0, 0, 1, 0, 0, 0, 0] }
Nov 28, 2019 9:40:15 AM petriNet.PetriNet dispararExtendida
INFO: {"disparo" : T7, "marcado" : [0, 0, 0, 1, 0, 0, 0, 1, 0, 0, 1] }
Nov 28, 2019 9:40:18 AM petriNet.PetriNet dispararExtendida
INFO: {"disparo" : T8, "marcado" : [0, 0, 0, 1, 0, 0, 0, 0, 1, 0, 1] }
Nov 28, 2019 9:40:18 AM petriNet.PetriNet dispararExtendida
INFO: {"disparo" : T5, "marcado" : [0, 0, 0, 1, 0, 1, 0, 0, 0, 0, 1] }
Nov 28, 2019 9:40:18 AM petriNet.PetriNet dispararExtendida
INFO: {"disparo" : T6, "marcado" : [0, 0, 0, 1, 0, 0, 1, 0, 0, 0, 0] }
Nov 28, 2019 9:40:18 AM petriNet.PetriNet dispararExtendida
INFO: {"disparo" : T7, "marcado" : [0, 0, 0, 1, 0, 0, 0, 1, 0, 0, 1] }
Nov 28, 2019 9:40:20 AM petriNet.PetriNet dispararExtendida
INFO: {"disparo" : T4, "marcado" : [0, 0, 0, 0, 1, 0, 0, 1, 0, 0, 1] }
Nov 28, 2019 9:40:20 AM petriNet.PetriNet dispararExtendida
INFO: {"disparo" : T0, "marcado" : [1, 0, 0, 0, 0, 0, 0, 1, 0, 1, 1] }
Nov 28, 2019 9:40:21 AM petriNet.PetriNet dispararExtendida
INFO: {"disparo" : T8, "marcado" : [1, 0, 0, 0, 0, 0, 0, 0, 1, 1, 1] }
Nov 28, 2019 9:40:21 AM petriNet.PetriNet dispararExtendida
INFO: {"disparo" : T5, "marcado" : [1, 0, 0, 0, 0, 1, 0, 0, 0, 1, 1] }
Nov 28, 2019 9:40:27 AM petriNet.PetriNet dispararExtendida
INFO: {"disparo" : T1, "marcado" : [0, 1, 0, 0, 0, 1, 0, 0, 0, 1, 0] }
Nov 28, 2019 9:40:27 AM petriNet.PetriNet dispararExtendida
INFO: {"disparo" : T2, "marcado" : [0, 0, 1, 0, 0, 1, 0, 0, 0, 0, 1] }
Nov 28, 2019 9:40:27 AM petriNet.PetriNet dispararExtendida
INFO: {"disparo" : T6, "marcado" : [0, 0, 1, 0, 0, 0, 1, 0, 0, 0, 0] }
Nov 28, 2019 9:40:27 AM petriNet.PetriNet dispararExtendida
INFO: {"disparo" : T3, "marcado" : [0, 0, 0, 1, 0, 0, 1, 0, 0, 0, 0] }
Nov 28, 2019 9:40:27 AM petriNet.PetriNet dispararExtendida
INFO: {"disparo" : T7, "marcado" : [0, 0, 0, 1, 0, 0, 0, 1, 0, 0, 1] }
Nov 28, 2019 9:40:30 AM petriNet.PetriNet dispararExtendida
INFO: {"disparo" : T8, "marcado" : [0, 0, 0, 1, 0, 0, 0, 0, 1, 0, 1] }
Nov 28, 2019 9:40:30 AM petriNet.PetriNet dispararExtendida
INFO: {"disparo" : T5, "marcado" : [0, 0, 0, 1, 0, 1, 0, 0, 0, 0, 1] }
Nov 28, 2019 9:40:30 AM petriNet.PetriNet dispararExtendida
INFO: {"disparo" : T6, "marcado" : [0, 0, 0, 1, 0, 0, 1, 0, 0, 0, 0] }
Nov 28, 2019 9:40:30 AM petriNet.PetriNet dispararExtendida
INFO: {"disparo" : T7, "marcado" : [0, 0, 0, 1, 0, 0, 0, 1, 0, 0, 1] }
Nov 28, 2019 9:40:32 AM petriNet.PetriNet dispararExtendida
INFO: {"disparo" : T4, "marcado" : [0, 0, 0, 0, 1, 0, 0, 1, 0, 0, 1] }
Nov 28, 2019 9:40:32 AM petriNet.PetriNet dispararExtendida
INFO: {"disparo" : T0, "marcado" : [1, 0, 0, 0, 0, 0, 0, 1, 0, 1, 1] }
Nov 28, 2019 9:40:33 AM petriNet.PetriNet dispararExtendida
INFO: {"disparo" : T8, "marcado" : [1, 0, 0, 0, 0, 0, 0, 0, 1, 1, 1] }
Nov 28, 2019 9:40:33 AM petriNet.PetriNet dispararExtendida
INFO: {"disparo" : T5, "marcado" : [1, 0, 0, 0, 0, 1, 0, 0, 0, 1, 1] }
Nov 28, 2019 9:40:39 AM petriNet.PetriNet dispararExtendida
INFO: {"disparo" : T1, "marcado" : [0, 1, 0, 0, 0, 1, 0, 0, 0, 1, 0] }
Nov 28, 2019 9:40:39 AM petriNet.PetriNet dispararExtendida
INFO: {"disparo" : T2, "marcado" : [0, 0, 1, 0, 0, 1, 0, 0, 0, 0, 1] }
Nov 28, 2019 9:40:39 AM petriNet.PetriNet dispararExtendida
INFO: {"disparo" : T3, "marcado" : [0, 0, 0, 1, 0, 1, 0, 0, 0, 0, 1] }
Nov 28, 2019 9:40:39 AM petriNet.PetriNet dispararExtendida
INFO: {"disparo" : T6, "marcado" : [0, 0, 0, 1, 0, 0, 1, 0, 0, 0, 0] }
Nov 28, 2019 9:40:39 AM petriNet.PetriNet dispararExtendida
INFO: {"disparo" : T7, "marcado" : [0, 0, 0, 1, 0, 0, 0, 1, 0, 0, 1] }
Nov 28, 2019 9:40:42 AM petriNet.PetriNet dispararExtendida
INFO: {"disparo" : T8, "marcado" : [0, 0, 0, 1, 0, 0, 0, 0, 1, 0, 1] }
Nov 28, 2019 9:40:42 AM petriNet.PetriNet dispararExtendida
INFO: {"disparo" : T5, "marcado" : [0, 0, 0, 1, 0, 1, 0, 0, 0, 0, 1] }
Nov 28, 2019 9:40:42 AM petriNet.PetriNet dispararExtendida
INFO: {"disparo" : T6, "marcado" : [0, 0, 0, 1, 0, 0, 1, 0, 0, 0, 0] }
Nov 28, 2019 9:40:42 AM petriNet.PetriNet dispararExtendida
INFO: {"disparo" : T7, "marcado" : [0, 0, 0, 1, 0, 0, 0, 1, 0, 0, 1] }
Nov 28, 2019 9:40:44 AM petriNet.PetriNet dispararExtendida
INFO: {"disparo" : T4, "marcado" : [0, 0, 0, 0, 1, 0, 0, 1, 0, 0, 1] }
Nov 28, 2019 9:40:44 AM petriNet.PetriNet dispararExtendida
INFO: {"disparo" : T0, "marcado" : [1, 0, 0, 0, 0, 0, 0, 1, 0, 1, 1] }
Nov 28, 2019 9:40:45 AM petriNet.PetriNet dispararExtendida
INFO: {"disparo" : T8, "marcado" : [1, 0, 0, 0, 0, 0, 0, 0, 1, 1, 1] }
Nov 28, 2019 9:40:45 AM petriNet.PetriNet dispararExtendida
INFO: {"disparo" : T5, "marcado" : [1, 0, 0, 0, 0, 1, 0, 0, 0, 1, 1] }
