Dec 03, 2019 7:31:47 PM petriNet.PetriNet dispararExtendida
INFO: {"disparo" : "T7", "marcado" : [1, 0, 0, 0, 0, 0, 0, 0, 1, 14, 5, 1, 5, 0, 1, 0, 1, 0] }
Dec 03, 2019 7:31:47 PM petriNet.PetriNet dispararExtendida
INFO: {"disparo" : "T10", "marcado" : [1, 0, 0, 0, 0, 0, 0, 0, 0, 13, 6, 1, 5, 0, 1, 0, 1, 0] }
Dec 03, 2019 7:31:47 PM petriNet.PetriNet dispararExtendida
INFO: {"disparo" : "T0", "marcado" : [0, 1, 0, 0, 0, 0, 0, 0, 0, 13, 6, 1, 5, 0, 1, 0, 1, 0] }
Dec 03, 2019 7:31:47 PM petriNet.PetriNet dispararExtendida
INFO: {"disparo" : "T2", "marcado" : [0, 0, 1, 0, 0, 0, 0, 1, 0, 13, 6, 1, 5, 0, 1, 0, 0, 0] }
Dec 03, 2019 7:31:47 PM petriNet.PetriNet dispararExtendida
INFO: {"disparo" : "T11", "marcado" : [0, 0, 1, 0, 0, 0, 0, 1, 0, 13, 5, 2, 5, 0, 1, 0, 0, 0] }
Dec 03, 2019 7:31:47 PM petriNet.PetriNet dispararExtendida
INFO: {"disparo" : "T12", "marcado" : [0, 0, 1, 0, 0, 0, 0, 1, 0, 13, 5, 2, 4, 1, 0, 0, 0, 0] }
Dec 03, 2019 7:31:47 PM petriNet.PetriNet dispararExtendida
INFO: {"disparo" : "T14", "marcado" : [0, 0, 1, 0, 0, 0, 0, 1, 0, 13, 5, 2, 4, 0, 1, 0, 0, 0] }
Dec 03, 2019 7:31:47 PM petriNet.PetriNet dispararExtendida
INFO: {"disparo" : "T11", "marcado" : [0, 0, 1, 0, 0, 0, 0, 1, 0, 13, 4, 3, 4, 0, 1, 0, 0, 0] }
Dec 03, 2019 7:31:47 PM petriNet.PetriNet dispararExtendida
INFO: {"disparo" : "T12", "marcado" : [0, 0, 1, 0, 0, 0, 0, 1, 0, 13, 4, 3, 3, 1, 0, 0, 0, 0] }
Dec 03, 2019 7:31:47 PM petriNet.PetriNet dispararExtendida
INFO: {"disparo" : "T14", "marcado" : [0, 0, 1, 0, 0, 0, 0, 1, 0, 13, 4, 3, 3, 0, 1, 0, 0, 0] }
Dec 03, 2019 7:31:47 PM petriNet.PetriNet dispararExtendida
INFO: {"disparo" : "T11", "marcado" : [0, 0, 1, 0, 0, 0, 0, 1, 0, 13, 3, 4, 3, 0, 1, 0, 0, 0] }
Dec 03, 2019 7:31:47 PM petriNet.PetriNet dispararExtendida
INFO: {"disparo" : "T12", "marcado" : [0, 0, 1, 0, 0, 0, 0, 1, 0, 13, 3, 4, 2, 1, 0, 0, 0, 0] }
Dec 03, 2019 7:31:47 PM petriNet.PetriNet dispararExtendida
INFO: {"disparo" : "T14", "marcado" : [0, 0, 1, 0, 0, 0, 0, 1, 0, 13, 3, 4, 2, 0, 1, 0, 0, 0] }
Dec 03, 2019 7:31:47 PM petriNet.PetriNet dispararExtendida
INFO: {"disparo" : "T11", "marcado" : [0, 0, 1, 0, 0, 0, 0, 1, 0, 13, 2, 5, 2, 0, 1, 0, 0, 0] }
Dec 03, 2019 7:31:47 PM petriNet.PetriNet dispararExtendida
INFO: {"disparo" : "T12", "marcado" : [0, 0, 1, 0, 0, 0, 0, 1, 0, 13, 2, 5, 1, 1, 0, 0, 0, 0] }
Dec 03, 2019 7:31:47 PM petriNet.PetriNet dispararExtendida
INFO: {"disparo" : "T14", "marcado" : [0, 0, 1, 0, 0, 0, 0, 1, 0, 13, 2, 5, 1, 0, 1, 0, 0, 0] }
Dec 03, 2019 7:31:47 PM petriNet.PetriNet dispararExtendida
INFO: {"disparo" : "T11", "marcado" : [0, 0, 1, 0, 0, 0, 0, 1, 0, 13, 1, 6, 1, 0, 1, 0, 0, 0] }
Dec 03, 2019 7:31:47 PM petriNet.PetriNet dispararExtendida
INFO: {"disparo" : "T12", "marcado" : [0, 0, 1, 0, 0, 0, 0, 1, 0, 13, 1, 6, 0, 1, 0, 0, 0, 0] }
Dec 03, 2019 7:31:47 PM petriNet.PetriNet dispararExtendida
INFO: {"disparo" : "T14", "marcado" : [0, 0, 1, 0, 0, 0, 0, 1, 0, 13, 1, 6, 0, 0, 1, 0, 0, 0] }
Dec 03, 2019 7:31:47 PM petriNet.PetriNet dispararExtendida
INFO: {"disparo" : "T11", "marcado" : [0, 0, 1, 0, 0, 0, 0, 1, 0, 13, 0, 7, 0, 0, 1, 0, 0, 0] }
Dec 03, 2019 7:31:47 PM petriNet.PetriNet dispararExtendida
INFO: {"disparo" : "T3", "marcado" : [0, 0, 0, 1, 0, 0, 0, 1, 0, 13, 0, 7, 0, 0, 1, 1, 0, 0] }
Dec 03, 2019 7:31:50 PM petriNet.PetriNet dispararExtendida
INFO: {"disparo" : "T8", "marcado" : [0, 0, 0, 1, 0, 0, 0, 1, 1, 13, 0, 7, 0, 0, 1, 1, 0, 0] }
Dec 03, 2019 7:31:53 PM petriNet.PetriNet dispararExtendida
INFO: {"disparo" : "T8", "marcado" : [0, 0, 0, 1, 0, 0, 0, 1, 2, 13, 0, 7, 0, 0, 1, 1, 0, 0] }
Dec 03, 2019 7:31:53 PM petriNet.PetriNet dispararExtendida
INFO: {"disparo" : "T4", "marcado" : [0, 0, 0, 0, 1, 0, 0, 1, 2, 13, 0, 7, 0, 0, 0, 1, 0, 0] }
Dec 03, 2019 7:31:56 PM petriNet.PetriNet dispararExtendida
INFO: {"disparo" : "T8", "marcado" : [0, 0, 0, 0, 1, 0, 0, 1, 3, 13, 0, 7, 0, 0, 0, 1, 0, 0] }
Dec 03, 2019 7:31:58 PM petriNet.PetriNet dispararExtendida
INFO: {"disparo" : "T15", "marcado" : [0, 0, 0, 0, 0, 0, 0, 1, 3, 13, 0, 7, 0, 0, 1, 1, 0, 1] }
Dec 03, 2019 7:31:58 PM petriNet.PetriNet dispararExtendida
INFO: {"disparo" : "T5", "marcado" : [0, 0, 0, 0, 0, 1, 0, 1, 3, 13, 0, 7, 0, 0, 1, 0, 0, 0] }
Dec 03, 2019 7:31:58 PM petriNet.PetriNet dispararExtendida
INFO: {"disparo" : "T6", "marcado" : [0, 0, 0, 0, 0, 0, 1, 0, 3, 13, 0, 7, 0, 0, 1, 0, 1, 0] }
Dec 03, 2019 7:31:58 PM petriNet.PetriNet dispararExtendida
INFO: {"disparo" : "T10", "marcado" : [0, 0, 0, 0, 0, 0, 1, 0, 2, 12, 1, 7, 0, 0, 1, 0, 1, 0] }
Dec 03, 2019 7:31:58 PM petriNet.PetriNet dispararExtendida
INFO: {"disparo" : "T10", "marcado" : [0, 0, 0, 0, 0, 0, 1, 0, 1, 11, 2, 7, 0, 0, 1, 0, 1, 0] }
Dec 03, 2019 7:31:58 PM petriNet.PetriNet dispararExtendida
INFO: {"disparo" : "T9", "marcado" : [0, 0, 0, 0, 0, 0, 1, 0, 1, 12, 2, 6, 0, 0, 1, 0, 1, 0] }
Dec 03, 2019 7:31:58 PM petriNet.PetriNet dispararExtendida
INFO: {"disparo" : "T10", "marcado" : [0, 0, 0, 0, 0, 0, 1, 0, 0, 11, 3, 6, 0, 0, 1, 0, 1, 0] }
Dec 03, 2019 7:31:59 PM petriNet.PetriNet dispararExtendida
INFO: {"disparo" : "T8", "marcado" : [0, 0, 0, 0, 0, 0, 1, 0, 1, 11, 3, 6, 0, 0, 1, 0, 1, 0] }
Dec 03, 2019 7:31:59 PM petriNet.PetriNet dispararExtendida
INFO: {"disparo" : "T10", "marcado" : [0, 0, 0, 0, 0, 0, 1, 0, 0, 10, 4, 6, 0, 0, 1, 0, 1, 0] }
