Dec 03, 2019 7:32:43 PM petriNet.PetriNet dispararExtendida
INFO: {"disparo" : "T7", "marcado" : [1, 0, 0, 0, 0, 0, 0, 0, 1, 14, 5, 1, 5, 0, 1, 0, 1, 0] }
Dec 03, 2019 7:32:44 PM petriNet.PetriNet dispararExtendida
INFO: {"disparo" : "T10", "marcado" : [1, 0, 0, 0, 0, 0, 0, 0, 0, 13, 6, 1, 5, 0, 1, 0, 1, 0] }
Dec 03, 2019 7:32:44 PM petriNet.PetriNet dispararExtendida
INFO: {"disparo" : "T0", "marcado" : [0, 1, 0, 0, 0, 0, 0, 0, 0, 13, 6, 1, 5, 0, 1, 0, 1, 0] }
Dec 03, 2019 7:32:44 PM petriNet.PetriNet dispararExtendida
INFO: {"disparo" : "T2", "marcado" : [0, 0, 1, 0, 0, 0, 0, 1, 0, 13, 6, 1, 5, 0, 1, 0, 0, 0] }
Dec 03, 2019 7:32:44 PM petriNet.PetriNet dispararExtendida
INFO: {"disparo" : "T11", "marcado" : [0, 0, 1, 0, 0, 0, 0, 1, 0, 13, 5, 2, 5, 0, 1, 0, 0, 0] }
Dec 03, 2019 7:32:44 PM petriNet.PetriNet dispararExtendida
INFO: {"disparo" : "T12", "marcado" : [0, 0, 1, 0, 0, 0, 0, 1, 0, 13, 5, 2, 4, 1, 0, 0, 0, 0] }
Dec 03, 2019 7:32:44 PM petriNet.PetriNet dispararExtendida
INFO: {"disparo" : "T14", "marcado" : [0, 0, 1, 0, 0, 0, 0, 1, 0, 13, 5, 2, 4, 0, 1, 0, 0, 0] }
Dec 03, 2019 7:32:44 PM petriNet.PetriNet dispararExtendida
INFO: {"disparo" : "T11", "marcado" : [0, 0, 1, 0, 0, 0, 0, 1, 0, 13, 4, 3, 4, 0, 1, 0, 0, 0] }
Dec 03, 2019 7:32:44 PM petriNet.PetriNet dispararExtendida
INFO: {"disparo" : "T12", "marcado" : [0, 0, 1, 0, 0, 0, 0, 1, 0, 13, 4, 3, 3, 1, 0, 0, 0, 0] }
Dec 03, 2019 7:32:44 PM petriNet.PetriNet dispararExtendida
INFO: {"disparo" : "T14", "marcado" : [0, 0, 1, 0, 0, 0, 0, 1, 0, 13, 4, 3, 3, 0, 1, 0, 0, 0] }
Dec 03, 2019 7:32:44 PM petriNet.PetriNet dispararExtendida
INFO: {"disparo" : "T11", "marcado" : [0, 0, 1, 0, 0, 0, 0, 1, 0, 13, 3, 4, 3, 0, 1, 0, 0, 0] }
Dec 03, 2019 7:32:44 PM petriNet.PetriNet dispararExtendida
INFO: {"disparo" : "T12", "marcado" : [0, 0, 1, 0, 0, 0, 0, 1, 0, 13, 3, 4, 2, 1, 0, 0, 0, 0] }
Dec 03, 2019 7:32:44 PM petriNet.PetriNet dispararExtendida
INFO: {"disparo" : "T14", "marcado" : [0, 0, 1, 0, 0, 0, 0, 1, 0, 13, 3, 4, 2, 0, 1, 0, 0, 0] }
Dec 03, 2019 7:32:44 PM petriNet.PetriNet dispararExtendida
INFO: {"disparo" : "T11", "marcado" : [0, 0, 1, 0, 0, 0, 0, 1, 0, 13, 2, 5, 2, 0, 1, 0, 0, 0] }
Dec 03, 2019 7:32:44 PM petriNet.PetriNet dispararExtendida
INFO: {"disparo" : "T12", "marcado" : [0, 0, 1, 0, 0, 0, 0, 1, 0, 13, 2, 5, 1, 1, 0, 0, 0, 0] }
Dec 03, 2019 7:32:44 PM petriNet.PetriNet dispararExtendida
INFO: {"disparo" : "T14", "marcado" : [0, 0, 1, 0, 0, 0, 0, 1, 0, 13, 2, 5, 1, 0, 1, 0, 0, 0] }
Dec 03, 2019 7:32:44 PM petriNet.PetriNet dispararExtendida
INFO: {"disparo" : "T11", "marcado" : [0, 0, 1, 0, 0, 0, 0, 1, 0, 13, 1, 6, 1, 0, 1, 0, 0, 0] }
Dec 03, 2019 7:32:44 PM petriNet.PetriNet dispararExtendida
INFO: {"disparo" : "T12", "marcado" : [0, 0, 1, 0, 0, 0, 0, 1, 0, 13, 1, 6, 0, 1, 0, 0, 0, 0] }
Dec 03, 2019 7:32:44 PM petriNet.PetriNet dispararExtendida
INFO: {"disparo" : "T14", "marcado" : [0, 0, 1, 0, 0, 0, 0, 1, 0, 13, 1, 6, 0, 0, 1, 0, 0, 0] }
Dec 03, 2019 7:32:44 PM petriNet.PetriNet dispararExtendida
INFO: {"disparo" : "T11", "marcado" : [0, 0, 1, 0, 0, 0, 0, 1, 0, 13, 0, 7, 0, 0, 1, 0, 0, 0] }
Dec 03, 2019 7:32:44 PM petriNet.PetriNet dispararExtendida
INFO: {"disparo" : "T3", "marcado" : [0, 0, 0, 1, 0, 0, 0, 1, 0, 13, 0, 7, 0, 0, 1, 1, 0, 0] }
Dec 03, 2019 7:32:46 PM petriNet.PetriNet dispararExtendida
INFO: {"disparo" : "T8", "marcado" : [0, 0, 0, 1, 0, 0, 0, 1, 1, 13, 0, 7, 0, 0, 1, 1, 0, 0] }
Dec 03, 2019 7:32:49 PM petriNet.PetriNet dispararExtendida
INFO: {"disparo" : "T8", "marcado" : [0, 0, 0, 1, 0, 0, 0, 1, 2, 13, 0, 7, 0, 0, 1, 1, 0, 0] }
Dec 03, 2019 7:32:50 PM petriNet.PetriNet dispararExtendida
INFO: {"disparo" : "T4", "marcado" : [0, 0, 0, 0, 1, 0, 0, 1, 2, 13, 0, 7, 0, 0, 0, 1, 0, 0] }
Dec 03, 2019 7:32:52 PM petriNet.PetriNet dispararExtendida
INFO: {"disparo" : "T8", "marcado" : [0, 0, 0, 0, 1, 0, 0, 1, 3, 13, 0, 7, 0, 0, 0, 1, 0, 0] }
Dec 03, 2019 7:32:54 PM petriNet.PetriNet dispararExtendida
INFO: {"disparo" : "T15", "marcado" : [0, 0, 0, 0, 0, 0, 0, 1, 3, 13, 0, 7, 0, 0, 1, 1, 0, 1] }
Dec 03, 2019 7:32:54 PM petriNet.PetriNet dispararExtendida
INFO: {"disparo" : "T5", "marcado" : [0, 0, 0, 0, 0, 1, 0, 1, 3, 13, 0, 7, 0, 0, 1, 0, 0, 0] }
Dec 03, 2019 7:32:54 PM petriNet.PetriNet dispararExtendida
INFO: {"disparo" : "T6", "marcado" : [0, 0, 0, 0, 0, 0, 1, 0, 3, 13, 0, 7, 0, 0, 1, 0, 1, 0] }
Dec 03, 2019 7:32:54 PM petriNet.PetriNet dispararExtendida
INFO: {"disparo" : "T10", "marcado" : [0, 0, 0, 0, 0, 0, 1, 0, 2, 12, 1, 7, 0, 0, 1, 0, 1, 0] }
Dec 03, 2019 7:32:54 PM petriNet.PetriNet dispararExtendida
INFO: {"disparo" : "T10", "marcado" : [0, 0, 0, 0, 0, 0, 1, 0, 1, 11, 2, 7, 0, 0, 1, 0, 1, 0] }
Dec 03, 2019 7:32:54 PM petriNet.PetriNet dispararExtendida
INFO: {"disparo" : "T10", "marcado" : [0, 0, 0, 0, 0, 0, 1, 0, 0, 10, 3, 7, 0, 0, 1, 0, 1, 0] }
Dec 03, 2019 7:32:54 PM petriNet.PetriNet dispararExtendida
INFO: {"disparo" : "T9", "marcado" : [0, 0, 0, 0, 0, 0, 1, 0, 0, 11, 3, 6, 0, 0, 1, 0, 1, 0] }
Dec 03, 2019 7:32:55 PM petriNet.PetriNet dispararExtendida
INFO: {"disparo" : "T8", "marcado" : [0, 0, 0, 0, 0, 0, 1, 0, 1, 11, 3, 6, 0, 0, 1, 0, 1, 0] }
Dec 03, 2019 7:32:55 PM petriNet.PetriNet dispararExtendida
INFO: {"disparo" : "T10", "marcado" : [0, 0, 0, 0, 0, 0, 1, 0, 0, 10, 4, 6, 0, 0, 1, 0, 1, 0] }
Dec 03, 2019 7:32:57 PM petriNet.PetriNet dispararExtendida
INFO: {"disparo" : "T9", "marcado" : [0, 0, 0, 0, 0, 0, 1, 0, 0, 11, 4, 5, 0, 0, 1, 0, 1, 0] }
Dec 03, 2019 7:32:58 PM petriNet.PetriNet dispararExtendida
INFO: {"disparo" : "T13", "marcado" : [0, 0, 0, 0, 0, 0, 1, 0, 0, 11, 4, 5, 1, 0, 1, 0, 1, 0] }
Dec 03, 2019 7:32:58 PM petriNet.PetriNet dispararExtendida
INFO: {"disparo" : "T12", "marcado" : [0, 0, 0, 0, 0, 0, 1, 0, 0, 11, 4, 5, 0, 1, 0, 0, 1, 0] }
Dec 03, 2019 7:32:58 PM petriNet.PetriNet dispararExtendida
INFO: {"disparo" : "T8", "marcado" : [0, 0, 0, 0, 0, 0, 1, 0, 1, 11, 4, 5, 0, 1, 0, 0, 1, 0] }
Dec 03, 2019 7:33:00 PM petriNet.PetriNet dispararExtendida
INFO: {"disparo" : "T9", "marcado" : [0, 0, 0, 0, 0, 0, 1, 0, 1, 12, 4, 4, 0, 1, 0, 0, 1, 0] }
Dec 03, 2019 7:33:00 PM petriNet.PetriNet dispararExtendida
INFO: {"disparo" : "T10", "marcado" : [0, 0, 0, 0, 0, 0, 1, 0, 0, 11, 5, 4, 0, 1, 0, 0, 1, 0] }
Dec 03, 2019 7:33:00 PM petriNet.PetriNet dispararExtendida
INFO: {"disparo" : "T14", "marcado" : [0, 0, 0, 0, 0, 0, 1, 0, 0, 11, 5, 4, 0, 0, 1, 0, 1, 0] }
Dec 03, 2019 7:33:01 PM petriNet.PetriNet dispararExtendida
INFO: {"disparo" : "T8", "marcado" : [0, 0, 0, 0, 0, 0, 1, 0, 1, 11, 5, 4, 0, 0, 1, 0, 1, 0] }
Dec 03, 2019 7:33:01 PM petriNet.PetriNet dispararExtendida
INFO: {"disparo" : "T10", "marcado" : [0, 0, 0, 0, 0, 0, 1, 0, 0, 10, 6, 4, 0, 0, 1, 0, 1, 0] }
Dec 03, 2019 7:33:03 PM petriNet.PetriNet dispararExtendida
INFO: {"disparo" : "T9", "marcado" : [0, 0, 0, 0, 0, 0, 1, 0, 0, 11, 6, 3, 0, 0, 1, 0, 1, 0] }
Dec 03, 2019 7:33:04 PM petriNet.PetriNet dispararExtendida
INFO: {"disparo" : "T7", "marcado" : [1, 0, 0, 0, 0, 0, 0, 0, 0, 11, 6, 3, 0, 0, 1, 0, 1, 0] }
Dec 03, 2019 7:33:04 PM petriNet.PetriNet dispararExtendida
INFO: {"disparo" : "T0", "marcado" : [0, 1, 0, 0, 0, 0, 0, 0, 0, 11, 6, 3, 0, 0, 1, 0, 1, 0] }
Dec 03, 2019 7:33:04 PM petriNet.PetriNet dispararExtendida
INFO: {"disparo" : "T2", "marcado" : [0, 0, 1, 0, 0, 0, 0, 1, 0, 11, 6, 3, 0, 0, 1, 0, 0, 0] }
Dec 03, 2019 7:33:04 PM petriNet.PetriNet dispararExtendida
INFO: {"disparo" : "T11", "marcado" : [0, 0, 1, 0, 0, 0, 0, 1, 0, 11, 5, 4, 0, 0, 1, 0, 0, 0] }
Dec 03, 2019 7:33:04 PM petriNet.PetriNet dispararExtendida
INFO: {"disparo" : "T11", "marcado" : [0, 0, 1, 0, 0, 0, 0, 1, 0, 11, 4, 5, 0, 0, 1, 0, 0, 0] }
Dec 03, 2019 7:33:04 PM petriNet.PetriNet dispararExtendida
INFO: {"disparo" : "T11", "marcado" : [0, 0, 1, 0, 0, 0, 0, 1, 0, 11, 3, 6, 0, 0, 1, 0, 0, 0] }
Dec 03, 2019 7:33:04 PM petriNet.PetriNet dispararExtendida
INFO: {"disparo" : "T11", "marcado" : [0, 0, 1, 0, 0, 0, 0, 1, 0, 11, 2, 7, 0, 0, 1, 0, 0, 0] }
Dec 03, 2019 7:33:04 PM petriNet.PetriNet dispararExtendida
INFO: {"disparo" : "T11", "marcado" : [0, 0, 1, 0, 0, 0, 0, 1, 0, 11, 1, 8, 0, 0, 1, 0, 0, 0] }
Dec 03, 2019 7:33:04 PM petriNet.PetriNet dispararExtendida
INFO: {"disparo" : "T11", "marcado" : [0, 0, 1, 0, 0, 0, 0, 1, 0, 11, 0, 9, 0, 0, 1, 0, 0, 0] }
Dec 03, 2019 7:33:04 PM petriNet.PetriNet dispararExtendida
INFO: {"disparo" : "T3", "marcado" : [0, 0, 0, 1, 0, 0, 0, 1, 0, 11, 0, 9, 0, 0, 1, 1, 0, 0] }
Dec 03, 2019 7:33:04 PM petriNet.PetriNet dispararExtendida
INFO: {"disparo" : "T8", "marcado" : [0, 0, 0, 1, 0, 0, 0, 1, 1, 11, 0, 9, 0, 0, 1, 1, 0, 0] }
Dec 03, 2019 7:33:07 PM petriNet.PetriNet dispararExtendida
INFO: {"disparo" : "T8", "marcado" : [0, 0, 0, 1, 0, 0, 0, 1, 2, 11, 0, 9, 0, 0, 1, 1, 0, 0] }
Dec 03, 2019 7:33:10 PM petriNet.PetriNet dispararExtendida
INFO: {"disparo" : "T4", "marcado" : [0, 0, 0, 0, 1, 0, 0, 1, 2, 11, 0, 9, 0, 0, 0, 1, 0, 0] }
Dec 03, 2019 7:33:10 PM petriNet.PetriNet dispararExtendida
INFO: {"disparo" : "T8", "marcado" : [0, 0, 0, 0, 1, 0, 0, 1, 3, 11, 0, 9, 0, 0, 0, 1, 0, 0] }
Dec 03, 2019 7:33:13 PM petriNet.PetriNet dispararExtendida
INFO: {"disparo" : "T13", "marcado" : [0, 0, 0, 0, 1, 0, 0, 1, 3, 11, 0, 9, 1, 0, 0, 1, 0, 0] }
Dec 03, 2019 7:33:13 PM petriNet.PetriNet dispararExtendida
INFO: {"disparo" : "T8", "marcado" : [0, 0, 0, 0, 1, 0, 0, 1, 4, 11, 0, 9, 1, 0, 0, 1, 0, 0] }
Dec 03, 2019 7:33:15 PM petriNet.PetriNet dispararExtendida
INFO: {"disparo" : "T15", "marcado" : [0, 0, 0, 0, 0, 0, 0, 1, 4, 11, 0, 9, 1, 0, 1, 1, 0, 1] }
Dec 03, 2019 7:33:15 PM petriNet.PetriNet dispararExtendida
INFO: {"disparo" : "T5", "marcado" : [0, 0, 0, 0, 0, 1, 0, 1, 4, 11, 0, 9, 1, 0, 1, 0, 0, 0] }
Dec 03, 2019 7:33:15 PM petriNet.PetriNet dispararExtendida
INFO: {"disparo" : "T6", "marcado" : [0, 0, 0, 0, 0, 0, 1, 0, 4, 11, 0, 9, 1, 0, 1, 0, 1, 0] }
Dec 03, 2019 7:33:15 PM petriNet.PetriNet dispararExtendida
INFO: {"disparo" : "T10", "marcado" : [0, 0, 0, 0, 0, 0, 1, 0, 3, 10, 1, 9, 1, 0, 1, 0, 1, 0] }
Dec 03, 2019 7:33:15 PM petriNet.PetriNet dispararExtendida
INFO: {"disparo" : "T10", "marcado" : [0, 0, 0, 0, 0, 0, 1, 0, 2, 9, 2, 9, 1, 0, 1, 0, 1, 0] }
Dec 03, 2019 7:33:15 PM petriNet.PetriNet dispararExtendida
INFO: {"disparo" : "T10", "marcado" : [0, 0, 0, 0, 0, 0, 1, 0, 1, 8, 3, 9, 1, 0, 1, 0, 1, 0] }
Dec 03, 2019 7:33:15 PM petriNet.PetriNet dispararExtendida
INFO: {"disparo" : "T12", "marcado" : [0, 0, 0, 0, 0, 0, 1, 0, 1, 8, 3, 9, 0, 1, 0, 0, 1, 0] }
Dec 03, 2019 7:33:15 PM petriNet.PetriNet dispararExtendida
INFO: {"disparo" : "T10", "marcado" : [0, 0, 0, 0, 0, 0, 1, 0, 0, 7, 4, 9, 0, 1, 0, 0, 1, 0] }
Dec 03, 2019 7:33:15 PM petriNet.PetriNet dispararExtendida
INFO: {"disparo" : "T9", "marcado" : [0, 0, 0, 0, 0, 0, 1, 0, 0, 8, 4, 8, 0, 1, 0, 0, 1, 0] }
Dec 03, 2019 7:33:16 PM petriNet.PetriNet dispararExtendida
INFO: {"disparo" : "T8", "marcado" : [0, 0, 0, 0, 0, 0, 1, 0, 1, 8, 4, 8, 0, 1, 0, 0, 1, 0] }
Dec 03, 2019 7:33:16 PM petriNet.PetriNet dispararExtendida
INFO: {"disparo" : "T10", "marcado" : [0, 0, 0, 0, 0, 0, 1, 0, 0, 7, 5, 8, 0, 1, 0, 0, 1, 0] }
Dec 03, 2019 7:33:16 PM petriNet.PetriNet dispararExtendida
INFO: {"disparo" : "T14", "marcado" : [0, 0, 0, 0, 0, 0, 1, 0, 0, 7, 5, 8, 0, 0, 1, 0, 1, 0] }
Dec 03, 2019 7:33:18 PM petriNet.PetriNet dispararExtendida
INFO: {"disparo" : "T9", "marcado" : [0, 0, 0, 0, 0, 0, 1, 0, 0, 8, 5, 7, 0, 0, 1, 0, 1, 0] }
Dec 03, 2019 7:33:19 PM petriNet.PetriNet dispararExtendida
INFO: {"disparo" : "T8", "marcado" : [0, 0, 0, 0, 0, 0, 1, 0, 1, 8, 5, 7, 0, 0, 1, 0, 1, 0] }
Dec 03, 2019 7:33:19 PM petriNet.PetriNet dispararExtendida
INFO: {"disparo" : "T10", "marcado" : [0, 0, 0, 0, 0, 0, 1, 0, 0, 7, 6, 7, 0, 0, 1, 0, 1, 0] }
Dec 03, 2019 7:33:21 PM petriNet.PetriNet dispararExtendida
INFO: {"disparo" : "T9", "marcado" : [0, 0, 0, 0, 0, 0, 1, 0, 0, 8, 6, 6, 0, 0, 1, 0, 1, 0] }
Dec 03, 2019 7:33:22 PM petriNet.PetriNet dispararExtendida
INFO: {"disparo" : "T8", "marcado" : [0, 0, 0, 0, 0, 0, 1, 0, 1, 8, 6, 6, 0, 0, 1, 0, 1, 0] }
Dec 03, 2019 7:33:22 PM petriNet.PetriNet dispararExtendida
INFO: {"disparo" : "T10", "marcado" : [0, 0, 0, 0, 0, 0, 1, 0, 0, 7, 7, 6, 0, 0, 1, 0, 1, 0] }
Dec 03, 2019 7:33:24 PM petriNet.PetriNet dispararExtendida
INFO: {"disparo" : "T9", "marcado" : [0, 0, 0, 0, 0, 0, 1, 0, 0, 8, 7, 5, 0, 0, 1, 0, 1, 0] }
Dec 03, 2019 7:33:25 PM petriNet.PetriNet dispararExtendida
INFO: {"disparo" : "T7", "marcado" : [1, 0, 0, 0, 0, 0, 0, 0, 0, 8, 7, 5, 0, 0, 1, 0, 1, 0] }
Dec 03, 2019 7:33:25 PM petriNet.PetriNet dispararExtendida
INFO: {"disparo" : "T0", "marcado" : [0, 1, 0, 0, 0, 0, 0, 0, 0, 8, 7, 5, 0, 0, 1, 0, 1, 0] }
Dec 03, 2019 7:33:25 PM petriNet.PetriNet dispararExtendida
INFO: {"disparo" : "T2", "marcado" : [0, 0, 1, 0, 0, 0, 0, 1, 0, 8, 7, 5, 0, 0, 1, 0, 0, 0] }
Dec 03, 2019 7:33:25 PM petriNet.PetriNet dispararExtendida
INFO: {"disparo" : "T11", "marcado" : [0, 0, 1, 0, 0, 0, 0, 1, 0, 8, 6, 6, 0, 0, 1, 0, 0, 0] }
Dec 03, 2019 7:33:25 PM petriNet.PetriNet dispararExtendida
INFO: {"disparo" : "T11", "marcado" : [0, 0, 1, 0, 0, 0, 0, 1, 0, 8, 5, 7, 0, 0, 1, 0, 0, 0] }
Dec 03, 2019 7:33:25 PM petriNet.PetriNet dispararExtendida
INFO: {"disparo" : "T11", "marcado" : [0, 0, 1, 0, 0, 0, 0, 1, 0, 8, 4, 8, 0, 0, 1, 0, 0, 0] }
Dec 03, 2019 7:33:25 PM petriNet.PetriNet dispararExtendida
INFO: {"disparo" : "T11", "marcado" : [0, 0, 1, 0, 0, 0, 0, 1, 0, 8, 3, 9, 0, 0, 1, 0, 0, 0] }
Dec 03, 2019 7:33:25 PM petriNet.PetriNet dispararExtendida
INFO: {"disparo" : "T11", "marcado" : [0, 0, 1, 0, 0, 0, 0, 1, 0, 8, 2, 10, 0, 0, 1, 0, 0, 0] }
Dec 03, 2019 7:33:25 PM petriNet.PetriNet dispararExtendida
INFO: {"disparo" : "T11", "marcado" : [0, 0, 1, 0, 0, 0, 0, 1, 0, 8, 1, 11, 0, 0, 1, 0, 0, 0] }
Dec 03, 2019 7:33:25 PM petriNet.PetriNet dispararExtendida
INFO: {"disparo" : "T11", "marcado" : [0, 0, 1, 0, 0, 0, 0, 1, 0, 8, 0, 12, 0, 0, 1, 0, 0, 0] }
Dec 03, 2019 7:33:25 PM petriNet.PetriNet dispararExtendida
INFO: {"disparo" : "T3", "marcado" : [0, 0, 0, 1, 0, 0, 0, 1, 0, 8, 0, 12, 0, 0, 1, 1, 0, 0] }
Dec 03, 2019 7:33:25 PM petriNet.PetriNet dispararExtendida
INFO: {"disparo" : "T8", "marcado" : [0, 0, 0, 1, 0, 0, 0, 1, 1, 8, 0, 12, 0, 0, 1, 1, 0, 0] }
